Processando o modelo gpt4turbo...
Limpando o diret√≥rio de destino para testes combinados...
Copiando arquivos de /home/rincon/ar_benchmark/artigo/estudos-prompts/restncs-test-set/gpt/v3/gpt4turbo/run01/exec para /media/rincon/63999417195/eclipse-workspace/EMB-master/jdk_8_maven/cs/rest/artificial/ncs/src/test/java/org/restncs...
Copiando arquivos de /home/rincon/ar_benchmark/artigo/estudos-prompts/restncs-test-set/gpt/v3/gpt4turbo/run02/exec para /media/rincon/63999417195/eclipse-workspace/EMB-master/jdk_8_maven/cs/rest/artificial/ncs/src/test/java/org/restncs...
Copiando arquivos de /home/rincon/ar_benchmark/artigo/estudos-prompts/restncs-test-set/gpt/v3/gpt4turbo/run03/exec para /media/rincon/63999417195/eclipse-workspace/EMB-master/jdk_8_maven/cs/rest/artificial/ncs/src/test/java/org/restncs...
Executando Maven para o modelo gpt4turbo...
[[1;34mINFO[m] Scanning for projects...
[[1;34mINFO[m] 
[[1;34mINFO[m] [1m------< [0;36morg.evomaster:evomaster-benchmark-cs-rest-artificial-ncs[0;1m >------[m
[[1;34mINFO[m] [1mBuilding evomaster-benchmark-cs-rest-artificial-ncs 3.0.0[m
[[1;34mINFO[m] [1m--------------------------------[ jar ]---------------------------------[m
[[1;34mINFO[m] 
[[1;34mINFO[m] [1m--- [0;32mmaven-clean-plugin:2.5:clean[m [1m(default-clean)[m @ [36mevomaster-benchmark-cs-rest-artificial-ncs[0;1m ---[m
[[1;34mINFO[m] Deleting /media/rincon/63999417195/eclipse-workspace/EMB-master/jdk_8_maven/cs/rest/artificial/ncs/target
[[1;34mINFO[m] 
[[1;34mINFO[m] [1m--- [0;32mjacoco-maven-plugin:0.8.7:prepare-agent[m [1m(default)[m @ [36mevomaster-benchmark-cs-rest-artificial-ncs[0;1m ---[m
[[1;34mINFO[m] argLine set to -javaagent:/home/rincon/.m2/repository/org/jacoco/org.jacoco.agent/0.8.7/org.jacoco.agent-0.8.7-runtime.jar=destfile=/media/rincon/63999417195/eclipse-workspace/EMB-master/jdk_8_maven/cs/rest/artificial/ncs/target/jacoco.exec
[[1;34mINFO[m] 
[[1;34mINFO[m] [1m--- [0;32mmaven-resources-plugin:2.6:resources[m [1m(default-resources)[m @ [36mevomaster-benchmark-cs-rest-artificial-ncs[0;1m ---[m
[[1;34mINFO[m] Using 'UTF-8' encoding to copy filtered resources.
[[1;34mINFO[m] skip non existing resourceDirectory /media/rincon/63999417195/eclipse-workspace/EMB-master/jdk_8_maven/cs/rest/artificial/ncs/src/main/resources
[[1;34mINFO[m] 
[[1;34mINFO[m] [1m--- [0;32mmaven-compiler-plugin:3.8.0:compile[m [1m(default-compile)[m @ [36mevomaster-benchmark-cs-rest-artificial-ncs[0;1m ---[m
[[1;34mINFO[m] Changes detected - recompiling the module!
[[1;34mINFO[m] Compiling 10 source files to /media/rincon/63999417195/eclipse-workspace/EMB-master/jdk_8_maven/cs/rest/artificial/ncs/target/classes
[[1;34mINFO[m] 
[[1;34mINFO[m] [1m--- [0;32mjacoco-maven-plugin:0.8.7:prepare-agent[m [1m(default)[m @ [36mevomaster-benchmark-cs-rest-artificial-ncs[0;1m ---[m
[[1;34mINFO[m] argLine set to -javaagent:/home/rincon/.m2/repository/org/jacoco/org.jacoco.agent/0.8.7/org.jacoco.agent-0.8.7-runtime.jar=destfile=/media/rincon/63999417195/eclipse-workspace/EMB-master/jdk_8_maven/cs/rest/artificial/ncs/target/jacoco.exec
[[1;34mINFO[m] 
[[1;34mINFO[m] [1m--- [0;32mmaven-resources-plugin:2.6:resources[m [1m(default-resources)[m @ [36mevomaster-benchmark-cs-rest-artificial-ncs[0;1m ---[m
[[1;34mINFO[m] Using 'UTF-8' encoding to copy filtered resources.
[[1;34mINFO[m] skip non existing resourceDirectory /media/rincon/63999417195/eclipse-workspace/EMB-master/jdk_8_maven/cs/rest/artificial/ncs/src/main/resources
[[1;34mINFO[m] 
[[1;34mINFO[m] [1m--- [0;32mmaven-compiler-plugin:3.8.0:compile[m [1m(default-compile)[m @ [36mevomaster-benchmark-cs-rest-artificial-ncs[0;1m ---[m
[[1;34mINFO[m] Changes detected - recompiling the module!
[[1;34mINFO[m] Compiling 10 source files to /media/rincon/63999417195/eclipse-workspace/EMB-master/jdk_8_maven/cs/rest/artificial/ncs/target/classes
[[1;34mINFO[m] 
[[1;34mINFO[m] [1m--- [0;32mmaven-resources-plugin:2.6:testResources[m [1m(default-testResources)[m @ [36mevomaster-benchmark-cs-rest-artificial-ncs[0;1m ---[m
[[1;34mINFO[m] Using 'UTF-8' encoding to copy filtered resources.
[[1;34mINFO[m] skip non existing resourceDirectory /media/rincon/63999417195/eclipse-workspace/EMB-master/jdk_8_maven/cs/rest/artificial/ncs/src/test/resources
[[1;34mINFO[m] 
[[1;34mINFO[m] [1m--- [0;32mmaven-compiler-plugin:3.8.0:testCompile[m [1m(default-testCompile)[m @ [36mevomaster-benchmark-cs-rest-artificial-ncs[0;1m ---[m
[[1;34mINFO[m] Changes detected - recompiling the module!
[[1;34mINFO[m] Compiling 18 source files to /media/rincon/63999417195/eclipse-workspace/EMB-master/jdk_8_maven/cs/rest/artificial/ncs/target/test-classes
[[1;34mINFO[m] 
[[1;34mINFO[m] [1m--- [0;32mjacoco-maven-plugin:0.8.7:prepare-agent[m [1m(default)[m @ [36mevomaster-benchmark-cs-rest-artificial-ncs[0;1m ---[m
[[1;34mINFO[m] argLine set to -javaagent:/home/rincon/.m2/repository/org/jacoco/org.jacoco.agent/0.8.7/org.jacoco.agent-0.8.7-runtime.jar=destfile=/media/rincon/63999417195/eclipse-workspace/EMB-master/jdk_8_maven/cs/rest/artificial/ncs/target/jacoco.exec
[[1;34mINFO[m] 
[[1;34mINFO[m] [1m--- [0;32mmaven-resources-plugin:2.6:resources[m [1m(default-resources)[m @ [36mevomaster-benchmark-cs-rest-artificial-ncs[0;1m ---[m
[[1;34mINFO[m] Using 'UTF-8' encoding to copy filtered resources.
[[1;34mINFO[m] skip non existing resourceDirectory /media/rincon/63999417195/eclipse-workspace/EMB-master/jdk_8_maven/cs/rest/artificial/ncs/src/main/resources
[[1;34mINFO[m] 
[[1;34mINFO[m] [1m--- [0;32mmaven-compiler-plugin:3.8.0:compile[m [1m(default-compile)[m @ [36mevomaster-benchmark-cs-rest-artificial-ncs[0;1m ---[m
[[1;34mINFO[m] Changes detected - recompiling the module!
[[1;34mINFO[m] Compiling 10 source files to /media/rincon/63999417195/eclipse-workspace/EMB-master/jdk_8_maven/cs/rest/artificial/ncs/target/classes
[[1;34mINFO[m] 
[[1;34mINFO[m] [1m--- [0;32mmaven-resources-plugin:2.6:testResources[m [1m(default-testResources)[m @ [36mevomaster-benchmark-cs-rest-artificial-ncs[0;1m ---[m
[[1;34mINFO[m] Using 'UTF-8' encoding to copy filtered resources.
[[1;34mINFO[m] skip non existing resourceDirectory /media/rincon/63999417195/eclipse-workspace/EMB-master/jdk_8_maven/cs/rest/artificial/ncs/src/test/resources
[[1;34mINFO[m] 
[[1;34mINFO[m] [1m--- [0;32mmaven-compiler-plugin:3.8.0:testCompile[m [1m(default-testCompile)[m @ [36mevomaster-benchmark-cs-rest-artificial-ncs[0;1m ---[m
[[1;34mINFO[m] Nothing to compile - all classes are up to date
[[1;34mINFO[m] 
[[1;34mINFO[m] [1m--- [0;32mmaven-surefire-plugin:2.22.0:test[m [1m(default-test)[m @ [36mevomaster-benchmark-cs-rest-artificial-ncs[0;1m ---[m
[[1;34mINFO[m] 
[[1;34mINFO[m] -------------------------------------------------------
[[1;34mINFO[m]  T E S T S
[[1;34mINFO[m] -------------------------------------------------------
[[1;34mINFO[m] Running org.restncs.[1mv3_gpt4turbo_run01_TriangleClassificationTest[m

  .   ____          _            __ _ _
 /\\ / ___'_ __ _ _(_)_ __  __ _ \ \ \ \
( ( )\___ | '_ | '_| | '_ \/ _` | \ \ \ \
 \\/  ___)| |_)| | | | | || (_| |  ) ) ) )
  '  |____| .__|_| |_|_| |_\__, | / / / /
 =========|_|==============|___/=/_/_/_/
 :: Spring Boot ::        (v2.0.3.RELEASE)

2024-12-08 15:27:10.030  INFO 64619 --- [           main] o.a.maven.surefire.booter.ForkedBooter   : Starting ForkedBooter v2.22.0 on IFTO-PROBOOK with PID 64619 (started by rincon in /media/rincon/63999417195/eclipse-workspace/EMB-master/jdk_8_maven/cs/rest/artificial/ncs)
2024-12-08 15:27:10.037  INFO 64619 --- [           main] o.a.maven.surefire.booter.ForkedBooter   : No active profile set, falling back to default profiles: default
2024-12-08 15:27:10.643  INFO 64619 --- [           main] ConfigServletWebServerApplicationContext : Refreshing org.springframework.boot.web.servlet.context.AnnotationConfigServletWebServerApplicationContext@6eede35e: startup date [Sun Dec 08 15:27:10 BRT 2024]; root of context hierarchy
2024-12-08 15:27:12.054  INFO 64619 --- [           main] f.a.AutowiredAnnotationBeanPostProcessor : JSR-330 'javax.inject.Inject' annotation found and supported for autowiring
2024-12-08 15:27:12.532  INFO 64619 --- [           main] o.s.b.w.embedded.tomcat.TomcatWebServer  : Tomcat initialized with port(s): 0 (http)
2024-12-08 15:27:12.602  INFO 64619 --- [           main] o.apache.catalina.core.StandardService   : Starting service [Tomcat]
2024-12-08 15:27:12.603  INFO 64619 --- [           main] org.apache.catalina.core.StandardEngine  : Starting Servlet Engine: Apache Tomcat/8.5.31
2024-12-08 15:27:12.620  INFO 64619 --- [ost-startStop-1] o.a.catalina.core.AprLifecycleListener   : The APR based Apache Tomcat Native library which allows optimal performance in production environments was not found on the java.library.path: [/usr/java/packages/lib/amd64:/usr/lib64:/lib64:/lib:/usr/lib]
2024-12-08 15:27:12.732  INFO 64619 --- [ost-startStop-1] o.a.c.c.C.[Tomcat].[localhost].[/]       : Initializing Spring embedded WebApplicationContext
2024-12-08 15:27:12.732  INFO 64619 --- [ost-startStop-1] o.s.web.context.ContextLoader            : Root WebApplicationContext: initialization completed in 2093 ms
2024-12-08 15:27:12.842  INFO 64619 --- [ost-startStop-1] o.s.b.w.servlet.ServletRegistrationBean  : Servlet dispatcherServlet mapped to [/]
2024-12-08 15:27:12.846  INFO 64619 --- [ost-startStop-1] o.s.b.w.servlet.FilterRegistrationBean   : Mapping filter: 'characterEncodingFilter' to: [/*]
2024-12-08 15:27:12.847  INFO 64619 --- [ost-startStop-1] o.s.b.w.servlet.FilterRegistrationBean   : Mapping filter: 'hiddenHttpMethodFilter' to: [/*]
2024-12-08 15:27:12.847  INFO 64619 --- [ost-startStop-1] o.s.b.w.servlet.FilterRegistrationBean   : Mapping filter: 'httpPutFormContentFilter' to: [/*]
2024-12-08 15:27:12.847  INFO 64619 --- [ost-startStop-1] o.s.b.w.servlet.FilterRegistrationBean   : Mapping filter: 'requestContextFilter' to: [/*]
2024-12-08 15:27:13.388  INFO 64619 --- [           main] s.w.s.m.m.a.RequestMappingHandlerMapping : Mapped "{[/api/triangle/{a}/{b}/{c}],methods=[GET],produces=[application/json]}" onto public org.springframework.http.ResponseEntity<org.restncs.Dto> org.restncs.NcsRest.checkTriangle(java.lang.Integer,java.lang.Integer,java.lang.Integer)
2024-12-08 15:27:13.390  INFO 64619 --- [           main] s.w.s.m.m.a.RequestMappingHandlerMapping : Mapped "{[/api/bessj/{n}/{x}],methods=[GET],produces=[application/json]}" onto public org.springframework.http.ResponseEntity<org.restncs.Dto> org.restncs.NcsRest.bessj(java.lang.Integer,java.lang.Double)
2024-12-08 15:27:13.390  INFO 64619 --- [           main] s.w.s.m.m.a.RequestMappingHandlerMapping : Mapped "{[/api/expint/{n}/{x}],methods=[GET],produces=[application/json]}" onto public org.springframework.http.ResponseEntity<org.restncs.Dto> org.restncs.NcsRest.expint(java.lang.Integer,java.lang.Double)
2024-12-08 15:27:13.391  INFO 64619 --- [           main] s.w.s.m.m.a.RequestMappingHandlerMapping : Mapped "{[/api/fisher/{m}/{n}/{x}],methods=[GET],produces=[application/json]}" onto public org.springframework.http.ResponseEntity<org.restncs.Dto> org.restncs.NcsRest.fisher(java.lang.Integer,java.lang.Integer,java.lang.Double)
2024-12-08 15:27:13.392  INFO 64619 --- [           main] s.w.s.m.m.a.RequestMappingHandlerMapping : Mapped "{[/api/gammq/{a}/{x}],methods=[GET],produces=[application/json]}" onto public org.springframework.http.ResponseEntity<org.restncs.Dto> org.restncs.NcsRest.gammq(java.lang.Double,java.lang.Double)
2024-12-08 15:27:13.392  INFO 64619 --- [           main] s.w.s.m.m.a.RequestMappingHandlerMapping : Mapped "{[/api/remainder/{a}/{b}],methods=[GET],produces=[application/json]}" onto public org.springframework.http.ResponseEntity<org.restncs.Dto> org.restncs.NcsRest.remainder(java.lang.Integer,java.lang.Integer)
2024-12-08 15:27:13.398  INFO 64619 --- [           main] s.w.s.m.m.a.RequestMappingHandlerMapping : Mapped "{[/swagger-resources/configuration/ui]}" onto public org.springframework.http.ResponseEntity<springfox.documentation.swagger.web.UiConfiguration> springfox.documentation.swagger.web.ApiResourceController.uiConfiguration()
2024-12-08 15:27:13.400  INFO 64619 --- [           main] s.w.s.m.m.a.RequestMappingHandlerMapping : Mapped "{[/swagger-resources/configuration/security]}" onto public org.springframework.http.ResponseEntity<springfox.documentation.swagger.web.SecurityConfiguration> springfox.documentation.swagger.web.ApiResourceController.securityConfiguration()
2024-12-08 15:27:13.401  INFO 64619 --- [           main] s.w.s.m.m.a.RequestMappingHandlerMapping : Mapped "{[/swagger-resources]}" onto public org.springframework.http.ResponseEntity<java.util.List<springfox.documentation.swagger.web.SwaggerResource>> springfox.documentation.swagger.web.ApiResourceController.swaggerResources()
2024-12-08 15:27:13.408  INFO 64619 --- [           main] s.w.s.m.m.a.RequestMappingHandlerMapping : Mapped "{[/error],produces=[text/html]}" onto public org.springframework.web.servlet.ModelAndView org.springframework.boot.autoconfigure.web.servlet.error.BasicErrorController.errorHtml(javax.servlet.http.HttpServletRequest,javax.servlet.http.HttpServletResponse)
2024-12-08 15:27:13.409  INFO 64619 --- [           main] s.w.s.m.m.a.RequestMappingHandlerMapping : Mapped "{[/error]}" onto public org.springframework.http.ResponseEntity<java.util.Map<java.lang.String, java.lang.Object>> org.springframework.boot.autoconfigure.web.servlet.error.BasicErrorController.error(javax.servlet.http.HttpServletRequest)
2024-12-08 15:27:13.559  INFO 64619 --- [           main] pertySourcedRequestMappingHandlerMapping : Mapped URL path [/v2/api-docs] onto method [public org.springframework.http.ResponseEntity<springfox.documentation.spring.web.json.Json> springfox.documentation.swagger2.web.Swagger2Controller.getDocumentation(java.lang.String,javax.servlet.http.HttpServletRequest)]
2024-12-08 15:27:13.669  INFO 64619 --- [           main] o.s.w.s.handler.SimpleUrlHandlerMapping  : Mapped URL path [/**/favicon.ico] onto handler of type [class org.springframework.web.servlet.resource.ResourceHttpRequestHandler]
2024-12-08 15:27:13.855  INFO 64619 --- [           main] s.w.s.m.m.a.RequestMappingHandlerAdapter : Looking for @ControllerAdvice: org.springframework.boot.web.servlet.context.AnnotationConfigServletWebServerApplicationContext@6eede35e: startup date [Sun Dec 08 15:27:10 BRT 2024]; root of context hierarchy
2024-12-08 15:27:13.948  INFO 64619 --- [           main] o.s.w.s.handler.SimpleUrlHandlerMapping  : Mapped URL path [/webjars/**] onto handler of type [class org.springframework.web.servlet.resource.ResourceHttpRequestHandler]
2024-12-08 15:27:13.948  INFO 64619 --- [           main] o.s.w.s.handler.SimpleUrlHandlerMapping  : Mapped URL path [/**] onto handler of type [class org.springframework.web.servlet.resource.ResourceHttpRequestHandler]
2024-12-08 15:27:14.213  INFO 64619 --- [           main] o.s.j.e.a.AnnotationMBeanExporter        : Registering beans for JMX exposure on startup
2024-12-08 15:27:14.229  INFO 64619 --- [           main] o.s.c.support.DefaultLifecycleProcessor  : Starting beans in phase 2147483647
2024-12-08 15:27:14.230  INFO 64619 --- [           main] d.s.w.p.DocumentationPluginsBootstrapper : Context refreshed
2024-12-08 15:27:14.272  INFO 64619 --- [           main] d.s.w.p.DocumentationPluginsBootstrapper : Found 1 custom documentation plugin(s)
2024-12-08 15:27:14.337  INFO 64619 --- [           main] s.d.s.w.s.ApiListingReferenceScanner     : Scanning for api listing references
2024-12-08 15:27:14.558  INFO 64619 --- [           main] o.s.b.w.embedded.tomcat.TomcatWebServer  : Tomcat started on port(s): 42535 (http) with context path ''
2024-12-08 15:27:14.565  INFO 64619 --- [           main] o.a.maven.surefire.booter.ForkedBooter   : Started ForkedBooter in 5.148 seconds (JVM running for 6.063)
2024-12-08 15:27:16.083  INFO 64619 --- [o-auto-1-exec-1] o.a.c.c.C.[Tomcat].[localhost].[/]       : Initializing Spring FrameworkServlet 'dispatcherServlet'
2024-12-08 15:27:16.083  INFO 64619 --- [o-auto-1-exec-1] o.s.web.servlet.DispatcherServlet        : FrameworkServlet 'dispatcherServlet': initialization started
2024-12-08 15:27:16.102  INFO 64619 --- [o-auto-1-exec-1] o.s.web.servlet.DispatcherServlet        : FrameworkServlet 'dispatcherServlet': initialization completed in 19 ms
2024-12-08 15:27:17.365  INFO 64619 --- [           main] o.s.c.support.DefaultLifecycleProcessor  : Stopping beans in phase 2147483647
[[1;34mINFO[m] [1;32mTests run: [0;1;32m5[m, Failures: 0, Errors: 0, Skipped: 0, Time elapsed: 8.361 s - in org.restncs.[1mv3_gpt4turbo_run01_TriangleClassificationTest[m
[[1;34mINFO[m] Running org.restncs.[1mv3_gpt4turbo_run03_FisherTest[m

  .   ____          _            __ _ _
 /\\ / ___'_ __ _ _(_)_ __  __ _ \ \ \ \
( ( )\___ | '_ | '_| | '_ \/ _` | \ \ \ \
 \\/  ___)| |_)| | | | | || (_| |  ) ) ) )
  '  |____| .__|_| |_|_| |_\__, | / / / /
 =========|_|==============|___/=/_/_/_/
 :: Spring Boot ::        (v2.0.3.RELEASE)

2024-12-08 15:27:17.405  INFO 64619 --- [           main] o.a.maven.surefire.booter.ForkedBooter   : Starting ForkedBooter v2.22.0 on IFTO-PROBOOK with PID 64619 (started by rincon in /media/rincon/63999417195/eclipse-workspace/EMB-master/jdk_8_maven/cs/rest/artificial/ncs)
2024-12-08 15:27:17.410  INFO 64619 --- [           main] o.a.maven.surefire.booter.ForkedBooter   : No active profile set, falling back to default profiles: default
2024-12-08 15:27:17.413  INFO 64619 --- [           main] ConfigServletWebServerApplicationContext : Refreshing org.springframework.boot.web.servlet.context.AnnotationConfigServletWebServerApplicationContext@787f6435: startup date [Sun Dec 08 15:27:17 BRT 2024]; root of context hierarchy
2024-12-08 15:27:17.693  INFO 64619 --- [           main] f.a.AutowiredAnnotationBeanPostProcessor : JSR-330 'javax.inject.Inject' annotation found and supported for autowiring
2024-12-08 15:27:17.780  INFO 64619 --- [           main] o.s.b.w.embedded.tomcat.TomcatWebServer  : Tomcat initialized with port(s): 0 (http)
2024-12-08 15:27:17.782  INFO 64619 --- [           main] o.apache.catalina.core.StandardService   : Starting service [Tomcat]
2024-12-08 15:27:17.782  INFO 64619 --- [           main] org.apache.catalina.core.StandardEngine  : Starting Servlet Engine: Apache Tomcat/8.5.31
2024-12-08 15:27:17.789  INFO 64619 --- [ost-startStop-1] o.a.c.c.C.[Tomcat-1].[localhost].[/]     : Initializing Spring embedded WebApplicationContext
2024-12-08 15:27:17.789  INFO 64619 --- [ost-startStop-1] o.s.web.context.ContextLoader            : Root WebApplicationContext: initialization completed in 376 ms
2024-12-08 15:27:17.862  INFO 64619 --- [ost-startStop-1] o.s.b.w.servlet.ServletRegistrationBean  : Servlet dispatcherServlet mapped to [/]
2024-12-08 15:27:17.863  INFO 64619 --- [ost-startStop-1] o.s.b.w.servlet.FilterRegistrationBean   : Mapping filter: 'characterEncodingFilter' to: [/*]
2024-12-08 15:27:17.863  INFO 64619 --- [ost-startStop-1] o.s.b.w.servlet.FilterRegistrationBean   : Mapping filter: 'hiddenHttpMethodFilter' to: [/*]
2024-12-08 15:27:17.864  INFO 64619 --- [ost-startStop-1] o.s.b.w.servlet.FilterRegistrationBean   : Mapping filter: 'httpPutFormContentFilter' to: [/*]
2024-12-08 15:27:17.864  INFO 64619 --- [ost-startStop-1] o.s.b.w.servlet.FilterRegistrationBean   : Mapping filter: 'requestContextFilter' to: [/*]
2024-12-08 15:27:18.045  INFO 64619 --- [           main] s.w.s.m.m.a.RequestMappingHandlerMapping : Mapped "{[/api/triangle/{a}/{b}/{c}],methods=[GET],produces=[application/json]}" onto public org.springframework.http.ResponseEntity<org.restncs.Dto> org.restncs.NcsRest.checkTriangle(java.lang.Integer,java.lang.Integer,java.lang.Integer)
2024-12-08 15:27:18.046  INFO 64619 --- [           main] s.w.s.m.m.a.RequestMappingHandlerMapping : Mapped "{[/api/bessj/{n}/{x}],methods=[GET],produces=[application/json]}" onto public org.springframework.http.ResponseEntity<org.restncs.Dto> org.restncs.NcsRest.bessj(java.lang.Integer,java.lang.Double)
2024-12-08 15:27:18.046  INFO 64619 --- [           main] s.w.s.m.m.a.RequestMappingHandlerMapping : Mapped "{[/api/expint/{n}/{x}],methods=[GET],produces=[application/json]}" onto public org.springframework.http.ResponseEntity<org.restncs.Dto> org.restncs.NcsRest.expint(java.lang.Integer,java.lang.Double)
2024-12-08 15:27:18.047  INFO 64619 --- [           main] s.w.s.m.m.a.RequestMappingHandlerMapping : Mapped "{[/api/fisher/{m}/{n}/{x}],methods=[GET],produces=[application/json]}" onto public org.springframework.http.ResponseEntity<org.restncs.Dto> org.restncs.NcsRest.fisher(java.lang.Integer,java.lang.Integer,java.lang.Double)
2024-12-08 15:27:18.048  INFO 64619 --- [           main] s.w.s.m.m.a.RequestMappingHandlerMapping : Mapped "{[/api/gammq/{a}/{x}],methods=[GET],produces=[application/json]}" onto public org.springframework.http.ResponseEntity<org.restncs.Dto> org.restncs.NcsRest.gammq(java.lang.Double,java.lang.Double)
2024-12-08 15:27:18.049  INFO 64619 --- [           main] s.w.s.m.m.a.RequestMappingHandlerMapping : Mapped "{[/api/remainder/{a}/{b}],methods=[GET],produces=[application/json]}" onto public org.springframework.http.ResponseEntity<org.restncs.Dto> org.restncs.NcsRest.remainder(java.lang.Integer,java.lang.Integer)
2024-12-08 15:27:18.051  INFO 64619 --- [           main] s.w.s.m.m.a.RequestMappingHandlerMapping : Mapped "{[/swagger-resources/configuration/ui]}" onto public org.springframework.http.ResponseEntity<springfox.documentation.swagger.web.UiConfiguration> springfox.documentation.swagger.web.ApiResourceController.uiConfiguration()
2024-12-08 15:27:18.051  INFO 64619 --- [           main] s.w.s.m.m.a.RequestMappingHandlerMapping : Mapped "{[/swagger-resources/configuration/security]}" onto public org.springframework.http.ResponseEntity<springfox.documentation.swagger.web.SecurityConfiguration> springfox.documentation.swagger.web.ApiResourceController.securityConfiguration()
2024-12-08 15:27:18.052  INFO 64619 --- [           main] s.w.s.m.m.a.RequestMappingHandlerMapping : Mapped "{[/swagger-resources]}" onto public org.springframework.http.ResponseEntity<java.util.List<springfox.documentation.swagger.web.SwaggerResource>> springfox.documentation.swagger.web.ApiResourceController.swaggerResources()
2024-12-08 15:27:18.055  INFO 64619 --- [           main] s.w.s.m.m.a.RequestMappingHandlerMapping : Mapped "{[/error],produces=[text/html]}" onto public org.springframework.web.servlet.ModelAndView org.springframework.boot.autoconfigure.web.servlet.error.BasicErrorController.errorHtml(javax.servlet.http.HttpServletRequest,javax.servlet.http.HttpServletResponse)
2024-12-08 15:27:18.055  INFO 64619 --- [           main] s.w.s.m.m.a.RequestMappingHandlerMapping : Mapped "{[/error]}" onto public org.springframework.http.ResponseEntity<java.util.Map<java.lang.String, java.lang.Object>> org.springframework.boot.autoconfigure.web.servlet.error.BasicErrorController.error(javax.servlet.http.HttpServletRequest)
2024-12-08 15:27:18.143  INFO 64619 --- [           main] pertySourcedRequestMappingHandlerMapping : Mapped URL path [/v2/api-docs] onto method [public org.springframework.http.ResponseEntity<springfox.documentation.spring.web.json.Json> springfox.documentation.swagger2.web.Swagger2Controller.getDocumentation(java.lang.String,javax.servlet.http.HttpServletRequest)]
2024-12-08 15:27:18.191  INFO 64619 --- [           main] o.s.w.s.handler.SimpleUrlHandlerMapping  : Mapped URL path [/**/favicon.ico] onto handler of type [class org.springframework.web.servlet.resource.ResourceHttpRequestHandler]
2024-12-08 15:27:18.246  INFO 64619 --- [           main] s.w.s.m.m.a.RequestMappingHandlerAdapter : Looking for @ControllerAdvice: org.springframework.boot.web.servlet.context.AnnotationConfigServletWebServerApplicationContext@787f6435: startup date [Sun Dec 08 15:27:17 BRT 2024]; root of context hierarchy
2024-12-08 15:27:18.265  INFO 64619 --- [           main] o.s.w.s.handler.SimpleUrlHandlerMapping  : Mapped URL path [/webjars/**] onto handler of type [class org.springframework.web.servlet.resource.ResourceHttpRequestHandler]
2024-12-08 15:27:18.265  INFO 64619 --- [           main] o.s.w.s.handler.SimpleUrlHandlerMapping  : Mapped URL path [/**] onto handler of type [class org.springframework.web.servlet.resource.ResourceHttpRequestHandler]
2024-12-08 15:27:18.366  INFO 64619 --- [           main] o.s.j.e.a.AnnotationMBeanExporter        : Registering beans for JMX exposure on startup
2024-12-08 15:27:18.372  INFO 64619 --- [           main] o.s.c.support.DefaultLifecycleProcessor  : Starting beans in phase 2147483647
2024-12-08 15:27:18.373  INFO 64619 --- [           main] d.s.w.p.DocumentationPluginsBootstrapper : Context refreshed
2024-12-08 15:27:18.374  INFO 64619 --- [           main] d.s.w.p.DocumentationPluginsBootstrapper : Found 1 custom documentation plugin(s)
2024-12-08 15:27:18.381  INFO 64619 --- [           main] s.d.s.w.s.ApiListingReferenceScanner     : Scanning for api listing references
2024-12-08 15:27:18.441  INFO 64619 --- [           main] o.s.b.w.embedded.tomcat.TomcatWebServer  : Tomcat started on port(s): 46027 (http) with context path ''
2024-12-08 15:27:18.443  INFO 64619 --- [           main] o.a.maven.surefire.booter.ForkedBooter   : Started ForkedBooter in 1.074 seconds (JVM running for 9.941)
2024-12-08 15:27:18.485  INFO 64619 --- [o-auto-2-exec-1] o.a.c.c.C.[Tomcat-1].[localhost].[/]     : Initializing Spring FrameworkServlet 'dispatcherServlet'
2024-12-08 15:27:18.486  INFO 64619 --- [o-auto-2-exec-1] o.s.web.servlet.DispatcherServlet        : FrameworkServlet 'dispatcherServlet': initialization started
2024-12-08 15:27:18.501  INFO 64619 --- [o-auto-2-exec-1] o.s.web.servlet.DispatcherServlet        : FrameworkServlet 'dispatcherServlet': initialization completed in 15 ms
2024-12-08 15:27:18.661  INFO 64619 --- [           main] o.s.c.support.DefaultLifecycleProcessor  : Stopping beans in phase 2147483647
[[1;34mINFO[m] [1;32mTests run: [0;1;32m3[m, Failures: 0, Errors: 0, Skipped: 0, Time elapsed: 1.264 s - in org.restncs.[1mv3_gpt4turbo_run03_FisherTest[m
[[1;34mINFO[m] Running org.restncs.[1mv3_gpt4turbo_run02_TriangleClassificationTest[m

  .   ____          _            __ _ _
 /\\ / ___'_ __ _ _(_)_ __  __ _ \ \ \ \
( ( )\___ | '_ | '_| | '_ \/ _` | \ \ \ \
 \\/  ___)| |_)| | | | | || (_| |  ) ) ) )
  '  |____| .__|_| |_|_| |_\__, | / / / /
 =========|_|==============|___/=/_/_/_/
 :: Spring Boot ::        (v2.0.3.RELEASE)

2024-12-08 15:27:18.685  INFO 64619 --- [           main] o.a.maven.surefire.booter.ForkedBooter   : Starting ForkedBooter v2.22.0 on IFTO-PROBOOK with PID 64619 (started by rincon in /media/rincon/63999417195/eclipse-workspace/EMB-master/jdk_8_maven/cs/rest/artificial/ncs)
2024-12-08 15:27:18.686  INFO 64619 --- [           main] o.a.maven.surefire.booter.ForkedBooter   : No active profile set, falling back to default profiles: default
2024-12-08 15:27:18.688  INFO 64619 --- [           main] ConfigServletWebServerApplicationContext : Refreshing org.springframework.boot.web.servlet.context.AnnotationConfigServletWebServerApplicationContext@5d1e7871: startup date [Sun Dec 08 15:27:18 BRT 2024]; root of context hierarchy
2024-12-08 15:27:18.927  INFO 64619 --- [           main] f.a.AutowiredAnnotationBeanPostProcessor : JSR-330 'javax.inject.Inject' annotation found and supported for autowiring
2024-12-08 15:27:19.031  INFO 64619 --- [           main] o.s.b.w.embedded.tomcat.TomcatWebServer  : Tomcat initialized with port(s): 0 (http)
2024-12-08 15:27:19.033  INFO 64619 --- [           main] o.apache.catalina.core.StandardService   : Starting service [Tomcat]
2024-12-08 15:27:19.034  INFO 64619 --- [           main] org.apache.catalina.core.StandardEngine  : Starting Servlet Engine: Apache Tomcat/8.5.31
2024-12-08 15:27:19.039  INFO 64619 --- [ost-startStop-1] o.a.c.c.C.[Tomcat-2].[localhost].[/]     : Initializing Spring embedded WebApplicationContext
2024-12-08 15:27:19.040  INFO 64619 --- [ost-startStop-1] o.s.web.context.ContextLoader            : Root WebApplicationContext: initialization completed in 352 ms
2024-12-08 15:27:19.139  INFO 64619 --- [ost-startStop-1] o.s.b.w.servlet.ServletRegistrationBean  : Servlet dispatcherServlet mapped to [/]
2024-12-08 15:27:19.140  INFO 64619 --- [ost-startStop-1] o.s.b.w.servlet.FilterRegistrationBean   : Mapping filter: 'characterEncodingFilter' to: [/*]
2024-12-08 15:27:19.140  INFO 64619 --- [ost-startStop-1] o.s.b.w.servlet.FilterRegistrationBean   : Mapping filter: 'hiddenHttpMethodFilter' to: [/*]
2024-12-08 15:27:19.140  INFO 64619 --- [ost-startStop-1] o.s.b.w.servlet.FilterRegistrationBean   : Mapping filter: 'httpPutFormContentFilter' to: [/*]
2024-12-08 15:27:19.140  INFO 64619 --- [ost-startStop-1] o.s.b.w.servlet.FilterRegistrationBean   : Mapping filter: 'requestContextFilter' to: [/*]
2024-12-08 15:27:19.311  INFO 64619 --- [           main] s.w.s.m.m.a.RequestMappingHandlerMapping : Mapped "{[/api/triangle/{a}/{b}/{c}],methods=[GET],produces=[application/json]}" onto public org.springframework.http.ResponseEntity<org.restncs.Dto> org.restncs.NcsRest.checkTriangle(java.lang.Integer,java.lang.Integer,java.lang.Integer)
2024-12-08 15:27:19.312  INFO 64619 --- [           main] s.w.s.m.m.a.RequestMappingHandlerMapping : Mapped "{[/api/bessj/{n}/{x}],methods=[GET],produces=[application/json]}" onto public org.springframework.http.ResponseEntity<org.restncs.Dto> org.restncs.NcsRest.bessj(java.lang.Integer,java.lang.Double)
2024-12-08 15:27:19.312  INFO 64619 --- [           main] s.w.s.m.m.a.RequestMappingHandlerMapping : Mapped "{[/api/expint/{n}/{x}],methods=[GET],produces=[application/json]}" onto public org.springframework.http.ResponseEntity<org.restncs.Dto> org.restncs.NcsRest.expint(java.lang.Integer,java.lang.Double)
2024-12-08 15:27:19.313  INFO 64619 --- [           main] s.w.s.m.m.a.RequestMappingHandlerMapping : Mapped "{[/api/fisher/{m}/{n}/{x}],methods=[GET],produces=[application/json]}" onto public org.springframework.http.ResponseEntity<org.restncs.Dto> org.restncs.NcsRest.fisher(java.lang.Integer,java.lang.Integer,java.lang.Double)
2024-12-08 15:27:19.313  INFO 64619 --- [           main] s.w.s.m.m.a.RequestMappingHandlerMapping : Mapped "{[/api/gammq/{a}/{x}],methods=[GET],produces=[application/json]}" onto public org.springframework.http.ResponseEntity<org.restncs.Dto> org.restncs.NcsRest.gammq(java.lang.Double,java.lang.Double)
2024-12-08 15:27:19.314  INFO 64619 --- [           main] s.w.s.m.m.a.RequestMappingHandlerMapping : Mapped "{[/api/remainder/{a}/{b}],methods=[GET],produces=[application/json]}" onto public org.springframework.http.ResponseEntity<org.restncs.Dto> org.restncs.NcsRest.remainder(java.lang.Integer,java.lang.Integer)
2024-12-08 15:27:19.317  INFO 64619 --- [           main] s.w.s.m.m.a.RequestMappingHandlerMapping : Mapped "{[/swagger-resources/configuration/ui]}" onto public org.springframework.http.ResponseEntity<springfox.documentation.swagger.web.UiConfiguration> springfox.documentation.swagger.web.ApiResourceController.uiConfiguration()
2024-12-08 15:27:19.318  INFO 64619 --- [           main] s.w.s.m.m.a.RequestMappingHandlerMapping : Mapped "{[/swagger-resources/configuration/security]}" onto public org.springframework.http.ResponseEntity<springfox.documentation.swagger.web.SecurityConfiguration> springfox.documentation.swagger.web.ApiResourceController.securityConfiguration()
2024-12-08 15:27:19.318  INFO 64619 --- [           main] s.w.s.m.m.a.RequestMappingHandlerMapping : Mapped "{[/swagger-resources]}" onto public org.springframework.http.ResponseEntity<java.util.List<springfox.documentation.swagger.web.SwaggerResource>> springfox.documentation.swagger.web.ApiResourceController.swaggerResources()
2024-12-08 15:27:19.321  INFO 64619 --- [           main] s.w.s.m.m.a.RequestMappingHandlerMapping : Mapped "{[/error],produces=[text/html]}" onto public org.springframework.web.servlet.ModelAndView org.springframework.boot.autoconfigure.web.servlet.error.BasicErrorController.errorHtml(javax.servlet.http.HttpServletRequest,javax.servlet.http.HttpServletResponse)
2024-12-08 15:27:19.322  INFO 64619 --- [           main] s.w.s.m.m.a.RequestMappingHandlerMapping : Mapped "{[/error]}" onto public org.springframework.http.ResponseEntity<java.util.Map<java.lang.String, java.lang.Object>> org.springframework.boot.autoconfigure.web.servlet.error.BasicErrorController.error(javax.servlet.http.HttpServletRequest)
2024-12-08 15:27:19.404  INFO 64619 --- [           main] pertySourcedRequestMappingHandlerMapping : Mapped URL path [/v2/api-docs] onto method [public org.springframework.http.ResponseEntity<springfox.documentation.spring.web.json.Json> springfox.documentation.swagger2.web.Swagger2Controller.getDocumentation(java.lang.String,javax.servlet.http.HttpServletRequest)]
2024-12-08 15:27:19.450  INFO 64619 --- [           main] o.s.w.s.handler.SimpleUrlHandlerMapping  : Mapped URL path [/**/favicon.ico] onto handler of type [class org.springframework.web.servlet.resource.ResourceHttpRequestHandler]
2024-12-08 15:27:19.510  INFO 64619 --- [           main] s.w.s.m.m.a.RequestMappingHandlerAdapter : Looking for @ControllerAdvice: org.springframework.boot.web.servlet.context.AnnotationConfigServletWebServerApplicationContext@5d1e7871: startup date [Sun Dec 08 15:27:18 BRT 2024]; root of context hierarchy
2024-12-08 15:27:19.529  INFO 64619 --- [           main] o.s.w.s.handler.SimpleUrlHandlerMapping  : Mapped URL path [/webjars/**] onto handler of type [class org.springframework.web.servlet.resource.ResourceHttpRequestHandler]
2024-12-08 15:27:19.530  INFO 64619 --- [           main] o.s.w.s.handler.SimpleUrlHandlerMapping  : Mapped URL path [/**] onto handler of type [class org.springframework.web.servlet.resource.ResourceHttpRequestHandler]
2024-12-08 15:27:19.616  INFO 64619 --- [           main] o.s.j.e.a.AnnotationMBeanExporter        : Registering beans for JMX exposure on startup
2024-12-08 15:27:19.620  INFO 64619 --- [           main] o.s.c.support.DefaultLifecycleProcessor  : Starting beans in phase 2147483647
2024-12-08 15:27:19.620  INFO 64619 --- [           main] d.s.w.p.DocumentationPluginsBootstrapper : Context refreshed
2024-12-08 15:27:19.621  INFO 64619 --- [           main] d.s.w.p.DocumentationPluginsBootstrapper : Found 1 custom documentation plugin(s)
2024-12-08 15:27:19.625  INFO 64619 --- [           main] s.d.s.w.s.ApiListingReferenceScanner     : Scanning for api listing references
2024-12-08 15:27:19.669  INFO 64619 --- [           main] o.s.b.w.embedded.tomcat.TomcatWebServer  : Tomcat started on port(s): 36463 (http) with context path ''
2024-12-08 15:27:19.670  INFO 64619 --- [           main] o.a.maven.surefire.booter.ForkedBooter   : Started ForkedBooter in 1.006 seconds (JVM running for 11.169)
2024-12-08 15:27:19.687  INFO 64619 --- [o-auto-3-exec-1] o.a.c.c.C.[Tomcat-2].[localhost].[/]     : Initializing Spring FrameworkServlet 'dispatcherServlet'
2024-12-08 15:27:19.688  INFO 64619 --- [o-auto-3-exec-1] o.s.web.servlet.DispatcherServlet        : FrameworkServlet 'dispatcherServlet': initialization started
2024-12-08 15:27:19.700  INFO 64619 --- [o-auto-3-exec-1] o.s.web.servlet.DispatcherServlet        : FrameworkServlet 'dispatcherServlet': initialization completed in 12 ms
Request method:	GET
Request URI:	http://localhost:36463/api/serverError?triggerServerError=true
Proxy:			<none>
Request params:	<none>
Query params:	triggerServerError=true
Form params:	<none>
Path params:	<none>
Headers:		Accept=*/*
Cookies:		<none>
Multiparts:		<none>
Body:			<none>

HTTP/1.1 404 
Content-Type: application/json;charset=UTF-8
Transfer-Encoding: chunked
Date: Sun, 08 Dec 2024 18:27:19 GMT

{
    "timestamp": "2024-12-08T18:27:19.906+0000",
    "status": 404,
    "error": "Not Found",
    "message": "No message available",
    "path": "/api/serverError"
}
2024-12-08 15:27:19.958  INFO 64619 --- [           main] o.s.c.support.DefaultLifecycleProcessor  : Stopping beans in phase 2147483647
[[1;31mERROR[m] [1;31mTests [0;1mrun: [0;1m7[m, [1;31mFailures: [0;1;31m1[m, Errors: 0, Skipped: 0, Time elapsed: 1.292 s[1;31m <<< FAILURE![m - in org.restncs.[1mv3_gpt4turbo_run02_TriangleClassificationTest[m
[[1;31mERROR[m] testServerErrorSimulation(org.restncs.v3_gpt4turbo_run02_TriangleClassificationTest)  Time elapsed: 0.086 s  <<< FAILURE!
java.lang.AssertionError: 
1 expectation failed.
Expected status code <500> but was <404>.

	at org.restncs.v3_gpt4turbo_run02_TriangleClassificationTest.testServerErrorSimulation(v3_gpt4turbo_run02_TriangleClassificationTest.java:112)

[[1;34mINFO[m] Running org.restncs.[1mv3_gpt4turbo_run01_FisherTest[m

  .   ____          _            __ _ _
 /\\ / ___'_ __ _ _(_)_ __  __ _ \ \ \ \
( ( )\___ | '_ | '_| | '_ \/ _` | \ \ \ \
 \\/  ___)| |_)| | | | | || (_| |  ) ) ) )
  '  |____| .__|_| |_|_| |_\__, | / / / /
 =========|_|==============|___/=/_/_/_/
 :: Spring Boot ::        (v2.0.3.RELEASE)

2024-12-08 15:27:19.986  INFO 64619 --- [           main] o.a.maven.surefire.booter.ForkedBooter   : Starting ForkedBooter v2.22.0 on IFTO-PROBOOK with PID 64619 (started by rincon in /media/rincon/63999417195/eclipse-workspace/EMB-master/jdk_8_maven/cs/rest/artificial/ncs)
2024-12-08 15:27:19.986  INFO 64619 --- [           main] o.a.maven.surefire.booter.ForkedBooter   : No active profile set, falling back to default profiles: default
2024-12-08 15:27:19.988  INFO 64619 --- [           main] ConfigServletWebServerApplicationContext : Refreshing org.springframework.boot.web.servlet.context.AnnotationConfigServletWebServerApplicationContext@7e3775d9: startup date [Sun Dec 08 15:27:19 BRT 2024]; root of context hierarchy
2024-12-08 15:27:20.234  INFO 64619 --- [           main] f.a.AutowiredAnnotationBeanPostProcessor : JSR-330 'javax.inject.Inject' annotation found and supported for autowiring
2024-12-08 15:27:20.317  INFO 64619 --- [           main] o.s.b.w.embedded.tomcat.TomcatWebServer  : Tomcat initialized with port(s): 0 (http)
2024-12-08 15:27:20.318  INFO 64619 --- [           main] o.apache.catalina.core.StandardService   : Starting service [Tomcat]
2024-12-08 15:27:20.319  INFO 64619 --- [           main] org.apache.catalina.core.StandardEngine  : Starting Servlet Engine: Apache Tomcat/8.5.31
2024-12-08 15:27:20.324  INFO 64619 --- [ost-startStop-1] o.a.c.c.C.[Tomcat-3].[localhost].[/]     : Initializing Spring embedded WebApplicationContext
2024-12-08 15:27:20.324  INFO 64619 --- [ost-startStop-1] o.s.web.context.ContextLoader            : Root WebApplicationContext: initialization completed in 336 ms
2024-12-08 15:27:20.401  INFO 64619 --- [ost-startStop-1] o.s.b.w.servlet.ServletRegistrationBean  : Servlet dispatcherServlet mapped to [/]
2024-12-08 15:27:20.402  INFO 64619 --- [ost-startStop-1] o.s.b.w.servlet.FilterRegistrationBean   : Mapping filter: 'characterEncodingFilter' to: [/*]
2024-12-08 15:27:20.403  INFO 64619 --- [ost-startStop-1] o.s.b.w.servlet.FilterRegistrationBean   : Mapping filter: 'hiddenHttpMethodFilter' to: [/*]
2024-12-08 15:27:20.403  INFO 64619 --- [ost-startStop-1] o.s.b.w.servlet.FilterRegistrationBean   : Mapping filter: 'httpPutFormContentFilter' to: [/*]
2024-12-08 15:27:20.403  INFO 64619 --- [ost-startStop-1] o.s.b.w.servlet.FilterRegistrationBean   : Mapping filter: 'requestContextFilter' to: [/*]
2024-12-08 15:27:20.562  INFO 64619 --- [           main] s.w.s.m.m.a.RequestMappingHandlerMapping : Mapped "{[/api/triangle/{a}/{b}/{c}],methods=[GET],produces=[application/json]}" onto public org.springframework.http.ResponseEntity<org.restncs.Dto> org.restncs.NcsRest.checkTriangle(java.lang.Integer,java.lang.Integer,java.lang.Integer)
2024-12-08 15:27:20.562  INFO 64619 --- [           main] s.w.s.m.m.a.RequestMappingHandlerMapping : Mapped "{[/api/bessj/{n}/{x}],methods=[GET],produces=[application/json]}" onto public org.springframework.http.ResponseEntity<org.restncs.Dto> org.restncs.NcsRest.bessj(java.lang.Integer,java.lang.Double)
2024-12-08 15:27:20.562  INFO 64619 --- [           main] s.w.s.m.m.a.RequestMappingHandlerMapping : Mapped "{[/api/expint/{n}/{x}],methods=[GET],produces=[application/json]}" onto public org.springframework.http.ResponseEntity<org.restncs.Dto> org.restncs.NcsRest.expint(java.lang.Integer,java.lang.Double)
2024-12-08 15:27:20.563  INFO 64619 --- [           main] s.w.s.m.m.a.RequestMappingHandlerMapping : Mapped "{[/api/fisher/{m}/{n}/{x}],methods=[GET],produces=[application/json]}" onto public org.springframework.http.ResponseEntity<org.restncs.Dto> org.restncs.NcsRest.fisher(java.lang.Integer,java.lang.Integer,java.lang.Double)
2024-12-08 15:27:20.563  INFO 64619 --- [           main] s.w.s.m.m.a.RequestMappingHandlerMapping : Mapped "{[/api/gammq/{a}/{x}],methods=[GET],produces=[application/json]}" onto public org.springframework.http.ResponseEntity<org.restncs.Dto> org.restncs.NcsRest.gammq(java.lang.Double,java.lang.Double)
2024-12-08 15:27:20.564  INFO 64619 --- [           main] s.w.s.m.m.a.RequestMappingHandlerMapping : Mapped "{[/api/remainder/{a}/{b}],methods=[GET],produces=[application/json]}" onto public org.springframework.http.ResponseEntity<org.restncs.Dto> org.restncs.NcsRest.remainder(java.lang.Integer,java.lang.Integer)
2024-12-08 15:27:20.566  INFO 64619 --- [           main] s.w.s.m.m.a.RequestMappingHandlerMapping : Mapped "{[/swagger-resources/configuration/ui]}" onto public org.springframework.http.ResponseEntity<springfox.documentation.swagger.web.UiConfiguration> springfox.documentation.swagger.web.ApiResourceController.uiConfiguration()
2024-12-08 15:27:20.566  INFO 64619 --- [           main] s.w.s.m.m.a.RequestMappingHandlerMapping : Mapped "{[/swagger-resources/configuration/security]}" onto public org.springframework.http.ResponseEntity<springfox.documentation.swagger.web.SecurityConfiguration> springfox.documentation.swagger.web.ApiResourceController.securityConfiguration()
2024-12-08 15:27:20.566  INFO 64619 --- [           main] s.w.s.m.m.a.RequestMappingHandlerMapping : Mapped "{[/swagger-resources]}" onto public org.springframework.http.ResponseEntity<java.util.List<springfox.documentation.swagger.web.SwaggerResource>> springfox.documentation.swagger.web.ApiResourceController.swaggerResources()
2024-12-08 15:27:20.569  INFO 64619 --- [           main] s.w.s.m.m.a.RequestMappingHandlerMapping : Mapped "{[/error],produces=[text/html]}" onto public org.springframework.web.servlet.ModelAndView org.springframework.boot.autoconfigure.web.servlet.error.BasicErrorController.errorHtml(javax.servlet.http.HttpServletRequest,javax.servlet.http.HttpServletResponse)
2024-12-08 15:27:20.569  INFO 64619 --- [           main] s.w.s.m.m.a.RequestMappingHandlerMapping : Mapped "{[/error]}" onto public org.springframework.http.ResponseEntity<java.util.Map<java.lang.String, java.lang.Object>> org.springframework.boot.autoconfigure.web.servlet.error.BasicErrorController.error(javax.servlet.http.HttpServletRequest)
2024-12-08 15:27:20.664  INFO 64619 --- [           main] pertySourcedRequestMappingHandlerMapping : Mapped URL path [/v2/api-docs] onto method [public org.springframework.http.ResponseEntity<springfox.documentation.spring.web.json.Json> springfox.documentation.swagger2.web.Swagger2Controller.getDocumentation(java.lang.String,javax.servlet.http.HttpServletRequest)]
2024-12-08 15:27:20.705  INFO 64619 --- [           main] o.s.w.s.handler.SimpleUrlHandlerMapping  : Mapped URL path [/**/favicon.ico] onto handler of type [class org.springframework.web.servlet.resource.ResourceHttpRequestHandler]
2024-12-08 15:27:20.760  INFO 64619 --- [           main] s.w.s.m.m.a.RequestMappingHandlerAdapter : Looking for @ControllerAdvice: org.springframework.boot.web.servlet.context.AnnotationConfigServletWebServerApplicationContext@7e3775d9: startup date [Sun Dec 08 15:27:19 BRT 2024]; root of context hierarchy
2024-12-08 15:27:20.775  INFO 64619 --- [           main] o.s.w.s.handler.SimpleUrlHandlerMapping  : Mapped URL path [/webjars/**] onto handler of type [class org.springframework.web.servlet.resource.ResourceHttpRequestHandler]
2024-12-08 15:27:20.775  INFO 64619 --- [           main] o.s.w.s.handler.SimpleUrlHandlerMapping  : Mapped URL path [/**] onto handler of type [class org.springframework.web.servlet.resource.ResourceHttpRequestHandler]
2024-12-08 15:27:20.863  INFO 64619 --- [           main] o.s.j.e.a.AnnotationMBeanExporter        : Registering beans for JMX exposure on startup
2024-12-08 15:27:20.866  INFO 64619 --- [           main] o.s.c.support.DefaultLifecycleProcessor  : Starting beans in phase 2147483647
2024-12-08 15:27:20.867  INFO 64619 --- [           main] d.s.w.p.DocumentationPluginsBootstrapper : Context refreshed
2024-12-08 15:27:20.868  INFO 64619 --- [           main] d.s.w.p.DocumentationPluginsBootstrapper : Found 1 custom documentation plugin(s)
2024-12-08 15:27:20.872  INFO 64619 --- [           main] s.d.s.w.s.ApiListingReferenceScanner     : Scanning for api listing references
2024-12-08 15:27:20.916  INFO 64619 --- [           main] o.s.b.w.embedded.tomcat.TomcatWebServer  : Tomcat started on port(s): 46023 (http) with context path ''
2024-12-08 15:27:20.918  INFO 64619 --- [           main] o.a.maven.surefire.booter.ForkedBooter   : Started ForkedBooter in 0.956 seconds (JVM running for 12.416)
2024-12-08 15:27:20.954  INFO 64619 --- [o-auto-4-exec-1] o.a.c.c.C.[Tomcat-3].[localhost].[/]     : Initializing Spring FrameworkServlet 'dispatcherServlet'
2024-12-08 15:27:20.954  INFO 64619 --- [o-auto-4-exec-1] o.s.web.servlet.DispatcherServlet        : FrameworkServlet 'dispatcherServlet': initialization started
2024-12-08 15:27:20.964  INFO 64619 --- [o-auto-4-exec-1] o.s.web.servlet.DispatcherServlet        : FrameworkServlet 'dispatcherServlet': initialization completed in 10 ms
Request method:	GET
Request URI:	http://localhost:46023/api/fisher/-1/20/0.5
Proxy:			<none>
Request params:	<none>
Query params:	<none>
Form params:	<none>
Path params:	m=-1
				n=20
				x=0.5
Headers:		Accept=*/*
Cookies:		<none>
Multiparts:		<none>
Body:			<none>

HTTP/1.1 200 
Content-Disposition: inline;filename=f.txt
Content-Type: application/json;charset=UTF-8
Transfer-Encoding: chunked
Date: Sun, 08 Dec 2024 18:27:20 GMT

{
    "resultAsInt": null,
    "resultAsDouble": 0.0
}
2024-12-08 15:27:21.097  INFO 64619 --- [           main] o.s.c.support.DefaultLifecycleProcessor  : Stopping beans in phase 2147483647
[[1;31mERROR[m] [1;31mTests [0;1mrun: [0;1m4[m, [1;31mFailures: [0;1;31m1[m, Errors: 0, Skipped: 0, Time elapsed: 1.114 s[1;31m <<< FAILURE![m - in org.restncs.[1mv3_gpt4turbo_run01_FisherTest[m
[[1;31mERROR[m] testFisherInvalidInput(org.restncs.v3_gpt4turbo_run01_FisherTest)  Time elapsed: 0.02 s  <<< FAILURE!
java.lang.AssertionError: 
1 expectation failed.
Expected status code <400> but was <200>.

	at org.restncs.v3_gpt4turbo_run01_FisherTest.testFisherInvalidInput(v3_gpt4turbo_run01_FisherTest.java:83)

[[1;34mINFO[m] Running org.restncs.[1mv3_gpt4turbo_run03_RemainderTest[m

  .   ____          _            __ _ _
 /\\ / ___'_ __ _ _(_)_ __  __ _ \ \ \ \
( ( )\___ | '_ | '_| | '_ \/ _` | \ \ \ \
 \\/  ___)| |_)| | | | | || (_| |  ) ) ) )
  '  |____| .__|_| |_|_| |_\__, | / / / /
 =========|_|==============|___/=/_/_/_/
 :: Spring Boot ::        (v2.0.3.RELEASE)

2024-12-08 15:27:21.118  INFO 64619 --- [           main] o.a.maven.surefire.booter.ForkedBooter   : Starting ForkedBooter v2.22.0 on IFTO-PROBOOK with PID 64619 (started by rincon in /media/rincon/63999417195/eclipse-workspace/EMB-master/jdk_8_maven/cs/rest/artificial/ncs)
2024-12-08 15:27:21.119  INFO 64619 --- [           main] o.a.maven.surefire.booter.ForkedBooter   : No active profile set, falling back to default profiles: default
2024-12-08 15:27:21.121  INFO 64619 --- [           main] ConfigServletWebServerApplicationContext : Refreshing org.springframework.boot.web.servlet.context.AnnotationConfigServletWebServerApplicationContext@658978d5: startup date [Sun Dec 08 15:27:21 BRT 2024]; root of context hierarchy
2024-12-08 15:27:21.348  INFO 64619 --- [           main] f.a.AutowiredAnnotationBeanPostProcessor : JSR-330 'javax.inject.Inject' annotation found and supported for autowiring
2024-12-08 15:27:21.425  INFO 64619 --- [           main] o.s.b.w.embedded.tomcat.TomcatWebServer  : Tomcat initialized with port(s): 0 (http)
2024-12-08 15:27:21.426  INFO 64619 --- [           main] o.apache.catalina.core.StandardService   : Starting service [Tomcat]
2024-12-08 15:27:21.426  INFO 64619 --- [           main] org.apache.catalina.core.StandardEngine  : Starting Servlet Engine: Apache Tomcat/8.5.31
2024-12-08 15:27:21.431  INFO 64619 --- [ost-startStop-1] o.a.c.c.C.[Tomcat-4].[localhost].[/]     : Initializing Spring embedded WebApplicationContext
2024-12-08 15:27:21.431  INFO 64619 --- [ost-startStop-1] o.s.web.context.ContextLoader            : Root WebApplicationContext: initialization completed in 310 ms
2024-12-08 15:27:21.493  INFO 64619 --- [ost-startStop-1] o.s.b.w.servlet.ServletRegistrationBean  : Servlet dispatcherServlet mapped to [/]
2024-12-08 15:27:21.494  INFO 64619 --- [ost-startStop-1] o.s.b.w.servlet.FilterRegistrationBean   : Mapping filter: 'characterEncodingFilter' to: [/*]
2024-12-08 15:27:21.494  INFO 64619 --- [ost-startStop-1] o.s.b.w.servlet.FilterRegistrationBean   : Mapping filter: 'hiddenHttpMethodFilter' to: [/*]
2024-12-08 15:27:21.494  INFO 64619 --- [ost-startStop-1] o.s.b.w.servlet.FilterRegistrationBean   : Mapping filter: 'httpPutFormContentFilter' to: [/*]
2024-12-08 15:27:21.494  INFO 64619 --- [ost-startStop-1] o.s.b.w.servlet.FilterRegistrationBean   : Mapping filter: 'requestContextFilter' to: [/*]
2024-12-08 15:27:21.643  INFO 64619 --- [           main] s.w.s.m.m.a.RequestMappingHandlerMapping : Mapped "{[/api/triangle/{a}/{b}/{c}],methods=[GET],produces=[application/json]}" onto public org.springframework.http.ResponseEntity<org.restncs.Dto> org.restncs.NcsRest.checkTriangle(java.lang.Integer,java.lang.Integer,java.lang.Integer)
2024-12-08 15:27:21.643  INFO 64619 --- [           main] s.w.s.m.m.a.RequestMappingHandlerMapping : Mapped "{[/api/bessj/{n}/{x}],methods=[GET],produces=[application/json]}" onto public org.springframework.http.ResponseEntity<org.restncs.Dto> org.restncs.NcsRest.bessj(java.lang.Integer,java.lang.Double)
2024-12-08 15:27:21.643  INFO 64619 --- [           main] s.w.s.m.m.a.RequestMappingHandlerMapping : Mapped "{[/api/expint/{n}/{x}],methods=[GET],produces=[application/json]}" onto public org.springframework.http.ResponseEntity<org.restncs.Dto> org.restncs.NcsRest.expint(java.lang.Integer,java.lang.Double)
2024-12-08 15:27:21.644  INFO 64619 --- [           main] s.w.s.m.m.a.RequestMappingHandlerMapping : Mapped "{[/api/fisher/{m}/{n}/{x}],methods=[GET],produces=[application/json]}" onto public org.springframework.http.ResponseEntity<org.restncs.Dto> org.restncs.NcsRest.fisher(java.lang.Integer,java.lang.Integer,java.lang.Double)
2024-12-08 15:27:21.644  INFO 64619 --- [           main] s.w.s.m.m.a.RequestMappingHandlerMapping : Mapped "{[/api/gammq/{a}/{x}],methods=[GET],produces=[application/json]}" onto public org.springframework.http.ResponseEntity<org.restncs.Dto> org.restncs.NcsRest.gammq(java.lang.Double,java.lang.Double)
2024-12-08 15:27:21.645  INFO 64619 --- [           main] s.w.s.m.m.a.RequestMappingHandlerMapping : Mapped "{[/api/remainder/{a}/{b}],methods=[GET],produces=[application/json]}" onto public org.springframework.http.ResponseEntity<org.restncs.Dto> org.restncs.NcsRest.remainder(java.lang.Integer,java.lang.Integer)
2024-12-08 15:27:21.647  INFO 64619 --- [           main] s.w.s.m.m.a.RequestMappingHandlerMapping : Mapped "{[/swagger-resources/configuration/ui]}" onto public org.springframework.http.ResponseEntity<springfox.documentation.swagger.web.UiConfiguration> springfox.documentation.swagger.web.ApiResourceController.uiConfiguration()
2024-12-08 15:27:21.647  INFO 64619 --- [           main] s.w.s.m.m.a.RequestMappingHandlerMapping : Mapped "{[/swagger-resources/configuration/security]}" onto public org.springframework.http.ResponseEntity<springfox.documentation.swagger.web.SecurityConfiguration> springfox.documentation.swagger.web.ApiResourceController.securityConfiguration()
2024-12-08 15:27:21.648  INFO 64619 --- [           main] s.w.s.m.m.a.RequestMappingHandlerMapping : Mapped "{[/swagger-resources]}" onto public org.springframework.http.ResponseEntity<java.util.List<springfox.documentation.swagger.web.SwaggerResource>> springfox.documentation.swagger.web.ApiResourceController.swaggerResources()
2024-12-08 15:27:21.650  INFO 64619 --- [           main] s.w.s.m.m.a.RequestMappingHandlerMapping : Mapped "{[/error],produces=[text/html]}" onto public org.springframework.web.servlet.ModelAndView org.springframework.boot.autoconfigure.web.servlet.error.BasicErrorController.errorHtml(javax.servlet.http.HttpServletRequest,javax.servlet.http.HttpServletResponse)
2024-12-08 15:27:21.650  INFO 64619 --- [           main] s.w.s.m.m.a.RequestMappingHandlerMapping : Mapped "{[/error]}" onto public org.springframework.http.ResponseEntity<java.util.Map<java.lang.String, java.lang.Object>> org.springframework.boot.autoconfigure.web.servlet.error.BasicErrorController.error(javax.servlet.http.HttpServletRequest)
2024-12-08 15:27:21.727  INFO 64619 --- [           main] pertySourcedRequestMappingHandlerMapping : Mapped URL path [/v2/api-docs] onto method [public org.springframework.http.ResponseEntity<springfox.documentation.spring.web.json.Json> springfox.documentation.swagger2.web.Swagger2Controller.getDocumentation(java.lang.String,javax.servlet.http.HttpServletRequest)]
2024-12-08 15:27:21.771  INFO 64619 --- [           main] o.s.w.s.handler.SimpleUrlHandlerMapping  : Mapped URL path [/**/favicon.ico] onto handler of type [class org.springframework.web.servlet.resource.ResourceHttpRequestHandler]
2024-12-08 15:27:21.826  INFO 64619 --- [           main] s.w.s.m.m.a.RequestMappingHandlerAdapter : Looking for @ControllerAdvice: org.springframework.boot.web.servlet.context.AnnotationConfigServletWebServerApplicationContext@658978d5: startup date [Sun Dec 08 15:27:21 BRT 2024]; root of context hierarchy
2024-12-08 15:27:21.841  INFO 64619 --- [           main] o.s.w.s.handler.SimpleUrlHandlerMapping  : Mapped URL path [/webjars/**] onto handler of type [class org.springframework.web.servlet.resource.ResourceHttpRequestHandler]
2024-12-08 15:27:21.842  INFO 64619 --- [           main] o.s.w.s.handler.SimpleUrlHandlerMapping  : Mapped URL path [/**] onto handler of type [class org.springframework.web.servlet.resource.ResourceHttpRequestHandler]
2024-12-08 15:27:21.940  INFO 64619 --- [           main] o.s.j.e.a.AnnotationMBeanExporter        : Registering beans for JMX exposure on startup
2024-12-08 15:27:21.945  INFO 64619 --- [           main] o.s.c.support.DefaultLifecycleProcessor  : Starting beans in phase 2147483647
2024-12-08 15:27:21.946  INFO 64619 --- [           main] d.s.w.p.DocumentationPluginsBootstrapper : Context refreshed
2024-12-08 15:27:21.947  INFO 64619 --- [           main] d.s.w.p.DocumentationPluginsBootstrapper : Found 1 custom documentation plugin(s)
2024-12-08 15:27:21.951  INFO 64619 --- [           main] s.d.s.w.s.ApiListingReferenceScanner     : Scanning for api listing references
2024-12-08 15:27:21.990  INFO 64619 --- [           main] o.s.b.w.embedded.tomcat.TomcatWebServer  : Tomcat started on port(s): 41357 (http) with context path ''
2024-12-08 15:27:21.991  INFO 64619 --- [           main] o.a.maven.surefire.booter.ForkedBooter   : Started ForkedBooter in 0.892 seconds (JVM running for 13.489)
2024-12-08 15:27:22.006  INFO 64619 --- [o-auto-5-exec-1] o.a.c.c.C.[Tomcat-4].[localhost].[/]     : Initializing Spring FrameworkServlet 'dispatcherServlet'
2024-12-08 15:27:22.006  INFO 64619 --- [o-auto-5-exec-1] o.s.web.servlet.DispatcherServlet        : FrameworkServlet 'dispatcherServlet': initialization started
2024-12-08 15:27:22.018  INFO 64619 --- [o-auto-5-exec-1] o.s.web.servlet.DispatcherServlet        : FrameworkServlet 'dispatcherServlet': initialization completed in 12 ms
2024-12-08 15:27:22.180  INFO 64619 --- [           main] o.s.c.support.DefaultLifecycleProcessor  : Stopping beans in phase 2147483647
[[1;31mERROR[m] [1;31mTests [0;1mrun: [0;1m6[m, [1;31mFailures: [0;1;31m1[m, Errors: 0, Skipped: 0, Time elapsed: 1.063 s[1;31m <<< FAILURE![m - in org.restncs.[1mv3_gpt4turbo_run03_RemainderTest[m
[[1;31mERROR[m] testRemainderWithZeroDivisor(org.restncs.v3_gpt4turbo_run03_RemainderTest)  Time elapsed: 0.016 s  <<< FAILURE!
java.lang.AssertionError: Expected an ArithmeticException to be thrown
	at org.restncs.v3_gpt4turbo_run03_RemainderTest.testRemainderWithZeroDivisor(v3_gpt4turbo_run03_RemainderTest.java:108)

[[1;34mINFO[m] Running org.restncs.[1mv3_gpt4turbo_run03_ExpintTest[m

  .   ____          _            __ _ _
 /\\ / ___'_ __ _ _(_)_ __  __ _ \ \ \ \
( ( )\___ | '_ | '_| | '_ \/ _` | \ \ \ \
 \\/  ___)| |_)| | | | | || (_| |  ) ) ) )
  '  |____| .__|_| |_|_| |_\__, | / / / /
 =========|_|==============|___/=/_/_/_/
 :: Spring Boot ::        (v2.0.3.RELEASE)

2024-12-08 15:27:22.203  INFO 64619 --- [           main] o.a.maven.surefire.booter.ForkedBooter   : Starting ForkedBooter v2.22.0 on IFTO-PROBOOK with PID 64619 (started by rincon in /media/rincon/63999417195/eclipse-workspace/EMB-master/jdk_8_maven/cs/rest/artificial/ncs)
2024-12-08 15:27:22.203  INFO 64619 --- [           main] o.a.maven.surefire.booter.ForkedBooter   : No active profile set, falling back to default profiles: default
2024-12-08 15:27:22.205  INFO 64619 --- [           main] ConfigServletWebServerApplicationContext : Refreshing org.springframework.boot.web.servlet.context.AnnotationConfigServletWebServerApplicationContext@45187492: startup date [Sun Dec 08 15:27:22 BRT 2024]; root of context hierarchy
2024-12-08 15:27:22.401  INFO 64619 --- [           main] f.a.AutowiredAnnotationBeanPostProcessor : JSR-330 'javax.inject.Inject' annotation found and supported for autowiring
2024-12-08 15:27:22.471  INFO 64619 --- [           main] o.s.b.w.embedded.tomcat.TomcatWebServer  : Tomcat initialized with port(s): 0 (http)
2024-12-08 15:27:22.472  INFO 64619 --- [           main] o.apache.catalina.core.StandardService   : Starting service [Tomcat]
2024-12-08 15:27:22.472  INFO 64619 --- [           main] org.apache.catalina.core.StandardEngine  : Starting Servlet Engine: Apache Tomcat/8.5.31
2024-12-08 15:27:22.477  INFO 64619 --- [ost-startStop-1] o.a.c.c.C.[Tomcat-5].[localhost].[/]     : Initializing Spring embedded WebApplicationContext
2024-12-08 15:27:22.477  INFO 64619 --- [ost-startStop-1] o.s.web.context.ContextLoader            : Root WebApplicationContext: initialization completed in 272 ms
2024-12-08 15:27:22.532  INFO 64619 --- [ost-startStop-1] o.s.b.w.servlet.ServletRegistrationBean  : Servlet dispatcherServlet mapped to [/]
2024-12-08 15:27:22.533  INFO 64619 --- [ost-startStop-1] o.s.b.w.servlet.FilterRegistrationBean   : Mapping filter: 'characterEncodingFilter' to: [/*]
2024-12-08 15:27:22.533  INFO 64619 --- [ost-startStop-1] o.s.b.w.servlet.FilterRegistrationBean   : Mapping filter: 'hiddenHttpMethodFilter' to: [/*]
2024-12-08 15:27:22.533  INFO 64619 --- [ost-startStop-1] o.s.b.w.servlet.FilterRegistrationBean   : Mapping filter: 'httpPutFormContentFilter' to: [/*]
2024-12-08 15:27:22.534  INFO 64619 --- [ost-startStop-1] o.s.b.w.servlet.FilterRegistrationBean   : Mapping filter: 'requestContextFilter' to: [/*]
2024-12-08 15:27:22.687  INFO 64619 --- [           main] s.w.s.m.m.a.RequestMappingHandlerMapping : Mapped "{[/api/triangle/{a}/{b}/{c}],methods=[GET],produces=[application/json]}" onto public org.springframework.http.ResponseEntity<org.restncs.Dto> org.restncs.NcsRest.checkTriangle(java.lang.Integer,java.lang.Integer,java.lang.Integer)
2024-12-08 15:27:22.687  INFO 64619 --- [           main] s.w.s.m.m.a.RequestMappingHandlerMapping : Mapped "{[/api/bessj/{n}/{x}],methods=[GET],produces=[application/json]}" onto public org.springframework.http.ResponseEntity<org.restncs.Dto> org.restncs.NcsRest.bessj(java.lang.Integer,java.lang.Double)
2024-12-08 15:27:22.687  INFO 64619 --- [           main] s.w.s.m.m.a.RequestMappingHandlerMapping : Mapped "{[/api/expint/{n}/{x}],methods=[GET],produces=[application/json]}" onto public org.springframework.http.ResponseEntity<org.restncs.Dto> org.restncs.NcsRest.expint(java.lang.Integer,java.lang.Double)
2024-12-08 15:27:22.688  INFO 64619 --- [           main] s.w.s.m.m.a.RequestMappingHandlerMapping : Mapped "{[/api/fisher/{m}/{n}/{x}],methods=[GET],produces=[application/json]}" onto public org.springframework.http.ResponseEntity<org.restncs.Dto> org.restncs.NcsRest.fisher(java.lang.Integer,java.lang.Integer,java.lang.Double)
2024-12-08 15:27:22.688  INFO 64619 --- [           main] s.w.s.m.m.a.RequestMappingHandlerMapping : Mapped "{[/api/gammq/{a}/{x}],methods=[GET],produces=[application/json]}" onto public org.springframework.http.ResponseEntity<org.restncs.Dto> org.restncs.NcsRest.gammq(java.lang.Double,java.lang.Double)
2024-12-08 15:27:22.688  INFO 64619 --- [           main] s.w.s.m.m.a.RequestMappingHandlerMapping : Mapped "{[/api/remainder/{a}/{b}],methods=[GET],produces=[application/json]}" onto public org.springframework.http.ResponseEntity<org.restncs.Dto> org.restncs.NcsRest.remainder(java.lang.Integer,java.lang.Integer)
2024-12-08 15:27:22.690  INFO 64619 --- [           main] s.w.s.m.m.a.RequestMappingHandlerMapping : Mapped "{[/swagger-resources/configuration/ui]}" onto public org.springframework.http.ResponseEntity<springfox.documentation.swagger.web.UiConfiguration> springfox.documentation.swagger.web.ApiResourceController.uiConfiguration()
2024-12-08 15:27:22.690  INFO 64619 --- [           main] s.w.s.m.m.a.RequestMappingHandlerMapping : Mapped "{[/swagger-resources/configuration/security]}" onto public org.springframework.http.ResponseEntity<springfox.documentation.swagger.web.SecurityConfiguration> springfox.documentation.swagger.web.ApiResourceController.securityConfiguration()
2024-12-08 15:27:22.690  INFO 64619 --- [           main] s.w.s.m.m.a.RequestMappingHandlerMapping : Mapped "{[/swagger-resources]}" onto public org.springframework.http.ResponseEntity<java.util.List<springfox.documentation.swagger.web.SwaggerResource>> springfox.documentation.swagger.web.ApiResourceController.swaggerResources()
2024-12-08 15:27:22.692  INFO 64619 --- [           main] s.w.s.m.m.a.RequestMappingHandlerMapping : Mapped "{[/error],produces=[text/html]}" onto public org.springframework.web.servlet.ModelAndView org.springframework.boot.autoconfigure.web.servlet.error.BasicErrorController.errorHtml(javax.servlet.http.HttpServletRequest,javax.servlet.http.HttpServletResponse)
2024-12-08 15:27:22.692  INFO 64619 --- [           main] s.w.s.m.m.a.RequestMappingHandlerMapping : Mapped "{[/error]}" onto public org.springframework.http.ResponseEntity<java.util.Map<java.lang.String, java.lang.Object>> org.springframework.boot.autoconfigure.web.servlet.error.BasicErrorController.error(javax.servlet.http.HttpServletRequest)
2024-12-08 15:27:22.761  INFO 64619 --- [           main] pertySourcedRequestMappingHandlerMapping : Mapped URL path [/v2/api-docs] onto method [public org.springframework.http.ResponseEntity<springfox.documentation.spring.web.json.Json> springfox.documentation.swagger2.web.Swagger2Controller.getDocumentation(java.lang.String,javax.servlet.http.HttpServletRequest)]
2024-12-08 15:27:22.803  INFO 64619 --- [           main] o.s.w.s.handler.SimpleUrlHandlerMapping  : Mapped URL path [/**/favicon.ico] onto handler of type [class org.springframework.web.servlet.resource.ResourceHttpRequestHandler]
2024-12-08 15:27:22.861  INFO 64619 --- [           main] s.w.s.m.m.a.RequestMappingHandlerAdapter : Looking for @ControllerAdvice: org.springframework.boot.web.servlet.context.AnnotationConfigServletWebServerApplicationContext@45187492: startup date [Sun Dec 08 15:27:22 BRT 2024]; root of context hierarchy
2024-12-08 15:27:22.878  INFO 64619 --- [           main] o.s.w.s.handler.SimpleUrlHandlerMapping  : Mapped URL path [/webjars/**] onto handler of type [class org.springframework.web.servlet.resource.ResourceHttpRequestHandler]
2024-12-08 15:27:22.878  INFO 64619 --- [           main] o.s.w.s.handler.SimpleUrlHandlerMapping  : Mapped URL path [/**] onto handler of type [class org.springframework.web.servlet.resource.ResourceHttpRequestHandler]
2024-12-08 15:27:22.954  INFO 64619 --- [           main] o.s.j.e.a.AnnotationMBeanExporter        : Registering beans for JMX exposure on startup
2024-12-08 15:27:22.957  INFO 64619 --- [           main] o.s.c.support.DefaultLifecycleProcessor  : Starting beans in phase 2147483647
2024-12-08 15:27:22.958  INFO 64619 --- [           main] d.s.w.p.DocumentationPluginsBootstrapper : Context refreshed
2024-12-08 15:27:22.959  INFO 64619 --- [           main] d.s.w.p.DocumentationPluginsBootstrapper : Found 1 custom documentation plugin(s)
2024-12-08 15:27:22.962  INFO 64619 --- [           main] s.d.s.w.s.ApiListingReferenceScanner     : Scanning for api listing references
2024-12-08 15:27:23.001  INFO 64619 --- [           main] o.s.b.w.embedded.tomcat.TomcatWebServer  : Tomcat started on port(s): 41699 (http) with context path ''
2024-12-08 15:27:23.002  INFO 64619 --- [           main] o.a.maven.surefire.booter.ForkedBooter   : Started ForkedBooter in 0.82 seconds (JVM running for 14.5)
2024-12-08 15:27:23.015  INFO 64619 --- [o-auto-6-exec-1] o.a.c.c.C.[Tomcat-5].[localhost].[/]     : Initializing Spring FrameworkServlet 'dispatcherServlet'
2024-12-08 15:27:23.015  INFO 64619 --- [o-auto-6-exec-1] o.s.web.servlet.DispatcherServlet        : FrameworkServlet 'dispatcherServlet': initialization started
2024-12-08 15:27:23.026  INFO 64619 --- [o-auto-6-exec-1] o.s.web.servlet.DispatcherServlet        : FrameworkServlet 'dispatcherServlet': initialization completed in 11 ms
2024-12-08 15:27:23.131  INFO 64619 --- [           main] o.s.c.support.DefaultLifecycleProcessor  : Stopping beans in phase 2147483647
[[1;34mINFO[m] [1;32mTests run: [0;1;32m5[m, Failures: 0, Errors: 0, Skipped: 0, Time elapsed: 0.946 s - in org.restncs.[1mv3_gpt4turbo_run03_ExpintTest[m
[[1;34mINFO[m] Running org.restncs.[1mv3_gpt4turbo_run02_FisherTest[m

  .   ____          _            __ _ _
 /\\ / ___'_ __ _ _(_)_ __  __ _ \ \ \ \
( ( )\___ | '_ | '_| | '_ \/ _` | \ \ \ \
 \\/  ___)| |_)| | | | | || (_| |  ) ) ) )
  '  |____| .__|_| |_|_| |_\__, | / / / /
 =========|_|==============|___/=/_/_/_/
 :: Spring Boot ::        (v2.0.3.RELEASE)

2024-12-08 15:27:23.148  INFO 64619 --- [           main] o.a.maven.surefire.booter.ForkedBooter   : Starting ForkedBooter v2.22.0 on IFTO-PROBOOK with PID 64619 (started by rincon in /media/rincon/63999417195/eclipse-workspace/EMB-master/jdk_8_maven/cs/rest/artificial/ncs)
2024-12-08 15:27:23.148  INFO 64619 --- [           main] o.a.maven.surefire.booter.ForkedBooter   : No active profile set, falling back to default profiles: default
2024-12-08 15:27:23.149  INFO 64619 --- [           main] ConfigServletWebServerApplicationContext : Refreshing org.springframework.boot.web.servlet.context.AnnotationConfigServletWebServerApplicationContext@179b7558: startup date [Sun Dec 08 15:27:23 BRT 2024]; root of context hierarchy
2024-12-08 15:27:23.365  INFO 64619 --- [           main] f.a.AutowiredAnnotationBeanPostProcessor : JSR-330 'javax.inject.Inject' annotation found and supported for autowiring
2024-12-08 15:27:23.443  INFO 64619 --- [           main] o.s.b.w.embedded.tomcat.TomcatWebServer  : Tomcat initialized with port(s): 0 (http)
2024-12-08 15:27:23.444  INFO 64619 --- [           main] o.apache.catalina.core.StandardService   : Starting service [Tomcat]
2024-12-08 15:27:23.444  INFO 64619 --- [           main] org.apache.catalina.core.StandardEngine  : Starting Servlet Engine: Apache Tomcat/8.5.31
2024-12-08 15:27:23.448  INFO 64619 --- [ost-startStop-1] o.a.c.c.C.[Tomcat-6].[localhost].[/]     : Initializing Spring embedded WebApplicationContext
2024-12-08 15:27:23.449  INFO 64619 --- [ost-startStop-1] o.s.web.context.ContextLoader            : Root WebApplicationContext: initialization completed in 300 ms
2024-12-08 15:27:23.503  INFO 64619 --- [ost-startStop-1] o.s.b.w.servlet.ServletRegistrationBean  : Servlet dispatcherServlet mapped to [/]
2024-12-08 15:27:23.504  INFO 64619 --- [ost-startStop-1] o.s.b.w.servlet.FilterRegistrationBean   : Mapping filter: 'characterEncodingFilter' to: [/*]
2024-12-08 15:27:23.504  INFO 64619 --- [ost-startStop-1] o.s.b.w.servlet.FilterRegistrationBean   : Mapping filter: 'hiddenHttpMethodFilter' to: [/*]
2024-12-08 15:27:23.504  INFO 64619 --- [ost-startStop-1] o.s.b.w.servlet.FilterRegistrationBean   : Mapping filter: 'httpPutFormContentFilter' to: [/*]
2024-12-08 15:27:23.504  INFO 64619 --- [ost-startStop-1] o.s.b.w.servlet.FilterRegistrationBean   : Mapping filter: 'requestContextFilter' to: [/*]
2024-12-08 15:27:23.649  INFO 64619 --- [           main] s.w.s.m.m.a.RequestMappingHandlerMapping : Mapped "{[/api/triangle/{a}/{b}/{c}],methods=[GET],produces=[application/json]}" onto public org.springframework.http.ResponseEntity<org.restncs.Dto> org.restncs.NcsRest.checkTriangle(java.lang.Integer,java.lang.Integer,java.lang.Integer)
2024-12-08 15:27:23.650  INFO 64619 --- [           main] s.w.s.m.m.a.RequestMappingHandlerMapping : Mapped "{[/api/bessj/{n}/{x}],methods=[GET],produces=[application/json]}" onto public org.springframework.http.ResponseEntity<org.restncs.Dto> org.restncs.NcsRest.bessj(java.lang.Integer,java.lang.Double)
2024-12-08 15:27:23.650  INFO 64619 --- [           main] s.w.s.m.m.a.RequestMappingHandlerMapping : Mapped "{[/api/expint/{n}/{x}],methods=[GET],produces=[application/json]}" onto public org.springframework.http.ResponseEntity<org.restncs.Dto> org.restncs.NcsRest.expint(java.lang.Integer,java.lang.Double)
2024-12-08 15:27:23.650  INFO 64619 --- [           main] s.w.s.m.m.a.RequestMappingHandlerMapping : Mapped "{[/api/fisher/{m}/{n}/{x}],methods=[GET],produces=[application/json]}" onto public org.springframework.http.ResponseEntity<org.restncs.Dto> org.restncs.NcsRest.fisher(java.lang.Integer,java.lang.Integer,java.lang.Double)
2024-12-08 15:27:23.651  INFO 64619 --- [           main] s.w.s.m.m.a.RequestMappingHandlerMapping : Mapped "{[/api/gammq/{a}/{x}],methods=[GET],produces=[application/json]}" onto public org.springframework.http.ResponseEntity<org.restncs.Dto> org.restncs.NcsRest.gammq(java.lang.Double,java.lang.Double)
2024-12-08 15:27:23.651  INFO 64619 --- [           main] s.w.s.m.m.a.RequestMappingHandlerMapping : Mapped "{[/api/remainder/{a}/{b}],methods=[GET],produces=[application/json]}" onto public org.springframework.http.ResponseEntity<org.restncs.Dto> org.restncs.NcsRest.remainder(java.lang.Integer,java.lang.Integer)
2024-12-08 15:27:23.653  INFO 64619 --- [           main] s.w.s.m.m.a.RequestMappingHandlerMapping : Mapped "{[/swagger-resources/configuration/ui]}" onto public org.springframework.http.ResponseEntity<springfox.documentation.swagger.web.UiConfiguration> springfox.documentation.swagger.web.ApiResourceController.uiConfiguration()
2024-12-08 15:27:23.654  INFO 64619 --- [           main] s.w.s.m.m.a.RequestMappingHandlerMapping : Mapped "{[/swagger-resources/configuration/security]}" onto public org.springframework.http.ResponseEntity<springfox.documentation.swagger.web.SecurityConfiguration> springfox.documentation.swagger.web.ApiResourceController.securityConfiguration()
2024-12-08 15:27:23.654  INFO 64619 --- [           main] s.w.s.m.m.a.RequestMappingHandlerMapping : Mapped "{[/swagger-resources]}" onto public org.springframework.http.ResponseEntity<java.util.List<springfox.documentation.swagger.web.SwaggerResource>> springfox.documentation.swagger.web.ApiResourceController.swaggerResources()
2024-12-08 15:27:23.656  INFO 64619 --- [           main] s.w.s.m.m.a.RequestMappingHandlerMapping : Mapped "{[/error],produces=[text/html]}" onto public org.springframework.web.servlet.ModelAndView org.springframework.boot.autoconfigure.web.servlet.error.BasicErrorController.errorHtml(javax.servlet.http.HttpServletRequest,javax.servlet.http.HttpServletResponse)
2024-12-08 15:27:23.657  INFO 64619 --- [           main] s.w.s.m.m.a.RequestMappingHandlerMapping : Mapped "{[/error]}" onto public org.springframework.http.ResponseEntity<java.util.Map<java.lang.String, java.lang.Object>> org.springframework.boot.autoconfigure.web.servlet.error.BasicErrorController.error(javax.servlet.http.HttpServletRequest)
2024-12-08 15:27:23.720  INFO 64619 --- [           main] pertySourcedRequestMappingHandlerMapping : Mapped URL path [/v2/api-docs] onto method [public org.springframework.http.ResponseEntity<springfox.documentation.spring.web.json.Json> springfox.documentation.swagger2.web.Swagger2Controller.getDocumentation(java.lang.String,javax.servlet.http.HttpServletRequest)]
2024-12-08 15:27:23.761  INFO 64619 --- [           main] o.s.w.s.handler.SimpleUrlHandlerMapping  : Mapped URL path [/**/favicon.ico] onto handler of type [class org.springframework.web.servlet.resource.ResourceHttpRequestHandler]
2024-12-08 15:27:23.814  INFO 64619 --- [           main] s.w.s.m.m.a.RequestMappingHandlerAdapter : Looking for @ControllerAdvice: org.springframework.boot.web.servlet.context.AnnotationConfigServletWebServerApplicationContext@179b7558: startup date [Sun Dec 08 15:27:23 BRT 2024]; root of context hierarchy
2024-12-08 15:27:23.829  INFO 64619 --- [           main] o.s.w.s.handler.SimpleUrlHandlerMapping  : Mapped URL path [/webjars/**] onto handler of type [class org.springframework.web.servlet.resource.ResourceHttpRequestHandler]
2024-12-08 15:27:23.829  INFO 64619 --- [           main] o.s.w.s.handler.SimpleUrlHandlerMapping  : Mapped URL path [/**] onto handler of type [class org.springframework.web.servlet.resource.ResourceHttpRequestHandler]
2024-12-08 15:27:23.904  INFO 64619 --- [           main] o.s.j.e.a.AnnotationMBeanExporter        : Registering beans for JMX exposure on startup
2024-12-08 15:27:23.906  INFO 64619 --- [           main] o.s.c.support.DefaultLifecycleProcessor  : Starting beans in phase 2147483647
2024-12-08 15:27:23.907  INFO 64619 --- [           main] d.s.w.p.DocumentationPluginsBootstrapper : Context refreshed
2024-12-08 15:27:23.908  INFO 64619 --- [           main] d.s.w.p.DocumentationPluginsBootstrapper : Found 1 custom documentation plugin(s)
2024-12-08 15:27:23.911  INFO 64619 --- [           main] s.d.s.w.s.ApiListingReferenceScanner     : Scanning for api listing references
2024-12-08 15:27:23.947  INFO 64619 --- [           main] o.s.b.w.embedded.tomcat.TomcatWebServer  : Tomcat started on port(s): 44783 (http) with context path ''
2024-12-08 15:27:23.948  INFO 64619 --- [           main] o.a.maven.surefire.booter.ForkedBooter   : Started ForkedBooter in 0.814 seconds (JVM running for 15.446)
2024-12-08 15:27:23.964  INFO 64619 --- [o-auto-7-exec-1] o.a.c.c.C.[Tomcat-6].[localhost].[/]     : Initializing Spring FrameworkServlet 'dispatcherServlet'
2024-12-08 15:27:23.964  INFO 64619 --- [o-auto-7-exec-1] o.s.web.servlet.DispatcherServlet        : FrameworkServlet 'dispatcherServlet': initialization started
2024-12-08 15:27:23.973  INFO 64619 --- [o-auto-7-exec-1] o.s.web.servlet.DispatcherServlet        : FrameworkServlet 'dispatcherServlet': initialization completed in 9 ms
Request method:	GET
Request URI:	http://localhost:44783/api/fisher/0/0/-1.0
Proxy:			<none>
Request params:	<none>
Query params:	<none>
Form params:	<none>
Path params:	m=0
				n=0
				x=-1.0
Headers:		Accept=*/*
Cookies:		<none>
Multiparts:		<none>
Body:			<none>

HTTP/1.1 200 
Content-Disposition: inline;filename=f.txt
Content-Type: application/json;charset=UTF-8
Transfer-Encoding: chunked
Date: Sun, 08 Dec 2024 18:27:23 GMT

{
    "resultAsInt": null,
    "resultAsDouble": "NaN"
}
2024-12-08 15:27:24.037  INFO 64619 --- [           main] o.s.c.support.DefaultLifecycleProcessor  : Stopping beans in phase 2147483647
[[1;31mERROR[m] [1;31mTests [0;1mrun: [0;1m2[m, [1;31mFailures: [0;1;31m1[m, Errors: 0, Skipped: 0, Time elapsed: 0.902 s[1;31m <<< FAILURE![m - in org.restncs.[1mv3_gpt4turbo_run02_FisherTest[m
[[1;31mERROR[m] testFisherErrorHandling(org.restncs.v3_gpt4turbo_run02_FisherTest)  Time elapsed: 0.018 s  <<< FAILURE!
java.lang.AssertionError: 
1 expectation failed.
Expected status code not <200> but was <200>.

	at org.restncs.v3_gpt4turbo_run02_FisherTest.testFisherErrorHandling(v3_gpt4turbo_run02_FisherTest.java:89)

[[1;34mINFO[m] Running org.restncs.[1mv3_gpt4turbo_run02_RemainderTest[m

  .   ____          _            __ _ _
 /\\ / ___'_ __ _ _(_)_ __  __ _ \ \ \ \
( ( )\___ | '_ | '_| | '_ \/ _` | \ \ \ \
 \\/  ___)| |_)| | | | | || (_| |  ) ) ) )
  '  |____| .__|_| |_|_| |_\__, | / / / /
 =========|_|==============|___/=/_/_/_/
 :: Spring Boot ::        (v2.0.3.RELEASE)

2024-12-08 15:27:24.055  INFO 64619 --- [           main] o.a.maven.surefire.booter.ForkedBooter   : Starting ForkedBooter v2.22.0 on IFTO-PROBOOK with PID 64619 (started by rincon in /media/rincon/63999417195/eclipse-workspace/EMB-master/jdk_8_maven/cs/rest/artificial/ncs)
2024-12-08 15:27:24.055  INFO 64619 --- [           main] o.a.maven.surefire.booter.ForkedBooter   : No active profile set, falling back to default profiles: default
2024-12-08 15:27:24.057  INFO 64619 --- [           main] ConfigServletWebServerApplicationContext : Refreshing org.springframework.boot.web.servlet.context.AnnotationConfigServletWebServerApplicationContext@20680dc0: startup date [Sun Dec 08 15:27:24 BRT 2024]; root of context hierarchy
2024-12-08 15:27:24.226  INFO 64619 --- [           main] f.a.AutowiredAnnotationBeanPostProcessor : JSR-330 'javax.inject.Inject' annotation found and supported for autowiring
2024-12-08 15:27:24.289  INFO 64619 --- [           main] o.s.b.w.embedded.tomcat.TomcatWebServer  : Tomcat initialized with port(s): 0 (http)
2024-12-08 15:27:24.290  INFO 64619 --- [           main] o.apache.catalina.core.StandardService   : Starting service [Tomcat]
2024-12-08 15:27:24.290  INFO 64619 --- [           main] org.apache.catalina.core.StandardEngine  : Starting Servlet Engine: Apache Tomcat/8.5.31
2024-12-08 15:27:24.295  INFO 64619 --- [ost-startStop-1] o.a.c.c.C.[Tomcat-7].[localhost].[/]     : Initializing Spring embedded WebApplicationContext
2024-12-08 15:27:24.296  INFO 64619 --- [ost-startStop-1] o.s.web.context.ContextLoader            : Root WebApplicationContext: initialization completed in 238 ms
2024-12-08 15:27:24.349  INFO 64619 --- [ost-startStop-1] o.s.b.w.servlet.ServletRegistrationBean  : Servlet dispatcherServlet mapped to [/]
2024-12-08 15:27:24.349  INFO 64619 --- [ost-startStop-1] o.s.b.w.servlet.FilterRegistrationBean   : Mapping filter: 'characterEncodingFilter' to: [/*]
2024-12-08 15:27:24.349  INFO 64619 --- [ost-startStop-1] o.s.b.w.servlet.FilterRegistrationBean   : Mapping filter: 'hiddenHttpMethodFilter' to: [/*]
2024-12-08 15:27:24.350  INFO 64619 --- [ost-startStop-1] o.s.b.w.servlet.FilterRegistrationBean   : Mapping filter: 'httpPutFormContentFilter' to: [/*]
2024-12-08 15:27:24.350  INFO 64619 --- [ost-startStop-1] o.s.b.w.servlet.FilterRegistrationBean   : Mapping filter: 'requestContextFilter' to: [/*]
2024-12-08 15:27:24.507  INFO 64619 --- [           main] s.w.s.m.m.a.RequestMappingHandlerMapping : Mapped "{[/api/triangle/{a}/{b}/{c}],methods=[GET],produces=[application/json]}" onto public org.springframework.http.ResponseEntity<org.restncs.Dto> org.restncs.NcsRest.checkTriangle(java.lang.Integer,java.lang.Integer,java.lang.Integer)
2024-12-08 15:27:24.507  INFO 64619 --- [           main] s.w.s.m.m.a.RequestMappingHandlerMapping : Mapped "{[/api/bessj/{n}/{x}],methods=[GET],produces=[application/json]}" onto public org.springframework.http.ResponseEntity<org.restncs.Dto> org.restncs.NcsRest.bessj(java.lang.Integer,java.lang.Double)
2024-12-08 15:27:24.507  INFO 64619 --- [           main] s.w.s.m.m.a.RequestMappingHandlerMapping : Mapped "{[/api/expint/{n}/{x}],methods=[GET],produces=[application/json]}" onto public org.springframework.http.ResponseEntity<org.restncs.Dto> org.restncs.NcsRest.expint(java.lang.Integer,java.lang.Double)
2024-12-08 15:27:24.508  INFO 64619 --- [           main] s.w.s.m.m.a.RequestMappingHandlerMapping : Mapped "{[/api/fisher/{m}/{n}/{x}],methods=[GET],produces=[application/json]}" onto public org.springframework.http.ResponseEntity<org.restncs.Dto> org.restncs.NcsRest.fisher(java.lang.Integer,java.lang.Integer,java.lang.Double)
2024-12-08 15:27:24.508  INFO 64619 --- [           main] s.w.s.m.m.a.RequestMappingHandlerMapping : Mapped "{[/api/gammq/{a}/{x}],methods=[GET],produces=[application/json]}" onto public org.springframework.http.ResponseEntity<org.restncs.Dto> org.restncs.NcsRest.gammq(java.lang.Double,java.lang.Double)
2024-12-08 15:27:24.508  INFO 64619 --- [           main] s.w.s.m.m.a.RequestMappingHandlerMapping : Mapped "{[/api/remainder/{a}/{b}],methods=[GET],produces=[application/json]}" onto public org.springframework.http.ResponseEntity<org.restncs.Dto> org.restncs.NcsRest.remainder(java.lang.Integer,java.lang.Integer)
2024-12-08 15:27:24.510  INFO 64619 --- [           main] s.w.s.m.m.a.RequestMappingHandlerMapping : Mapped "{[/swagger-resources/configuration/ui]}" onto public org.springframework.http.ResponseEntity<springfox.documentation.swagger.web.UiConfiguration> springfox.documentation.swagger.web.ApiResourceController.uiConfiguration()
2024-12-08 15:27:24.511  INFO 64619 --- [           main] s.w.s.m.m.a.RequestMappingHandlerMapping : Mapped "{[/swagger-resources/configuration/security]}" onto public org.springframework.http.ResponseEntity<springfox.documentation.swagger.web.SecurityConfiguration> springfox.documentation.swagger.web.ApiResourceController.securityConfiguration()
2024-12-08 15:27:24.511  INFO 64619 --- [           main] s.w.s.m.m.a.RequestMappingHandlerMapping : Mapped "{[/swagger-resources]}" onto public org.springframework.http.ResponseEntity<java.util.List<springfox.documentation.swagger.web.SwaggerResource>> springfox.documentation.swagger.web.ApiResourceController.swaggerResources()
2024-12-08 15:27:24.513  INFO 64619 --- [           main] s.w.s.m.m.a.RequestMappingHandlerMapping : Mapped "{[/error],produces=[text/html]}" onto public org.springframework.web.servlet.ModelAndView org.springframework.boot.autoconfigure.web.servlet.error.BasicErrorController.errorHtml(javax.servlet.http.HttpServletRequest,javax.servlet.http.HttpServletResponse)
2024-12-08 15:27:24.513  INFO 64619 --- [           main] s.w.s.m.m.a.RequestMappingHandlerMapping : Mapped "{[/error]}" onto public org.springframework.http.ResponseEntity<java.util.Map<java.lang.String, java.lang.Object>> org.springframework.boot.autoconfigure.web.servlet.error.BasicErrorController.error(javax.servlet.http.HttpServletRequest)
2024-12-08 15:27:24.581  INFO 64619 --- [           main] pertySourcedRequestMappingHandlerMapping : Mapped URL path [/v2/api-docs] onto method [public org.springframework.http.ResponseEntity<springfox.documentation.spring.web.json.Json> springfox.documentation.swagger2.web.Swagger2Controller.getDocumentation(java.lang.String,javax.servlet.http.HttpServletRequest)]
2024-12-08 15:27:24.620  INFO 64619 --- [           main] o.s.w.s.handler.SimpleUrlHandlerMapping  : Mapped URL path [/**/favicon.ico] onto handler of type [class org.springframework.web.servlet.resource.ResourceHttpRequestHandler]
2024-12-08 15:27:24.671  INFO 64619 --- [           main] s.w.s.m.m.a.RequestMappingHandlerAdapter : Looking for @ControllerAdvice: org.springframework.boot.web.servlet.context.AnnotationConfigServletWebServerApplicationContext@20680dc0: startup date [Sun Dec 08 15:27:24 BRT 2024]; root of context hierarchy
2024-12-08 15:27:24.686  INFO 64619 --- [           main] o.s.w.s.handler.SimpleUrlHandlerMapping  : Mapped URL path [/webjars/**] onto handler of type [class org.springframework.web.servlet.resource.ResourceHttpRequestHandler]
2024-12-08 15:27:24.686  INFO 64619 --- [           main] o.s.w.s.handler.SimpleUrlHandlerMapping  : Mapped URL path [/**] onto handler of type [class org.springframework.web.servlet.resource.ResourceHttpRequestHandler]
2024-12-08 15:27:24.758  INFO 64619 --- [           main] o.s.j.e.a.AnnotationMBeanExporter        : Registering beans for JMX exposure on startup
2024-12-08 15:27:24.762  INFO 64619 --- [           main] o.s.c.support.DefaultLifecycleProcessor  : Starting beans in phase 2147483647
2024-12-08 15:27:24.762  INFO 64619 --- [           main] d.s.w.p.DocumentationPluginsBootstrapper : Context refreshed
2024-12-08 15:27:24.763  INFO 64619 --- [           main] d.s.w.p.DocumentationPluginsBootstrapper : Found 1 custom documentation plugin(s)
2024-12-08 15:27:24.766  INFO 64619 --- [           main] s.d.s.w.s.ApiListingReferenceScanner     : Scanning for api listing references
2024-12-08 15:27:24.803  INFO 64619 --- [           main] o.s.b.w.embedded.tomcat.TomcatWebServer  : Tomcat started on port(s): 42673 (http) with context path ''
2024-12-08 15:27:24.805  INFO 64619 --- [           main] o.a.maven.surefire.booter.ForkedBooter   : Started ForkedBooter in 0.766 seconds (JVM running for 16.303)
2024-12-08 15:27:24.818  INFO 64619 --- [o-auto-8-exec-1] o.a.c.c.C.[Tomcat-7].[localhost].[/]     : Initializing Spring FrameworkServlet 'dispatcherServlet'
2024-12-08 15:27:24.818  INFO 64619 --- [o-auto-8-exec-1] o.s.web.servlet.DispatcherServlet        : FrameworkServlet 'dispatcherServlet': initialization started
2024-12-08 15:27:24.829  INFO 64619 --- [o-auto-8-exec-1] o.s.web.servlet.DispatcherServlet        : FrameworkServlet 'dispatcherServlet': initialization completed in 11 ms
Request method:	GET
Request URI:	http://localhost:42673/api/remainder/0/5
Proxy:			<none>
Request params:	<none>
Query params:	<none>
Form params:	<none>
Path params:	a=0
				b=5
Headers:		Accept=*/*
Cookies:		<none>
Multiparts:		<none>
Body:			<none>

HTTP/1.1 200 
Content-Type: application/json;charset=UTF-8
Transfer-Encoding: chunked
Date: Sun, 08 Dec 2024 18:27:24 GMT

{
    "resultAsInt": -1,
    "resultAsDouble": null
}
2024-12-08 15:27:24.946  WARN 64619 --- [o-auto-8-exec-5] .w.s.m.s.DefaultHandlerExceptionResolver : Failed to bind request element: org.springframework.web.method.annotation.MethodArgumentTypeMismatchException: Failed to convert value of type 'java.lang.String' to required type 'java.lang.Integer'; nested exception is java.lang.NumberFormatException: For input string: "invalid"
2024-12-08 15:27:24.974  INFO 64619 --- [           main] o.s.c.support.DefaultLifecycleProcessor  : Stopping beans in phase 2147483647
[[1;31mERROR[m] [1;31mTests [0;1mrun: [0;1m5[m, [1;31mFailures: [0;1;31m1[m, Errors: 0, Skipped: 0, Time elapsed: 0.931 s[1;31m <<< FAILURE![m - in org.restncs.[1mv3_gpt4turbo_run02_RemainderTest[m
[[1;31mERROR[m] testRemainderZeroByNumber(org.restncs.v3_gpt4turbo_run02_RemainderTest)  Time elapsed: 0.025 s  <<< FAILURE!
java.lang.AssertionError: 
1 expectation failed.
JSON path resultAsInt doesn't match.
Expected: is <0>
  Actual: -1

	at org.restncs.v3_gpt4turbo_run02_RemainderTest.testRemainderZeroByNumber(v3_gpt4turbo_run02_RemainderTest.java:90)

[[1;34mINFO[m] Running org.restncs.[1mv3_gpt4turbo_run02_GammqTest[m

  .   ____          _            __ _ _
 /\\ / ___'_ __ _ _(_)_ __  __ _ \ \ \ \
( ( )\___ | '_ | '_| | '_ \/ _` | \ \ \ \
 \\/  ___)| |_)| | | | | || (_| |  ) ) ) )
  '  |____| .__|_| |_|_| |_\__, | / / / /
 =========|_|==============|___/=/_/_/_/
 :: Spring Boot ::        (v2.0.3.RELEASE)

2024-12-08 15:27:24.992  INFO 64619 --- [           main] o.a.maven.surefire.booter.ForkedBooter   : Starting ForkedBooter v2.22.0 on IFTO-PROBOOK with PID 64619 (started by rincon in /media/rincon/63999417195/eclipse-workspace/EMB-master/jdk_8_maven/cs/rest/artificial/ncs)
2024-12-08 15:27:24.992  INFO 64619 --- [           main] o.a.maven.surefire.booter.ForkedBooter   : No active profile set, falling back to default profiles: default
2024-12-08 15:27:24.994  INFO 64619 --- [           main] ConfigServletWebServerApplicationContext : Refreshing org.springframework.boot.web.servlet.context.AnnotationConfigServletWebServerApplicationContext@5b75125c: startup date [Sun Dec 08 15:27:24 BRT 2024]; root of context hierarchy
2024-12-08 15:27:25.160  INFO 64619 --- [           main] f.a.AutowiredAnnotationBeanPostProcessor : JSR-330 'javax.inject.Inject' annotation found and supported for autowiring
2024-12-08 15:27:25.234  INFO 64619 --- [           main] o.s.b.w.embedded.tomcat.TomcatWebServer  : Tomcat initialized with port(s): 0 (http)
2024-12-08 15:27:25.235  INFO 64619 --- [           main] o.apache.catalina.core.StandardService   : Starting service [Tomcat]
2024-12-08 15:27:25.235  INFO 64619 --- [           main] org.apache.catalina.core.StandardEngine  : Starting Servlet Engine: Apache Tomcat/8.5.31
2024-12-08 15:27:25.240  INFO 64619 --- [ost-startStop-1] o.a.c.c.C.[Tomcat-8].[localhost].[/]     : Initializing Spring embedded WebApplicationContext
2024-12-08 15:27:25.240  INFO 64619 --- [ost-startStop-1] o.s.web.context.ContextLoader            : Root WebApplicationContext: initialization completed in 246 ms
2024-12-08 15:27:25.291  INFO 64619 --- [ost-startStop-1] o.s.b.w.servlet.ServletRegistrationBean  : Servlet dispatcherServlet mapped to [/]
2024-12-08 15:27:25.292  INFO 64619 --- [ost-startStop-1] o.s.b.w.servlet.FilterRegistrationBean   : Mapping filter: 'characterEncodingFilter' to: [/*]
2024-12-08 15:27:25.292  INFO 64619 --- [ost-startStop-1] o.s.b.w.servlet.FilterRegistrationBean   : Mapping filter: 'hiddenHttpMethodFilter' to: [/*]
2024-12-08 15:27:25.292  INFO 64619 --- [ost-startStop-1] o.s.b.w.servlet.FilterRegistrationBean   : Mapping filter: 'httpPutFormContentFilter' to: [/*]
2024-12-08 15:27:25.292  INFO 64619 --- [ost-startStop-1] o.s.b.w.servlet.FilterRegistrationBean   : Mapping filter: 'requestContextFilter' to: [/*]
2024-12-08 15:27:25.424  INFO 64619 --- [           main] s.w.s.m.m.a.RequestMappingHandlerMapping : Mapped "{[/api/triangle/{a}/{b}/{c}],methods=[GET],produces=[application/json]}" onto public org.springframework.http.ResponseEntity<org.restncs.Dto> org.restncs.NcsRest.checkTriangle(java.lang.Integer,java.lang.Integer,java.lang.Integer)
2024-12-08 15:27:25.424  INFO 64619 --- [           main] s.w.s.m.m.a.RequestMappingHandlerMapping : Mapped "{[/api/bessj/{n}/{x}],methods=[GET],produces=[application/json]}" onto public org.springframework.http.ResponseEntity<org.restncs.Dto> org.restncs.NcsRest.bessj(java.lang.Integer,java.lang.Double)
2024-12-08 15:27:25.425  INFO 64619 --- [           main] s.w.s.m.m.a.RequestMappingHandlerMapping : Mapped "{[/api/expint/{n}/{x}],methods=[GET],produces=[application/json]}" onto public org.springframework.http.ResponseEntity<org.restncs.Dto> org.restncs.NcsRest.expint(java.lang.Integer,java.lang.Double)
2024-12-08 15:27:25.425  INFO 64619 --- [           main] s.w.s.m.m.a.RequestMappingHandlerMapping : Mapped "{[/api/fisher/{m}/{n}/{x}],methods=[GET],produces=[application/json]}" onto public org.springframework.http.ResponseEntity<org.restncs.Dto> org.restncs.NcsRest.fisher(java.lang.Integer,java.lang.Integer,java.lang.Double)
2024-12-08 15:27:25.425  INFO 64619 --- [           main] s.w.s.m.m.a.RequestMappingHandlerMapping : Mapped "{[/api/gammq/{a}/{x}],methods=[GET],produces=[application/json]}" onto public org.springframework.http.ResponseEntity<org.restncs.Dto> org.restncs.NcsRest.gammq(java.lang.Double,java.lang.Double)
2024-12-08 15:27:25.426  INFO 64619 --- [           main] s.w.s.m.m.a.RequestMappingHandlerMapping : Mapped "{[/api/remainder/{a}/{b}],methods=[GET],produces=[application/json]}" onto public org.springframework.http.ResponseEntity<org.restncs.Dto> org.restncs.NcsRest.remainder(java.lang.Integer,java.lang.Integer)
2024-12-08 15:27:25.428  INFO 64619 --- [           main] s.w.s.m.m.a.RequestMappingHandlerMapping : Mapped "{[/swagger-resources/configuration/ui]}" onto public org.springframework.http.ResponseEntity<springfox.documentation.swagger.web.UiConfiguration> springfox.documentation.swagger.web.ApiResourceController.uiConfiguration()
2024-12-08 15:27:25.428  INFO 64619 --- [           main] s.w.s.m.m.a.RequestMappingHandlerMapping : Mapped "{[/swagger-resources/configuration/security]}" onto public org.springframework.http.ResponseEntity<springfox.documentation.swagger.web.SecurityConfiguration> springfox.documentation.swagger.web.ApiResourceController.securityConfiguration()
2024-12-08 15:27:25.428  INFO 64619 --- [           main] s.w.s.m.m.a.RequestMappingHandlerMapping : Mapped "{[/swagger-resources]}" onto public org.springframework.http.ResponseEntity<java.util.List<springfox.documentation.swagger.web.SwaggerResource>> springfox.documentation.swagger.web.ApiResourceController.swaggerResources()
2024-12-08 15:27:25.429  INFO 64619 --- [           main] s.w.s.m.m.a.RequestMappingHandlerMapping : Mapped "{[/error],produces=[text/html]}" onto public org.springframework.web.servlet.ModelAndView org.springframework.boot.autoconfigure.web.servlet.error.BasicErrorController.errorHtml(javax.servlet.http.HttpServletRequest,javax.servlet.http.HttpServletResponse)
2024-12-08 15:27:25.429  INFO 64619 --- [           main] s.w.s.m.m.a.RequestMappingHandlerMapping : Mapped "{[/error]}" onto public org.springframework.http.ResponseEntity<java.util.Map<java.lang.String, java.lang.Object>> org.springframework.boot.autoconfigure.web.servlet.error.BasicErrorController.error(javax.servlet.http.HttpServletRequest)
2024-12-08 15:27:25.488  INFO 64619 --- [           main] pertySourcedRequestMappingHandlerMapping : Mapped URL path [/v2/api-docs] onto method [public org.springframework.http.ResponseEntity<springfox.documentation.spring.web.json.Json> springfox.documentation.swagger2.web.Swagger2Controller.getDocumentation(java.lang.String,javax.servlet.http.HttpServletRequest)]
2024-12-08 15:27:25.527  INFO 64619 --- [           main] o.s.w.s.handler.SimpleUrlHandlerMapping  : Mapped URL path [/**/favicon.ico] onto handler of type [class org.springframework.web.servlet.resource.ResourceHttpRequestHandler]
2024-12-08 15:27:25.579  INFO 64619 --- [           main] s.w.s.m.m.a.RequestMappingHandlerAdapter : Looking for @ControllerAdvice: org.springframework.boot.web.servlet.context.AnnotationConfigServletWebServerApplicationContext@5b75125c: startup date [Sun Dec 08 15:27:24 BRT 2024]; root of context hierarchy
2024-12-08 15:27:25.593  INFO 64619 --- [           main] o.s.w.s.handler.SimpleUrlHandlerMapping  : Mapped URL path [/webjars/**] onto handler of type [class org.springframework.web.servlet.resource.ResourceHttpRequestHandler]
2024-12-08 15:27:25.593  INFO 64619 --- [           main] o.s.w.s.handler.SimpleUrlHandlerMapping  : Mapped URL path [/**] onto handler of type [class org.springframework.web.servlet.resource.ResourceHttpRequestHandler]
2024-12-08 15:27:25.702  INFO 64619 --- [           main] o.s.j.e.a.AnnotationMBeanExporter        : Registering beans for JMX exposure on startup
2024-12-08 15:27:25.705  INFO 64619 --- [           main] o.s.c.support.DefaultLifecycleProcessor  : Starting beans in phase 2147483647
2024-12-08 15:27:25.706  INFO 64619 --- [           main] d.s.w.p.DocumentationPluginsBootstrapper : Context refreshed
2024-12-08 15:27:25.706  INFO 64619 --- [           main] d.s.w.p.DocumentationPluginsBootstrapper : Found 1 custom documentation plugin(s)
2024-12-08 15:27:25.711  INFO 64619 --- [           main] s.d.s.w.s.ApiListingReferenceScanner     : Scanning for api listing references
2024-12-08 15:27:25.752  INFO 64619 --- [           main] o.s.b.w.embedded.tomcat.TomcatWebServer  : Tomcat started on port(s): 39325 (http) with context path ''
2024-12-08 15:27:25.753  INFO 64619 --- [           main] o.a.maven.surefire.booter.ForkedBooter   : Started ForkedBooter in 0.775 seconds (JVM running for 17.252)
2024-12-08 15:27:25.771  INFO 64619 --- [o-auto-9-exec-1] o.a.c.c.C.[Tomcat-8].[localhost].[/]     : Initializing Spring FrameworkServlet 'dispatcherServlet'
2024-12-08 15:27:25.771  INFO 64619 --- [o-auto-9-exec-1] o.s.web.servlet.DispatcherServlet        : FrameworkServlet 'dispatcherServlet': initialization started
2024-12-08 15:27:25.781  INFO 64619 --- [o-auto-9-exec-1] o.s.web.servlet.DispatcherServlet        : FrameworkServlet 'dispatcherServlet': initialization completed in 10 ms
2024-12-08 15:27:25.854  INFO 64619 --- [           main] o.s.c.support.DefaultLifecycleProcessor  : Stopping beans in phase 2147483647
[[1;34mINFO[m] [1;32mTests run: [0;1;32m4[m, Failures: 0, Errors: 0, Skipped: 0, Time elapsed: 0.873 s - in org.restncs.[1mv3_gpt4turbo_run02_GammqTest[m
[[1;34mINFO[m] Running org.restncs.[1mv3_gpt4turbo_run03_TriangleClassificationTest[m

  .   ____          _            __ _ _
 /\\ / ___'_ __ _ _(_)_ __  __ _ \ \ \ \
( ( )\___ | '_ | '_| | '_ \/ _` | \ \ \ \
 \\/  ___)| |_)| | | | | || (_| |  ) ) ) )
  '  |____| .__|_| |_|_| |_\__, | / / / /
 =========|_|==============|___/=/_/_/_/
 :: Spring Boot ::        (v2.0.3.RELEASE)

2024-12-08 15:27:25.869  INFO 64619 --- [           main] o.a.maven.surefire.booter.ForkedBooter   : Starting ForkedBooter v2.22.0 on IFTO-PROBOOK with PID 64619 (started by rincon in /media/rincon/63999417195/eclipse-workspace/EMB-master/jdk_8_maven/cs/rest/artificial/ncs)
2024-12-08 15:27:25.870  INFO 64619 --- [           main] o.a.maven.surefire.booter.ForkedBooter   : No active profile set, falling back to default profiles: default
2024-12-08 15:27:25.871  INFO 64619 --- [           main] ConfigServletWebServerApplicationContext : Refreshing org.springframework.boot.web.servlet.context.AnnotationConfigServletWebServerApplicationContext@109c5e70: startup date [Sun Dec 08 15:27:25 BRT 2024]; root of context hierarchy
2024-12-08 15:27:26.015  INFO 64619 --- [           main] f.a.AutowiredAnnotationBeanPostProcessor : JSR-330 'javax.inject.Inject' annotation found and supported for autowiring
2024-12-08 15:27:26.082  INFO 64619 --- [           main] o.s.b.w.embedded.tomcat.TomcatWebServer  : Tomcat initialized with port(s): 0 (http)
2024-12-08 15:27:26.083  INFO 64619 --- [           main] o.apache.catalina.core.StandardService   : Starting service [Tomcat]
2024-12-08 15:27:26.083  INFO 64619 --- [           main] org.apache.catalina.core.StandardEngine  : Starting Servlet Engine: Apache Tomcat/8.5.31
2024-12-08 15:27:26.088  INFO 64619 --- [ost-startStop-1] o.a.c.c.C.[Tomcat-9].[localhost].[/]     : Initializing Spring embedded WebApplicationContext
2024-12-08 15:27:26.088  INFO 64619 --- [ost-startStop-1] o.s.web.context.ContextLoader            : Root WebApplicationContext: initialization completed in 217 ms
2024-12-08 15:27:26.140  INFO 64619 --- [ost-startStop-1] o.s.b.w.servlet.ServletRegistrationBean  : Servlet dispatcherServlet mapped to [/]
2024-12-08 15:27:26.141  INFO 64619 --- [ost-startStop-1] o.s.b.w.servlet.FilterRegistrationBean   : Mapping filter: 'characterEncodingFilter' to: [/*]
2024-12-08 15:27:26.141  INFO 64619 --- [ost-startStop-1] o.s.b.w.servlet.FilterRegistrationBean   : Mapping filter: 'hiddenHttpMethodFilter' to: [/*]
2024-12-08 15:27:26.141  INFO 64619 --- [ost-startStop-1] o.s.b.w.servlet.FilterRegistrationBean   : Mapping filter: 'httpPutFormContentFilter' to: [/*]
2024-12-08 15:27:26.141  INFO 64619 --- [ost-startStop-1] o.s.b.w.servlet.FilterRegistrationBean   : Mapping filter: 'requestContextFilter' to: [/*]
2024-12-08 15:27:26.287  INFO 64619 --- [           main] s.w.s.m.m.a.RequestMappingHandlerMapping : Mapped "{[/api/triangle/{a}/{b}/{c}],methods=[GET],produces=[application/json]}" onto public org.springframework.http.ResponseEntity<org.restncs.Dto> org.restncs.NcsRest.checkTriangle(java.lang.Integer,java.lang.Integer,java.lang.Integer)
2024-12-08 15:27:26.287  INFO 64619 --- [           main] s.w.s.m.m.a.RequestMappingHandlerMapping : Mapped "{[/api/bessj/{n}/{x}],methods=[GET],produces=[application/json]}" onto public org.springframework.http.ResponseEntity<org.restncs.Dto> org.restncs.NcsRest.bessj(java.lang.Integer,java.lang.Double)
2024-12-08 15:27:26.288  INFO 64619 --- [           main] s.w.s.m.m.a.RequestMappingHandlerMapping : Mapped "{[/api/expint/{n}/{x}],methods=[GET],produces=[application/json]}" onto public org.springframework.http.ResponseEntity<org.restncs.Dto> org.restncs.NcsRest.expint(java.lang.Integer,java.lang.Double)
2024-12-08 15:27:26.288  INFO 64619 --- [           main] s.w.s.m.m.a.RequestMappingHandlerMapping : Mapped "{[/api/fisher/{m}/{n}/{x}],methods=[GET],produces=[application/json]}" onto public org.springframework.http.ResponseEntity<org.restncs.Dto> org.restncs.NcsRest.fisher(java.lang.Integer,java.lang.Integer,java.lang.Double)
2024-12-08 15:27:26.288  INFO 64619 --- [           main] s.w.s.m.m.a.RequestMappingHandlerMapping : Mapped "{[/api/gammq/{a}/{x}],methods=[GET],produces=[application/json]}" onto public org.springframework.http.ResponseEntity<org.restncs.Dto> org.restncs.NcsRest.gammq(java.lang.Double,java.lang.Double)
2024-12-08 15:27:26.289  INFO 64619 --- [           main] s.w.s.m.m.a.RequestMappingHandlerMapping : Mapped "{[/api/remainder/{a}/{b}],methods=[GET],produces=[application/json]}" onto public org.springframework.http.ResponseEntity<org.restncs.Dto> org.restncs.NcsRest.remainder(java.lang.Integer,java.lang.Integer)
2024-12-08 15:27:26.291  INFO 64619 --- [           main] s.w.s.m.m.a.RequestMappingHandlerMapping : Mapped "{[/swagger-resources/configuration/ui]}" onto public org.springframework.http.ResponseEntity<springfox.documentation.swagger.web.UiConfiguration> springfox.documentation.swagger.web.ApiResourceController.uiConfiguration()
2024-12-08 15:27:26.292  INFO 64619 --- [           main] s.w.s.m.m.a.RequestMappingHandlerMapping : Mapped "{[/swagger-resources/configuration/security]}" onto public org.springframework.http.ResponseEntity<springfox.documentation.swagger.web.SecurityConfiguration> springfox.documentation.swagger.web.ApiResourceController.securityConfiguration()
2024-12-08 15:27:26.292  INFO 64619 --- [           main] s.w.s.m.m.a.RequestMappingHandlerMapping : Mapped "{[/swagger-resources]}" onto public org.springframework.http.ResponseEntity<java.util.List<springfox.documentation.swagger.web.SwaggerResource>> springfox.documentation.swagger.web.ApiResourceController.swaggerResources()
2024-12-08 15:27:26.294  INFO 64619 --- [           main] s.w.s.m.m.a.RequestMappingHandlerMapping : Mapped "{[/error],produces=[text/html]}" onto public org.springframework.web.servlet.ModelAndView org.springframework.boot.autoconfigure.web.servlet.error.BasicErrorController.errorHtml(javax.servlet.http.HttpServletRequest,javax.servlet.http.HttpServletResponse)
2024-12-08 15:27:26.295  INFO 64619 --- [           main] s.w.s.m.m.a.RequestMappingHandlerMapping : Mapped "{[/error]}" onto public org.springframework.http.ResponseEntity<java.util.Map<java.lang.String, java.lang.Object>> org.springframework.boot.autoconfigure.web.servlet.error.BasicErrorController.error(javax.servlet.http.HttpServletRequest)
2024-12-08 15:27:26.359  INFO 64619 --- [           main] pertySourcedRequestMappingHandlerMapping : Mapped URL path [/v2/api-docs] onto method [public org.springframework.http.ResponseEntity<springfox.documentation.spring.web.json.Json> springfox.documentation.swagger2.web.Swagger2Controller.getDocumentation(java.lang.String,javax.servlet.http.HttpServletRequest)]
2024-12-08 15:27:26.398  INFO 64619 --- [           main] o.s.w.s.handler.SimpleUrlHandlerMapping  : Mapped URL path [/**/favicon.ico] onto handler of type [class org.springframework.web.servlet.resource.ResourceHttpRequestHandler]
2024-12-08 15:27:26.448  INFO 64619 --- [           main] s.w.s.m.m.a.RequestMappingHandlerAdapter : Looking for @ControllerAdvice: org.springframework.boot.web.servlet.context.AnnotationConfigServletWebServerApplicationContext@109c5e70: startup date [Sun Dec 08 15:27:25 BRT 2024]; root of context hierarchy
2024-12-08 15:27:26.465  INFO 64619 --- [           main] o.s.w.s.handler.SimpleUrlHandlerMapping  : Mapped URL path [/webjars/**] onto handler of type [class org.springframework.web.servlet.resource.ResourceHttpRequestHandler]
2024-12-08 15:27:26.465  INFO 64619 --- [           main] o.s.w.s.handler.SimpleUrlHandlerMapping  : Mapped URL path [/**] onto handler of type [class org.springframework.web.servlet.resource.ResourceHttpRequestHandler]
2024-12-08 15:27:26.530  INFO 64619 --- [           main] o.s.j.e.a.AnnotationMBeanExporter        : Registering beans for JMX exposure on startup
2024-12-08 15:27:26.533  INFO 64619 --- [           main] o.s.c.support.DefaultLifecycleProcessor  : Starting beans in phase 2147483647
2024-12-08 15:27:26.533  INFO 64619 --- [           main] d.s.w.p.DocumentationPluginsBootstrapper : Context refreshed
2024-12-08 15:27:26.534  INFO 64619 --- [           main] d.s.w.p.DocumentationPluginsBootstrapper : Found 1 custom documentation plugin(s)
2024-12-08 15:27:26.537  INFO 64619 --- [           main] s.d.s.w.s.ApiListingReferenceScanner     : Scanning for api listing references
2024-12-08 15:27:26.564  INFO 64619 --- [           main] o.s.b.w.embedded.tomcat.TomcatWebServer  : Tomcat started on port(s): 40459 (http) with context path ''
2024-12-08 15:27:26.565  INFO 64619 --- [           main] o.a.maven.surefire.booter.ForkedBooter   : Started ForkedBooter in 0.708 seconds (JVM running for 18.064)
2024-12-08 15:27:26.580  INFO 64619 --- [-auto-10-exec-1] o.a.c.c.C.[Tomcat-9].[localhost].[/]     : Initializing Spring FrameworkServlet 'dispatcherServlet'
2024-12-08 15:27:26.580  INFO 64619 --- [-auto-10-exec-1] o.s.web.servlet.DispatcherServlet        : FrameworkServlet 'dispatcherServlet': initialization started
2024-12-08 15:27:26.588  INFO 64619 --- [-auto-10-exec-1] o.s.web.servlet.DispatcherServlet        : FrameworkServlet 'dispatcherServlet': initialization completed in 8 ms
2024-12-08 15:27:26.719  INFO 64619 --- [           main] o.s.c.support.DefaultLifecycleProcessor  : Stopping beans in phase 2147483647
[[1;34mINFO[m] [1;32mTests run: [0;1;32m6[m, Failures: 0, Errors: 0, Skipped: 0, Time elapsed: 0.861 s - in org.restncs.[1mv3_gpt4turbo_run03_TriangleClassificationTest[m
[[1;34mINFO[m] Running org.restncs.[1mv3_gpt4turbo_run01_BessjTest[m

  .   ____          _            __ _ _
 /\\ / ___'_ __ _ _(_)_ __  __ _ \ \ \ \
( ( )\___ | '_ | '_| | '_ \/ _` | \ \ \ \
 \\/  ___)| |_)| | | | | || (_| |  ) ) ) )
  '  |____| .__|_| |_|_| |_\__, | / / / /
 =========|_|==============|___/=/_/_/_/
 :: Spring Boot ::        (v2.0.3.RELEASE)

2024-12-08 15:27:26.733  INFO 64619 --- [           main] o.a.maven.surefire.booter.ForkedBooter   : Starting ForkedBooter v2.22.0 on IFTO-PROBOOK with PID 64619 (started by rincon in /media/rincon/63999417195/eclipse-workspace/EMB-master/jdk_8_maven/cs/rest/artificial/ncs)
2024-12-08 15:27:26.733  INFO 64619 --- [           main] o.a.maven.surefire.booter.ForkedBooter   : No active profile set, falling back to default profiles: default
2024-12-08 15:27:26.735  INFO 64619 --- [           main] ConfigServletWebServerApplicationContext : Refreshing org.springframework.boot.web.servlet.context.AnnotationConfigServletWebServerApplicationContext@7affd737: startup date [Sun Dec 08 15:27:26 BRT 2024]; root of context hierarchy
2024-12-08 15:27:26.910  INFO 64619 --- [           main] f.a.AutowiredAnnotationBeanPostProcessor : JSR-330 'javax.inject.Inject' annotation found and supported for autowiring
2024-12-08 15:27:26.973  INFO 64619 --- [           main] o.s.b.w.embedded.tomcat.TomcatWebServer  : Tomcat initialized with port(s): 0 (http)
2024-12-08 15:27:26.974  INFO 64619 --- [           main] o.apache.catalina.core.StandardService   : Starting service [Tomcat]
2024-12-08 15:27:26.974  INFO 64619 --- [           main] org.apache.catalina.core.StandardEngine  : Starting Servlet Engine: Apache Tomcat/8.5.31
2024-12-08 15:27:26.980  INFO 64619 --- [ost-startStop-1] o.a.c.c.C.[Tomcat-10].[localhost].[/]    : Initializing Spring embedded WebApplicationContext
2024-12-08 15:27:26.980  INFO 64619 --- [ost-startStop-1] o.s.web.context.ContextLoader            : Root WebApplicationContext: initialization completed in 246 ms
2024-12-08 15:27:27.043  INFO 64619 --- [ost-startStop-1] o.s.b.w.servlet.ServletRegistrationBean  : Servlet dispatcherServlet mapped to [/]
2024-12-08 15:27:27.044  INFO 64619 --- [ost-startStop-1] o.s.b.w.servlet.FilterRegistrationBean   : Mapping filter: 'characterEncodingFilter' to: [/*]
2024-12-08 15:27:27.044  INFO 64619 --- [ost-startStop-1] o.s.b.w.servlet.FilterRegistrationBean   : Mapping filter: 'hiddenHttpMethodFilter' to: [/*]
2024-12-08 15:27:27.044  INFO 64619 --- [ost-startStop-1] o.s.b.w.servlet.FilterRegistrationBean   : Mapping filter: 'httpPutFormContentFilter' to: [/*]
2024-12-08 15:27:27.044  INFO 64619 --- [ost-startStop-1] o.s.b.w.servlet.FilterRegistrationBean   : Mapping filter: 'requestContextFilter' to: [/*]
2024-12-08 15:27:27.168  INFO 64619 --- [           main] s.w.s.m.m.a.RequestMappingHandlerMapping : Mapped "{[/api/triangle/{a}/{b}/{c}],methods=[GET],produces=[application/json]}" onto public org.springframework.http.ResponseEntity<org.restncs.Dto> org.restncs.NcsRest.checkTriangle(java.lang.Integer,java.lang.Integer,java.lang.Integer)
2024-12-08 15:27:27.169  INFO 64619 --- [           main] s.w.s.m.m.a.RequestMappingHandlerMapping : Mapped "{[/api/bessj/{n}/{x}],methods=[GET],produces=[application/json]}" onto public org.springframework.http.ResponseEntity<org.restncs.Dto> org.restncs.NcsRest.bessj(java.lang.Integer,java.lang.Double)
2024-12-08 15:27:27.169  INFO 64619 --- [           main] s.w.s.m.m.a.RequestMappingHandlerMapping : Mapped "{[/api/expint/{n}/{x}],methods=[GET],produces=[application/json]}" onto public org.springframework.http.ResponseEntity<org.restncs.Dto> org.restncs.NcsRest.expint(java.lang.Integer,java.lang.Double)
2024-12-08 15:27:27.169  INFO 64619 --- [           main] s.w.s.m.m.a.RequestMappingHandlerMapping : Mapped "{[/api/fisher/{m}/{n}/{x}],methods=[GET],produces=[application/json]}" onto public org.springframework.http.ResponseEntity<org.restncs.Dto> org.restncs.NcsRest.fisher(java.lang.Integer,java.lang.Integer,java.lang.Double)
2024-12-08 15:27:27.169  INFO 64619 --- [           main] s.w.s.m.m.a.RequestMappingHandlerMapping : Mapped "{[/api/gammq/{a}/{x}],methods=[GET],produces=[application/json]}" onto public org.springframework.http.ResponseEntity<org.restncs.Dto> org.restncs.NcsRest.gammq(java.lang.Double,java.lang.Double)
2024-12-08 15:27:27.170  INFO 64619 --- [           main] s.w.s.m.m.a.RequestMappingHandlerMapping : Mapped "{[/api/remainder/{a}/{b}],methods=[GET],produces=[application/json]}" onto public org.springframework.http.ResponseEntity<org.restncs.Dto> org.restncs.NcsRest.remainder(java.lang.Integer,java.lang.Integer)
2024-12-08 15:27:27.172  INFO 64619 --- [           main] s.w.s.m.m.a.RequestMappingHandlerMapping : Mapped "{[/swagger-resources/configuration/ui]}" onto public org.springframework.http.ResponseEntity<springfox.documentation.swagger.web.UiConfiguration> springfox.documentation.swagger.web.ApiResourceController.uiConfiguration()
2024-12-08 15:27:27.172  INFO 64619 --- [           main] s.w.s.m.m.a.RequestMappingHandlerMapping : Mapped "{[/swagger-resources/configuration/security]}" onto public org.springframework.http.ResponseEntity<springfox.documentation.swagger.web.SecurityConfiguration> springfox.documentation.swagger.web.ApiResourceController.securityConfiguration()
2024-12-08 15:27:27.173  INFO 64619 --- [           main] s.w.s.m.m.a.RequestMappingHandlerMapping : Mapped "{[/swagger-resources]}" onto public org.springframework.http.ResponseEntity<java.util.List<springfox.documentation.swagger.web.SwaggerResource>> springfox.documentation.swagger.web.ApiResourceController.swaggerResources()
2024-12-08 15:27:27.175  INFO 64619 --- [           main] s.w.s.m.m.a.RequestMappingHandlerMapping : Mapped "{[/error],produces=[text/html]}" onto public org.springframework.web.servlet.ModelAndView org.springframework.boot.autoconfigure.web.servlet.error.BasicErrorController.errorHtml(javax.servlet.http.HttpServletRequest,javax.servlet.http.HttpServletResponse)
2024-12-08 15:27:27.175  INFO 64619 --- [           main] s.w.s.m.m.a.RequestMappingHandlerMapping : Mapped "{[/error]}" onto public org.springframework.http.ResponseEntity<java.util.Map<java.lang.String, java.lang.Object>> org.springframework.boot.autoconfigure.web.servlet.error.BasicErrorController.error(javax.servlet.http.HttpServletRequest)
2024-12-08 15:27:27.231  INFO 64619 --- [           main] pertySourcedRequestMappingHandlerMapping : Mapped URL path [/v2/api-docs] onto method [public org.springframework.http.ResponseEntity<springfox.documentation.spring.web.json.Json> springfox.documentation.swagger2.web.Swagger2Controller.getDocumentation(java.lang.String,javax.servlet.http.HttpServletRequest)]
2024-12-08 15:27:27.268  INFO 64619 --- [           main] o.s.w.s.handler.SimpleUrlHandlerMapping  : Mapped URL path [/**/favicon.ico] onto handler of type [class org.springframework.web.servlet.resource.ResourceHttpRequestHandler]
2024-12-08 15:27:27.323  INFO 64619 --- [           main] s.w.s.m.m.a.RequestMappingHandlerAdapter : Looking for @ControllerAdvice: org.springframework.boot.web.servlet.context.AnnotationConfigServletWebServerApplicationContext@7affd737: startup date [Sun Dec 08 15:27:26 BRT 2024]; root of context hierarchy
2024-12-08 15:27:27.337  INFO 64619 --- [           main] o.s.w.s.handler.SimpleUrlHandlerMapping  : Mapped URL path [/webjars/**] onto handler of type [class org.springframework.web.servlet.resource.ResourceHttpRequestHandler]
2024-12-08 15:27:27.337  INFO 64619 --- [           main] o.s.w.s.handler.SimpleUrlHandlerMapping  : Mapped URL path [/**] onto handler of type [class org.springframework.web.servlet.resource.ResourceHttpRequestHandler]
2024-12-08 15:27:27.410  INFO 64619 --- [           main] o.s.j.e.a.AnnotationMBeanExporter        : Registering beans for JMX exposure on startup
2024-12-08 15:27:27.413  INFO 64619 --- [           main] o.s.c.support.DefaultLifecycleProcessor  : Starting beans in phase 2147483647
2024-12-08 15:27:27.413  INFO 64619 --- [           main] d.s.w.p.DocumentationPluginsBootstrapper : Context refreshed
2024-12-08 15:27:27.414  INFO 64619 --- [           main] d.s.w.p.DocumentationPluginsBootstrapper : Found 1 custom documentation plugin(s)
2024-12-08 15:27:27.418  INFO 64619 --- [           main] s.d.s.w.s.ApiListingReferenceScanner     : Scanning for api listing references
2024-12-08 15:27:27.458  INFO 64619 --- [           main] o.s.b.w.embedded.tomcat.TomcatWebServer  : Tomcat started on port(s): 36313 (http) with context path ''
2024-12-08 15:27:27.459  INFO 64619 --- [           main] o.a.maven.surefire.booter.ForkedBooter   : Started ForkedBooter in 0.738 seconds (JVM running for 18.957)
2024-12-08 15:27:27.471  INFO 64619 --- [-auto-11-exec-1] o.a.c.c.C.[Tomcat-10].[localhost].[/]    : Initializing Spring FrameworkServlet 'dispatcherServlet'
2024-12-08 15:27:27.472  INFO 64619 --- [-auto-11-exec-1] o.s.web.servlet.DispatcherServlet        : FrameworkServlet 'dispatcherServlet': initialization started
2024-12-08 15:27:27.484  INFO 64619 --- [-auto-11-exec-1] o.s.web.servlet.DispatcherServlet        : FrameworkServlet 'dispatcherServlet': initialization completed in 12 ms
2024-12-08 15:27:27.533  INFO 64619 --- [           main] o.s.c.support.DefaultLifecycleProcessor  : Stopping beans in phase 2147483647
[[1;34mINFO[m] [1;32mTests run: [0;1;32m3[m, Failures: 0, Errors: 0, Skipped: 0, Time elapsed: 0.812 s - in org.restncs.[1mv3_gpt4turbo_run01_BessjTest[m
[[1;34mINFO[m] Running org.restncs.[1mv3_gpt4turbo_run02_ExpintTest[m

  .   ____          _            __ _ _
 /\\ / ___'_ __ _ _(_)_ __  __ _ \ \ \ \
( ( )\___ | '_ | '_| | '_ \/ _` | \ \ \ \
 \\/  ___)| |_)| | | | | || (_| |  ) ) ) )
  '  |____| .__|_| |_|_| |_\__, | / / / /
 =========|_|==============|___/=/_/_/_/
 :: Spring Boot ::        (v2.0.3.RELEASE)

2024-12-08 15:27:27.550  INFO 64619 --- [           main] o.a.maven.surefire.booter.ForkedBooter   : Starting ForkedBooter v2.22.0 on IFTO-PROBOOK with PID 64619 (started by rincon in /media/rincon/63999417195/eclipse-workspace/EMB-master/jdk_8_maven/cs/rest/artificial/ncs)
2024-12-08 15:27:27.550  INFO 64619 --- [           main] o.a.maven.surefire.booter.ForkedBooter   : No active profile set, falling back to default profiles: default
2024-12-08 15:27:27.552  INFO 64619 --- [           main] ConfigServletWebServerApplicationContext : Refreshing org.springframework.boot.web.servlet.context.AnnotationConfigServletWebServerApplicationContext@15a94830: startup date [Sun Dec 08 15:27:27 BRT 2024]; root of context hierarchy
2024-12-08 15:27:27.706  INFO 64619 --- [           main] f.a.AutowiredAnnotationBeanPostProcessor : JSR-330 'javax.inject.Inject' annotation found and supported for autowiring
2024-12-08 15:27:27.767  INFO 64619 --- [           main] o.s.b.w.embedded.tomcat.TomcatWebServer  : Tomcat initialized with port(s): 0 (http)
2024-12-08 15:27:27.769  INFO 64619 --- [           main] o.apache.catalina.core.StandardService   : Starting service [Tomcat]
2024-12-08 15:27:27.769  INFO 64619 --- [           main] org.apache.catalina.core.StandardEngine  : Starting Servlet Engine: Apache Tomcat/8.5.31
2024-12-08 15:27:27.772  INFO 64619 --- [ost-startStop-1] o.a.c.c.C.[Tomcat-11].[localhost].[/]    : Initializing Spring embedded WebApplicationContext
2024-12-08 15:27:27.773  INFO 64619 --- [ost-startStop-1] o.s.web.context.ContextLoader            : Root WebApplicationContext: initialization completed in 221 ms
2024-12-08 15:27:27.858  INFO 64619 --- [ost-startStop-1] o.s.b.w.servlet.ServletRegistrationBean  : Servlet dispatcherServlet mapped to [/]
2024-12-08 15:27:27.858  INFO 64619 --- [ost-startStop-1] o.s.b.w.servlet.FilterRegistrationBean   : Mapping filter: 'characterEncodingFilter' to: [/*]
2024-12-08 15:27:27.858  INFO 64619 --- [ost-startStop-1] o.s.b.w.servlet.FilterRegistrationBean   : Mapping filter: 'hiddenHttpMethodFilter' to: [/*]
2024-12-08 15:27:27.858  INFO 64619 --- [ost-startStop-1] o.s.b.w.servlet.FilterRegistrationBean   : Mapping filter: 'httpPutFormContentFilter' to: [/*]
2024-12-08 15:27:27.858  INFO 64619 --- [ost-startStop-1] o.s.b.w.servlet.FilterRegistrationBean   : Mapping filter: 'requestContextFilter' to: [/*]
2024-12-08 15:27:27.990  INFO 64619 --- [           main] s.w.s.m.m.a.RequestMappingHandlerMapping : Mapped "{[/api/triangle/{a}/{b}/{c}],methods=[GET],produces=[application/json]}" onto public org.springframework.http.ResponseEntity<org.restncs.Dto> org.restncs.NcsRest.checkTriangle(java.lang.Integer,java.lang.Integer,java.lang.Integer)
2024-12-08 15:27:27.991  INFO 64619 --- [           main] s.w.s.m.m.a.RequestMappingHandlerMapping : Mapped "{[/api/bessj/{n}/{x}],methods=[GET],produces=[application/json]}" onto public org.springframework.http.ResponseEntity<org.restncs.Dto> org.restncs.NcsRest.bessj(java.lang.Integer,java.lang.Double)
2024-12-08 15:27:27.991  INFO 64619 --- [           main] s.w.s.m.m.a.RequestMappingHandlerMapping : Mapped "{[/api/expint/{n}/{x}],methods=[GET],produces=[application/json]}" onto public org.springframework.http.ResponseEntity<org.restncs.Dto> org.restncs.NcsRest.expint(java.lang.Integer,java.lang.Double)
2024-12-08 15:27:27.991  INFO 64619 --- [           main] s.w.s.m.m.a.RequestMappingHandlerMapping : Mapped "{[/api/fisher/{m}/{n}/{x}],methods=[GET],produces=[application/json]}" onto public org.springframework.http.ResponseEntity<org.restncs.Dto> org.restncs.NcsRest.fisher(java.lang.Integer,java.lang.Integer,java.lang.Double)
2024-12-08 15:27:27.991  INFO 64619 --- [           main] s.w.s.m.m.a.RequestMappingHandlerMapping : Mapped "{[/api/gammq/{a}/{x}],methods=[GET],produces=[application/json]}" onto public org.springframework.http.ResponseEntity<org.restncs.Dto> org.restncs.NcsRest.gammq(java.lang.Double,java.lang.Double)
2024-12-08 15:27:27.992  INFO 64619 --- [           main] s.w.s.m.m.a.RequestMappingHandlerMapping : Mapped "{[/api/remainder/{a}/{b}],methods=[GET],produces=[application/json]}" onto public org.springframework.http.ResponseEntity<org.restncs.Dto> org.restncs.NcsRest.remainder(java.lang.Integer,java.lang.Integer)
2024-12-08 15:27:27.994  INFO 64619 --- [           main] s.w.s.m.m.a.RequestMappingHandlerMapping : Mapped "{[/swagger-resources/configuration/ui]}" onto public org.springframework.http.ResponseEntity<springfox.documentation.swagger.web.UiConfiguration> springfox.documentation.swagger.web.ApiResourceController.uiConfiguration()
2024-12-08 15:27:27.994  INFO 64619 --- [           main] s.w.s.m.m.a.RequestMappingHandlerMapping : Mapped "{[/swagger-resources/configuration/security]}" onto public org.springframework.http.ResponseEntity<springfox.documentation.swagger.web.SecurityConfiguration> springfox.documentation.swagger.web.ApiResourceController.securityConfiguration()
2024-12-08 15:27:27.994  INFO 64619 --- [           main] s.w.s.m.m.a.RequestMappingHandlerMapping : Mapped "{[/swagger-resources]}" onto public org.springframework.http.ResponseEntity<java.util.List<springfox.documentation.swagger.web.SwaggerResource>> springfox.documentation.swagger.web.ApiResourceController.swaggerResources()
2024-12-08 15:27:27.996  INFO 64619 --- [           main] s.w.s.m.m.a.RequestMappingHandlerMapping : Mapped "{[/error],produces=[text/html]}" onto public org.springframework.web.servlet.ModelAndView org.springframework.boot.autoconfigure.web.servlet.error.BasicErrorController.errorHtml(javax.servlet.http.HttpServletRequest,javax.servlet.http.HttpServletResponse)
2024-12-08 15:27:27.996  INFO 64619 --- [           main] s.w.s.m.m.a.RequestMappingHandlerMapping : Mapped "{[/error]}" onto public org.springframework.http.ResponseEntity<java.util.Map<java.lang.String, java.lang.Object>> org.springframework.boot.autoconfigure.web.servlet.error.BasicErrorController.error(javax.servlet.http.HttpServletRequest)
2024-12-08 15:27:28.051  INFO 64619 --- [           main] pertySourcedRequestMappingHandlerMapping : Mapped URL path [/v2/api-docs] onto method [public org.springframework.http.ResponseEntity<springfox.documentation.spring.web.json.Json> springfox.documentation.swagger2.web.Swagger2Controller.getDocumentation(java.lang.String,javax.servlet.http.HttpServletRequest)]
2024-12-08 15:27:28.082  INFO 64619 --- [           main] o.s.w.s.handler.SimpleUrlHandlerMapping  : Mapped URL path [/**/favicon.ico] onto handler of type [class org.springframework.web.servlet.resource.ResourceHttpRequestHandler]
2024-12-08 15:27:28.125  INFO 64619 --- [           main] s.w.s.m.m.a.RequestMappingHandlerAdapter : Looking for @ControllerAdvice: org.springframework.boot.web.servlet.context.AnnotationConfigServletWebServerApplicationContext@15a94830: startup date [Sun Dec 08 15:27:27 BRT 2024]; root of context hierarchy
2024-12-08 15:27:28.136  INFO 64619 --- [           main] o.s.w.s.handler.SimpleUrlHandlerMapping  : Mapped URL path [/webjars/**] onto handler of type [class org.springframework.web.servlet.resource.ResourceHttpRequestHandler]
2024-12-08 15:27:28.136  INFO 64619 --- [           main] o.s.w.s.handler.SimpleUrlHandlerMapping  : Mapped URL path [/**] onto handler of type [class org.springframework.web.servlet.resource.ResourceHttpRequestHandler]
2024-12-08 15:27:28.185  INFO 64619 --- [           main] o.s.j.e.a.AnnotationMBeanExporter        : Registering beans for JMX exposure on startup
2024-12-08 15:27:28.187  INFO 64619 --- [           main] o.s.c.support.DefaultLifecycleProcessor  : Starting beans in phase 2147483647
2024-12-08 15:27:28.188  INFO 64619 --- [           main] d.s.w.p.DocumentationPluginsBootstrapper : Context refreshed
2024-12-08 15:27:28.188  INFO 64619 --- [           main] d.s.w.p.DocumentationPluginsBootstrapper : Found 1 custom documentation plugin(s)
2024-12-08 15:27:28.191  INFO 64619 --- [           main] s.d.s.w.s.ApiListingReferenceScanner     : Scanning for api listing references
2024-12-08 15:27:28.217  INFO 64619 --- [           main] o.s.b.w.embedded.tomcat.TomcatWebServer  : Tomcat started on port(s): 42685 (http) with context path ''
2024-12-08 15:27:28.219  INFO 64619 --- [           main] o.a.maven.surefire.booter.ForkedBooter   : Started ForkedBooter in 0.684 seconds (JVM running for 19.717)
2024-12-08 15:27:28.231  INFO 64619 --- [-auto-12-exec-1] o.a.c.c.C.[Tomcat-11].[localhost].[/]    : Initializing Spring FrameworkServlet 'dispatcherServlet'
2024-12-08 15:27:28.231  INFO 64619 --- [-auto-12-exec-1] o.s.web.servlet.DispatcherServlet        : FrameworkServlet 'dispatcherServlet': initialization started
2024-12-08 15:27:28.239  INFO 64619 --- [-auto-12-exec-1] o.s.web.servlet.DispatcherServlet        : FrameworkServlet 'dispatcherServlet': initialization completed in 8 ms
2024-12-08 15:27:28.356  INFO 64619 --- [           main] o.s.c.support.DefaultLifecycleProcessor  : Stopping beans in phase 2147483647
[[1;34mINFO[m] [1;32mTests run: [0;1;32m6[m, Failures: 0, Errors: 0, Skipped: 0, Time elapsed: 0.82 s - in org.restncs.[1mv3_gpt4turbo_run02_ExpintTest[m
[[1;34mINFO[m] Running org.restncs.[1mv3_gpt4turbo_run01_RemainderTest[m

  .   ____          _            __ _ _
 /\\ / ___'_ __ _ _(_)_ __  __ _ \ \ \ \
( ( )\___ | '_ | '_| | '_ \/ _` | \ \ \ \
 \\/  ___)| |_)| | | | | || (_| |  ) ) ) )
  '  |____| .__|_| |_|_| |_\__, | / / / /
 =========|_|==============|___/=/_/_/_/
 :: Spring Boot ::        (v2.0.3.RELEASE)

2024-12-08 15:27:28.370  INFO 64619 --- [           main] o.a.maven.surefire.booter.ForkedBooter   : Starting ForkedBooter v2.22.0 on IFTO-PROBOOK with PID 64619 (started by rincon in /media/rincon/63999417195/eclipse-workspace/EMB-master/jdk_8_maven/cs/rest/artificial/ncs)
2024-12-08 15:27:28.371  INFO 64619 --- [           main] o.a.maven.surefire.booter.ForkedBooter   : No active profile set, falling back to default profiles: default
2024-12-08 15:27:28.372  INFO 64619 --- [           main] ConfigServletWebServerApplicationContext : Refreshing org.springframework.boot.web.servlet.context.AnnotationConfigServletWebServerApplicationContext@28f14ca3: startup date [Sun Dec 08 15:27:28 BRT 2024]; root of context hierarchy
2024-12-08 15:27:28.520  INFO 64619 --- [           main] f.a.AutowiredAnnotationBeanPostProcessor : JSR-330 'javax.inject.Inject' annotation found and supported for autowiring
2024-12-08 15:27:28.586  INFO 64619 --- [           main] o.s.b.w.embedded.tomcat.TomcatWebServer  : Tomcat initialized with port(s): 0 (http)
2024-12-08 15:27:28.587  INFO 64619 --- [           main] o.apache.catalina.core.StandardService   : Starting service [Tomcat]
2024-12-08 15:27:28.588  INFO 64619 --- [           main] org.apache.catalina.core.StandardEngine  : Starting Servlet Engine: Apache Tomcat/8.5.31
2024-12-08 15:27:28.592  INFO 64619 --- [ost-startStop-1] o.a.c.c.C.[Tomcat-12].[localhost].[/]    : Initializing Spring embedded WebApplicationContext
2024-12-08 15:27:28.592  INFO 64619 --- [ost-startStop-1] o.s.web.context.ContextLoader            : Root WebApplicationContext: initialization completed in 220 ms
2024-12-08 15:27:28.643  INFO 64619 --- [ost-startStop-1] o.s.b.w.servlet.ServletRegistrationBean  : Servlet dispatcherServlet mapped to [/]
2024-12-08 15:27:28.644  INFO 64619 --- [ost-startStop-1] o.s.b.w.servlet.FilterRegistrationBean   : Mapping filter: 'characterEncodingFilter' to: [/*]
2024-12-08 15:27:28.644  INFO 64619 --- [ost-startStop-1] o.s.b.w.servlet.FilterRegistrationBean   : Mapping filter: 'hiddenHttpMethodFilter' to: [/*]
2024-12-08 15:27:28.644  INFO 64619 --- [ost-startStop-1] o.s.b.w.servlet.FilterRegistrationBean   : Mapping filter: 'httpPutFormContentFilter' to: [/*]
2024-12-08 15:27:28.644  INFO 64619 --- [ost-startStop-1] o.s.b.w.servlet.FilterRegistrationBean   : Mapping filter: 'requestContextFilter' to: [/*]
2024-12-08 15:27:28.780  INFO 64619 --- [           main] s.w.s.m.m.a.RequestMappingHandlerMapping : Mapped "{[/api/triangle/{a}/{b}/{c}],methods=[GET],produces=[application/json]}" onto public org.springframework.http.ResponseEntity<org.restncs.Dto> org.restncs.NcsRest.checkTriangle(java.lang.Integer,java.lang.Integer,java.lang.Integer)
2024-12-08 15:27:28.780  INFO 64619 --- [           main] s.w.s.m.m.a.RequestMappingHandlerMapping : Mapped "{[/api/bessj/{n}/{x}],methods=[GET],produces=[application/json]}" onto public org.springframework.http.ResponseEntity<org.restncs.Dto> org.restncs.NcsRest.bessj(java.lang.Integer,java.lang.Double)
2024-12-08 15:27:28.781  INFO 64619 --- [           main] s.w.s.m.m.a.RequestMappingHandlerMapping : Mapped "{[/api/expint/{n}/{x}],methods=[GET],produces=[application/json]}" onto public org.springframework.http.ResponseEntity<org.restncs.Dto> org.restncs.NcsRest.expint(java.lang.Integer,java.lang.Double)
2024-12-08 15:27:28.781  INFO 64619 --- [           main] s.w.s.m.m.a.RequestMappingHandlerMapping : Mapped "{[/api/fisher/{m}/{n}/{x}],methods=[GET],produces=[application/json]}" onto public org.springframework.http.ResponseEntity<org.restncs.Dto> org.restncs.NcsRest.fisher(java.lang.Integer,java.lang.Integer,java.lang.Double)
2024-12-08 15:27:28.781  INFO 64619 --- [           main] s.w.s.m.m.a.RequestMappingHandlerMapping : Mapped "{[/api/gammq/{a}/{x}],methods=[GET],produces=[application/json]}" onto public org.springframework.http.ResponseEntity<org.restncs.Dto> org.restncs.NcsRest.gammq(java.lang.Double,java.lang.Double)
2024-12-08 15:27:28.782  INFO 64619 --- [           main] s.w.s.m.m.a.RequestMappingHandlerMapping : Mapped "{[/api/remainder/{a}/{b}],methods=[GET],produces=[application/json]}" onto public org.springframework.http.ResponseEntity<org.restncs.Dto> org.restncs.NcsRest.remainder(java.lang.Integer,java.lang.Integer)
2024-12-08 15:27:28.784  INFO 64619 --- [           main] s.w.s.m.m.a.RequestMappingHandlerMapping : Mapped "{[/swagger-resources/configuration/ui]}" onto public org.springframework.http.ResponseEntity<springfox.documentation.swagger.web.UiConfiguration> springfox.documentation.swagger.web.ApiResourceController.uiConfiguration()
2024-12-08 15:27:28.784  INFO 64619 --- [           main] s.w.s.m.m.a.RequestMappingHandlerMapping : Mapped "{[/swagger-resources/configuration/security]}" onto public org.springframework.http.ResponseEntity<springfox.documentation.swagger.web.SecurityConfiguration> springfox.documentation.swagger.web.ApiResourceController.securityConfiguration()
2024-12-08 15:27:28.784  INFO 64619 --- [           main] s.w.s.m.m.a.RequestMappingHandlerMapping : Mapped "{[/swagger-resources]}" onto public org.springframework.http.ResponseEntity<java.util.List<springfox.documentation.swagger.web.SwaggerResource>> springfox.documentation.swagger.web.ApiResourceController.swaggerResources()
2024-12-08 15:27:28.786  INFO 64619 --- [           main] s.w.s.m.m.a.RequestMappingHandlerMapping : Mapped "{[/error],produces=[text/html]}" onto public org.springframework.web.servlet.ModelAndView org.springframework.boot.autoconfigure.web.servlet.error.BasicErrorController.errorHtml(javax.servlet.http.HttpServletRequest,javax.servlet.http.HttpServletResponse)
2024-12-08 15:27:28.786  INFO 64619 --- [           main] s.w.s.m.m.a.RequestMappingHandlerMapping : Mapped "{[/error]}" onto public org.springframework.http.ResponseEntity<java.util.Map<java.lang.String, java.lang.Object>> org.springframework.boot.autoconfigure.web.servlet.error.BasicErrorController.error(javax.servlet.http.HttpServletRequest)
2024-12-08 15:27:28.847  INFO 64619 --- [           main] pertySourcedRequestMappingHandlerMapping : Mapped URL path [/v2/api-docs] onto method [public org.springframework.http.ResponseEntity<springfox.documentation.spring.web.json.Json> springfox.documentation.swagger2.web.Swagger2Controller.getDocumentation(java.lang.String,javax.servlet.http.HttpServletRequest)]
2024-12-08 15:27:28.883  INFO 64619 --- [           main] o.s.w.s.handler.SimpleUrlHandlerMapping  : Mapped URL path [/**/favicon.ico] onto handler of type [class org.springframework.web.servlet.resource.ResourceHttpRequestHandler]
2024-12-08 15:27:28.931  INFO 64619 --- [           main] s.w.s.m.m.a.RequestMappingHandlerAdapter : Looking for @ControllerAdvice: org.springframework.boot.web.servlet.context.AnnotationConfigServletWebServerApplicationContext@28f14ca3: startup date [Sun Dec 08 15:27:28 BRT 2024]; root of context hierarchy
2024-12-08 15:27:28.943  INFO 64619 --- [           main] o.s.w.s.handler.SimpleUrlHandlerMapping  : Mapped URL path [/webjars/**] onto handler of type [class org.springframework.web.servlet.resource.ResourceHttpRequestHandler]
2024-12-08 15:27:28.944  INFO 64619 --- [           main] o.s.w.s.handler.SimpleUrlHandlerMapping  : Mapped URL path [/**] onto handler of type [class org.springframework.web.servlet.resource.ResourceHttpRequestHandler]
2024-12-08 15:27:29.012  INFO 64619 --- [           main] o.s.j.e.a.AnnotationMBeanExporter        : Registering beans for JMX exposure on startup
2024-12-08 15:27:29.014  INFO 64619 --- [           main] o.s.c.support.DefaultLifecycleProcessor  : Starting beans in phase 2147483647
2024-12-08 15:27:29.015  INFO 64619 --- [           main] d.s.w.p.DocumentationPluginsBootstrapper : Context refreshed
2024-12-08 15:27:29.016  INFO 64619 --- [           main] d.s.w.p.DocumentationPluginsBootstrapper : Found 1 custom documentation plugin(s)
2024-12-08 15:27:29.019  INFO 64619 --- [           main] s.d.s.w.s.ApiListingReferenceScanner     : Scanning for api listing references
2024-12-08 15:27:29.047  INFO 64619 --- [           main] o.s.b.w.embedded.tomcat.TomcatWebServer  : Tomcat started on port(s): 44667 (http) with context path ''
2024-12-08 15:27:29.048  INFO 64619 --- [           main] o.a.maven.surefire.booter.ForkedBooter   : Started ForkedBooter in 0.689 seconds (JVM running for 20.546)
2024-12-08 15:27:29.063  INFO 64619 --- [-auto-13-exec-1] o.a.c.c.C.[Tomcat-12].[localhost].[/]    : Initializing Spring FrameworkServlet 'dispatcherServlet'
2024-12-08 15:27:29.063  INFO 64619 --- [-auto-13-exec-1] o.s.web.servlet.DispatcherServlet        : FrameworkServlet 'dispatcherServlet': initialization started
2024-12-08 15:27:29.070  INFO 64619 --- [-auto-13-exec-1] o.s.web.servlet.DispatcherServlet        : FrameworkServlet 'dispatcherServlet': initialization completed in 7 ms
Request method:	GET
Request URI:	http://localhost:44667/api/remainder/10/0
Proxy:			<none>
Request params:	<none>
Query params:	<none>
Form params:	<none>
Path params:	a=10
				b=0
Headers:		Accept=*/*
Cookies:		<none>
Multiparts:		<none>
Body:			<none>

HTTP/1.1 200 
Content-Type: application/json;charset=UTF-8
Transfer-Encoding: chunked
Date: Sun, 08 Dec 2024 18:27:29 GMT

{
    "resultAsInt": -1,
    "resultAsDouble": null
}
Request method:	GET
Request URI:	http://localhost:44667/api/remainder/0/5
Proxy:			<none>
Request params:	<none>
Query params:	<none>
Form params:	<none>
Path params:	a=0
				b=5
Headers:		Accept=*/*
Cookies:		<none>
Multiparts:		<none>
Body:			<none>

HTTP/1.1 200 
Content-Type: application/json;charset=UTF-8
Transfer-Encoding: chunked
Date: Sun, 08 Dec 2024 18:27:29 GMT

{
    "resultAsInt": -1,
    "resultAsDouble": null
}
Request method:	GET
Request URI:	http://localhost:44667/api/remainder/-10/-3
Proxy:			<none>
Request params:	<none>
Query params:	<none>
Form params:	<none>
Path params:	a=-10
				b=-3
Headers:		Accept=*/*
Cookies:		<none>
Multiparts:		<none>
Body:			<none>

HTTP/1.1 200 
Content-Type: application/json;charset=UTF-8
Transfer-Encoding: chunked
Date: Sun, 08 Dec 2024 18:27:29 GMT

{
    "resultAsInt": 1,
    "resultAsDouble": null
}
2024-12-08 15:27:29.184  INFO 64619 --- [           main] o.s.c.support.DefaultLifecycleProcessor  : Stopping beans in phase 2147483647
[[1;31mERROR[m] [1;31mTests [0;1mrun: [0;1m5[m, [1;31mFailures: [0;1;31m3[m, Errors: 0, Skipped: 0, Time elapsed: 0.824 s[1;31m <<< FAILURE![m - in org.restncs.[1mv3_gpt4turbo_run01_RemainderTest[m
[[1;31mERROR[m] testRemainderZeroDivisor(org.restncs.v3_gpt4turbo_run01_RemainderTest)  Time elapsed: 0.02 s  <<< FAILURE!
java.lang.AssertionError: 
1 expectation failed.
Expected status code <500> but was <200>.

	at org.restncs.v3_gpt4turbo_run01_RemainderTest.testRemainderZeroDivisor(v3_gpt4turbo_run01_RemainderTest.java:79)

[[1;31mERROR[m] testRemainderZeroDividend(org.restncs.v3_gpt4turbo_run01_RemainderTest)  Time elapsed: 0.027 s  <<< FAILURE!
java.lang.AssertionError: 
1 expectation failed.
JSON path resultAsInt doesn't match.
Expected: <0>
  Actual: -1

	at org.restncs.v3_gpt4turbo_run01_RemainderTest.testRemainderZeroDividend(v3_gpt4turbo_run01_RemainderTest.java:92)

[[1;31mERROR[m] testRemainderNegativeNumbers(org.restncs.v3_gpt4turbo_run01_RemainderTest)  Time elapsed: 0.023 s  <<< FAILURE!
java.lang.AssertionError: 
1 expectation failed.
JSON path resultAsInt doesn't match.
Expected: <-1>
  Actual: 1

	at org.restncs.v3_gpt4turbo_run01_RemainderTest.testRemainderNegativeNumbers(v3_gpt4turbo_run01_RemainderTest.java:105)

[[1;34mINFO[m] Running org.restncs.[1mv3_gpt4turbo_run02_BessjTest[m

  .   ____          _            __ _ _
 /\\ / ___'_ __ _ _(_)_ __  __ _ \ \ \ \
( ( )\___ | '_ | '_| | '_ \/ _` | \ \ \ \
 \\/  ___)| |_)| | | | | || (_| |  ) ) ) )
  '  |____| .__|_| |_|_| |_\__, | / / / /
 =========|_|==============|___/=/_/_/_/
 :: Spring Boot ::        (v2.0.3.RELEASE)

2024-12-08 15:27:29.199  INFO 64619 --- [           main] o.a.maven.surefire.booter.ForkedBooter   : Starting ForkedBooter v2.22.0 on IFTO-PROBOOK with PID 64619 (started by rincon in /media/rincon/63999417195/eclipse-workspace/EMB-master/jdk_8_maven/cs/rest/artificial/ncs)
2024-12-08 15:27:29.199  INFO 64619 --- [           main] o.a.maven.surefire.booter.ForkedBooter   : No active profile set, falling back to default profiles: default
2024-12-08 15:27:29.201  INFO 64619 --- [           main] ConfigServletWebServerApplicationContext : Refreshing org.springframework.boot.web.servlet.context.AnnotationConfigServletWebServerApplicationContext@4ce6b6fb: startup date [Sun Dec 08 15:27:29 BRT 2024]; root of context hierarchy
2024-12-08 15:27:29.341  INFO 64619 --- [           main] f.a.AutowiredAnnotationBeanPostProcessor : JSR-330 'javax.inject.Inject' annotation found and supported for autowiring
2024-12-08 15:27:29.404  INFO 64619 --- [           main] o.s.b.w.embedded.tomcat.TomcatWebServer  : Tomcat initialized with port(s): 0 (http)
2024-12-08 15:27:29.405  INFO 64619 --- [           main] o.apache.catalina.core.StandardService   : Starting service [Tomcat]
2024-12-08 15:27:29.405  INFO 64619 --- [           main] org.apache.catalina.core.StandardEngine  : Starting Servlet Engine: Apache Tomcat/8.5.31
2024-12-08 15:27:29.409  INFO 64619 --- [ost-startStop-1] o.a.c.c.C.[Tomcat-13].[localhost].[/]    : Initializing Spring embedded WebApplicationContext
2024-12-08 15:27:29.409  INFO 64619 --- [ost-startStop-1] o.s.web.context.ContextLoader            : Root WebApplicationContext: initialization completed in 208 ms
2024-12-08 15:27:29.447  INFO 64619 --- [ost-startStop-1] o.s.b.w.servlet.ServletRegistrationBean  : Servlet dispatcherServlet mapped to [/]
2024-12-08 15:27:29.448  INFO 64619 --- [ost-startStop-1] o.s.b.w.servlet.FilterRegistrationBean   : Mapping filter: 'characterEncodingFilter' to: [/*]
2024-12-08 15:27:29.448  INFO 64619 --- [ost-startStop-1] o.s.b.w.servlet.FilterRegistrationBean   : Mapping filter: 'hiddenHttpMethodFilter' to: [/*]
2024-12-08 15:27:29.448  INFO 64619 --- [ost-startStop-1] o.s.b.w.servlet.FilterRegistrationBean   : Mapping filter: 'httpPutFormContentFilter' to: [/*]
2024-12-08 15:27:29.448  INFO 64619 --- [ost-startStop-1] o.s.b.w.servlet.FilterRegistrationBean   : Mapping filter: 'requestContextFilter' to: [/*]
2024-12-08 15:27:29.552  INFO 64619 --- [           main] s.w.s.m.m.a.RequestMappingHandlerMapping : Mapped "{[/api/triangle/{a}/{b}/{c}],methods=[GET],produces=[application/json]}" onto public org.springframework.http.ResponseEntity<org.restncs.Dto> org.restncs.NcsRest.checkTriangle(java.lang.Integer,java.lang.Integer,java.lang.Integer)
2024-12-08 15:27:29.553  INFO 64619 --- [           main] s.w.s.m.m.a.RequestMappingHandlerMapping : Mapped "{[/api/bessj/{n}/{x}],methods=[GET],produces=[application/json]}" onto public org.springframework.http.ResponseEntity<org.restncs.Dto> org.restncs.NcsRest.bessj(java.lang.Integer,java.lang.Double)
2024-12-08 15:27:29.553  INFO 64619 --- [           main] s.w.s.m.m.a.RequestMappingHandlerMapping : Mapped "{[/api/expint/{n}/{x}],methods=[GET],produces=[application/json]}" onto public org.springframework.http.ResponseEntity<org.restncs.Dto> org.restncs.NcsRest.expint(java.lang.Integer,java.lang.Double)
2024-12-08 15:27:29.553  INFO 64619 --- [           main] s.w.s.m.m.a.RequestMappingHandlerMapping : Mapped "{[/api/fisher/{m}/{n}/{x}],methods=[GET],produces=[application/json]}" onto public org.springframework.http.ResponseEntity<org.restncs.Dto> org.restncs.NcsRest.fisher(java.lang.Integer,java.lang.Integer,java.lang.Double)
2024-12-08 15:27:29.553  INFO 64619 --- [           main] s.w.s.m.m.a.RequestMappingHandlerMapping : Mapped "{[/api/gammq/{a}/{x}],methods=[GET],produces=[application/json]}" onto public org.springframework.http.ResponseEntity<org.restncs.Dto> org.restncs.NcsRest.gammq(java.lang.Double,java.lang.Double)
2024-12-08 15:27:29.553  INFO 64619 --- [           main] s.w.s.m.m.a.RequestMappingHandlerMapping : Mapped "{[/api/remainder/{a}/{b}],methods=[GET],produces=[application/json]}" onto public org.springframework.http.ResponseEntity<org.restncs.Dto> org.restncs.NcsRest.remainder(java.lang.Integer,java.lang.Integer)
2024-12-08 15:27:29.555  INFO 64619 --- [           main] s.w.s.m.m.a.RequestMappingHandlerMapping : Mapped "{[/swagger-resources/configuration/ui]}" onto public org.springframework.http.ResponseEntity<springfox.documentation.swagger.web.UiConfiguration> springfox.documentation.swagger.web.ApiResourceController.uiConfiguration()
2024-12-08 15:27:29.555  INFO 64619 --- [           main] s.w.s.m.m.a.RequestMappingHandlerMapping : Mapped "{[/swagger-resources/configuration/security]}" onto public org.springframework.http.ResponseEntity<springfox.documentation.swagger.web.SecurityConfiguration> springfox.documentation.swagger.web.ApiResourceController.securityConfiguration()
2024-12-08 15:27:29.555  INFO 64619 --- [           main] s.w.s.m.m.a.RequestMappingHandlerMapping : Mapped "{[/swagger-resources]}" onto public org.springframework.http.ResponseEntity<java.util.List<springfox.documentation.swagger.web.SwaggerResource>> springfox.documentation.swagger.web.ApiResourceController.swaggerResources()
2024-12-08 15:27:29.557  INFO 64619 --- [           main] s.w.s.m.m.a.RequestMappingHandlerMapping : Mapped "{[/error],produces=[text/html]}" onto public org.springframework.web.servlet.ModelAndView org.springframework.boot.autoconfigure.web.servlet.error.BasicErrorController.errorHtml(javax.servlet.http.HttpServletRequest,javax.servlet.http.HttpServletResponse)
2024-12-08 15:27:29.557  INFO 64619 --- [           main] s.w.s.m.m.a.RequestMappingHandlerMapping : Mapped "{[/error]}" onto public org.springframework.http.ResponseEntity<java.util.Map<java.lang.String, java.lang.Object>> org.springframework.boot.autoconfigure.web.servlet.error.BasicErrorController.error(javax.servlet.http.HttpServletRequest)
2024-12-08 15:27:29.603  INFO 64619 --- [           main] pertySourcedRequestMappingHandlerMapping : Mapped URL path [/v2/api-docs] onto method [public org.springframework.http.ResponseEntity<springfox.documentation.spring.web.json.Json> springfox.documentation.swagger2.web.Swagger2Controller.getDocumentation(java.lang.String,javax.servlet.http.HttpServletRequest)]
2024-12-08 15:27:29.636  INFO 64619 --- [           main] o.s.w.s.handler.SimpleUrlHandlerMapping  : Mapped URL path [/**/favicon.ico] onto handler of type [class org.springframework.web.servlet.resource.ResourceHttpRequestHandler]
2024-12-08 15:27:29.717  INFO 64619 --- [           main] s.w.s.m.m.a.RequestMappingHandlerAdapter : Looking for @ControllerAdvice: org.springframework.boot.web.servlet.context.AnnotationConfigServletWebServerApplicationContext@4ce6b6fb: startup date [Sun Dec 08 15:27:29 BRT 2024]; root of context hierarchy
2024-12-08 15:27:29.733  INFO 64619 --- [           main] o.s.w.s.handler.SimpleUrlHandlerMapping  : Mapped URL path [/webjars/**] onto handler of type [class org.springframework.web.servlet.resource.ResourceHttpRequestHandler]
2024-12-08 15:27:29.734  INFO 64619 --- [           main] o.s.w.s.handler.SimpleUrlHandlerMapping  : Mapped URL path [/**] onto handler of type [class org.springframework.web.servlet.resource.ResourceHttpRequestHandler]
2024-12-08 15:27:29.813  INFO 64619 --- [           main] o.s.j.e.a.AnnotationMBeanExporter        : Registering beans for JMX exposure on startup
2024-12-08 15:27:29.816  INFO 64619 --- [           main] o.s.c.support.DefaultLifecycleProcessor  : Starting beans in phase 2147483647
2024-12-08 15:27:29.816  INFO 64619 --- [           main] d.s.w.p.DocumentationPluginsBootstrapper : Context refreshed
2024-12-08 15:27:29.817  INFO 64619 --- [           main] d.s.w.p.DocumentationPluginsBootstrapper : Found 1 custom documentation plugin(s)
2024-12-08 15:27:29.820  INFO 64619 --- [           main] s.d.s.w.s.ApiListingReferenceScanner     : Scanning for api listing references
2024-12-08 15:27:29.849  INFO 64619 --- [           main] o.s.b.w.embedded.tomcat.TomcatWebServer  : Tomcat started on port(s): 36263 (http) with context path ''
2024-12-08 15:27:29.850  INFO 64619 --- [           main] o.a.maven.surefire.booter.ForkedBooter   : Started ForkedBooter in 0.664 seconds (JVM running for 21.348)
2024-12-08 15:27:29.865  INFO 64619 --- [-auto-14-exec-1] o.a.c.c.C.[Tomcat-13].[localhost].[/]    : Initializing Spring FrameworkServlet 'dispatcherServlet'
2024-12-08 15:27:29.866  INFO 64619 --- [-auto-14-exec-1] o.s.web.servlet.DispatcherServlet        : FrameworkServlet 'dispatcherServlet': initialization started
2024-12-08 15:27:29.876  INFO 64619 --- [-auto-14-exec-1] o.s.web.servlet.DispatcherServlet        : FrameworkServlet 'dispatcherServlet': initialization completed in 10 ms
2024-12-08 15:27:29.989  INFO 64619 --- [           main] o.s.c.support.DefaultLifecycleProcessor  : Stopping beans in phase 2147483647
[[1;34mINFO[m] [1;32mTests run: [0;1;32m5[m, Failures: 0, Errors: 0, Skipped: 0, Time elapsed: 0.799 s - in org.restncs.[1mv3_gpt4turbo_run02_BessjTest[m
[[1;34mINFO[m] Running org.restncs.[1mv3_gpt4turbo_run03_BessjTest[m

  .   ____          _            __ _ _
 /\\ / ___'_ __ _ _(_)_ __  __ _ \ \ \ \
( ( )\___ | '_ | '_| | '_ \/ _` | \ \ \ \
 \\/  ___)| |_)| | | | | || (_| |  ) ) ) )
  '  |____| .__|_| |_|_| |_\__, | / / / /
 =========|_|==============|___/=/_/_/_/
 :: Spring Boot ::        (v2.0.3.RELEASE)

2024-12-08 15:27:30.010  INFO 64619 --- [           main] o.a.maven.surefire.booter.ForkedBooter   : Starting ForkedBooter v2.22.0 on IFTO-PROBOOK with PID 64619 (started by rincon in /media/rincon/63999417195/eclipse-workspace/EMB-master/jdk_8_maven/cs/rest/artificial/ncs)
2024-12-08 15:27:30.010  INFO 64619 --- [           main] o.a.maven.surefire.booter.ForkedBooter   : No active profile set, falling back to default profiles: default
2024-12-08 15:27:30.011  INFO 64619 --- [           main] ConfigServletWebServerApplicationContext : Refreshing org.springframework.boot.web.servlet.context.AnnotationConfigServletWebServerApplicationContext@582ac61f: startup date [Sun Dec 08 15:27:30 BRT 2024]; root of context hierarchy
2024-12-08 15:27:30.174  INFO 64619 --- [           main] f.a.AutowiredAnnotationBeanPostProcessor : JSR-330 'javax.inject.Inject' annotation found and supported for autowiring
2024-12-08 15:27:30.234  INFO 64619 --- [           main] o.s.b.w.embedded.tomcat.TomcatWebServer  : Tomcat initialized with port(s): 0 (http)
2024-12-08 15:27:30.235  INFO 64619 --- [           main] o.apache.catalina.core.StandardService   : Starting service [Tomcat]
2024-12-08 15:27:30.235  INFO 64619 --- [           main] org.apache.catalina.core.StandardEngine  : Starting Servlet Engine: Apache Tomcat/8.5.31
2024-12-08 15:27:30.239  INFO 64619 --- [ost-startStop-1] o.a.c.c.C.[Tomcat-14].[localhost].[/]    : Initializing Spring embedded WebApplicationContext
2024-12-08 15:27:30.239  INFO 64619 --- [ost-startStop-1] o.s.web.context.ContextLoader            : Root WebApplicationContext: initialization completed in 228 ms
2024-12-08 15:27:30.279  INFO 64619 --- [ost-startStop-1] o.s.b.w.servlet.ServletRegistrationBean  : Servlet dispatcherServlet mapped to [/]
2024-12-08 15:27:30.280  INFO 64619 --- [ost-startStop-1] o.s.b.w.servlet.FilterRegistrationBean   : Mapping filter: 'characterEncodingFilter' to: [/*]
2024-12-08 15:27:30.280  INFO 64619 --- [ost-startStop-1] o.s.b.w.servlet.FilterRegistrationBean   : Mapping filter: 'hiddenHttpMethodFilter' to: [/*]
2024-12-08 15:27:30.280  INFO 64619 --- [ost-startStop-1] o.s.b.w.servlet.FilterRegistrationBean   : Mapping filter: 'httpPutFormContentFilter' to: [/*]
2024-12-08 15:27:30.280  INFO 64619 --- [ost-startStop-1] o.s.b.w.servlet.FilterRegistrationBean   : Mapping filter: 'requestContextFilter' to: [/*]
2024-12-08 15:27:30.368  INFO 64619 --- [           main] s.w.s.m.m.a.RequestMappingHandlerMapping : Mapped "{[/api/triangle/{a}/{b}/{c}],methods=[GET],produces=[application/json]}" onto public org.springframework.http.ResponseEntity<org.restncs.Dto> org.restncs.NcsRest.checkTriangle(java.lang.Integer,java.lang.Integer,java.lang.Integer)
2024-12-08 15:27:30.368  INFO 64619 --- [           main] s.w.s.m.m.a.RequestMappingHandlerMapping : Mapped "{[/api/bessj/{n}/{x}],methods=[GET],produces=[application/json]}" onto public org.springframework.http.ResponseEntity<org.restncs.Dto> org.restncs.NcsRest.bessj(java.lang.Integer,java.lang.Double)
2024-12-08 15:27:30.368  INFO 64619 --- [           main] s.w.s.m.m.a.RequestMappingHandlerMapping : Mapped "{[/api/expint/{n}/{x}],methods=[GET],produces=[application/json]}" onto public org.springframework.http.ResponseEntity<org.restncs.Dto> org.restncs.NcsRest.expint(java.lang.Integer,java.lang.Double)
2024-12-08 15:27:30.368  INFO 64619 --- [           main] s.w.s.m.m.a.RequestMappingHandlerMapping : Mapped "{[/api/fisher/{m}/{n}/{x}],methods=[GET],produces=[application/json]}" onto public org.springframework.http.ResponseEntity<org.restncs.Dto> org.restncs.NcsRest.fisher(java.lang.Integer,java.lang.Integer,java.lang.Double)
2024-12-08 15:27:30.368  INFO 64619 --- [           main] s.w.s.m.m.a.RequestMappingHandlerMapping : Mapped "{[/api/gammq/{a}/{x}],methods=[GET],produces=[application/json]}" onto public org.springframework.http.ResponseEntity<org.restncs.Dto> org.restncs.NcsRest.gammq(java.lang.Double,java.lang.Double)
2024-12-08 15:27:30.368  INFO 64619 --- [           main] s.w.s.m.m.a.RequestMappingHandlerMapping : Mapped "{[/api/remainder/{a}/{b}],methods=[GET],produces=[application/json]}" onto public org.springframework.http.ResponseEntity<org.restncs.Dto> org.restncs.NcsRest.remainder(java.lang.Integer,java.lang.Integer)
2024-12-08 15:27:30.370  INFO 64619 --- [           main] s.w.s.m.m.a.RequestMappingHandlerMapping : Mapped "{[/swagger-resources/configuration/ui]}" onto public org.springframework.http.ResponseEntity<springfox.documentation.swagger.web.UiConfiguration> springfox.documentation.swagger.web.ApiResourceController.uiConfiguration()
2024-12-08 15:27:30.370  INFO 64619 --- [           main] s.w.s.m.m.a.RequestMappingHandlerMapping : Mapped "{[/swagger-resources/configuration/security]}" onto public org.springframework.http.ResponseEntity<springfox.documentation.swagger.web.SecurityConfiguration> springfox.documentation.swagger.web.ApiResourceController.securityConfiguration()
2024-12-08 15:27:30.371  INFO 64619 --- [           main] s.w.s.m.m.a.RequestMappingHandlerMapping : Mapped "{[/swagger-resources]}" onto public org.springframework.http.ResponseEntity<java.util.List<springfox.documentation.swagger.web.SwaggerResource>> springfox.documentation.swagger.web.ApiResourceController.swaggerResources()
2024-12-08 15:27:30.372  INFO 64619 --- [           main] s.w.s.m.m.a.RequestMappingHandlerMapping : Mapped "{[/error],produces=[text/html]}" onto public org.springframework.web.servlet.ModelAndView org.springframework.boot.autoconfigure.web.servlet.error.BasicErrorController.errorHtml(javax.servlet.http.HttpServletRequest,javax.servlet.http.HttpServletResponse)
2024-12-08 15:27:30.373  INFO 64619 --- [           main] s.w.s.m.m.a.RequestMappingHandlerMapping : Mapped "{[/error]}" onto public org.springframework.http.ResponseEntity<java.util.Map<java.lang.String, java.lang.Object>> org.springframework.boot.autoconfigure.web.servlet.error.BasicErrorController.error(javax.servlet.http.HttpServletRequest)
2024-12-08 15:27:30.423  INFO 64619 --- [           main] pertySourcedRequestMappingHandlerMapping : Mapped URL path [/v2/api-docs] onto method [public org.springframework.http.ResponseEntity<springfox.documentation.spring.web.json.Json> springfox.documentation.swagger2.web.Swagger2Controller.getDocumentation(java.lang.String,javax.servlet.http.HttpServletRequest)]
2024-12-08 15:27:30.452  INFO 64619 --- [           main] o.s.w.s.handler.SimpleUrlHandlerMapping  : Mapped URL path [/**/favicon.ico] onto handler of type [class org.springframework.web.servlet.resource.ResourceHttpRequestHandler]
2024-12-08 15:27:30.488  INFO 64619 --- [           main] s.w.s.m.m.a.RequestMappingHandlerAdapter : Looking for @ControllerAdvice: org.springframework.boot.web.servlet.context.AnnotationConfigServletWebServerApplicationContext@582ac61f: startup date [Sun Dec 08 15:27:30 BRT 2024]; root of context hierarchy
2024-12-08 15:27:30.498  INFO 64619 --- [           main] o.s.w.s.handler.SimpleUrlHandlerMapping  : Mapped URL path [/webjars/**] onto handler of type [class org.springframework.web.servlet.resource.ResourceHttpRequestHandler]
2024-12-08 15:27:30.498  INFO 64619 --- [           main] o.s.w.s.handler.SimpleUrlHandlerMapping  : Mapped URL path [/**] onto handler of type [class org.springframework.web.servlet.resource.ResourceHttpRequestHandler]
2024-12-08 15:27:30.570  INFO 64619 --- [           main] o.s.j.e.a.AnnotationMBeanExporter        : Registering beans for JMX exposure on startup
2024-12-08 15:27:30.573  INFO 64619 --- [           main] o.s.c.support.DefaultLifecycleProcessor  : Starting beans in phase 2147483647
2024-12-08 15:27:30.573  INFO 64619 --- [           main] d.s.w.p.DocumentationPluginsBootstrapper : Context refreshed
2024-12-08 15:27:30.574  INFO 64619 --- [           main] d.s.w.p.DocumentationPluginsBootstrapper : Found 1 custom documentation plugin(s)
2024-12-08 15:27:30.577  INFO 64619 --- [           main] s.d.s.w.s.ApiListingReferenceScanner     : Scanning for api listing references
2024-12-08 15:27:30.606  INFO 64619 --- [           main] o.s.b.w.embedded.tomcat.TomcatWebServer  : Tomcat started on port(s): 42511 (http) with context path ''
2024-12-08 15:27:30.608  INFO 64619 --- [           main] o.a.maven.surefire.booter.ForkedBooter   : Started ForkedBooter in 0.616 seconds (JVM running for 22.106)
2024-12-08 15:27:30.638  INFO 64619 --- [-auto-15-exec-1] o.a.c.c.C.[Tomcat-14].[localhost].[/]    : Initializing Spring FrameworkServlet 'dispatcherServlet'
2024-12-08 15:27:30.638  INFO 64619 --- [-auto-15-exec-1] o.s.web.servlet.DispatcherServlet        : FrameworkServlet 'dispatcherServlet': initialization started
2024-12-08 15:27:30.650  INFO 64619 --- [-auto-15-exec-1] o.s.web.servlet.DispatcherServlet        : FrameworkServlet 'dispatcherServlet': initialization completed in 11 ms
Request method:	GET
Request URI:	http://localhost:42511/api/bessj/1/5.0
Proxy:			<none>
Request params:	<none>
Query params:	<none>
Form params:	<none>
Path params:	<none>
Headers:		Accept=*/*
Cookies:		<none>
Multiparts:		<none>
Body:			<none>

HTTP/1.1 400 
Content-Length: 0
Date: Sun, 08 Dec 2024 18:27:30 GMT
Connection: close
2024-12-08 15:27:30.749  INFO 64619 --- [           main] o.s.c.support.DefaultLifecycleProcessor  : Stopping beans in phase 2147483647
[[1;31mERROR[m] [1;31mTests [0;1mrun: [0;1m5[m, [1;31mFailures: [0;1;31m1[m, Errors: 0, Skipped: 0, Time elapsed: 0.757 s[1;31m <<< FAILURE![m - in org.restncs.[1mv3_gpt4turbo_run03_BessjTest[m
[[1;31mERROR[m] testBessjNLessThan2ThrowsError(org.restncs.v3_gpt4turbo_run03_BessjTest)  Time elapsed: 0.047 s  <<< FAILURE!
java.lang.AssertionError: 
1 expectation failed.
Expected status code <500> but was <400>.

	at org.restncs.v3_gpt4turbo_run03_BessjTest.testBessjNLessThan2ThrowsError(v3_gpt4turbo_run03_BessjTest.java:77)

[[1;34mINFO[m] Running org.restncs.[1mv3_gpt4turbo_run03_GammqTest[m

  .   ____          _            __ _ _
 /\\ / ___'_ __ _ _(_)_ __  __ _ \ \ \ \
( ( )\___ | '_ | '_| | '_ \/ _` | \ \ \ \
 \\/  ___)| |_)| | | | | || (_| |  ) ) ) )
  '  |____| .__|_| |_|_| |_\__, | / / / /
 =========|_|==============|___/=/_/_/_/
 :: Spring Boot ::        (v2.0.3.RELEASE)

2024-12-08 15:27:30.775  INFO 64619 --- [           main] o.a.maven.surefire.booter.ForkedBooter   : Starting ForkedBooter v2.22.0 on IFTO-PROBOOK with PID 64619 (started by rincon in /media/rincon/63999417195/eclipse-workspace/EMB-master/jdk_8_maven/cs/rest/artificial/ncs)
2024-12-08 15:27:30.776  INFO 64619 --- [           main] o.a.maven.surefire.booter.ForkedBooter   : No active profile set, falling back to default profiles: default
2024-12-08 15:27:30.778  INFO 64619 --- [           main] ConfigServletWebServerApplicationContext : Refreshing org.springframework.boot.web.servlet.context.AnnotationConfigServletWebServerApplicationContext@5caf5a85: startup date [Sun Dec 08 15:27:30 BRT 2024]; root of context hierarchy
2024-12-08 15:27:30.961  INFO 64619 --- [           main] f.a.AutowiredAnnotationBeanPostProcessor : JSR-330 'javax.inject.Inject' annotation found and supported for autowiring
2024-12-08 15:27:31.028  INFO 64619 --- [           main] o.s.b.w.embedded.tomcat.TomcatWebServer  : Tomcat initialized with port(s): 0 (http)
2024-12-08 15:27:31.030  INFO 64619 --- [           main] o.apache.catalina.core.StandardService   : Starting service [Tomcat]
2024-12-08 15:27:31.030  INFO 64619 --- [           main] org.apache.catalina.core.StandardEngine  : Starting Servlet Engine: Apache Tomcat/8.5.31
2024-12-08 15:27:31.034  INFO 64619 --- [ost-startStop-1] o.a.c.c.C.[Tomcat-15].[localhost].[/]    : Initializing Spring embedded WebApplicationContext
2024-12-08 15:27:31.035  INFO 64619 --- [ost-startStop-1] o.s.web.context.ContextLoader            : Root WebApplicationContext: initialization completed in 257 ms
2024-12-08 15:27:31.082  INFO 64619 --- [ost-startStop-1] o.s.b.w.servlet.ServletRegistrationBean  : Servlet dispatcherServlet mapped to [/]
2024-12-08 15:27:31.083  INFO 64619 --- [ost-startStop-1] o.s.b.w.servlet.FilterRegistrationBean   : Mapping filter: 'characterEncodingFilter' to: [/*]
2024-12-08 15:27:31.083  INFO 64619 --- [ost-startStop-1] o.s.b.w.servlet.FilterRegistrationBean   : Mapping filter: 'hiddenHttpMethodFilter' to: [/*]
2024-12-08 15:27:31.083  INFO 64619 --- [ost-startStop-1] o.s.b.w.servlet.FilterRegistrationBean   : Mapping filter: 'httpPutFormContentFilter' to: [/*]
2024-12-08 15:27:31.083  INFO 64619 --- [ost-startStop-1] o.s.b.w.servlet.FilterRegistrationBean   : Mapping filter: 'requestContextFilter' to: [/*]
2024-12-08 15:27:31.216  INFO 64619 --- [           main] s.w.s.m.m.a.RequestMappingHandlerMapping : Mapped "{[/api/triangle/{a}/{b}/{c}],methods=[GET],produces=[application/json]}" onto public org.springframework.http.ResponseEntity<org.restncs.Dto> org.restncs.NcsRest.checkTriangle(java.lang.Integer,java.lang.Integer,java.lang.Integer)
2024-12-08 15:27:31.216  INFO 64619 --- [           main] s.w.s.m.m.a.RequestMappingHandlerMapping : Mapped "{[/api/bessj/{n}/{x}],methods=[GET],produces=[application/json]}" onto public org.springframework.http.ResponseEntity<org.restncs.Dto> org.restncs.NcsRest.bessj(java.lang.Integer,java.lang.Double)
2024-12-08 15:27:31.216  INFO 64619 --- [           main] s.w.s.m.m.a.RequestMappingHandlerMapping : Mapped "{[/api/expint/{n}/{x}],methods=[GET],produces=[application/json]}" onto public org.springframework.http.ResponseEntity<org.restncs.Dto> org.restncs.NcsRest.expint(java.lang.Integer,java.lang.Double)
2024-12-08 15:27:31.216  INFO 64619 --- [           main] s.w.s.m.m.a.RequestMappingHandlerMapping : Mapped "{[/api/fisher/{m}/{n}/{x}],methods=[GET],produces=[application/json]}" onto public org.springframework.http.ResponseEntity<org.restncs.Dto> org.restncs.NcsRest.fisher(java.lang.Integer,java.lang.Integer,java.lang.Double)
2024-12-08 15:27:31.216  INFO 64619 --- [           main] s.w.s.m.m.a.RequestMappingHandlerMapping : Mapped "{[/api/gammq/{a}/{x}],methods=[GET],produces=[application/json]}" onto public org.springframework.http.ResponseEntity<org.restncs.Dto> org.restncs.NcsRest.gammq(java.lang.Double,java.lang.Double)
2024-12-08 15:27:31.217  INFO 64619 --- [           main] s.w.s.m.m.a.RequestMappingHandlerMapping : Mapped "{[/api/remainder/{a}/{b}],methods=[GET],produces=[application/json]}" onto public org.springframework.http.ResponseEntity<org.restncs.Dto> org.restncs.NcsRest.remainder(java.lang.Integer,java.lang.Integer)
2024-12-08 15:27:31.218  INFO 64619 --- [           main] s.w.s.m.m.a.RequestMappingHandlerMapping : Mapped "{[/swagger-resources/configuration/ui]}" onto public org.springframework.http.ResponseEntity<springfox.documentation.swagger.web.UiConfiguration> springfox.documentation.swagger.web.ApiResourceController.uiConfiguration()
2024-12-08 15:27:31.218  INFO 64619 --- [           main] s.w.s.m.m.a.RequestMappingHandlerMapping : Mapped "{[/swagger-resources/configuration/security]}" onto public org.springframework.http.ResponseEntity<springfox.documentation.swagger.web.SecurityConfiguration> springfox.documentation.swagger.web.ApiResourceController.securityConfiguration()
2024-12-08 15:27:31.219  INFO 64619 --- [           main] s.w.s.m.m.a.RequestMappingHandlerMapping : Mapped "{[/swagger-resources]}" onto public org.springframework.http.ResponseEntity<java.util.List<springfox.documentation.swagger.web.SwaggerResource>> springfox.documentation.swagger.web.ApiResourceController.swaggerResources()
2024-12-08 15:27:31.220  INFO 64619 --- [           main] s.w.s.m.m.a.RequestMappingHandlerMapping : Mapped "{[/error],produces=[text/html]}" onto public org.springframework.web.servlet.ModelAndView org.springframework.boot.autoconfigure.web.servlet.error.BasicErrorController.errorHtml(javax.servlet.http.HttpServletRequest,javax.servlet.http.HttpServletResponse)
2024-12-08 15:27:31.220  INFO 64619 --- [           main] s.w.s.m.m.a.RequestMappingHandlerMapping : Mapped "{[/error]}" onto public org.springframework.http.ResponseEntity<java.util.Map<java.lang.String, java.lang.Object>> org.springframework.boot.autoconfigure.web.servlet.error.BasicErrorController.error(javax.servlet.http.HttpServletRequest)
2024-12-08 15:27:31.272  INFO 64619 --- [           main] pertySourcedRequestMappingHandlerMapping : Mapped URL path [/v2/api-docs] onto method [public org.springframework.http.ResponseEntity<springfox.documentation.spring.web.json.Json> springfox.documentation.swagger2.web.Swagger2Controller.getDocumentation(java.lang.String,javax.servlet.http.HttpServletRequest)]
2024-12-08 15:27:31.303  INFO 64619 --- [           main] o.s.w.s.handler.SimpleUrlHandlerMapping  : Mapped URL path [/**/favicon.ico] onto handler of type [class org.springframework.web.servlet.resource.ResourceHttpRequestHandler]
2024-12-08 15:27:31.343  INFO 64619 --- [           main] s.w.s.m.m.a.RequestMappingHandlerAdapter : Looking for @ControllerAdvice: org.springframework.boot.web.servlet.context.AnnotationConfigServletWebServerApplicationContext@5caf5a85: startup date [Sun Dec 08 15:27:30 BRT 2024]; root of context hierarchy
2024-12-08 15:27:31.357  INFO 64619 --- [           main] o.s.w.s.handler.SimpleUrlHandlerMapping  : Mapped URL path [/webjars/**] onto handler of type [class org.springframework.web.servlet.resource.ResourceHttpRequestHandler]
2024-12-08 15:27:31.357  INFO 64619 --- [           main] o.s.w.s.handler.SimpleUrlHandlerMapping  : Mapped URL path [/**] onto handler of type [class org.springframework.web.servlet.resource.ResourceHttpRequestHandler]
2024-12-08 15:27:31.414  INFO 64619 --- [           main] o.s.j.e.a.AnnotationMBeanExporter        : Registering beans for JMX exposure on startup
2024-12-08 15:27:31.416  INFO 64619 --- [           main] o.s.c.support.DefaultLifecycleProcessor  : Starting beans in phase 2147483647
2024-12-08 15:27:31.416  INFO 64619 --- [           main] d.s.w.p.DocumentationPluginsBootstrapper : Context refreshed
2024-12-08 15:27:31.417  INFO 64619 --- [           main] d.s.w.p.DocumentationPluginsBootstrapper : Found 1 custom documentation plugin(s)
2024-12-08 15:27:31.420  INFO 64619 --- [           main] s.d.s.w.s.ApiListingReferenceScanner     : Scanning for api listing references
2024-12-08 15:27:31.445  INFO 64619 --- [           main] o.s.b.w.embedded.tomcat.TomcatWebServer  : Tomcat started on port(s): 36657 (http) with context path ''
2024-12-08 15:27:31.446  INFO 64619 --- [           main] o.a.maven.surefire.booter.ForkedBooter   : Started ForkedBooter in 0.692 seconds (JVM running for 22.944)
2024-12-08 15:27:31.459  INFO 64619 --- [-auto-16-exec-1] o.a.c.c.C.[Tomcat-15].[localhost].[/]    : Initializing Spring FrameworkServlet 'dispatcherServlet'
2024-12-08 15:27:31.459  INFO 64619 --- [-auto-16-exec-1] o.s.web.servlet.DispatcherServlet        : FrameworkServlet 'dispatcherServlet': initialization started
2024-12-08 15:27:31.471  INFO 64619 --- [-auto-16-exec-1] o.s.web.servlet.DispatcherServlet        : FrameworkServlet 'dispatcherServlet': initialization completed in 12 ms
2024-12-08 15:27:31.530  INFO 64619 --- [           main] o.s.c.support.DefaultLifecycleProcessor  : Stopping beans in phase 2147483647
[[1;34mINFO[m] [1;32mTests run: [0;1;32m4[m, Failures: 0, Errors: 0, Skipped: 0, Time elapsed: 0.776 s - in org.restncs.[1mv3_gpt4turbo_run03_GammqTest[m
[[1;34mINFO[m] Running org.restncs.[1mv3_gpt4turbo_run01_GammqTest[m

  .   ____          _            __ _ _
 /\\ / ___'_ __ _ _(_)_ __  __ _ \ \ \ \
( ( )\___ | '_ | '_| | '_ \/ _` | \ \ \ \
 \\/  ___)| |_)| | | | | || (_| |  ) ) ) )
  '  |____| .__|_| |_|_| |_\__, | / / / /
 =========|_|==============|___/=/_/_/_/
 :: Spring Boot ::        (v2.0.3.RELEASE)

2024-12-08 15:27:31.548  INFO 64619 --- [           main] o.a.maven.surefire.booter.ForkedBooter   : Starting ForkedBooter v2.22.0 on IFTO-PROBOOK with PID 64619 (started by rincon in /media/rincon/63999417195/eclipse-workspace/EMB-master/jdk_8_maven/cs/rest/artificial/ncs)
2024-12-08 15:27:31.548  INFO 64619 --- [           main] o.a.maven.surefire.booter.ForkedBooter   : No active profile set, falling back to default profiles: default
2024-12-08 15:27:31.549  INFO 64619 --- [           main] ConfigServletWebServerApplicationContext : Refreshing org.springframework.boot.web.servlet.context.AnnotationConfigServletWebServerApplicationContext@82501d: startup date [Sun Dec 08 15:27:31 BRT 2024]; root of context hierarchy
2024-12-08 15:27:31.703  INFO 64619 --- [           main] f.a.AutowiredAnnotationBeanPostProcessor : JSR-330 'javax.inject.Inject' annotation found and supported for autowiring
2024-12-08 15:27:31.768  INFO 64619 --- [           main] o.s.b.w.embedded.tomcat.TomcatWebServer  : Tomcat initialized with port(s): 0 (http)
2024-12-08 15:27:31.769  INFO 64619 --- [           main] o.apache.catalina.core.StandardService   : Starting service [Tomcat]
2024-12-08 15:27:31.769  INFO 64619 --- [           main] org.apache.catalina.core.StandardEngine  : Starting Servlet Engine: Apache Tomcat/8.5.31
2024-12-08 15:27:31.773  INFO 64619 --- [ost-startStop-1] o.a.c.c.C.[Tomcat-16].[localhost].[/]    : Initializing Spring embedded WebApplicationContext
2024-12-08 15:27:31.773  INFO 64619 --- [ost-startStop-1] o.s.web.context.ContextLoader            : Root WebApplicationContext: initialization completed in 224 ms
2024-12-08 15:27:31.827  INFO 64619 --- [ost-startStop-1] o.s.b.w.servlet.ServletRegistrationBean  : Servlet dispatcherServlet mapped to [/]
2024-12-08 15:27:31.828  INFO 64619 --- [ost-startStop-1] o.s.b.w.servlet.FilterRegistrationBean   : Mapping filter: 'characterEncodingFilter' to: [/*]
2024-12-08 15:27:31.828  INFO 64619 --- [ost-startStop-1] o.s.b.w.servlet.FilterRegistrationBean   : Mapping filter: 'hiddenHttpMethodFilter' to: [/*]
2024-12-08 15:27:31.828  INFO 64619 --- [ost-startStop-1] o.s.b.w.servlet.FilterRegistrationBean   : Mapping filter: 'httpPutFormContentFilter' to: [/*]
2024-12-08 15:27:31.828  INFO 64619 --- [ost-startStop-1] o.s.b.w.servlet.FilterRegistrationBean   : Mapping filter: 'requestContextFilter' to: [/*]
2024-12-08 15:27:31.937  INFO 64619 --- [           main] s.w.s.m.m.a.RequestMappingHandlerMapping : Mapped "{[/api/triangle/{a}/{b}/{c}],methods=[GET],produces=[application/json]}" onto public org.springframework.http.ResponseEntity<org.restncs.Dto> org.restncs.NcsRest.checkTriangle(java.lang.Integer,java.lang.Integer,java.lang.Integer)
2024-12-08 15:27:31.937  INFO 64619 --- [           main] s.w.s.m.m.a.RequestMappingHandlerMapping : Mapped "{[/api/bessj/{n}/{x}],methods=[GET],produces=[application/json]}" onto public org.springframework.http.ResponseEntity<org.restncs.Dto> org.restncs.NcsRest.bessj(java.lang.Integer,java.lang.Double)
2024-12-08 15:27:31.938  INFO 64619 --- [           main] s.w.s.m.m.a.RequestMappingHandlerMapping : Mapped "{[/api/expint/{n}/{x}],methods=[GET],produces=[application/json]}" onto public org.springframework.http.ResponseEntity<org.restncs.Dto> org.restncs.NcsRest.expint(java.lang.Integer,java.lang.Double)
2024-12-08 15:27:31.938  INFO 64619 --- [           main] s.w.s.m.m.a.RequestMappingHandlerMapping : Mapped "{[/api/fisher/{m}/{n}/{x}],methods=[GET],produces=[application/json]}" onto public org.springframework.http.ResponseEntity<org.restncs.Dto> org.restncs.NcsRest.fisher(java.lang.Integer,java.lang.Integer,java.lang.Double)
2024-12-08 15:27:31.938  INFO 64619 --- [           main] s.w.s.m.m.a.RequestMappingHandlerMapping : Mapped "{[/api/gammq/{a}/{x}],methods=[GET],produces=[application/json]}" onto public org.springframework.http.ResponseEntity<org.restncs.Dto> org.restncs.NcsRest.gammq(java.lang.Double,java.lang.Double)
2024-12-08 15:27:31.938  INFO 64619 --- [           main] s.w.s.m.m.a.RequestMappingHandlerMapping : Mapped "{[/api/remainder/{a}/{b}],methods=[GET],produces=[application/json]}" onto public org.springframework.http.ResponseEntity<org.restncs.Dto> org.restncs.NcsRest.remainder(java.lang.Integer,java.lang.Integer)
2024-12-08 15:27:31.940  INFO 64619 --- [           main] s.w.s.m.m.a.RequestMappingHandlerMapping : Mapped "{[/swagger-resources/configuration/ui]}" onto public org.springframework.http.ResponseEntity<springfox.documentation.swagger.web.UiConfiguration> springfox.documentation.swagger.web.ApiResourceController.uiConfiguration()
2024-12-08 15:27:31.940  INFO 64619 --- [           main] s.w.s.m.m.a.RequestMappingHandlerMapping : Mapped "{[/swagger-resources/configuration/security]}" onto public org.springframework.http.ResponseEntity<springfox.documentation.swagger.web.SecurityConfiguration> springfox.documentation.swagger.web.ApiResourceController.securityConfiguration()
2024-12-08 15:27:31.940  INFO 64619 --- [           main] s.w.s.m.m.a.RequestMappingHandlerMapping : Mapped "{[/swagger-resources]}" onto public org.springframework.http.ResponseEntity<java.util.List<springfox.documentation.swagger.web.SwaggerResource>> springfox.documentation.swagger.web.ApiResourceController.swaggerResources()
2024-12-08 15:27:31.942  INFO 64619 --- [           main] s.w.s.m.m.a.RequestMappingHandlerMapping : Mapped "{[/error],produces=[text/html]}" onto public org.springframework.web.servlet.ModelAndView org.springframework.boot.autoconfigure.web.servlet.error.BasicErrorController.errorHtml(javax.servlet.http.HttpServletRequest,javax.servlet.http.HttpServletResponse)
2024-12-08 15:27:31.942  INFO 64619 --- [           main] s.w.s.m.m.a.RequestMappingHandlerMapping : Mapped "{[/error]}" onto public org.springframework.http.ResponseEntity<java.util.Map<java.lang.String, java.lang.Object>> org.springframework.boot.autoconfigure.web.servlet.error.BasicErrorController.error(javax.servlet.http.HttpServletRequest)
2024-12-08 15:27:31.995  INFO 64619 --- [           main] pertySourcedRequestMappingHandlerMapping : Mapped URL path [/v2/api-docs] onto method [public org.springframework.http.ResponseEntity<springfox.documentation.spring.web.json.Json> springfox.documentation.swagger2.web.Swagger2Controller.getDocumentation(java.lang.String,javax.servlet.http.HttpServletRequest)]
2024-12-08 15:27:32.025  INFO 64619 --- [           main] o.s.w.s.handler.SimpleUrlHandlerMapping  : Mapped URL path [/**/favicon.ico] onto handler of type [class org.springframework.web.servlet.resource.ResourceHttpRequestHandler]
2024-12-08 15:27:32.065  INFO 64619 --- [           main] s.w.s.m.m.a.RequestMappingHandlerAdapter : Looking for @ControllerAdvice: org.springframework.boot.web.servlet.context.AnnotationConfigServletWebServerApplicationContext@82501d: startup date [Sun Dec 08 15:27:31 BRT 2024]; root of context hierarchy
2024-12-08 15:27:32.076  INFO 64619 --- [           main] o.s.w.s.handler.SimpleUrlHandlerMapping  : Mapped URL path [/webjars/**] onto handler of type [class org.springframework.web.servlet.resource.ResourceHttpRequestHandler]
2024-12-08 15:27:32.076  INFO 64619 --- [           main] o.s.w.s.handler.SimpleUrlHandlerMapping  : Mapped URL path [/**] onto handler of type [class org.springframework.web.servlet.resource.ResourceHttpRequestHandler]
2024-12-08 15:27:32.124  INFO 64619 --- [           main] o.s.j.e.a.AnnotationMBeanExporter        : Registering beans for JMX exposure on startup
2024-12-08 15:27:32.126  INFO 64619 --- [           main] o.s.c.support.DefaultLifecycleProcessor  : Starting beans in phase 2147483647
2024-12-08 15:27:32.126  INFO 64619 --- [           main] d.s.w.p.DocumentationPluginsBootstrapper : Context refreshed
2024-12-08 15:27:32.127  INFO 64619 --- [           main] d.s.w.p.DocumentationPluginsBootstrapper : Found 1 custom documentation plugin(s)
2024-12-08 15:27:32.130  INFO 64619 --- [           main] s.d.s.w.s.ApiListingReferenceScanner     : Scanning for api listing references
2024-12-08 15:27:32.151  INFO 64619 --- [           main] o.s.b.w.embedded.tomcat.TomcatWebServer  : Tomcat started on port(s): 33897 (http) with context path ''
2024-12-08 15:27:32.152  INFO 64619 --- [           main] o.a.maven.surefire.booter.ForkedBooter   : Started ForkedBooter in 0.62 seconds (JVM running for 23.65)
2024-12-08 15:27:32.164  INFO 64619 --- [-auto-17-exec-1] o.a.c.c.C.[Tomcat-16].[localhost].[/]    : Initializing Spring FrameworkServlet 'dispatcherServlet'
2024-12-08 15:27:32.165  INFO 64619 --- [-auto-17-exec-1] o.s.web.servlet.DispatcherServlet        : FrameworkServlet 'dispatcherServlet': initialization started
2024-12-08 15:27:32.172  INFO 64619 --- [-auto-17-exec-1] o.s.web.servlet.DispatcherServlet        : FrameworkServlet 'dispatcherServlet': initialization completed in 7 ms
2024-12-08 15:27:32.236  INFO 64619 --- [           main] o.s.c.support.DefaultLifecycleProcessor  : Stopping beans in phase 2147483647
[[1;34mINFO[m] [1;32mTests run: [0;1;32m4[m, Failures: 0, Errors: 0, Skipped: 0, Time elapsed: 0.704 s - in org.restncs.[1mv3_gpt4turbo_run01_GammqTest[m
[[1;34mINFO[m] Running org.restncs.[1mv3_gpt4turbo_run01_ExpintTest[m

  .   ____          _            __ _ _
 /\\ / ___'_ __ _ _(_)_ __  __ _ \ \ \ \
( ( )\___ | '_ | '_| | '_ \/ _` | \ \ \ \
 \\/  ___)| |_)| | | | | || (_| |  ) ) ) )
  '  |____| .__|_| |_|_| |_\__, | / / / /
 =========|_|==============|___/=/_/_/_/
 :: Spring Boot ::        (v2.0.3.RELEASE)

2024-12-08 15:27:32.247  INFO 64619 --- [           main] o.a.maven.surefire.booter.ForkedBooter   : Starting ForkedBooter v2.22.0 on IFTO-PROBOOK with PID 64619 (started by rincon in /media/rincon/63999417195/eclipse-workspace/EMB-master/jdk_8_maven/cs/rest/artificial/ncs)
2024-12-08 15:27:32.247  INFO 64619 --- [           main] o.a.maven.surefire.booter.ForkedBooter   : No active profile set, falling back to default profiles: default
2024-12-08 15:27:32.249  INFO 64619 --- [           main] ConfigServletWebServerApplicationContext : Refreshing org.springframework.boot.web.servlet.context.AnnotationConfigServletWebServerApplicationContext@5ae4fe0f: startup date [Sun Dec 08 15:27:32 BRT 2024]; root of context hierarchy
2024-12-08 15:27:32.399  INFO 64619 --- [           main] f.a.AutowiredAnnotationBeanPostProcessor : JSR-330 'javax.inject.Inject' annotation found and supported for autowiring
2024-12-08 15:27:32.450  INFO 64619 --- [           main] o.s.b.w.embedded.tomcat.TomcatWebServer  : Tomcat initialized with port(s): 0 (http)
2024-12-08 15:27:32.451  INFO 64619 --- [           main] o.apache.catalina.core.StandardService   : Starting service [Tomcat]
2024-12-08 15:27:32.451  INFO 64619 --- [           main] org.apache.catalina.core.StandardEngine  : Starting Servlet Engine: Apache Tomcat/8.5.31
2024-12-08 15:27:32.455  INFO 64619 --- [ost-startStop-1] o.a.c.c.C.[Tomcat-17].[localhost].[/]    : Initializing Spring embedded WebApplicationContext
2024-12-08 15:27:32.455  INFO 64619 --- [ost-startStop-1] o.s.web.context.ContextLoader            : Root WebApplicationContext: initialization completed in 206 ms
2024-12-08 15:27:32.494  INFO 64619 --- [ost-startStop-1] o.s.b.w.servlet.ServletRegistrationBean  : Servlet dispatcherServlet mapped to [/]
2024-12-08 15:27:32.495  INFO 64619 --- [ost-startStop-1] o.s.b.w.servlet.FilterRegistrationBean   : Mapping filter: 'characterEncodingFilter' to: [/*]
2024-12-08 15:27:32.495  INFO 64619 --- [ost-startStop-1] o.s.b.w.servlet.FilterRegistrationBean   : Mapping filter: 'hiddenHttpMethodFilter' to: [/*]
2024-12-08 15:27:32.495  INFO 64619 --- [ost-startStop-1] o.s.b.w.servlet.FilterRegistrationBean   : Mapping filter: 'httpPutFormContentFilter' to: [/*]
2024-12-08 15:27:32.495  INFO 64619 --- [ost-startStop-1] o.s.b.w.servlet.FilterRegistrationBean   : Mapping filter: 'requestContextFilter' to: [/*]
2024-12-08 15:27:32.583  INFO 64619 --- [           main] s.w.s.m.m.a.RequestMappingHandlerMapping : Mapped "{[/api/triangle/{a}/{b}/{c}],methods=[GET],produces=[application/json]}" onto public org.springframework.http.ResponseEntity<org.restncs.Dto> org.restncs.NcsRest.checkTriangle(java.lang.Integer,java.lang.Integer,java.lang.Integer)
2024-12-08 15:27:32.584  INFO 64619 --- [           main] s.w.s.m.m.a.RequestMappingHandlerMapping : Mapped "{[/api/bessj/{n}/{x}],methods=[GET],produces=[application/json]}" onto public org.springframework.http.ResponseEntity<org.restncs.Dto> org.restncs.NcsRest.bessj(java.lang.Integer,java.lang.Double)
2024-12-08 15:27:32.584  INFO 64619 --- [           main] s.w.s.m.m.a.RequestMappingHandlerMapping : Mapped "{[/api/expint/{n}/{x}],methods=[GET],produces=[application/json]}" onto public org.springframework.http.ResponseEntity<org.restncs.Dto> org.restncs.NcsRest.expint(java.lang.Integer,java.lang.Double)
2024-12-08 15:27:32.584  INFO 64619 --- [           main] s.w.s.m.m.a.RequestMappingHandlerMapping : Mapped "{[/api/fisher/{m}/{n}/{x}],methods=[GET],produces=[application/json]}" onto public org.springframework.http.ResponseEntity<org.restncs.Dto> org.restncs.NcsRest.fisher(java.lang.Integer,java.lang.Integer,java.lang.Double)
2024-12-08 15:27:32.584  INFO 64619 --- [           main] s.w.s.m.m.a.RequestMappingHandlerMapping : Mapped "{[/api/gammq/{a}/{x}],methods=[GET],produces=[application/json]}" onto public org.springframework.http.ResponseEntity<org.restncs.Dto> org.restncs.NcsRest.gammq(java.lang.Double,java.lang.Double)
2024-12-08 15:27:32.584  INFO 64619 --- [           main] s.w.s.m.m.a.RequestMappingHandlerMapping : Mapped "{[/api/remainder/{a}/{b}],methods=[GET],produces=[application/json]}" onto public org.springframework.http.ResponseEntity<org.restncs.Dto> org.restncs.NcsRest.remainder(java.lang.Integer,java.lang.Integer)
2024-12-08 15:27:32.586  INFO 64619 --- [           main] s.w.s.m.m.a.RequestMappingHandlerMapping : Mapped "{[/swagger-resources/configuration/ui]}" onto public org.springframework.http.ResponseEntity<springfox.documentation.swagger.web.UiConfiguration> springfox.documentation.swagger.web.ApiResourceController.uiConfiguration()
2024-12-08 15:27:32.586  INFO 64619 --- [           main] s.w.s.m.m.a.RequestMappingHandlerMapping : Mapped "{[/swagger-resources/configuration/security]}" onto public org.springframework.http.ResponseEntity<springfox.documentation.swagger.web.SecurityConfiguration> springfox.documentation.swagger.web.ApiResourceController.securityConfiguration()
2024-12-08 15:27:32.586  INFO 64619 --- [           main] s.w.s.m.m.a.RequestMappingHandlerMapping : Mapped "{[/swagger-resources]}" onto public org.springframework.http.ResponseEntity<java.util.List<springfox.documentation.swagger.web.SwaggerResource>> springfox.documentation.swagger.web.ApiResourceController.swaggerResources()
2024-12-08 15:27:32.588  INFO 64619 --- [           main] s.w.s.m.m.a.RequestMappingHandlerMapping : Mapped "{[/error],produces=[text/html]}" onto public org.springframework.web.servlet.ModelAndView org.springframework.boot.autoconfigure.web.servlet.error.BasicErrorController.errorHtml(javax.servlet.http.HttpServletRequest,javax.servlet.http.HttpServletResponse)
2024-12-08 15:27:32.588  INFO 64619 --- [           main] s.w.s.m.m.a.RequestMappingHandlerMapping : Mapped "{[/error]}" onto public org.springframework.http.ResponseEntity<java.util.Map<java.lang.String, java.lang.Object>> org.springframework.boot.autoconfigure.web.servlet.error.BasicErrorController.error(javax.servlet.http.HttpServletRequest)
2024-12-08 15:27:32.632  INFO 64619 --- [           main] pertySourcedRequestMappingHandlerMapping : Mapped URL path [/v2/api-docs] onto method [public org.springframework.http.ResponseEntity<springfox.documentation.spring.web.json.Json> springfox.documentation.swagger2.web.Swagger2Controller.getDocumentation(java.lang.String,javax.servlet.http.HttpServletRequest)]
2024-12-08 15:27:32.658  INFO 64619 --- [           main] o.s.w.s.handler.SimpleUrlHandlerMapping  : Mapped URL path [/**/favicon.ico] onto handler of type [class org.springframework.web.servlet.resource.ResourceHttpRequestHandler]
2024-12-08 15:27:32.694  INFO 64619 --- [           main] s.w.s.m.m.a.RequestMappingHandlerAdapter : Looking for @ControllerAdvice: org.springframework.boot.web.servlet.context.AnnotationConfigServletWebServerApplicationContext@5ae4fe0f: startup date [Sun Dec 08 15:27:32 BRT 2024]; root of context hierarchy
2024-12-08 15:27:32.704  INFO 64619 --- [           main] o.s.w.s.handler.SimpleUrlHandlerMapping  : Mapped URL path [/webjars/**] onto handler of type [class org.springframework.web.servlet.resource.ResourceHttpRequestHandler]
2024-12-08 15:27:32.704  INFO 64619 --- [           main] o.s.w.s.handler.SimpleUrlHandlerMapping  : Mapped URL path [/**] onto handler of type [class org.springframework.web.servlet.resource.ResourceHttpRequestHandler]
2024-12-08 15:27:32.756  INFO 64619 --- [           main] o.s.j.e.a.AnnotationMBeanExporter        : Registering beans for JMX exposure on startup
2024-12-08 15:27:32.758  INFO 64619 --- [           main] o.s.c.support.DefaultLifecycleProcessor  : Starting beans in phase 2147483647
2024-12-08 15:27:32.758  INFO 64619 --- [           main] d.s.w.p.DocumentationPluginsBootstrapper : Context refreshed
2024-12-08 15:27:32.758  INFO 64619 --- [           main] d.s.w.p.DocumentationPluginsBootstrapper : Found 1 custom documentation plugin(s)
2024-12-08 15:27:32.760  INFO 64619 --- [           main] s.d.s.w.s.ApiListingReferenceScanner     : Scanning for api listing references
2024-12-08 15:27:32.784  INFO 64619 --- [           main] o.s.b.w.embedded.tomcat.TomcatWebServer  : Tomcat started on port(s): 34243 (http) with context path ''
2024-12-08 15:27:32.784  INFO 64619 --- [           main] o.a.maven.surefire.booter.ForkedBooter   : Started ForkedBooter in 0.546 seconds (JVM running for 24.283)
2024-12-08 15:27:32.794  INFO 64619 --- [-auto-18-exec-1] o.a.c.c.C.[Tomcat-17].[localhost].[/]    : Initializing Spring FrameworkServlet 'dispatcherServlet'
2024-12-08 15:27:32.794  INFO 64619 --- [-auto-18-exec-1] o.s.web.servlet.DispatcherServlet        : FrameworkServlet 'dispatcherServlet': initialization started
2024-12-08 15:27:32.801  INFO 64619 --- [-auto-18-exec-1] o.s.web.servlet.DispatcherServlet        : FrameworkServlet 'dispatcherServlet': initialization completed in 7 ms
2024-12-08 15:27:32.873  INFO 64619 --- [           main] o.s.c.support.DefaultLifecycleProcessor  : Stopping beans in phase 2147483647
[[1;34mINFO[m] [1;32mTests run: [0;1;32m4[m, Failures: 0, Errors: 0, Skipped: 0, Time elapsed: 0.633 s - in org.restncs.[1mv3_gpt4turbo_run01_ExpintTest[m
2024-12-08 15:27:32.877  INFO 64619 --- [      Thread-25] ConfigServletWebServerApplicationContext : Closing org.springframework.boot.web.servlet.context.AnnotationConfigServletWebServerApplicationContext@20680dc0: startup date [Sun Dec 08 15:27:24 BRT 2024]; root of context hierarchy
2024-12-08 15:27:32.877  INFO 64619 --- [      Thread-31] ConfigServletWebServerApplicationContext : Closing org.springframework.boot.web.servlet.context.AnnotationConfigServletWebServerApplicationContext@109c5e70: startup date [Sun Dec 08 15:27:25 BRT 2024]; root of context hierarchy
2024-12-08 15:27:32.877  INFO 64619 --- [      Thread-34] ConfigServletWebServerApplicationContext : Closing org.springframework.boot.web.servlet.context.AnnotationConfigServletWebServerApplicationContext@7affd737: startup date [Sun Dec 08 15:27:26 BRT 2024]; root of context hierarchy
2024-12-08 15:27:32.881  INFO 64619 --- [       Thread-7] ConfigServletWebServerApplicationContext : Closing org.springframework.boot.web.servlet.context.AnnotationConfigServletWebServerApplicationContext@787f6435: startup date [Sun Dec 08 15:27:17 BRT 2024]; root of context hierarchy
2024-12-08 15:27:32.881  INFO 64619 --- [      Thread-46] ConfigServletWebServerApplicationContext : Closing org.springframework.boot.web.servlet.context.AnnotationConfigServletWebServerApplicationContext@582ac61f: startup date [Sun Dec 08 15:27:30 BRT 2024]; root of context hierarchy
2024-12-08 15:27:32.882  INFO 64619 --- [      Thread-31] o.s.c.support.DefaultLifecycleProcessor  : Stopping beans in phase 2147483647
2024-12-08 15:27:32.882  INFO 64619 --- [       Thread-7] o.s.c.support.DefaultLifecycleProcessor  : Stopping beans in phase 2147483647
2024-12-08 15:27:32.882  INFO 64619 --- [      Thread-31] o.s.j.e.a.AnnotationMBeanExporter        : Unregistering JMX-exposed beans on shutdown
2024-12-08 15:27:32.882  INFO 64619 --- [      Thread-46] o.s.c.support.DefaultLifecycleProcessor  : Stopping beans in phase 2147483647
2024-12-08 15:27:32.882  INFO 64619 --- [      Thread-46] o.s.j.e.a.AnnotationMBeanExporter        : Unregistering JMX-exposed beans on shutdown
2024-12-08 15:27:32.882  INFO 64619 --- [       Thread-7] o.s.j.e.a.AnnotationMBeanExporter        : Unregistering JMX-exposed beans on shutdown
2024-12-08 15:27:32.883  INFO 64619 --- [      Thread-10] ConfigServletWebServerApplicationContext : Closing org.springframework.boot.web.servlet.context.AnnotationConfigServletWebServerApplicationContext@5d1e7871: startup date [Sun Dec 08 15:27:18 BRT 2024]; root of context hierarchy
2024-12-08 15:27:32.888  INFO 64619 --- [      Thread-16] ConfigServletWebServerApplicationContext : Closing org.springframework.boot.web.servlet.context.AnnotationConfigServletWebServerApplicationContext@658978d5: startup date [Sun Dec 08 15:27:21 BRT 2024]; root of context hierarchy
2024-12-08 15:27:32.889  INFO 64619 --- [      Thread-16] o.s.c.support.DefaultLifecycleProcessor  : Stopping beans in phase 2147483647
2024-12-08 15:27:32.889  INFO 64619 --- [      Thread-16] o.s.j.e.a.AnnotationMBeanExporter        : Unregistering JMX-exposed beans on shutdown
2024-12-08 15:27:32.883  INFO 64619 --- [      Thread-52] ConfigServletWebServerApplicationContext : Closing org.springframework.boot.web.servlet.context.AnnotationConfigServletWebServerApplicationContext@82501d: startup date [Sun Dec 08 15:27:31 BRT 2024]; root of context hierarchy
2024-12-08 15:27:32.892  INFO 64619 --- [      Thread-22] ConfigServletWebServerApplicationContext : Closing org.springframework.boot.web.servlet.context.AnnotationConfigServletWebServerApplicationContext@179b7558: startup date [Sun Dec 08 15:27:23 BRT 2024]; root of context hierarchy
2024-12-08 15:27:32.892  INFO 64619 --- [      Thread-25] o.s.c.support.DefaultLifecycleProcessor  : Stopping beans in phase 2147483647
2024-12-08 15:27:32.892  INFO 64619 --- [      Thread-55] ConfigServletWebServerApplicationContext : Closing org.springframework.boot.web.servlet.context.AnnotationConfigServletWebServerApplicationContext@5ae4fe0f: startup date [Sun Dec 08 15:27:32 BRT 2024]; root of context hierarchy
2024-12-08 15:27:32.892  INFO 64619 --- [      Thread-25] o.s.j.e.a.AnnotationMBeanExporter        : Unregistering JMX-exposed beans on shutdown
2024-12-08 15:27:32.892  INFO 64619 --- [      Thread-19] ConfigServletWebServerApplicationContext : Closing org.springframework.boot.web.servlet.context.AnnotationConfigServletWebServerApplicationContext@45187492: startup date [Sun Dec 08 15:27:22 BRT 2024]; root of context hierarchy
2024-12-08 15:27:32.892  INFO 64619 --- [      Thread-34] o.s.c.support.DefaultLifecycleProcessor  : Stopping beans in phase 2147483647
2024-12-08 15:27:32.894  INFO 64619 --- [      Thread-34] o.s.j.e.a.AnnotationMBeanExporter        : Unregistering JMX-exposed beans on shutdown
2024-12-08 15:27:32.895  INFO 64619 --- [      Thread-22] o.s.c.support.DefaultLifecycleProcessor  : Stopping beans in phase 2147483647
2024-12-08 15:27:32.895  INFO 64619 --- [      Thread-19] o.s.c.support.DefaultLifecycleProcessor  : Stopping beans in phase 2147483647
2024-12-08 15:27:32.895  INFO 64619 --- [      Thread-22] o.s.j.e.a.AnnotationMBeanExporter        : Unregistering JMX-exposed beans on shutdown
2024-12-08 15:27:32.895  INFO 64619 --- [      Thread-19] o.s.j.e.a.AnnotationMBeanExporter        : Unregistering JMX-exposed beans on shutdown
2024-12-08 15:27:32.899  INFO 64619 --- [      Thread-10] o.s.c.support.DefaultLifecycleProcessor  : Stopping beans in phase 2147483647
2024-12-08 15:27:32.899  INFO 64619 --- [      Thread-52] o.s.c.support.DefaultLifecycleProcessor  : Stopping beans in phase 2147483647
2024-12-08 15:27:32.899  INFO 64619 --- [      Thread-40] ConfigServletWebServerApplicationContext : Closing org.springframework.boot.web.servlet.context.AnnotationConfigServletWebServerApplicationContext@28f14ca3: startup date [Sun Dec 08 15:27:28 BRT 2024]; root of context hierarchy
2024-12-08 15:27:32.899  INFO 64619 --- [      Thread-10] o.s.j.e.a.AnnotationMBeanExporter        : Unregistering JMX-exposed beans on shutdown
2024-12-08 15:27:32.899  INFO 64619 --- [      Thread-52] o.s.j.e.a.AnnotationMBeanExporter        : Unregistering JMX-exposed beans on shutdown
2024-12-08 15:27:32.900  INFO 64619 --- [      Thread-40] o.s.c.support.DefaultLifecycleProcessor  : Stopping beans in phase 2147483647
2024-12-08 15:27:32.900  INFO 64619 --- [      Thread-40] o.s.j.e.a.AnnotationMBeanExporter        : Unregistering JMX-exposed beans on shutdown
2024-12-08 15:27:32.906  INFO 64619 --- [       Thread-4] ConfigServletWebServerApplicationContext : Closing org.springframework.boot.web.servlet.context.AnnotationConfigServletWebServerApplicationContext@6eede35e: startup date [Sun Dec 08 15:27:10 BRT 2024]; root of context hierarchy
2024-12-08 15:27:32.907  INFO 64619 --- [      Thread-55] o.s.c.support.DefaultLifecycleProcessor  : Stopping beans in phase 2147483647
2024-12-08 15:27:32.907  INFO 64619 --- [      Thread-55] o.s.j.e.a.AnnotationMBeanExporter        : Unregistering JMX-exposed beans on shutdown
2024-12-08 15:27:32.907  INFO 64619 --- [       Thread-4] o.s.c.support.DefaultLifecycleProcessor  : Stopping beans in phase 2147483647
2024-12-08 15:27:32.908  INFO 64619 --- [       Thread-4] o.s.j.e.a.AnnotationMBeanExporter        : Unregistering JMX-exposed beans on shutdown
2024-12-08 15:27:32.898  INFO 64619 --- [      Thread-37] ConfigServletWebServerApplicationContext : Closing org.springframework.boot.web.servlet.context.AnnotationConfigServletWebServerApplicationContext@15a94830: startup date [Sun Dec 08 15:27:27 BRT 2024]; root of context hierarchy
2024-12-08 15:27:32.922  INFO 64619 --- [      Thread-13] ConfigServletWebServerApplicationContext : Closing org.springframework.boot.web.servlet.context.AnnotationConfigServletWebServerApplicationContext@7e3775d9: startup date [Sun Dec 08 15:27:19 BRT 2024]; root of context hierarchy
2024-12-08 15:27:32.922  INFO 64619 --- [      Thread-49] ConfigServletWebServerApplicationContext : Closing org.springframework.boot.web.servlet.context.AnnotationConfigServletWebServerApplicationContext@5caf5a85: startup date [Sun Dec 08 15:27:30 BRT 2024]; root of context hierarchy
2024-12-08 15:27:32.923  INFO 64619 --- [      Thread-37] o.s.c.support.DefaultLifecycleProcessor  : Stopping beans in phase 2147483647
2024-12-08 15:27:32.924  INFO 64619 --- [      Thread-49] o.s.c.support.DefaultLifecycleProcessor  : Stopping beans in phase 2147483647
2024-12-08 15:27:32.924  INFO 64619 --- [      Thread-37] o.s.j.e.a.AnnotationMBeanExporter        : Unregistering JMX-exposed beans on shutdown
2024-12-08 15:27:32.924  INFO 64619 --- [      Thread-49] o.s.j.e.a.AnnotationMBeanExporter        : Unregistering JMX-exposed beans on shutdown
2024-12-08 15:27:32.924  INFO 64619 --- [      Thread-13] o.s.c.support.DefaultLifecycleProcessor  : Stopping beans in phase 2147483647
2024-12-08 15:27:32.924  INFO 64619 --- [      Thread-13] o.s.j.e.a.AnnotationMBeanExporter        : Unregistering JMX-exposed beans on shutdown
2024-12-08 15:27:32.927  INFO 64619 --- [      Thread-43] ConfigServletWebServerApplicationContext : Closing org.springframework.boot.web.servlet.context.AnnotationConfigServletWebServerApplicationContext@4ce6b6fb: startup date [Sun Dec 08 15:27:29 BRT 2024]; root of context hierarchy
2024-12-08 15:27:32.928  INFO 64619 --- [      Thread-43] o.s.c.support.DefaultLifecycleProcessor  : Stopping beans in phase 2147483647
2024-12-08 15:27:32.928  INFO 64619 --- [      Thread-43] o.s.j.e.a.AnnotationMBeanExporter        : Unregistering JMX-exposed beans on shutdown
2024-12-08 15:27:32.929  INFO 64619 --- [      Thread-28] ConfigServletWebServerApplicationContext : Closing org.springframework.boot.web.servlet.context.AnnotationConfigServletWebServerApplicationContext@5b75125c: startup date [Sun Dec 08 15:27:24 BRT 2024]; root of context hierarchy
2024-12-08 15:27:32.930  INFO 64619 --- [      Thread-28] o.s.c.support.DefaultLifecycleProcessor  : Stopping beans in phase 2147483647
2024-12-08 15:27:32.930  INFO 64619 --- [      Thread-28] o.s.j.e.a.AnnotationMBeanExporter        : Unregistering JMX-exposed beans on shutdown
[[1;34mINFO[m] 
[[1;34mINFO[m] Results:
[[1;34mINFO[m] 
[[1;31mERROR[m] [1;31mFailures: [m
[[1;31mERROR[m] [1;31m  v3_gpt4turbo_run01_FisherTest.testFisherInvalidInput:83 1 expectation failed.
Expected status code <400> but was <200>.
[m
[[1;31mERROR[m] [1;31m  v3_gpt4turbo_run01_RemainderTest.testRemainderNegativeNumbers:105 1 expectation failed.
JSON path resultAsInt doesn't match.
Expected: <-1>
  Actual: 1
[m
[[1;31mERROR[m] [1;31m  v3_gpt4turbo_run01_RemainderTest.testRemainderZeroDividend:92 1 expectation failed.
JSON path resultAsInt doesn't match.
Expected: <0>
  Actual: -1
[m
[[1;31mERROR[m] [1;31m  v3_gpt4turbo_run01_RemainderTest.testRemainderZeroDivisor:79 1 expectation failed.
Expected status code <500> but was <200>.
[m
[[1;31mERROR[m] [1;31m  v3_gpt4turbo_run02_FisherTest.testFisherErrorHandling:89 1 expectation failed.
Expected status code not <200> but was <200>.
[m
[[1;31mERROR[m] [1;31m  v3_gpt4turbo_run02_RemainderTest.testRemainderZeroByNumber:90 1 expectation failed.
JSON path resultAsInt doesn't match.
Expected: is <0>
  Actual: -1
[m
[[1;31mERROR[m] [1;31m  v3_gpt4turbo_run02_TriangleClassificationTest.testServerErrorSimulation:112 1 expectation failed.
Expected status code <500> but was <404>.
[m
[[1;31mERROR[m] [1;31m  v3_gpt4turbo_run03_BessjTest.testBessjNLessThan2ThrowsError:77 1 expectation failed.
Expected status code <500> but was <400>.
[m
[[1;31mERROR[m] [1;31m  v3_gpt4turbo_run03_RemainderTest.testRemainderWithZeroDivisor:108 Expected an ArithmeticException to be thrown[m
[[1;34mINFO[m] 
[[1;31mERROR[m] [1;31mTests run: 83, Failures: 9, Errors: 0, Skipped: 0[m
[[1;34mINFO[m] 
[[1;31mERROR[m] There are test failures.

Please refer to /media/rincon/63999417195/eclipse-workspace/EMB-master/jdk_8_maven/cs/rest/artificial/ncs/target/surefire-reports for the individual test results.
Please refer to dump files (if any exist) [date]-jvmRun[N].dump, [date].dumpstream and [date]-jvmRun[N].dumpstream.
[[1;34mINFO[m] 
[[1;34mINFO[m] [1m--- [0;32mjacoco-maven-plugin:0.8.7:report[m [1m(report)[m @ [36mevomaster-benchmark-cs-rest-artificial-ncs[0;1m ---[m
[[1;34mINFO[m] Loading execution data file /media/rincon/63999417195/eclipse-workspace/EMB-master/jdk_8_maven/cs/rest/artificial/ncs/target/jacoco.exec
[[1;34mINFO[m] Analyzed bundle 'evomaster-benchmark-cs-rest-artificial-ncs' with 9 classes
[[1;34mINFO[m] [1m------------------------------------------------------------------------[m
[[1;34mINFO[m] [1;32mBUILD SUCCESS[m
[[1;34mINFO[m] [1m------------------------------------------------------------------------[m
[[1;34mINFO[m] Total time:  28.319 s
[[1;34mINFO[m] Finished at: 2024-12-08T15:27:33-03:00
[[1;34mINFO[m] [1m------------------------------------------------------------------------[m
Copiando relat√≥rios para /home/rincon/ar_benchmark/artigo/estudos-prompts/restncs-test-set/gpt/v3/coverage_three_runs/gpt4turbo...
Execu√ß√£o conclu√≠da com sucesso para o modelo gpt4turbo.
