Processando o modelo gpt35...
Limpando o diret√≥rio de destino para testes combinados...
Copiando arquivos de /home/rincon/ar_benchmark/artigo/estudos-prompts/market-test-set/gpt/v0/gpt35/run01/exec para /media/rincon/63999417195/eclipse-workspace/EMB-master/jdk_11_maven/cs/rest-gui/market/market-rest/src/test/java/market/test-dest...
Copiando arquivos de /home/rincon/ar_benchmark/artigo/estudos-prompts/market-test-set/gpt/v0/gpt35/run02/exec para /media/rincon/63999417195/eclipse-workspace/EMB-master/jdk_11_maven/cs/rest-gui/market/market-rest/src/test/java/market/test-dest...
Copiando arquivos de /home/rincon/ar_benchmark/artigo/estudos-prompts/market-test-set/gpt/v0/gpt35/run03/exec para /media/rincon/63999417195/eclipse-workspace/EMB-master/jdk_11_maven/cs/rest-gui/market/market-rest/src/test/java/market/test-dest...
Executando Maven para o modelo gpt35...
[[1;34mINFO[m] Scanning for projects...
[[1;34mINFO[m] [1m------------------------------------------------------------------------[m
[[1;34mINFO[m] [1;31mBUILD FAILURE[m
[[1;34mINFO[m] [1m------------------------------------------------------------------------[m
[[1;34mINFO[m] Total time:  0.081 s
[[1;34mINFO[m] Finished at: 2024-12-08T12:35:29-03:00
[[1;34mINFO[m] [1m------------------------------------------------------------------------[m
[[1;31mERROR[m] The goal you specified requires a project to execute but there is no POM in this directory (/media/rincon/63999417195/eclipse-workspace/EMB-master/jdk_11_maven/cs/rest-gui/market/market-rest/src/test/java/market). Please verify you invoked Maven from the correct directory. -> [1m[Help 1][m
[[1;31mERROR[m] 
[[1;31mERROR[m] To see the full stack trace of the errors, re-run Maven with the [1m-e[m switch.
[[1;31mERROR[m] Re-run Maven using the [1m-X[m switch to enable full debug logging.
[[1;31mERROR[m] 
[[1;31mERROR[m] For more information about the errors and possible solutions, please read the following articles:
[[1;31mERROR[m] [1m[Help 1][m http://cwiki.apache.org/confluence/display/MAVEN/MissingProjectException
Copiando relat√≥rios para /home/rincon/ar_benchmark/artigo/estudos-prompts/market-test-set/gpt/v0/coverage_three_runs/gpt35...
Erro ao copiar os relat√≥rios de cobertura.
Processando o modelo gpt35...
Limpando o diret√≥rio de destino para testes combinados...
Copiando arquivos de /home/rincon/ar_benchmark/artigo/estudos-prompts/market-test-set/gpt/v0/gpt35/run01/exec para /media/rincon/63999417195/eclipse-workspace/EMB-master/jdk_11_maven/cs/rest-gui/market/market-rest/src/test/java/market...
Copiando arquivos de /home/rincon/ar_benchmark/artigo/estudos-prompts/market-test-set/gpt/v0/gpt35/run02/exec para /media/rincon/63999417195/eclipse-workspace/EMB-master/jdk_11_maven/cs/rest-gui/market/market-rest/src/test/java/market...
Copiando arquivos de /home/rincon/ar_benchmark/artigo/estudos-prompts/market-test-set/gpt/v0/gpt35/run03/exec para /media/rincon/63999417195/eclipse-workspace/EMB-master/jdk_11_maven/cs/rest-gui/market/market-rest/src/test/java/market...
Executando Maven para o modelo gpt35...
[[1;34mINFO[m] Scanning for projects...
[[1;34mINFO[m] [1m------------------------------------------------------------------------[m
[[1;34mINFO[m] [1;31mBUILD FAILURE[m
[[1;34mINFO[m] [1m------------------------------------------------------------------------[m
[[1;34mINFO[m] Total time:  0.093 s
[[1;34mINFO[m] Finished at: 2024-12-08T12:36:35-03:00
[[1;34mINFO[m] [1m------------------------------------------------------------------------[m
[[1;31mERROR[m] The goal you specified requires a project to execute but there is no POM in this directory (/media/rincon/63999417195/eclipse-workspace/EMB-master/jdk_11_maven/cs/rest-gui/market/market-rest/src/test/java/market). Please verify you invoked Maven from the correct directory. -> [1m[Help 1][m
[[1;31mERROR[m] 
[[1;31mERROR[m] To see the full stack trace of the errors, re-run Maven with the [1m-e[m switch.
[[1;31mERROR[m] Re-run Maven using the [1m-X[m switch to enable full debug logging.
[[1;31mERROR[m] 
[[1;31mERROR[m] For more information about the errors and possible solutions, please read the following articles:
[[1;31mERROR[m] [1m[Help 1][m http://cwiki.apache.org/confluence/display/MAVEN/MissingProjectException
Copiando relat√≥rios para /home/rincon/ar_benchmark/artigo/estudos-prompts/market-test-set/gpt/v0/coverage_three_runs/gpt35...
Erro ao copiar os relat√≥rios de cobertura.
Processando o modelo gpt35...
Limpando o diret√≥rio de destino para testes combinados...
Copiando arquivos de /home/rincon/ar_benchmark/artigo/estudos-prompts/market-test-set/gpt/v0/gpt35/run01/exec para /media/rincon/63999417195/eclipse-workspace/EMB-master/jdk_11_maven/cs/rest-gui/market/market-rest/src/test/java/market...
Copiando arquivos de /home/rincon/ar_benchmark/artigo/estudos-prompts/market-test-set/gpt/v0/gpt35/run02/exec para /media/rincon/63999417195/eclipse-workspace/EMB-master/jdk_11_maven/cs/rest-gui/market/market-rest/src/test/java/market...
Copiando arquivos de /home/rincon/ar_benchmark/artigo/estudos-prompts/market-test-set/gpt/v0/gpt35/run03/exec para /media/rincon/63999417195/eclipse-workspace/EMB-master/jdk_11_maven/cs/rest-gui/market/market-rest/src/test/java/market...
Executando Maven para o modelo gpt35...
[[1;34mINFO[m] Scanning for projects...
[[1;34mINFO[m] 
[[1;34mINFO[m] [1m---------------------< [0;36mnet.lukyanets:market-rest[0;1m >----------------------[m
[[1;34mINFO[m] [1mBuilding market-rest 0.1.2[m
[[1;34mINFO[m] [1m--------------------------------[ jar ]---------------------------------[m
[[1;33mWARNING[m] The POM for com.sun.xml.bind:jaxb-osgi:jar:2.2.10 is invalid, transitive dependencies (if any) will not be available, enable debug logging for more details
[[1;34mINFO[m] 
[[1;34mINFO[m] [1m--- [0;32mmaven-clean-plugin:2.5:clean[m [1m(default-clean)[m @ [36mmarket-rest[0;1m ---[m
[[1;34mINFO[m] Deleting /media/rincon/63999417195/eclipse-workspace/EMB-master/jdk_11_maven/cs/rest-gui/market/market-rest/target
[[1;34mINFO[m] 
[[1;34mINFO[m] [1m--- [0;32mjacoco-maven-plugin:0.8.7:prepare-agent[m [1m(default)[m @ [36mmarket-rest[0;1m ---[m
[[1;34mINFO[m] argLine set to -javaagent:/home/rincon/.m2/repository/org/jacoco/org.jacoco.agent/0.8.7/org.jacoco.agent-0.8.7-runtime.jar=destfile=/media/rincon/63999417195/eclipse-workspace/EMB-master/jdk_11_maven/cs/rest-gui/market/market-rest/target/jacoco.exec
[[1;34mINFO[m] 
[[1;34mINFO[m] [1m--- [0;32mspring-boot-maven-plugin:2.4.3:build-info[m [1m(default)[m @ [36mmarket-rest[0;1m ---[m
[[1;34mINFO[m] 
[[1;34mINFO[m] [1m--- [0;32mmaven-resources-plugin:2.6:resources[m [1m(default-resources)[m @ [36mmarket-rest[0;1m ---[m
[[1;34mINFO[m] Using 'UTF-8' encoding to copy filtered resources.
[[1;34mINFO[m] Copying 3 resources
[[1;34mINFO[m] 
[[1;34mINFO[m] [1m--- [0;32mmaven-compiler-plugin:3.8.0:compile[m [1m(default-compile)[m @ [36mmarket-rest[0;1m ---[m
[[1;34mINFO[m] Changes detected - recompiling the module!
[[1;34mINFO[m] Compiling 11 source files to /media/rincon/63999417195/eclipse-workspace/EMB-master/jdk_11_maven/cs/rest-gui/market/market-rest/target/classes
[[1;34mINFO[m] 
[[1;34mINFO[m] [1m--- [0;32mjacoco-maven-plugin:0.8.7:prepare-agent[m [1m(default)[m @ [36mmarket-rest[0;1m ---[m
[[1;34mINFO[m] argLine set to -javaagent:/home/rincon/.m2/repository/org/jacoco/org.jacoco.agent/0.8.7/org.jacoco.agent-0.8.7-runtime.jar=destfile=/media/rincon/63999417195/eclipse-workspace/EMB-master/jdk_11_maven/cs/rest-gui/market/market-rest/target/jacoco.exec
[[1;34mINFO[m] 
[[1;34mINFO[m] [1m--- [0;32mspring-boot-maven-plugin:2.4.3:build-info[m [1m(default)[m @ [36mmarket-rest[0;1m ---[m
[[1;34mINFO[m] 
[[1;34mINFO[m] [1m--- [0;32mmaven-resources-plugin:2.6:resources[m [1m(default-resources)[m @ [36mmarket-rest[0;1m ---[m
[[1;34mINFO[m] Using 'UTF-8' encoding to copy filtered resources.
[[1;34mINFO[m] Copying 3 resources
[[1;34mINFO[m] 
[[1;34mINFO[m] [1m--- [0;32mmaven-compiler-plugin:3.8.0:compile[m [1m(default-compile)[m @ [36mmarket-rest[0;1m ---[m
[[1;34mINFO[m] Nothing to compile - all classes are up to date
[[1;34mINFO[m] 
[[1;34mINFO[m] [1m--- [0;32mmaven-resources-plugin:2.6:testResources[m [1m(default-testResources)[m @ [36mmarket-rest[0;1m ---[m
[[1;34mINFO[m] Using 'UTF-8' encoding to copy filtered resources.
[[1;34mINFO[m] skip non existing resourceDirectory /media/rincon/63999417195/eclipse-workspace/EMB-master/jdk_11_maven/cs/rest-gui/market/market-rest/src/test/resources
[[1;34mINFO[m] 
[[1;34mINFO[m] [1m--- [0;32mmaven-compiler-plugin:3.8.0:testCompile[m [1m(default-testCompile)[m @ [36mmarket-rest[0;1m ---[m
[[1;34mINFO[m] Changes detected - recompiling the module!
[[1;34mINFO[m] Compiling 21 source files to /media/rincon/63999417195/eclipse-workspace/EMB-master/jdk_11_maven/cs/rest-gui/market/market-rest/target/test-classes
[[1;34mINFO[m] 
[[1;34mINFO[m] [1m--- [0;32mjacoco-maven-plugin:0.8.7:prepare-agent[m [1m(default)[m @ [36mmarket-rest[0;1m ---[m
[[1;34mINFO[m] argLine set to -javaagent:/home/rincon/.m2/repository/org/jacoco/org.jacoco.agent/0.8.7/org.jacoco.agent-0.8.7-runtime.jar=destfile=/media/rincon/63999417195/eclipse-workspace/EMB-master/jdk_11_maven/cs/rest-gui/market/market-rest/target/jacoco.exec
[[1;34mINFO[m] 
[[1;34mINFO[m] [1m--- [0;32mspring-boot-maven-plugin:2.4.3:build-info[m [1m(default)[m @ [36mmarket-rest[0;1m ---[m
[[1;34mINFO[m] 
[[1;34mINFO[m] [1m--- [0;32mmaven-resources-plugin:2.6:resources[m [1m(default-resources)[m @ [36mmarket-rest[0;1m ---[m
[[1;34mINFO[m] Using 'UTF-8' encoding to copy filtered resources.
[[1;34mINFO[m] Copying 3 resources
[[1;34mINFO[m] 
[[1;34mINFO[m] [1m--- [0;32mmaven-compiler-plugin:3.8.0:compile[m [1m(default-compile)[m @ [36mmarket-rest[0;1m ---[m
[[1;34mINFO[m] Nothing to compile - all classes are up to date
[[1;34mINFO[m] 
[[1;34mINFO[m] [1m--- [0;32mmaven-resources-plugin:2.6:testResources[m [1m(default-testResources)[m @ [36mmarket-rest[0;1m ---[m
[[1;34mINFO[m] Using 'UTF-8' encoding to copy filtered resources.
[[1;34mINFO[m] skip non existing resourceDirectory /media/rincon/63999417195/eclipse-workspace/EMB-master/jdk_11_maven/cs/rest-gui/market/market-rest/src/test/resources
[[1;34mINFO[m] 
[[1;34mINFO[m] [1m--- [0;32mmaven-compiler-plugin:3.8.0:testCompile[m [1m(default-testCompile)[m @ [36mmarket-rest[0;1m ---[m
[[1;34mINFO[m] Nothing to compile - all classes are up to date
[[1;34mINFO[m] 
[[1;34mINFO[m] [1m--- [0;32mmaven-surefire-plugin:2.22.0:test[m [1m(default-test)[m @ [36mmarket-rest[0;1m ---[m
[[1;34mINFO[m] 
[[1;34mINFO[m] -------------------------------------------------------
[[1;34mINFO[m]  T E S T S
[[1;34mINFO[m] -------------------------------------------------------
[[1;34mINFO[m] Running market.[1mv0_gpt35_run01_CartRestControllerTest[m

  .   ____          _            __ _ _
 /\\ / ___'_ __ _ _(_)_ __  __ _ \ \ \ \
( ( )\___ | '_ | '_| | '_ \/ _` | \ \ \ \
 \\/  ___)| |_)| | | | | || (_| |  ) ) ) )
  '  |____| .__|_| |_|_| |_\__, | / / / /
 =========|_|==============|___/=/_/_/_/
 :: Spring Boot ::                (v2.4.3)

2024-12-08 12:46:23,695 INFO  [background-preinit] o.h.v.i.u.Version - HV000001: Hibernate Validator 6.1.7.Final
2024-12-08 12:46:23,797 INFO  [main] o.a.m.s.b.ForkedBooter - Starting ForkedBooter v2.22.0 using Java 11.0.20 on IFTO-PROBOOK with PID 5659 (started by rincon in /media/rincon/63999417195/eclipse-workspace/EMB-master/jdk_11_maven/cs/rest-gui/market/market-rest)
2024-12-08 12:46:23,805 INFO  [main] o.a.m.s.b.ForkedBooter - No active profile set, falling back to default profiles: default
2024-12-08 12:46:24,521 WARN  [main] o.s.b.c.c.ConfigDataEnvironment - Property 'spring.profiles' imported from location 'class path resource [application.yml]' is invalid and should be replaced with 'spring.config.activate.on-profile' [origin: class path resource [application.yml] - 34:13]
2024-12-08 12:46:24,521 WARN  [main] o.s.b.c.c.ConfigDataEnvironment - Property 'spring.profiles' imported from location 'class path resource [application.yml]' is invalid and should be replaced with 'spring.config.activate.on-profile' [origin: class path resource [application.yml] - 24:13]
2024-12-08 12:46:26,227 INFO  [main] o.s.d.r.c.RepositoryConfigurationDelegate - Bootstrapping Spring Data JPA repositories in DEFAULT mode.
2024-12-08 12:46:26,354 INFO  [main] o.s.d.r.c.RepositoryConfigurationDelegate - Finished Spring Data repository scanning in 115 ms. Found 8 JPA repository interfaces.
2024-12-08 12:46:26,907 INFO  [main] o.s.c.s.PostProcessorRegistrationDelegate$BeanPostProcessorChecker - Bean 'market.DataConfig' of type [market.DataConfig$$EnhancerBySpringCGLIB$$61f55217] is not eligible for getting processed by all BeanPostProcessors (for example: not eligible for auto-proxying)
2024-12-08 12:46:27,110 INFO  [main] o.s.c.s.PostProcessorRegistrationDelegate$BeanPostProcessorChecker - Bean 'org.springframework.security.access.expression.method.DefaultMethodSecurityExpressionHandler@44c881c9' of type [org.springframework.security.access.expression.method.DefaultMethodSecurityExpressionHandler] is not eligible for getting processed by all BeanPostProcessors (for example: not eligible for auto-proxying)
2024-12-08 12:46:27,119 INFO  [main] o.s.c.s.PostProcessorRegistrationDelegate$BeanPostProcessorChecker - Bean 'methodSecurityMetadataSource' of type [org.springframework.security.access.method.DelegatingMethodSecurityMetadataSource] is not eligible for getting processed by all BeanPostProcessors (for example: not eligible for auto-proxying)
2024-12-08 12:46:27,669 INFO  [main] o.s.b.w.e.t.TomcatWebServer - Tomcat initialized with port(s): 0 (http)
2024-12-08 12:46:27,692 INFO  [main] o.a.c.h.Http11NioProtocol - Initializing ProtocolHandler ["http-nio-auto-1"]
2024-12-08 12:46:27,693 INFO  [main] o.a.c.c.StandardService - Starting service [Tomcat]
2024-12-08 12:46:27,694 INFO  [main] o.a.c.c.StandardEngine - Starting Servlet engine: [Apache Tomcat/9.0.43]
2024-12-08 12:46:27,850 INFO  [main] o.a.c.c.C.[.[.[/] - Initializing Spring embedded WebApplicationContext
2024-12-08 12:46:27,850 INFO  [main] o.s.b.w.s.c.ServletWebServerApplicationContext - Root WebApplicationContext: initialization completed in 3325 ms
2024-12-08 12:46:28,122 INFO  [main] c.z.h.HikariDataSource - HikariPool-1 - Starting...
2024-12-08 12:46:28,603 INFO  [main] c.z.h.HikariDataSource - HikariPool-1 - Start completed.
2024-12-08 12:46:28,827 INFO  [main] o.h.j.i.u.LogHelper - HHH000204: Processing PersistenceUnitInfo [name: default]
2024-12-08 12:46:28,953 INFO  [main] o.h.Version - HHH000412: Hibernate ORM core version 5.4.28.Final
2024-12-08 12:46:29,225 INFO  [main] o.h.a.c.Version - HCANN000001: Hibernate Commons Annotations {5.1.2.Final}
2024-12-08 12:46:29,587 INFO  [main] o.h.d.Dialect - HHH000400: Using dialect: org.hibernate.dialect.H2Dialect
2024-12-08 12:46:29,967 WARN  [main] o.h.b.i.InFlightMetadataCollectorImpl - HHH000069: Duplicate generator name gen
2024-12-08 12:46:29,970 WARN  [main] o.h.b.i.InFlightMetadataCollectorImpl - HHH000069: Duplicate generator name gen
2024-12-08 12:46:30,863 INFO  [main] o.h.e.t.j.p.i.JtaPlatformInitiator - HHH000490: Using JtaPlatform implementation: [org.hibernate.engine.transaction.jta.platform.internal.NoJtaPlatform]
2024-12-08 12:46:30,877 INFO  [main] o.s.o.j.LocalContainerEntityManagerFactoryBean - Initialized JPA EntityManagerFactory for persistence unit 'default'
2024-12-08 12:46:32,176 WARN  [main] o.s.b.a.o.j.JpaBaseConfiguration$JpaWebConfiguration - spring.jpa.open-in-view is enabled by default. Therefore, database queries may be performed during view rendering. Explicitly configure spring.jpa.open-in-view to disable this warning
2024-12-08 12:46:33,329 INFO  [main] o.s.s.w.DefaultSecurityFilterChain - Will secure any request with [org.springframework.security.web.context.request.async.WebAsyncManagerIntegrationFilter@75b34b86, org.springframework.security.web.context.SecurityContextPersistenceFilter@44588b7e, org.springframework.security.web.header.HeaderWriterFilter@1da5b875, org.springframework.security.web.authentication.logout.LogoutFilter@25b7ad14, org.springframework.security.web.authentication.www.BasicAuthenticationFilter@22ab424d, org.springframework.security.web.savedrequest.RequestCacheAwareFilter@492003a3, org.springframework.security.web.servletapi.SecurityContextHolderAwareRequestFilter@6e87d2da, org.springframework.security.web.authentication.AnonymousAuthenticationFilter@135459b4, org.springframework.security.web.session.SessionManagementFilter@7953f806, org.springframework.security.web.access.ExceptionTranslationFilter@4fefa14d, org.springframework.security.web.access.intercept.FilterSecurityInterceptor@5334c18a]
2024-12-08 12:46:33,492 INFO  [main] o.s.s.c.ThreadPoolTaskExecutor - Initializing ExecutorService 'applicationTaskExecutor'
2024-12-08 12:46:34,002 INFO  [main] o.a.c.h.Http11NioProtocol - Starting ProtocolHandler ["http-nio-auto-1"]
2024-12-08 12:46:34,048 INFO  [main] o.s.b.w.e.t.TomcatWebServer - Tomcat started on port(s): 37909 (http) with context path ''
2024-12-08 12:46:34,715 INFO  [main] o.a.m.s.b.ForkedBooter - Started ForkedBooter in 11.91 seconds (JVM running for 14.606)
2024-12-08 12:46:37,043 INFO  [http-nio-auto-1-exec-1] o.a.c.c.C.[.[.[/] - Initializing Spring DispatcherServlet 'dispatcherServlet'
2024-12-08 12:46:37,043 INFO  [http-nio-auto-1-exec-1] o.s.w.s.DispatcherServlet - Initializing Servlet 'dispatcherServlet'
2024-12-08 12:46:37,047 INFO  [http-nio-auto-1-exec-1] o.s.w.s.DispatcherServlet - Completed initialization in 4 ms
2024-12-08 12:46:37,151 WARN  [http-nio-auto-1-exec-1] m.r.e.RestExceptionHandler - RestErrorResponse{message='Acesso negado', entityName='null', description='uri=/customer/cart', fieldErrors=[]}
2024-12-08 12:46:37,462 INFO  [main] o.a.c.h.Http11NioProtocol - Pausing ProtocolHandler ["http-nio-auto-1"]
2024-12-08 12:46:37,463 INFO  [main] o.a.c.c.StandardService - Stopping service [Tomcat]
2024-12-08 12:46:37,465 INFO  [main] o.a.c.c.C.[.[.[/] - Destroying Spring FrameworkServlet 'dispatcherServlet'
2024-12-08 12:46:37,470 INFO  [main] o.a.c.h.Http11NioProtocol - Stopping ProtocolHandler ["http-nio-auto-1"]
2024-12-08 12:46:37,475 INFO  [main] o.a.c.h.Http11NioProtocol - Destroying ProtocolHandler ["http-nio-auto-1"]
[[1;34mINFO[m] [1;32mTests run: [0;1;32m1[m, Failures: 0, Errors: 0, Skipped: 0, Time elapsed: 16.165 s - in market.[1mv0_gpt35_run01_CartRestControllerTest[m
[[1;34mINFO[m] Running market.[1mv0_gpt35_run01_OrdersRestControllerTest[m

  .   ____          _            __ _ _
 /\\ / ___'_ __ _ _(_)_ __  __ _ \ \ \ \
( ( )\___ | '_ | '_| | '_ \/ _` | \ \ \ \
 \\/  ___)| |_)| | | | | || (_| |  ) ) ) )
  '  |____| .__|_| |_|_| |_\__, | / / / /
 =========|_|==============|___/=/_/_/_/
 :: Spring Boot ::                (v2.4.3)

2024-12-08 12:46:37,566 INFO  [main] o.a.m.s.b.ForkedBooter - Starting ForkedBooter v2.22.0 using Java 11.0.20 on IFTO-PROBOOK with PID 5659 (started by rincon in /media/rincon/63999417195/eclipse-workspace/EMB-master/jdk_11_maven/cs/rest-gui/market/market-rest)
2024-12-08 12:46:37,568 INFO  [main] o.a.m.s.b.ForkedBooter - No active profile set, falling back to default profiles: default
2024-12-08 12:46:37,572 WARN  [main] o.s.b.c.c.ConfigDataEnvironment - Property 'spring.profiles' imported from location 'class path resource [application.yml]' is invalid and should be replaced with 'spring.config.activate.on-profile' [origin: class path resource [application.yml] - 34:13]
2024-12-08 12:46:37,572 WARN  [main] o.s.b.c.c.ConfigDataEnvironment - Property 'spring.profiles' imported from location 'class path resource [application.yml]' is invalid and should be replaced with 'spring.config.activate.on-profile' [origin: class path resource [application.yml] - 24:13]
2024-12-08 12:46:37,944 INFO  [main] o.s.d.r.c.RepositoryConfigurationDelegate - Bootstrapping Spring Data JPA repositories in DEFAULT mode.
2024-12-08 12:46:37,993 INFO  [main] o.s.d.r.c.RepositoryConfigurationDelegate - Finished Spring Data repository scanning in 48 ms. Found 8 JPA repository interfaces.
2024-12-08 12:46:38,086 INFO  [main] o.s.c.s.PostProcessorRegistrationDelegate$BeanPostProcessorChecker - Bean 'market.DataConfig' of type [market.DataConfig$$EnhancerBySpringCGLIB$$61f55217] is not eligible for getting processed by all BeanPostProcessors (for example: not eligible for auto-proxying)
2024-12-08 12:46:38,123 INFO  [main] o.s.c.s.PostProcessorRegistrationDelegate$BeanPostProcessorChecker - Bean 'org.springframework.security.access.expression.method.DefaultMethodSecurityExpressionHandler@11a58284' of type [org.springframework.security.access.expression.method.DefaultMethodSecurityExpressionHandler] is not eligible for getting processed by all BeanPostProcessors (for example: not eligible for auto-proxying)
2024-12-08 12:46:38,125 INFO  [main] o.s.c.s.PostProcessorRegistrationDelegate$BeanPostProcessorChecker - Bean 'methodSecurityMetadataSource' of type [org.springframework.security.access.method.DelegatingMethodSecurityMetadataSource] is not eligible for getting processed by all BeanPostProcessors (for example: not eligible for auto-proxying)
2024-12-08 12:46:38,221 INFO  [main] o.s.b.w.e.t.TomcatWebServer - Tomcat initialized with port(s): 0 (http)
2024-12-08 12:46:38,222 INFO  [main] o.a.c.h.Http11NioProtocol - Initializing ProtocolHandler ["http-nio-auto-2"]
2024-12-08 12:46:38,223 INFO  [main] o.a.c.c.StandardService - Starting service [Tomcat]
2024-12-08 12:46:38,224 INFO  [main] o.a.c.c.StandardEngine - Starting Servlet engine: [Apache Tomcat/9.0.43]
2024-12-08 12:46:38,254 INFO  [main] o.a.c.c.C.[.[.[/] - Initializing Spring embedded WebApplicationContext
2024-12-08 12:46:38,254 INFO  [main] o.s.b.w.s.c.ServletWebServerApplicationContext - Root WebApplicationContext: initialization completed in 682 ms
2024-12-08 12:46:38,337 INFO  [main] c.z.h.HikariDataSource - HikariPool-2 - Starting...
2024-12-08 12:46:38,339 INFO  [main] c.z.h.HikariDataSource - HikariPool-2 - Start completed.
2024-12-08 12:46:38,419 INFO  [main] o.h.j.i.u.LogHelper - HHH000204: Processing PersistenceUnitInfo [name: default]
2024-12-08 12:46:38,454 INFO  [main] o.h.d.Dialect - HHH000400: Using dialect: org.hibernate.dialect.H2Dialect
2024-12-08 12:46:38,486 WARN  [main] o.h.b.i.InFlightMetadataCollectorImpl - HHH000069: Duplicate generator name gen
2024-12-08 12:46:38,490 WARN  [main] o.h.b.i.InFlightMetadataCollectorImpl - HHH000069: Duplicate generator name gen
2024-12-08 12:46:38,740 INFO  [main] o.h.e.t.j.p.i.JtaPlatformInitiator - HHH000490: Using JtaPlatform implementation: [org.hibernate.engine.transaction.jta.platform.internal.NoJtaPlatform]
2024-12-08 12:46:38,741 INFO  [main] o.s.o.j.LocalContainerEntityManagerFactoryBean - Initialized JPA EntityManagerFactory for persistence unit 'default'
2024-12-08 12:46:39,057 WARN  [main] o.s.b.a.o.j.JpaBaseConfiguration$JpaWebConfiguration - spring.jpa.open-in-view is enabled by default. Therefore, database queries may be performed during view rendering. Explicitly configure spring.jpa.open-in-view to disable this warning
2024-12-08 12:46:39,261 INFO  [main] o.s.s.w.DefaultSecurityFilterChain - Will secure any request with [org.springframework.security.web.context.request.async.WebAsyncManagerIntegrationFilter@6cd0fd3c, org.springframework.security.web.context.SecurityContextPersistenceFilter@1de508e7, org.springframework.security.web.header.HeaderWriterFilter@7710271d, org.springframework.security.web.authentication.logout.LogoutFilter@9fd68de, org.springframework.security.web.authentication.www.BasicAuthenticationFilter@5a7cb906, org.springframework.security.web.savedrequest.RequestCacheAwareFilter@2b01daf2, org.springframework.security.web.servletapi.SecurityContextHolderAwareRequestFilter@5ddf3840, org.springframework.security.web.authentication.AnonymousAuthenticationFilter@5b46b62e, org.springframework.security.web.session.SessionManagementFilter@58c72265, org.springframework.security.web.access.ExceptionTranslationFilter@6c4b433a, org.springframework.security.web.access.intercept.FilterSecurityInterceptor@183a042]
2024-12-08 12:46:39,300 INFO  [main] o.s.s.c.ThreadPoolTaskExecutor - Initializing ExecutorService 'applicationTaskExecutor'
2024-12-08 12:46:39,456 INFO  [main] o.a.c.h.Http11NioProtocol - Starting ProtocolHandler ["http-nio-auto-2"]
2024-12-08 12:46:39,459 INFO  [main] o.s.b.w.e.t.TomcatWebServer - Tomcat started on port(s): 41619 (http) with context path ''
2024-12-08 12:46:39,684 INFO  [main] o.a.m.s.b.ForkedBooter - Started ForkedBooter in 2.202 seconds (JVM running for 19.575)
2024-12-08 12:46:39,809 INFO  [http-nio-auto-2-exec-1] o.a.c.c.C.[.[.[/] - Initializing Spring DispatcherServlet 'dispatcherServlet'
2024-12-08 12:46:39,810 INFO  [http-nio-auto-2-exec-1] o.s.w.s.DispatcherServlet - Initializing Servlet 'dispatcherServlet'
2024-12-08 12:46:39,812 INFO  [http-nio-auto-2-exec-1] o.s.w.s.DispatcherServlet - Completed initialization in 2 ms
2024-12-08 12:46:39,826 WARN  [http-nio-auto-2-exec-1] m.r.e.RestExceptionHandler - RestErrorResponse{message='Acesso negado', entityName='null', description='uri=/customer/orders/999', fieldErrors=[]}
2024-12-08 12:46:39,884 WARN  [http-nio-auto-2-exec-2] m.r.e.RestExceptionHandler - RestErrorResponse{message='Acesso negado', entityName='null', description='uri=/customer/orders/123', fieldErrors=[]}
Request method:	GET
Request URI:	http://localhost:41619/customer/orders/123
Proxy:			<none>
Request params:	<none>
Query params:	<none>
Form params:	<none>
Path params:	<none>
Headers:		Accept=*/*
Cookies:		<none>
Multiparts:		<none>
Body:			<none>

HTTP/1.1 401 
X-Content-Type-Options: nosniff
X-XSS-Protection: 1; mode=block
Cache-Control: no-cache, no-store, max-age=0, must-revalidate
Pragma: no-cache
Expires: 0
Content-Type: application/json
Transfer-Encoding: chunked
Date: Sun, 08 Dec 2024 15:46:39 GMT
Keep-Alive: timeout=60
Connection: keep-alive

{
    "message": "Acesso negado",
    "description": "uri=/customer/orders/123",
    "entityName": null,
    "fieldErrors": [
        
    ]
}
2024-12-08 12:46:39,987 WARN  [http-nio-auto-2-exec-3] m.r.e.RestExceptionHandler - RestErrorResponse{message='Acesso negado', entityName='null', description='uri=/customer/orders/123', fieldErrors=[]}
2024-12-08 12:46:40,024 WARN  [http-nio-auto-2-exec-4] m.r.e.RestExceptionHandler - RestErrorResponse{message='Acesso negado', entityName='null', description='uri=/customer/orders/999', fieldErrors=[]}
Request method:	GET
Request URI:	http://localhost:41619/customer/orders/999
Proxy:			<none>
Request params:	<none>
Query params:	<none>
Form params:	<none>
Path params:	<none>
Headers:		Accept=*/*
Cookies:		<none>
Multiparts:		<none>
Body:			<none>

HTTP/1.1 401 
X-Content-Type-Options: nosniff
X-XSS-Protection: 1; mode=block
Cache-Control: no-cache, no-store, max-age=0, must-revalidate
Pragma: no-cache
Expires: 0
Content-Type: application/json
Transfer-Encoding: chunked
Date: Sun, 08 Dec 2024 15:46:39 GMT
Keep-Alive: timeout=60
Connection: keep-alive

{
    "message": "Acesso negado",
    "description": "uri=/customer/orders/999",
    "entityName": null,
    "fieldErrors": [
        
    ]
}
2024-12-08 12:46:40,068 WARN  [http-nio-auto-2-exec-5] m.r.e.RestExceptionHandler - RestErrorResponse{message='Acesso negado', entityName='null', description='uri=/customer/orders', fieldErrors=[]}
Request method:	GET
Request URI:	http://localhost:41619/customer/orders
Proxy:			<none>
Request params:	<none>
Query params:	<none>
Form params:	<none>
Path params:	<none>
Headers:		Accept=*/*
Cookies:		<none>
Multiparts:		<none>
Body:			<none>

HTTP/1.1 401 
X-Content-Type-Options: nosniff
X-XSS-Protection: 1; mode=block
Cache-Control: no-cache, no-store, max-age=0, must-revalidate
Pragma: no-cache
Expires: 0
Content-Type: application/json
Transfer-Encoding: chunked
Date: Sun, 08 Dec 2024 15:46:39 GMT
Keep-Alive: timeout=60
Connection: keep-alive

{
    "message": "Acesso negado",
    "description": "uri=/customer/orders",
    "entityName": null,
    "fieldErrors": [
        
    ]
}
2024-12-08 12:46:40,088 INFO  [main] o.a.c.h.Http11NioProtocol - Pausing ProtocolHandler ["http-nio-auto-2"]
2024-12-08 12:46:40,089 INFO  [main] o.a.c.c.StandardService - Stopping service [Tomcat]
2024-12-08 12:46:40,090 INFO  [main] o.a.c.c.C.[.[.[/] - Destroying Spring FrameworkServlet 'dispatcherServlet'
2024-12-08 12:46:40,094 INFO  [main] o.a.c.h.Http11NioProtocol - Stopping ProtocolHandler ["http-nio-auto-2"]
2024-12-08 12:46:40,103 INFO  [main] o.a.c.h.Http11NioProtocol - Destroying ProtocolHandler ["http-nio-auto-2"]
[[1;31mERROR[m] [1;31mTests [0;1mrun: [0;1m5[m, [1;31mFailures: [0;1;31m3[m, Errors: 0, Skipped: 0, Time elapsed: 2.567 s[1;31m <<< FAILURE![m - in market.[1mv0_gpt35_run01_OrdersRestControllerTest[m
[[1;31mERROR[m] testGetOrder_ValidPrincipalAndOrderId  Time elapsed: 0.11 s  <<< FAILURE!
java.lang.AssertionError: 
1 expectation failed.
Expected status code <200> but was <401>.

	at market.v0_gpt35_run01_OrdersRestControllerTest.testGetOrder_ValidPrincipalAndOrderId(v0_gpt35_run01_OrdersRestControllerTest.java:81)

[[1;31mERROR[m] testGetOrder_ValidPrincipalAndInvalidOrderId  Time elapsed: 0.039 s  <<< FAILURE!
java.lang.AssertionError: 
1 expectation failed.
Expected status code <404> but was <401>.

	at market.v0_gpt35_run01_OrdersRestControllerTest.testGetOrder_ValidPrincipalAndInvalidOrderId(v0_gpt35_run01_OrdersRestControllerTest.java:103)

[[1;31mERROR[m] testGetOrders_ValidPrincipal  Time elapsed: 0.041 s  <<< FAILURE!
java.lang.AssertionError: 
1 expectation failed.
Expected status code <200> but was <401>.

	at market.v0_gpt35_run01_OrdersRestControllerTest.testGetOrders_ValidPrincipal(v0_gpt35_run01_OrdersRestControllerTest.java:70)

[[1;34mINFO[m] Running market.[1mv0_gpt35_run01_RestExceptionHandlerTest[m

  .   ____          _            __ _ _
 /\\ / ___'_ __ _ _(_)_ __  __ _ \ \ \ \
( ( )\___ | '_ | '_| | '_ \/ _` | \ \ \ \
 \\/  ___)| |_)| | | | | || (_| |  ) ) ) )
  '  |____| .__|_| |_|_| |_\__, | / / / /
 =========|_|==============|___/=/_/_/_/
 :: Spring Boot ::                (v2.4.3)

2024-12-08 12:46:40,185 INFO  [main] o.a.m.s.b.ForkedBooter - Starting ForkedBooter v2.22.0 using Java 11.0.20 on IFTO-PROBOOK with PID 5659 (started by rincon in /media/rincon/63999417195/eclipse-workspace/EMB-master/jdk_11_maven/cs/rest-gui/market/market-rest)
2024-12-08 12:46:40,186 INFO  [main] o.a.m.s.b.ForkedBooter - No active profile set, falling back to default profiles: default
2024-12-08 12:46:40,188 WARN  [main] o.s.b.c.c.ConfigDataEnvironment - Property 'spring.profiles' imported from location 'class path resource [application.yml]' is invalid and should be replaced with 'spring.config.activate.on-profile' [origin: class path resource [application.yml] - 34:13]
2024-12-08 12:46:40,188 WARN  [main] o.s.b.c.c.ConfigDataEnvironment - Property 'spring.profiles' imported from location 'class path resource [application.yml]' is invalid and should be replaced with 'spring.config.activate.on-profile' [origin: class path resource [application.yml] - 24:13]
2024-12-08 12:46:40,576 INFO  [main] o.s.d.r.c.RepositoryConfigurationDelegate - Bootstrapping Spring Data JPA repositories in DEFAULT mode.
2024-12-08 12:46:40,618 INFO  [main] o.s.d.r.c.RepositoryConfigurationDelegate - Finished Spring Data repository scanning in 41 ms. Found 8 JPA repository interfaces.
2024-12-08 12:46:40,696 INFO  [main] o.s.c.s.PostProcessorRegistrationDelegate$BeanPostProcessorChecker - Bean 'market.DataConfig' of type [market.DataConfig$$EnhancerBySpringCGLIB$$61f55217] is not eligible for getting processed by all BeanPostProcessors (for example: not eligible for auto-proxying)
2024-12-08 12:46:40,720 INFO  [main] o.s.c.s.PostProcessorRegistrationDelegate$BeanPostProcessorChecker - Bean 'org.springframework.security.access.expression.method.DefaultMethodSecurityExpressionHandler@41170f9' of type [org.springframework.security.access.expression.method.DefaultMethodSecurityExpressionHandler] is not eligible for getting processed by all BeanPostProcessors (for example: not eligible for auto-proxying)
2024-12-08 12:46:40,722 INFO  [main] o.s.c.s.PostProcessorRegistrationDelegate$BeanPostProcessorChecker - Bean 'methodSecurityMetadataSource' of type [org.springframework.security.access.method.DelegatingMethodSecurityMetadataSource] is not eligible for getting processed by all BeanPostProcessors (for example: not eligible for auto-proxying)
2024-12-08 12:46:40,784 INFO  [main] o.s.b.w.e.t.TomcatWebServer - Tomcat initialized with port(s): 0 (http)
2024-12-08 12:46:40,786 INFO  [main] o.a.c.h.Http11NioProtocol - Initializing ProtocolHandler ["http-nio-auto-3"]
2024-12-08 12:46:40,786 INFO  [main] o.a.c.c.StandardService - Starting service [Tomcat]
2024-12-08 12:46:40,787 INFO  [main] o.a.c.c.StandardEngine - Starting Servlet engine: [Apache Tomcat/9.0.43]
2024-12-08 12:46:40,805 INFO  [main] o.a.c.c.C.[.[.[/] - Initializing Spring embedded WebApplicationContext
2024-12-08 12:46:40,805 INFO  [main] o.s.b.w.s.c.ServletWebServerApplicationContext - Root WebApplicationContext: initialization completed in 616 ms
2024-12-08 12:46:40,847 INFO  [main] c.z.h.HikariDataSource - HikariPool-3 - Starting...
2024-12-08 12:46:40,850 INFO  [main] c.z.h.HikariDataSource - HikariPool-3 - Start completed.
2024-12-08 12:46:40,900 INFO  [main] o.h.j.i.u.LogHelper - HHH000204: Processing PersistenceUnitInfo [name: default]
2024-12-08 12:46:40,927 INFO  [main] o.h.d.Dialect - HHH000400: Using dialect: org.hibernate.dialect.H2Dialect
2024-12-08 12:46:40,949 WARN  [main] o.h.b.i.InFlightMetadataCollectorImpl - HHH000069: Duplicate generator name gen
2024-12-08 12:46:40,952 WARN  [main] o.h.b.i.InFlightMetadataCollectorImpl - HHH000069: Duplicate generator name gen
2024-12-08 12:46:41,189 INFO  [main] o.h.e.t.j.p.i.JtaPlatformInitiator - HHH000490: Using JtaPlatform implementation: [org.hibernate.engine.transaction.jta.platform.internal.NoJtaPlatform]
2024-12-08 12:46:41,189 INFO  [main] o.s.o.j.LocalContainerEntityManagerFactoryBean - Initialized JPA EntityManagerFactory for persistence unit 'default'
2024-12-08 12:46:41,557 WARN  [main] o.s.b.a.o.j.JpaBaseConfiguration$JpaWebConfiguration - spring.jpa.open-in-view is enabled by default. Therefore, database queries may be performed during view rendering. Explicitly configure spring.jpa.open-in-view to disable this warning
2024-12-08 12:46:41,774 INFO  [main] o.s.s.w.DefaultSecurityFilterChain - Will secure any request with [org.springframework.security.web.context.request.async.WebAsyncManagerIntegrationFilter@3a312f52, org.springframework.security.web.context.SecurityContextPersistenceFilter@16550b71, org.springframework.security.web.header.HeaderWriterFilter@1aff6196, org.springframework.security.web.authentication.logout.LogoutFilter@797844b, org.springframework.security.web.authentication.www.BasicAuthenticationFilter@3a9f2e32, org.springframework.security.web.savedrequest.RequestCacheAwareFilter@49272a1b, org.springframework.security.web.servletapi.SecurityContextHolderAwareRequestFilter@28350178, org.springframework.security.web.authentication.AnonymousAuthenticationFilter@2a857f62, org.springframework.security.web.session.SessionManagementFilter@5348597a, org.springframework.security.web.access.ExceptionTranslationFilter@3cdc6e3e, org.springframework.security.web.access.intercept.FilterSecurityInterceptor@4df2ac4d]
2024-12-08 12:46:41,820 INFO  [main] o.s.s.c.ThreadPoolTaskExecutor - Initializing ExecutorService 'applicationTaskExecutor'
2024-12-08 12:46:41,990 INFO  [main] o.a.c.h.Http11NioProtocol - Starting ProtocolHandler ["http-nio-auto-3"]
2024-12-08 12:46:41,993 INFO  [main] o.s.b.w.e.t.TomcatWebServer - Tomcat started on port(s): 36587 (http) with context path ''
2024-12-08 12:46:42,235 INFO  [main] o.a.m.s.b.ForkedBooter - Started ForkedBooter in 2.128 seconds (JVM running for 22.126)
2024-12-08 12:46:42,355 INFO  [main] o.a.c.h.Http11NioProtocol - Pausing ProtocolHandler ["http-nio-auto-3"]
2024-12-08 12:46:42,355 INFO  [main] o.a.c.c.StandardService - Stopping service [Tomcat]
2024-12-08 12:46:42,358 INFO  [main] o.a.c.h.Http11NioProtocol - Stopping ProtocolHandler ["http-nio-auto-3"]
2024-12-08 12:46:42,362 INFO  [main] o.a.c.h.Http11NioProtocol - Destroying ProtocolHandler ["http-nio-auto-3"]
[[1;34mINFO[m] [1;32mTests run: [0;1;32m5[m, Failures: 0, Errors: 0, Skipped: 0, Time elapsed: 2.222 s - in market.[1mv0_gpt35_run01_RestExceptionHandlerTest[m
[[1;34mINFO[m] Running market.[1mv0_gpt35_run02_ProductsRestControllerTest[m

  .   ____          _            __ _ _
 /\\ / ___'_ __ _ _(_)_ __  __ _ \ \ \ \
( ( )\___ | '_ | '_| | '_ \/ _` | \ \ \ \
 \\/  ___)| |_)| | | | | || (_| |  ) ) ) )
  '  |____| .__|_| |_|_| |_\__, | / / / /
 =========|_|==============|___/=/_/_/_/
 :: Spring Boot ::                (v2.4.3)

2024-12-08 12:46:42,411 INFO  [main] o.a.m.s.b.ForkedBooter - Starting ForkedBooter v2.22.0 using Java 11.0.20 on IFTO-PROBOOK with PID 5659 (started by rincon in /media/rincon/63999417195/eclipse-workspace/EMB-master/jdk_11_maven/cs/rest-gui/market/market-rest)
2024-12-08 12:46:42,412 INFO  [main] o.a.m.s.b.ForkedBooter - No active profile set, falling back to default profiles: default
2024-12-08 12:46:42,414 WARN  [main] o.s.b.c.c.ConfigDataEnvironment - Property 'spring.profiles' imported from location 'class path resource [application.yml]' is invalid and should be replaced with 'spring.config.activate.on-profile' [origin: class path resource [application.yml] - 34:13]
2024-12-08 12:46:42,415 WARN  [main] o.s.b.c.c.ConfigDataEnvironment - Property 'spring.profiles' imported from location 'class path resource [application.yml]' is invalid and should be replaced with 'spring.config.activate.on-profile' [origin: class path resource [application.yml] - 24:13]
2024-12-08 12:46:42,759 INFO  [main] o.s.d.r.c.RepositoryConfigurationDelegate - Bootstrapping Spring Data JPA repositories in DEFAULT mode.
2024-12-08 12:46:42,824 INFO  [main] o.s.d.r.c.RepositoryConfigurationDelegate - Finished Spring Data repository scanning in 64 ms. Found 8 JPA repository interfaces.
2024-12-08 12:46:42,896 INFO  [main] o.s.c.s.PostProcessorRegistrationDelegate$BeanPostProcessorChecker - Bean 'market.DataConfig' of type [market.DataConfig$$EnhancerBySpringCGLIB$$61f55217] is not eligible for getting processed by all BeanPostProcessors (for example: not eligible for auto-proxying)
2024-12-08 12:46:42,927 INFO  [main] o.s.c.s.PostProcessorRegistrationDelegate$BeanPostProcessorChecker - Bean 'org.springframework.security.access.expression.method.DefaultMethodSecurityExpressionHandler@77bc3ce4' of type [org.springframework.security.access.expression.method.DefaultMethodSecurityExpressionHandler] is not eligible for getting processed by all BeanPostProcessors (for example: not eligible for auto-proxying)
2024-12-08 12:46:42,934 INFO  [main] o.s.c.s.PostProcessorRegistrationDelegate$BeanPostProcessorChecker - Bean 'methodSecurityMetadataSource' of type [org.springframework.security.access.method.DelegatingMethodSecurityMetadataSource] is not eligible for getting processed by all BeanPostProcessors (for example: not eligible for auto-proxying)
2024-12-08 12:46:43,003 INFO  [main] o.s.b.w.e.t.TomcatWebServer - Tomcat initialized with port(s): 0 (http)
2024-12-08 12:46:43,004 INFO  [main] o.a.c.h.Http11NioProtocol - Initializing ProtocolHandler ["http-nio-auto-4"]
2024-12-08 12:46:43,005 INFO  [main] o.a.c.c.StandardService - Starting service [Tomcat]
2024-12-08 12:46:43,005 INFO  [main] o.a.c.c.StandardEngine - Starting Servlet engine: [Apache Tomcat/9.0.43]
2024-12-08 12:46:43,020 INFO  [main] o.a.c.c.C.[.[.[/] - Initializing Spring embedded WebApplicationContext
2024-12-08 12:46:43,020 INFO  [main] o.s.b.w.s.c.ServletWebServerApplicationContext - Root WebApplicationContext: initialization completed in 605 ms
2024-12-08 12:46:43,061 INFO  [main] c.z.h.HikariDataSource - HikariPool-4 - Starting...
2024-12-08 12:46:43,063 INFO  [main] c.z.h.HikariDataSource - HikariPool-4 - Start completed.
2024-12-08 12:46:43,098 INFO  [main] o.h.j.i.u.LogHelper - HHH000204: Processing PersistenceUnitInfo [name: default]
2024-12-08 12:46:43,124 INFO  [main] o.h.d.Dialect - HHH000400: Using dialect: org.hibernate.dialect.H2Dialect
2024-12-08 12:46:43,147 WARN  [main] o.h.b.i.InFlightMetadataCollectorImpl - HHH000069: Duplicate generator name gen
2024-12-08 12:46:43,150 WARN  [main] o.h.b.i.InFlightMetadataCollectorImpl - HHH000069: Duplicate generator name gen
2024-12-08 12:46:43,315 INFO  [main] o.h.e.t.j.p.i.JtaPlatformInitiator - HHH000490: Using JtaPlatform implementation: [org.hibernate.engine.transaction.jta.platform.internal.NoJtaPlatform]
2024-12-08 12:46:43,315 INFO  [main] o.s.o.j.LocalContainerEntityManagerFactoryBean - Initialized JPA EntityManagerFactory for persistence unit 'default'
2024-12-08 12:46:43,528 WARN  [main] o.s.b.a.o.j.JpaBaseConfiguration$JpaWebConfiguration - spring.jpa.open-in-view is enabled by default. Therefore, database queries may be performed during view rendering. Explicitly configure spring.jpa.open-in-view to disable this warning
2024-12-08 12:46:43,723 INFO  [main] o.s.s.w.DefaultSecurityFilterChain - Will secure any request with [org.springframework.security.web.context.request.async.WebAsyncManagerIntegrationFilter@1e0b8aee, org.springframework.security.web.context.SecurityContextPersistenceFilter@6909ebba, org.springframework.security.web.header.HeaderWriterFilter@f35c291, org.springframework.security.web.authentication.logout.LogoutFilter@68f2600e, org.springframework.security.web.authentication.www.BasicAuthenticationFilter@1047472b, org.springframework.security.web.savedrequest.RequestCacheAwareFilter@26ae809f, org.springframework.security.web.servletapi.SecurityContextHolderAwareRequestFilter@7aeff91, org.springframework.security.web.authentication.AnonymousAuthenticationFilter@3c38f063, org.springframework.security.web.session.SessionManagementFilter@7cd6a635, org.springframework.security.web.access.ExceptionTranslationFilter@d985e0a, org.springframework.security.web.access.intercept.FilterSecurityInterceptor@7fdd2a20]
2024-12-08 12:46:43,759 INFO  [main] o.s.s.c.ThreadPoolTaskExecutor - Initializing ExecutorService 'applicationTaskExecutor'
2024-12-08 12:46:43,875 INFO  [main] o.a.c.h.Http11NioProtocol - Starting ProtocolHandler ["http-nio-auto-4"]
2024-12-08 12:46:43,877 INFO  [main] o.s.b.w.e.t.TomcatWebServer - Tomcat started on port(s): 43205 (http) with context path ''
2024-12-08 12:46:44,045 INFO  [main] o.a.m.s.b.ForkedBooter - Started ForkedBooter in 1.677 seconds (JVM running for 23.936)
2024-12-08 12:46:44,115 INFO  [main] o.a.c.h.Http11NioProtocol - Pausing ProtocolHandler ["http-nio-auto-4"]
2024-12-08 12:46:44,115 INFO  [main] o.a.c.c.StandardService - Stopping service [Tomcat]
2024-12-08 12:46:44,118 INFO  [main] o.a.c.h.Http11NioProtocol - Stopping ProtocolHandler ["http-nio-auto-4"]
2024-12-08 12:46:44,122 INFO  [main] o.a.c.h.Http11NioProtocol - Destroying ProtocolHandler ["http-nio-auto-4"]
[[1;34mINFO[m] [1;32mTests run: [0;1;32m2[m, Failures: 0, Errors: 0, Skipped: 0, Time elapsed: 1.751 s - in market.[1mv0_gpt35_run02_ProductsRestControllerTest[m
[[1;34mINFO[m] Running market.[1mv0_gpt35_run03_ContactsRestControllerTest[m

  .   ____          _            __ _ _
 /\\ / ___'_ __ _ _(_)_ __  __ _ \ \ \ \
( ( )\___ | '_ | '_| | '_ \/ _` | \ \ \ \
 \\/  ___)| |_)| | | | | || (_| |  ) ) ) )
  '  |____| .__|_| |_|_| |_\__, | / / / /
 =========|_|==============|___/=/_/_/_/
 :: Spring Boot ::                (v2.4.3)

2024-12-08 12:46:44,156 INFO  [main] o.a.m.s.b.ForkedBooter - Starting ForkedBooter v2.22.0 using Java 11.0.20 on IFTO-PROBOOK with PID 5659 (started by rincon in /media/rincon/63999417195/eclipse-workspace/EMB-master/jdk_11_maven/cs/rest-gui/market/market-rest)
2024-12-08 12:46:44,157 INFO  [main] o.a.m.s.b.ForkedBooter - No active profile set, falling back to default profiles: default
2024-12-08 12:46:44,158 WARN  [main] o.s.b.c.c.ConfigDataEnvironment - Property 'spring.profiles' imported from location 'class path resource [application.yml]' is invalid and should be replaced with 'spring.config.activate.on-profile' [origin: class path resource [application.yml] - 34:13]
2024-12-08 12:46:44,158 WARN  [main] o.s.b.c.c.ConfigDataEnvironment - Property 'spring.profiles' imported from location 'class path resource [application.yml]' is invalid and should be replaced with 'spring.config.activate.on-profile' [origin: class path resource [application.yml] - 24:13]
2024-12-08 12:46:44,431 INFO  [main] o.s.d.r.c.RepositoryConfigurationDelegate - Bootstrapping Spring Data JPA repositories in DEFAULT mode.
2024-12-08 12:46:44,463 INFO  [main] o.s.d.r.c.RepositoryConfigurationDelegate - Finished Spring Data repository scanning in 31 ms. Found 8 JPA repository interfaces.
2024-12-08 12:46:44,522 INFO  [main] o.s.c.s.PostProcessorRegistrationDelegate$BeanPostProcessorChecker - Bean 'market.DataConfig' of type [market.DataConfig$$EnhancerBySpringCGLIB$$61f55217] is not eligible for getting processed by all BeanPostProcessors (for example: not eligible for auto-proxying)
2024-12-08 12:46:44,541 INFO  [main] o.s.c.s.PostProcessorRegistrationDelegate$BeanPostProcessorChecker - Bean 'org.springframework.security.access.expression.method.DefaultMethodSecurityExpressionHandler@f2bcc4f' of type [org.springframework.security.access.expression.method.DefaultMethodSecurityExpressionHandler] is not eligible for getting processed by all BeanPostProcessors (for example: not eligible for auto-proxying)
2024-12-08 12:46:44,543 INFO  [main] o.s.c.s.PostProcessorRegistrationDelegate$BeanPostProcessorChecker - Bean 'methodSecurityMetadataSource' of type [org.springframework.security.access.method.DelegatingMethodSecurityMetadataSource] is not eligible for getting processed by all BeanPostProcessors (for example: not eligible for auto-proxying)
2024-12-08 12:46:44,594 INFO  [main] o.s.b.w.e.t.TomcatWebServer - Tomcat initialized with port(s): 0 (http)
2024-12-08 12:46:44,595 INFO  [main] o.a.c.h.Http11NioProtocol - Initializing ProtocolHandler ["http-nio-auto-5"]
2024-12-08 12:46:44,596 INFO  [main] o.a.c.c.StandardService - Starting service [Tomcat]
2024-12-08 12:46:44,596 INFO  [main] o.a.c.c.StandardEngine - Starting Servlet engine: [Apache Tomcat/9.0.43]
2024-12-08 12:46:44,611 INFO  [main] o.a.c.c.C.[.[.[/] - Initializing Spring embedded WebApplicationContext
2024-12-08 12:46:44,611 INFO  [main] o.s.b.w.s.c.ServletWebServerApplicationContext - Root WebApplicationContext: initialization completed in 453 ms
2024-12-08 12:46:44,650 INFO  [main] c.z.h.HikariDataSource - HikariPool-5 - Starting...
2024-12-08 12:46:44,652 INFO  [main] c.z.h.HikariDataSource - HikariPool-5 - Start completed.
2024-12-08 12:46:44,680 INFO  [main] o.h.j.i.u.LogHelper - HHH000204: Processing PersistenceUnitInfo [name: default]
2024-12-08 12:46:44,705 INFO  [main] o.h.d.Dialect - HHH000400: Using dialect: org.hibernate.dialect.H2Dialect
2024-12-08 12:46:44,724 WARN  [main] o.h.b.i.InFlightMetadataCollectorImpl - HHH000069: Duplicate generator name gen
2024-12-08 12:46:44,727 WARN  [main] o.h.b.i.InFlightMetadataCollectorImpl - HHH000069: Duplicate generator name gen
2024-12-08 12:46:44,899 INFO  [main] o.h.e.t.j.p.i.JtaPlatformInitiator - HHH000490: Using JtaPlatform implementation: [org.hibernate.engine.transaction.jta.platform.internal.NoJtaPlatform]
2024-12-08 12:46:44,899 INFO  [main] o.s.o.j.LocalContainerEntityManagerFactoryBean - Initialized JPA EntityManagerFactory for persistence unit 'default'
2024-12-08 12:46:45,158 WARN  [main] o.s.b.a.o.j.JpaBaseConfiguration$JpaWebConfiguration - spring.jpa.open-in-view is enabled by default. Therefore, database queries may be performed during view rendering. Explicitly configure spring.jpa.open-in-view to disable this warning
2024-12-08 12:46:45,351 INFO  [main] o.s.s.w.DefaultSecurityFilterChain - Will secure any request with [org.springframework.security.web.context.request.async.WebAsyncManagerIntegrationFilter@24caf756, org.springframework.security.web.context.SecurityContextPersistenceFilter@3e6f75a2, org.springframework.security.web.header.HeaderWriterFilter@76815cd1, org.springframework.security.web.authentication.logout.LogoutFilter@26750073, org.springframework.security.web.authentication.www.BasicAuthenticationFilter@2b37b0e7, org.springframework.security.web.savedrequest.RequestCacheAwareFilter@6676fcc2, org.springframework.security.web.servletapi.SecurityContextHolderAwareRequestFilter@1a6d4309, org.springframework.security.web.authentication.AnonymousAuthenticationFilter@f772a30, org.springframework.security.web.session.SessionManagementFilter@294a1583, org.springframework.security.web.access.ExceptionTranslationFilter@ebadf62, org.springframework.security.web.access.intercept.FilterSecurityInterceptor@7f93bf66]
2024-12-08 12:46:45,385 INFO  [main] o.s.s.c.ThreadPoolTaskExecutor - Initializing ExecutorService 'applicationTaskExecutor'
2024-12-08 12:46:45,500 INFO  [main] o.a.c.h.Http11NioProtocol - Starting ProtocolHandler ["http-nio-auto-5"]
2024-12-08 12:46:45,503 INFO  [main] o.s.b.w.e.t.TomcatWebServer - Tomcat started on port(s): 38303 (http) with context path ''
2024-12-08 12:46:45,651 INFO  [main] o.a.m.s.b.ForkedBooter - Started ForkedBooter in 1.525 seconds (JVM running for 25.542)
2024-12-08 12:46:45,752 INFO  [http-nio-auto-5-exec-1] o.a.c.c.C.[.[.[/] - Initializing Spring DispatcherServlet 'dispatcherServlet'
2024-12-08 12:46:45,752 INFO  [http-nio-auto-5-exec-1] o.s.w.s.DispatcherServlet - Initializing Servlet 'dispatcherServlet'
2024-12-08 12:46:45,754 INFO  [http-nio-auto-5-exec-1] o.s.w.s.DispatcherServlet - Completed initialization in 2 ms
2024-12-08 12:46:45,893 WARN  [http-nio-auto-5-exec-1] m.r.e.RestExceptionHandler - RestErrorResponse{message='Acesso negado', entityName='null', description='uri=/customer/contacts', fieldErrors=[]}
Request method:	PUT
Request URI:	http://localhost:38303/customer/contacts
Proxy:			<none>
Request params:	<none>
Query params:	<none>
Form params:	<none>
Path params:	<none>
Headers:		Accept=*/*
				Content-Type=application/json; charset=UTF-8
Cookies:		<none>
Multiparts:		<none>
Body:
{
    "address": "Riesstrasse 18",
    "phone": "+7 123 456 78 90"
}

HTTP/1.1 401 
X-Content-Type-Options: nosniff
X-XSS-Protection: 1; mode=block
Cache-Control: no-cache, no-store, max-age=0, must-revalidate
Pragma: no-cache
Expires: 0
Content-Type: application/json
Transfer-Encoding: chunked
Date: Sun, 08 Dec 2024 15:46:45 GMT
Keep-Alive: timeout=60
Connection: keep-alive

{
    "message": "Acesso negado",
    "description": "uri=/customer/contacts",
    "entityName": null,
    "fieldErrors": [
        
    ]
}
2024-12-08 12:46:45,931 WARN  [http-nio-auto-5-exec-2] m.r.e.RestExceptionHandler - RestErrorResponse{message='Acesso negado', entityName='null', description='uri=/customer/contacts', fieldErrors=[]}
Request method:	GET
Request URI:	http://localhost:38303/customer/contacts
Proxy:			<none>
Request params:	<none>
Query params:	<none>
Form params:	<none>
Path params:	<none>
Headers:		Accept=*/*
Cookies:		<none>
Multiparts:		<none>
Body:			<none>

HTTP/1.1 401 
X-Content-Type-Options: nosniff
X-XSS-Protection: 1; mode=block
Cache-Control: no-cache, no-store, max-age=0, must-revalidate
Pragma: no-cache
Expires: 0
Content-Type: application/json
Transfer-Encoding: chunked
Date: Sun, 08 Dec 2024 15:46:45 GMT
Keep-Alive: timeout=60
Connection: keep-alive

{
    "message": "Acesso negado",
    "description": "uri=/customer/contacts",
    "entityName": null,
    "fieldErrors": [
        
    ]
}
2024-12-08 12:46:45,951 INFO  [main] o.a.c.h.Http11NioProtocol - Pausing ProtocolHandler ["http-nio-auto-5"]
2024-12-08 12:46:45,952 INFO  [main] o.a.c.c.StandardService - Stopping service [Tomcat]
2024-12-08 12:46:45,952 INFO  [main] o.a.c.c.C.[.[.[/] - Destroying Spring FrameworkServlet 'dispatcherServlet'
2024-12-08 12:46:45,955 INFO  [main] o.a.c.h.Http11NioProtocol - Stopping ProtocolHandler ["http-nio-auto-5"]
2024-12-08 12:46:45,958 INFO  [main] o.a.c.h.Http11NioProtocol - Destroying ProtocolHandler ["http-nio-auto-5"]
[[1;31mERROR[m] [1;31mTests [0;1mrun: [0;1m2[m, [1;31mFailures: [0;1;31m2[m, Errors: 0, Skipped: 0, Time elapsed: 1.828 s[1;31m <<< FAILURE![m - in market.[1mv0_gpt35_run03_ContactsRestControllerTest[m
[[1;31mERROR[m] testUpdateContacts  Time elapsed: 0.21 s  <<< FAILURE!
java.lang.AssertionError: 
1 expectation failed.
Expected status code <200> but was <401>.

	at market.v0_gpt35_run03_ContactsRestControllerTest.testUpdateContacts(v0_gpt35_run03_ContactsRestControllerTest.java:81)

[[1;31mERROR[m] testGetContacts  Time elapsed: 0.04 s  <<< FAILURE!
java.lang.AssertionError: 
1 expectation failed.
Expected status code <200> but was <401>.

	at market.v0_gpt35_run03_ContactsRestControllerTest.testGetContacts(v0_gpt35_run03_ContactsRestControllerTest.java:69)

[[1;34mINFO[m] Running market.[1mv0_gpt35_run02_CustomerRestControllerTest[m

  .   ____          _            __ _ _
 /\\ / ___'_ __ _ _(_)_ __  __ _ \ \ \ \
( ( )\___ | '_ | '_| | '_ \/ _` | \ \ \ \
 \\/  ___)| |_)| | | | | || (_| |  ) ) ) )
  '  |____| .__|_| |_|_| |_\__, | / / / /
 =========|_|==============|___/=/_/_/_/
 :: Spring Boot ::                (v2.4.3)

2024-12-08 12:46:46,004 INFO  [main] o.a.m.s.b.ForkedBooter - Starting ForkedBooter v2.22.0 using Java 11.0.20 on IFTO-PROBOOK with PID 5659 (started by rincon in /media/rincon/63999417195/eclipse-workspace/EMB-master/jdk_11_maven/cs/rest-gui/market/market-rest)
2024-12-08 12:46:46,005 INFO  [main] o.a.m.s.b.ForkedBooter - No active profile set, falling back to default profiles: default
2024-12-08 12:46:46,007 WARN  [main] o.s.b.c.c.ConfigDataEnvironment - Property 'spring.profiles' imported from location 'class path resource [application.yml]' is invalid and should be replaced with 'spring.config.activate.on-profile' [origin: class path resource [application.yml] - 34:13]
2024-12-08 12:46:46,007 WARN  [main] o.s.b.c.c.ConfigDataEnvironment - Property 'spring.profiles' imported from location 'class path resource [application.yml]' is invalid and should be replaced with 'spring.config.activate.on-profile' [origin: class path resource [application.yml] - 24:13]
2024-12-08 12:46:46,265 INFO  [main] o.s.d.r.c.RepositoryConfigurationDelegate - Bootstrapping Spring Data JPA repositories in DEFAULT mode.
2024-12-08 12:46:46,296 INFO  [main] o.s.d.r.c.RepositoryConfigurationDelegate - Finished Spring Data repository scanning in 30 ms. Found 8 JPA repository interfaces.
2024-12-08 12:46:46,355 INFO  [main] o.s.c.s.PostProcessorRegistrationDelegate$BeanPostProcessorChecker - Bean 'market.DataConfig' of type [market.DataConfig$$EnhancerBySpringCGLIB$$61f55217] is not eligible for getting processed by all BeanPostProcessors (for example: not eligible for auto-proxying)
2024-12-08 12:46:46,376 INFO  [main] o.s.c.s.PostProcessorRegistrationDelegate$BeanPostProcessorChecker - Bean 'org.springframework.security.access.expression.method.DefaultMethodSecurityExpressionHandler@326b6ea1' of type [org.springframework.security.access.expression.method.DefaultMethodSecurityExpressionHandler] is not eligible for getting processed by all BeanPostProcessors (for example: not eligible for auto-proxying)
2024-12-08 12:46:46,378 INFO  [main] o.s.c.s.PostProcessorRegistrationDelegate$BeanPostProcessorChecker - Bean 'methodSecurityMetadataSource' of type [org.springframework.security.access.method.DelegatingMethodSecurityMetadataSource] is not eligible for getting processed by all BeanPostProcessors (for example: not eligible for auto-proxying)
2024-12-08 12:46:46,431 INFO  [main] o.s.b.w.e.t.TomcatWebServer - Tomcat initialized with port(s): 0 (http)
2024-12-08 12:46:46,432 INFO  [main] o.a.c.h.Http11NioProtocol - Initializing ProtocolHandler ["http-nio-auto-6"]
2024-12-08 12:46:46,433 INFO  [main] o.a.c.c.StandardService - Starting service [Tomcat]
2024-12-08 12:46:46,433 INFO  [main] o.a.c.c.StandardEngine - Starting Servlet engine: [Apache Tomcat/9.0.43]
2024-12-08 12:46:46,447 INFO  [main] o.a.c.c.C.[.[.[/] - Initializing Spring embedded WebApplicationContext
2024-12-08 12:46:46,447 INFO  [main] o.s.b.w.s.c.ServletWebServerApplicationContext - Root WebApplicationContext: initialization completed in 440 ms
2024-12-08 12:46:46,495 INFO  [main] c.z.h.HikariDataSource - HikariPool-6 - Starting...
2024-12-08 12:46:46,497 INFO  [main] c.z.h.HikariDataSource - HikariPool-6 - Start completed.
2024-12-08 12:46:46,530 INFO  [main] o.h.j.i.u.LogHelper - HHH000204: Processing PersistenceUnitInfo [name: default]
2024-12-08 12:46:46,568 INFO  [main] o.h.d.Dialect - HHH000400: Using dialect: org.hibernate.dialect.H2Dialect
2024-12-08 12:46:46,594 WARN  [main] o.h.b.i.InFlightMetadataCollectorImpl - HHH000069: Duplicate generator name gen
2024-12-08 12:46:46,598 WARN  [main] o.h.b.i.InFlightMetadataCollectorImpl - HHH000069: Duplicate generator name gen
2024-12-08 12:46:46,735 INFO  [main] o.h.e.t.j.p.i.JtaPlatformInitiator - HHH000490: Using JtaPlatform implementation: [org.hibernate.engine.transaction.jta.platform.internal.NoJtaPlatform]
2024-12-08 12:46:46,735 INFO  [main] o.s.o.j.LocalContainerEntityManagerFactoryBean - Initialized JPA EntityManagerFactory for persistence unit 'default'
2024-12-08 12:46:46,948 WARN  [main] o.s.b.a.o.j.JpaBaseConfiguration$JpaWebConfiguration - spring.jpa.open-in-view is enabled by default. Therefore, database queries may be performed during view rendering. Explicitly configure spring.jpa.open-in-view to disable this warning
2024-12-08 12:46:47,127 INFO  [main] o.s.s.w.DefaultSecurityFilterChain - Will secure any request with [org.springframework.security.web.context.request.async.WebAsyncManagerIntegrationFilter@3ed0d2c2, org.springframework.security.web.context.SecurityContextPersistenceFilter@60a3205, org.springframework.security.web.header.HeaderWriterFilter@46c65e04, org.springframework.security.web.authentication.logout.LogoutFilter@6ab8c915, org.springframework.security.web.authentication.www.BasicAuthenticationFilter@780a8f3e, org.springframework.security.web.savedrequest.RequestCacheAwareFilter@766034ae, org.springframework.security.web.servletapi.SecurityContextHolderAwareRequestFilter@2a26218, org.springframework.security.web.authentication.AnonymousAuthenticationFilter@50cb69bd, org.springframework.security.web.session.SessionManagementFilter@7249b42c, org.springframework.security.web.access.ExceptionTranslationFilter@39f93c66, org.springframework.security.web.access.intercept.FilterSecurityInterceptor@37622b7f]
2024-12-08 12:46:47,164 INFO  [main] o.s.s.c.ThreadPoolTaskExecutor - Initializing ExecutorService 'applicationTaskExecutor'
2024-12-08 12:46:47,281 INFO  [main] o.a.c.h.Http11NioProtocol - Starting ProtocolHandler ["http-nio-auto-6"]
2024-12-08 12:46:47,284 INFO  [main] o.s.b.w.e.t.TomcatWebServer - Tomcat started on port(s): 36275 (http) with context path ''
2024-12-08 12:46:47,420 INFO  [main] o.a.m.s.b.ForkedBooter - Started ForkedBooter in 1.455 seconds (JVM running for 27.311)
2024-12-08 12:46:47,478 INFO  [http-nio-auto-6-exec-1] o.a.c.c.C.[.[.[/] - Initializing Spring DispatcherServlet 'dispatcherServlet'
2024-12-08 12:46:47,479 INFO  [http-nio-auto-6-exec-1] o.s.w.s.DispatcherServlet - Initializing Servlet 'dispatcherServlet'
2024-12-08 12:46:47,481 INFO  [http-nio-auto-6-exec-1] o.s.w.s.DispatcherServlet - Completed initialization in 2 ms
2024-12-08 12:46:47,802 WARN  [http-nio-auto-6-exec-2] m.r.e.RestExceptionHandler - RestErrorResponse{message='Argument validation error', entityName='UserAccount', description='uri=/register', fieldErrors=[{field='email', message='Account with this email already exists'}]}
2024-12-08 12:46:47,821 INFO  [main] o.a.c.h.Http11NioProtocol - Pausing ProtocolHandler ["http-nio-auto-6"]
2024-12-08 12:46:47,821 INFO  [main] o.a.c.c.StandardService - Stopping service [Tomcat]
2024-12-08 12:46:47,822 INFO  [main] o.a.c.c.C.[.[.[/] - Destroying Spring FrameworkServlet 'dispatcherServlet'
2024-12-08 12:46:47,825 INFO  [main] o.a.c.h.Http11NioProtocol - Stopping ProtocolHandler ["http-nio-auto-6"]
2024-12-08 12:46:47,828 INFO  [main] o.a.c.h.Http11NioProtocol - Destroying ProtocolHandler ["http-nio-auto-6"]
[[1;34mINFO[m] [1;32mTests run: [0;1;32m2[m, Failures: 0, Errors: 0, Skipped: 0, Time elapsed: 1.862 s - in market.[1mv0_gpt35_run02_CustomerRestControllerTest[m
[[1;34mINFO[m] Running market.[1mv0_gpt35_run01_ContactsRestControllerTest[m

  .   ____          _            __ _ _
 /\\ / ___'_ __ _ _(_)_ __  __ _ \ \ \ \
( ( )\___ | '_ | '_| | '_ \/ _` | \ \ \ \
 \\/  ___)| |_)| | | | | || (_| |  ) ) ) )
  '  |____| .__|_| |_|_| |_\__, | / / / /
 =========|_|==============|___/=/_/_/_/
 :: Spring Boot ::                (v2.4.3)

2024-12-08 12:46:47,860 INFO  [main] o.a.m.s.b.ForkedBooter - Starting ForkedBooter v2.22.0 using Java 11.0.20 on IFTO-PROBOOK with PID 5659 (started by rincon in /media/rincon/63999417195/eclipse-workspace/EMB-master/jdk_11_maven/cs/rest-gui/market/market-rest)
2024-12-08 12:46:47,860 INFO  [main] o.a.m.s.b.ForkedBooter - No active profile set, falling back to default profiles: default
2024-12-08 12:46:47,862 WARN  [main] o.s.b.c.c.ConfigDataEnvironment - Property 'spring.profiles' imported from location 'class path resource [application.yml]' is invalid and should be replaced with 'spring.config.activate.on-profile' [origin: class path resource [application.yml] - 34:13]
2024-12-08 12:46:47,862 WARN  [main] o.s.b.c.c.ConfigDataEnvironment - Property 'spring.profiles' imported from location 'class path resource [application.yml]' is invalid and should be replaced with 'spring.config.activate.on-profile' [origin: class path resource [application.yml] - 24:13]
2024-12-08 12:46:48,146 INFO  [main] o.s.d.r.c.RepositoryConfigurationDelegate - Bootstrapping Spring Data JPA repositories in DEFAULT mode.
2024-12-08 12:46:48,174 INFO  [main] o.s.d.r.c.RepositoryConfigurationDelegate - Finished Spring Data repository scanning in 27 ms. Found 8 JPA repository interfaces.
2024-12-08 12:46:48,225 INFO  [main] o.s.c.s.PostProcessorRegistrationDelegate$BeanPostProcessorChecker - Bean 'market.DataConfig' of type [market.DataConfig$$EnhancerBySpringCGLIB$$61f55217] is not eligible for getting processed by all BeanPostProcessors (for example: not eligible for auto-proxying)
2024-12-08 12:46:48,248 INFO  [main] o.s.c.s.PostProcessorRegistrationDelegate$BeanPostProcessorChecker - Bean 'org.springframework.security.access.expression.method.DefaultMethodSecurityExpressionHandler@3be4c64b' of type [org.springframework.security.access.expression.method.DefaultMethodSecurityExpressionHandler] is not eligible for getting processed by all BeanPostProcessors (for example: not eligible for auto-proxying)
2024-12-08 12:46:48,250 INFO  [main] o.s.c.s.PostProcessorRegistrationDelegate$BeanPostProcessorChecker - Bean 'methodSecurityMetadataSource' of type [org.springframework.security.access.method.DelegatingMethodSecurityMetadataSource] is not eligible for getting processed by all BeanPostProcessors (for example: not eligible for auto-proxying)
2024-12-08 12:46:48,303 INFO  [main] o.s.b.w.e.t.TomcatWebServer - Tomcat initialized with port(s): 0 (http)
2024-12-08 12:46:48,305 INFO  [main] o.a.c.h.Http11NioProtocol - Initializing ProtocolHandler ["http-nio-auto-7"]
2024-12-08 12:46:48,305 INFO  [main] o.a.c.c.StandardService - Starting service [Tomcat]
2024-12-08 12:46:48,306 INFO  [main] o.a.c.c.StandardEngine - Starting Servlet engine: [Apache Tomcat/9.0.43]
2024-12-08 12:46:48,321 INFO  [main] o.a.c.c.C.[.[.[/] - Initializing Spring embedded WebApplicationContext
2024-12-08 12:46:48,321 INFO  [main] o.s.b.w.s.c.ServletWebServerApplicationContext - Root WebApplicationContext: initialization completed in 459 ms
2024-12-08 12:46:48,362 INFO  [main] c.z.h.HikariDataSource - HikariPool-7 - Starting...
2024-12-08 12:46:48,364 INFO  [main] c.z.h.HikariDataSource - HikariPool-7 - Start completed.
2024-12-08 12:46:48,393 INFO  [main] o.h.j.i.u.LogHelper - HHH000204: Processing PersistenceUnitInfo [name: default]
2024-12-08 12:46:48,425 INFO  [main] o.h.d.Dialect - HHH000400: Using dialect: org.hibernate.dialect.H2Dialect
2024-12-08 12:46:48,449 WARN  [main] o.h.b.i.InFlightMetadataCollectorImpl - HHH000069: Duplicate generator name gen
2024-12-08 12:46:48,451 WARN  [main] o.h.b.i.InFlightMetadataCollectorImpl - HHH000069: Duplicate generator name gen
2024-12-08 12:46:48,605 INFO  [main] o.h.e.t.j.p.i.JtaPlatformInitiator - HHH000490: Using JtaPlatform implementation: [org.hibernate.engine.transaction.jta.platform.internal.NoJtaPlatform]
2024-12-08 12:46:48,606 INFO  [main] o.s.o.j.LocalContainerEntityManagerFactoryBean - Initialized JPA EntityManagerFactory for persistence unit 'default'
2024-12-08 12:46:48,783 WARN  [main] o.s.b.a.o.j.JpaBaseConfiguration$JpaWebConfiguration - spring.jpa.open-in-view is enabled by default. Therefore, database queries may be performed during view rendering. Explicitly configure spring.jpa.open-in-view to disable this warning
2024-12-08 12:46:48,942 INFO  [main] o.s.s.w.DefaultSecurityFilterChain - Will secure any request with [org.springframework.security.web.context.request.async.WebAsyncManagerIntegrationFilter@112cff26, org.springframework.security.web.context.SecurityContextPersistenceFilter@1e4351f4, org.springframework.security.web.header.HeaderWriterFilter@2235b587, org.springframework.security.web.authentication.logout.LogoutFilter@13b72216, org.springframework.security.web.authentication.www.BasicAuthenticationFilter@3655a80f, org.springframework.security.web.savedrequest.RequestCacheAwareFilter@1fa01449, org.springframework.security.web.servletapi.SecurityContextHolderAwareRequestFilter@10b603b7, org.springframework.security.web.authentication.AnonymousAuthenticationFilter@227ad725, org.springframework.security.web.session.SessionManagementFilter@729eba1f, org.springframework.security.web.access.ExceptionTranslationFilter@20842cd1, org.springframework.security.web.access.intercept.FilterSecurityInterceptor@69532a86]
2024-12-08 12:46:48,971 INFO  [main] o.s.s.c.ThreadPoolTaskExecutor - Initializing ExecutorService 'applicationTaskExecutor'
2024-12-08 12:46:49,086 INFO  [main] o.a.c.h.Http11NioProtocol - Starting ProtocolHandler ["http-nio-auto-7"]
2024-12-08 12:46:49,089 INFO  [main] o.s.b.w.e.t.TomcatWebServer - Tomcat started on port(s): 36725 (http) with context path ''
2024-12-08 12:46:49,237 INFO  [main] o.a.m.s.b.ForkedBooter - Started ForkedBooter in 1.403 seconds (JVM running for 29.129)
2024-12-08 12:46:49,324 INFO  [http-nio-auto-7-exec-1] o.a.c.c.C.[.[.[/] - Initializing Spring DispatcherServlet 'dispatcherServlet'
2024-12-08 12:46:49,324 INFO  [http-nio-auto-7-exec-1] o.s.w.s.DispatcherServlet - Initializing Servlet 'dispatcherServlet'
2024-12-08 12:46:49,327 INFO  [http-nio-auto-7-exec-1] o.s.w.s.DispatcherServlet - Completed initialization in 3 ms
2024-12-08 12:46:49,348 WARN  [http-nio-auto-7-exec-1] m.r.e.RestExceptionHandler - RestErrorResponse{message='Acesso negado', entityName='null', description='uri=/customer/contacts', fieldErrors=[]}
Request method:	PUT
Request URI:	http://localhost:36725/customer/contacts
Proxy:			<none>
Request params:	<none>
Query params:	<none>
Form params:	<none>
Path params:	<none>
Headers:		Accept=*/*
				Content-Type=application/json; charset=UTF-8
Cookies:		<none>
Multiparts:		<none>
Body:
{
    "address": "New Address",
    "phone": "+7 123 456 78 90"
}

HTTP/1.1 401 
X-Content-Type-Options: nosniff
X-XSS-Protection: 1; mode=block
Cache-Control: no-cache, no-store, max-age=0, must-revalidate
Pragma: no-cache
Expires: 0
Content-Type: application/json
Transfer-Encoding: chunked
Date: Sun, 08 Dec 2024 15:46:49 GMT
Keep-Alive: timeout=60
Connection: keep-alive

{
    "message": "Acesso negado",
    "description": "uri=/customer/contacts",
    "entityName": null,
    "fieldErrors": [
        
    ]
}
2024-12-08 12:46:49,424 WARN  [http-nio-auto-7-exec-3] m.r.e.RestExceptionHandler - RestErrorResponse{message='Acesso negado', entityName='null', description='uri=/customer/contacts', fieldErrors=[]}
Request method:	GET
Request URI:	http://localhost:36725/customer/contacts
Proxy:			<none>
Request params:	<none>
Query params:	<none>
Form params:	<none>
Path params:	<none>
Headers:		Accept=*/*
				Content-Type=application/json; charset=UTF-8
Cookies:		<none>
Multiparts:		<none>
Body:			<none>

HTTP/1.1 401 
X-Content-Type-Options: nosniff
X-XSS-Protection: 1; mode=block
Cache-Control: no-cache, no-store, max-age=0, must-revalidate
Pragma: no-cache
Expires: 0
Content-Type: application/json
Transfer-Encoding: chunked
Date: Sun, 08 Dec 2024 15:46:49 GMT
Keep-Alive: timeout=60
Connection: keep-alive

{
    "message": "Acesso negado",
    "description": "uri=/customer/contacts",
    "entityName": null,
    "fieldErrors": [
        
    ]
}
2024-12-08 12:46:49,442 INFO  [main] o.a.c.h.Http11NioProtocol - Pausing ProtocolHandler ["http-nio-auto-7"]
2024-12-08 12:46:49,442 INFO  [main] o.a.c.c.StandardService - Stopping service [Tomcat]
2024-12-08 12:46:49,443 INFO  [main] o.a.c.c.C.[.[.[/] - Destroying Spring FrameworkServlet 'dispatcherServlet'
2024-12-08 12:46:49,445 INFO  [main] o.a.c.h.Http11NioProtocol - Stopping ProtocolHandler ["http-nio-auto-7"]
2024-12-08 12:46:49,448 INFO  [main] o.a.c.h.Http11NioProtocol - Destroying ProtocolHandler ["http-nio-auto-7"]
[[1;31mERROR[m] [1;31mTests [0;1mrun: [0;1m2[m, [1;31mFailures: [0;1;31m2[m, Errors: 0, Skipped: 0, Time elapsed: 1.613 s[1;31m <<< FAILURE![m - in market.[1mv0_gpt35_run01_ContactsRestControllerTest[m
[[1;31mERROR[m] testUpdateContacts  Time elapsed: 0.063 s  <<< FAILURE!
java.lang.AssertionError: 
1 expectation failed.
Expected status code <200> but was <401>.

	at market.v0_gpt35_run01_ContactsRestControllerTest.testUpdateContacts(v0_gpt35_run01_ContactsRestControllerTest.java:82)

[[1;31mERROR[m] testGetContacts  Time elapsed: 0.075 s  <<< FAILURE!
java.lang.AssertionError: 
1 expectation failed.
Expected status code <200> but was <401>.

	at market.v0_gpt35_run01_ContactsRestControllerTest.testGetContacts(v0_gpt35_run01_ContactsRestControllerTest.java:71)

[[1;34mINFO[m] Running market.[1mv0_gpt35_run01_ProductsRestControllerTest[m

  .   ____          _            __ _ _
 /\\ / ___'_ __ _ _(_)_ __  __ _ \ \ \ \
( ( )\___ | '_ | '_| | '_ \/ _` | \ \ \ \
 \\/  ___)| |_)| | | | | || (_| |  ) ) ) )
  '  |____| .__|_| |_|_| |_\__, | / / / /
 =========|_|==============|___/=/_/_/_/
 :: Spring Boot ::                (v2.4.3)

2024-12-08 12:46:49,482 INFO  [main] o.a.m.s.b.ForkedBooter - Starting ForkedBooter v2.22.0 using Java 11.0.20 on IFTO-PROBOOK with PID 5659 (started by rincon in /media/rincon/63999417195/eclipse-workspace/EMB-master/jdk_11_maven/cs/rest-gui/market/market-rest)
2024-12-08 12:46:49,483 INFO  [main] o.a.m.s.b.ForkedBooter - No active profile set, falling back to default profiles: default
2024-12-08 12:46:49,484 WARN  [main] o.s.b.c.c.ConfigDataEnvironment - Property 'spring.profiles' imported from location 'class path resource [application.yml]' is invalid and should be replaced with 'spring.config.activate.on-profile' [origin: class path resource [application.yml] - 34:13]
2024-12-08 12:46:49,484 WARN  [main] o.s.b.c.c.ConfigDataEnvironment - Property 'spring.profiles' imported from location 'class path resource [application.yml]' is invalid and should be replaced with 'spring.config.activate.on-profile' [origin: class path resource [application.yml] - 24:13]
2024-12-08 12:46:49,727 INFO  [main] o.s.d.r.c.RepositoryConfigurationDelegate - Bootstrapping Spring Data JPA repositories in DEFAULT mode.
2024-12-08 12:46:49,759 INFO  [main] o.s.d.r.c.RepositoryConfigurationDelegate - Finished Spring Data repository scanning in 32 ms. Found 8 JPA repository interfaces.
2024-12-08 12:46:49,820 INFO  [main] o.s.c.s.PostProcessorRegistrationDelegate$BeanPostProcessorChecker - Bean 'market.DataConfig' of type [market.DataConfig$$EnhancerBySpringCGLIB$$61f55217] is not eligible for getting processed by all BeanPostProcessors (for example: not eligible for auto-proxying)
2024-12-08 12:46:49,839 INFO  [main] o.s.c.s.PostProcessorRegistrationDelegate$BeanPostProcessorChecker - Bean 'org.springframework.security.access.expression.method.DefaultMethodSecurityExpressionHandler@69bff6f8' of type [org.springframework.security.access.expression.method.DefaultMethodSecurityExpressionHandler] is not eligible for getting processed by all BeanPostProcessors (for example: not eligible for auto-proxying)
2024-12-08 12:46:49,841 INFO  [main] o.s.c.s.PostProcessorRegistrationDelegate$BeanPostProcessorChecker - Bean 'methodSecurityMetadataSource' of type [org.springframework.security.access.method.DelegatingMethodSecurityMetadataSource] is not eligible for getting processed by all BeanPostProcessors (for example: not eligible for auto-proxying)
2024-12-08 12:46:49,886 INFO  [main] o.s.b.w.e.t.TomcatWebServer - Tomcat initialized with port(s): 0 (http)
2024-12-08 12:46:49,886 INFO  [main] o.a.c.h.Http11NioProtocol - Initializing ProtocolHandler ["http-nio-auto-8"]
2024-12-08 12:46:49,887 INFO  [main] o.a.c.c.StandardService - Starting service [Tomcat]
2024-12-08 12:46:49,887 INFO  [main] o.a.c.c.StandardEngine - Starting Servlet engine: [Apache Tomcat/9.0.43]
2024-12-08 12:46:49,901 INFO  [main] o.a.c.c.C.[.[.[/] - Initializing Spring embedded WebApplicationContext
2024-12-08 12:46:49,901 INFO  [main] o.s.b.w.s.c.ServletWebServerApplicationContext - Root WebApplicationContext: initialization completed in 417 ms
2024-12-08 12:46:49,934 INFO  [main] c.z.h.HikariDataSource - HikariPool-8 - Starting...
2024-12-08 12:46:49,935 INFO  [main] c.z.h.HikariDataSource - HikariPool-8 - Start completed.
2024-12-08 12:46:49,956 INFO  [main] o.h.j.i.u.LogHelper - HHH000204: Processing PersistenceUnitInfo [name: default]
2024-12-08 12:46:49,975 INFO  [main] o.h.d.Dialect - HHH000400: Using dialect: org.hibernate.dialect.H2Dialect
2024-12-08 12:46:49,994 WARN  [main] o.h.b.i.InFlightMetadataCollectorImpl - HHH000069: Duplicate generator name gen
2024-12-08 12:46:49,997 WARN  [main] o.h.b.i.InFlightMetadataCollectorImpl - HHH000069: Duplicate generator name gen
2024-12-08 12:46:50,143 INFO  [main] o.h.e.t.j.p.i.JtaPlatformInitiator - HHH000490: Using JtaPlatform implementation: [org.hibernate.engine.transaction.jta.platform.internal.NoJtaPlatform]
2024-12-08 12:46:50,143 INFO  [main] o.s.o.j.LocalContainerEntityManagerFactoryBean - Initialized JPA EntityManagerFactory for persistence unit 'default'
2024-12-08 12:46:50,371 WARN  [main] o.s.b.a.o.j.JpaBaseConfiguration$JpaWebConfiguration - spring.jpa.open-in-view is enabled by default. Therefore, database queries may be performed during view rendering. Explicitly configure spring.jpa.open-in-view to disable this warning
2024-12-08 12:46:50,545 INFO  [main] o.s.s.w.DefaultSecurityFilterChain - Will secure any request with [org.springframework.security.web.context.request.async.WebAsyncManagerIntegrationFilter@28a999c3, org.springframework.security.web.context.SecurityContextPersistenceFilter@1d018992, org.springframework.security.web.header.HeaderWriterFilter@35bc5409, org.springframework.security.web.authentication.logout.LogoutFilter@2fcdbe1c, org.springframework.security.web.authentication.www.BasicAuthenticationFilter@39449ddd, org.springframework.security.web.savedrequest.RequestCacheAwareFilter@4f2dcdb7, org.springframework.security.web.servletapi.SecurityContextHolderAwareRequestFilter@1866c447, org.springframework.security.web.authentication.AnonymousAuthenticationFilter@593e7f82, org.springframework.security.web.session.SessionManagementFilter@74ca5365, org.springframework.security.web.access.ExceptionTranslationFilter@6cb7c92c, org.springframework.security.web.access.intercept.FilterSecurityInterceptor@53f37c22]
2024-12-08 12:46:50,578 INFO  [main] o.s.s.c.ThreadPoolTaskExecutor - Initializing ExecutorService 'applicationTaskExecutor'
2024-12-08 12:46:50,686 INFO  [main] o.a.c.h.Http11NioProtocol - Starting ProtocolHandler ["http-nio-auto-8"]
2024-12-08 12:46:50,689 INFO  [main] o.s.b.w.e.t.TomcatWebServer - Tomcat started on port(s): 42635 (http) with context path ''
2024-12-08 12:46:50,816 INFO  [main] o.a.m.s.b.ForkedBooter - Started ForkedBooter in 1.364 seconds (JVM running for 30.707)
2024-12-08 12:46:50,878 INFO  [http-nio-auto-8-exec-1] o.a.c.c.C.[.[.[/] - Initializing Spring DispatcherServlet 'dispatcherServlet'
2024-12-08 12:46:50,878 INFO  [http-nio-auto-8-exec-1] o.s.w.s.DispatcherServlet - Initializing Servlet 'dispatcherServlet'
2024-12-08 12:46:50,880 INFO  [http-nio-auto-8-exec-1] o.s.w.s.DispatcherServlet - Completed initialization in 2 ms
2024-12-08 12:46:51,121 INFO  [main] o.a.c.h.Http11NioProtocol - Pausing ProtocolHandler ["http-nio-auto-8"]
2024-12-08 12:46:51,121 INFO  [main] o.a.c.c.StandardService - Stopping service [Tomcat]
2024-12-08 12:46:51,122 INFO  [main] o.a.c.c.C.[.[.[/] - Destroying Spring FrameworkServlet 'dispatcherServlet'
2024-12-08 12:46:51,124 INFO  [main] o.a.c.h.Http11NioProtocol - Stopping ProtocolHandler ["http-nio-auto-8"]
2024-12-08 12:46:51,126 INFO  [main] o.a.c.h.Http11NioProtocol - Destroying ProtocolHandler ["http-nio-auto-8"]
[[1;34mINFO[m] [1;32mTests run: [0;1;32m2[m, Failures: 0, Errors: 0, Skipped: 0, Time elapsed: 1.672 s - in market.[1mv0_gpt35_run01_ProductsRestControllerTest[m
[[1;34mINFO[m] Running market.[1mv0_gpt35_run02_RestExceptionHandlerTest[m

  .   ____          _            __ _ _
 /\\ / ___'_ __ _ _(_)_ __  __ _ \ \ \ \
( ( )\___ | '_ | '_| | '_ \/ _` | \ \ \ \
 \\/  ___)| |_)| | | | | || (_| |  ) ) ) )
  '  |____| .__|_| |_|_| |_\__, | / / / /
 =========|_|==============|___/=/_/_/_/
 :: Spring Boot ::                (v2.4.3)

2024-12-08 12:46:51,162 INFO  [main] o.a.m.s.b.ForkedBooter - Starting ForkedBooter v2.22.0 using Java 11.0.20 on IFTO-PROBOOK with PID 5659 (started by rincon in /media/rincon/63999417195/eclipse-workspace/EMB-master/jdk_11_maven/cs/rest-gui/market/market-rest)
2024-12-08 12:46:51,163 INFO  [main] o.a.m.s.b.ForkedBooter - No active profile set, falling back to default profiles: default
2024-12-08 12:46:51,165 WARN  [main] o.s.b.c.c.ConfigDataEnvironment - Property 'spring.profiles' imported from location 'class path resource [application.yml]' is invalid and should be replaced with 'spring.config.activate.on-profile' [origin: class path resource [application.yml] - 34:13]
2024-12-08 12:46:51,165 WARN  [main] o.s.b.c.c.ConfigDataEnvironment - Property 'spring.profiles' imported from location 'class path resource [application.yml]' is invalid and should be replaced with 'spring.config.activate.on-profile' [origin: class path resource [application.yml] - 24:13]
2024-12-08 12:46:51,382 INFO  [main] o.s.d.r.c.RepositoryConfigurationDelegate - Bootstrapping Spring Data JPA repositories in DEFAULT mode.
2024-12-08 12:46:51,408 INFO  [main] o.s.d.r.c.RepositoryConfigurationDelegate - Finished Spring Data repository scanning in 25 ms. Found 8 JPA repository interfaces.
2024-12-08 12:46:51,457 INFO  [main] o.s.c.s.PostProcessorRegistrationDelegate$BeanPostProcessorChecker - Bean 'market.DataConfig' of type [market.DataConfig$$EnhancerBySpringCGLIB$$61f55217] is not eligible for getting processed by all BeanPostProcessors (for example: not eligible for auto-proxying)
2024-12-08 12:46:51,477 INFO  [main] o.s.c.s.PostProcessorRegistrationDelegate$BeanPostProcessorChecker - Bean 'org.springframework.security.access.expression.method.DefaultMethodSecurityExpressionHandler@6af5eba1' of type [org.springframework.security.access.expression.method.DefaultMethodSecurityExpressionHandler] is not eligible for getting processed by all BeanPostProcessors (for example: not eligible for auto-proxying)
2024-12-08 12:46:51,480 INFO  [main] o.s.c.s.PostProcessorRegistrationDelegate$BeanPostProcessorChecker - Bean 'methodSecurityMetadataSource' of type [org.springframework.security.access.method.DelegatingMethodSecurityMetadataSource] is not eligible for getting processed by all BeanPostProcessors (for example: not eligible for auto-proxying)
2024-12-08 12:46:51,533 INFO  [main] o.s.b.w.e.t.TomcatWebServer - Tomcat initialized with port(s): 0 (http)
2024-12-08 12:46:51,534 INFO  [main] o.a.c.h.Http11NioProtocol - Initializing ProtocolHandler ["http-nio-auto-9"]
2024-12-08 12:46:51,535 INFO  [main] o.a.c.c.StandardService - Starting service [Tomcat]
2024-12-08 12:46:51,535 INFO  [main] o.a.c.c.StandardEngine - Starting Servlet engine: [Apache Tomcat/9.0.43]
2024-12-08 12:46:51,553 INFO  [main] o.a.c.c.C.[.[.[/] - Initializing Spring embedded WebApplicationContext
2024-12-08 12:46:51,553 INFO  [main] o.s.b.w.s.c.ServletWebServerApplicationContext - Root WebApplicationContext: initialization completed in 388 ms
2024-12-08 12:46:51,586 INFO  [main] c.z.h.HikariDataSource - HikariPool-9 - Starting...
2024-12-08 12:46:51,587 INFO  [main] c.z.h.HikariDataSource - HikariPool-9 - Start completed.
2024-12-08 12:46:51,606 INFO  [main] o.h.j.i.u.LogHelper - HHH000204: Processing PersistenceUnitInfo [name: default]
2024-12-08 12:46:51,626 INFO  [main] o.h.d.Dialect - HHH000400: Using dialect: org.hibernate.dialect.H2Dialect
2024-12-08 12:46:51,642 WARN  [main] o.h.b.i.InFlightMetadataCollectorImpl - HHH000069: Duplicate generator name gen
2024-12-08 12:46:51,646 WARN  [main] o.h.b.i.InFlightMetadataCollectorImpl - HHH000069: Duplicate generator name gen
2024-12-08 12:46:51,747 INFO  [main] o.h.e.t.j.p.i.JtaPlatformInitiator - HHH000490: Using JtaPlatform implementation: [org.hibernate.engine.transaction.jta.platform.internal.NoJtaPlatform]
2024-12-08 12:46:51,747 INFO  [main] o.s.o.j.LocalContainerEntityManagerFactoryBean - Initialized JPA EntityManagerFactory for persistence unit 'default'
2024-12-08 12:46:51,921 WARN  [main] o.s.b.a.o.j.JpaBaseConfiguration$JpaWebConfiguration - spring.jpa.open-in-view is enabled by default. Therefore, database queries may be performed during view rendering. Explicitly configure spring.jpa.open-in-view to disable this warning
2024-12-08 12:46:52,079 INFO  [main] o.s.s.w.DefaultSecurityFilterChain - Will secure any request with [org.springframework.security.web.context.request.async.WebAsyncManagerIntegrationFilter@76ae299f, org.springframework.security.web.context.SecurityContextPersistenceFilter@7a52e996, org.springframework.security.web.header.HeaderWriterFilter@f9dfd7a, org.springframework.security.web.authentication.logout.LogoutFilter@3fe3661a, org.springframework.security.web.authentication.www.BasicAuthenticationFilter@3f743b07, org.springframework.security.web.savedrequest.RequestCacheAwareFilter@598ec898, org.springframework.security.web.servletapi.SecurityContextHolderAwareRequestFilter@391888fe, org.springframework.security.web.authentication.AnonymousAuthenticationFilter@16577a4e, org.springframework.security.web.session.SessionManagementFilter@361bbf1d, org.springframework.security.web.access.ExceptionTranslationFilter@1cb7f915, org.springframework.security.web.access.intercept.FilterSecurityInterceptor@1a4cb62b]
2024-12-08 12:46:52,108 INFO  [main] o.s.s.c.ThreadPoolTaskExecutor - Initializing ExecutorService 'applicationTaskExecutor'
2024-12-08 12:46:52,234 INFO  [main] o.a.c.h.Http11NioProtocol - Starting ProtocolHandler ["http-nio-auto-9"]
2024-12-08 12:46:52,237 INFO  [main] o.s.b.w.e.t.TomcatWebServer - Tomcat started on port(s): 36333 (http) with context path ''
2024-12-08 12:46:52,372 INFO  [main] o.a.m.s.b.ForkedBooter - Started ForkedBooter in 1.242 seconds (JVM running for 32.263)
2024-12-08 12:46:52,435 INFO  [main] o.a.c.h.Http11NioProtocol - Pausing ProtocolHandler ["http-nio-auto-9"]
2024-12-08 12:46:52,436 INFO  [main] o.a.c.c.StandardService - Stopping service [Tomcat]
2024-12-08 12:46:52,438 INFO  [main] o.a.c.h.Http11NioProtocol - Stopping ProtocolHandler ["http-nio-auto-9"]
2024-12-08 12:46:52,440 INFO  [main] o.a.c.h.Http11NioProtocol - Destroying ProtocolHandler ["http-nio-auto-9"]
[[1;34mINFO[m] [1;32mTests run: [0;1;32m5[m, Failures: 0, Errors: 0, Skipped: 0, Time elapsed: 1.31 s - in market.[1mv0_gpt35_run02_RestExceptionHandlerTest[m
[[1;34mINFO[m] Running market.[1mv0_gpt35_run03_CustomerRestControllerTest[m

  .   ____          _            __ _ _
 /\\ / ___'_ __ _ _(_)_ __  __ _ \ \ \ \
( ( )\___ | '_ | '_| | '_ \/ _` | \ \ \ \
 \\/  ___)| |_)| | | | | || (_| |  ) ) ) )
  '  |____| .__|_| |_|_| |_\__, | / / / /
 =========|_|==============|___/=/_/_/_/
 :: Spring Boot ::                (v2.4.3)

2024-12-08 12:46:52,469 INFO  [main] o.a.m.s.b.ForkedBooter - Starting ForkedBooter v2.22.0 using Java 11.0.20 on IFTO-PROBOOK with PID 5659 (started by rincon in /media/rincon/63999417195/eclipse-workspace/EMB-master/jdk_11_maven/cs/rest-gui/market/market-rest)
2024-12-08 12:46:52,470 INFO  [main] o.a.m.s.b.ForkedBooter - No active profile set, falling back to default profiles: default
2024-12-08 12:46:52,472 WARN  [main] o.s.b.c.c.ConfigDataEnvironment - Property 'spring.profiles' imported from location 'class path resource [application.yml]' is invalid and should be replaced with 'spring.config.activate.on-profile' [origin: class path resource [application.yml] - 34:13]
2024-12-08 12:46:52,472 WARN  [main] o.s.b.c.c.ConfigDataEnvironment - Property 'spring.profiles' imported from location 'class path resource [application.yml]' is invalid and should be replaced with 'spring.config.activate.on-profile' [origin: class path resource [application.yml] - 24:13]
2024-12-08 12:46:52,687 INFO  [main] o.s.d.r.c.RepositoryConfigurationDelegate - Bootstrapping Spring Data JPA repositories in DEFAULT mode.
2024-12-08 12:46:52,730 INFO  [main] o.s.d.r.c.RepositoryConfigurationDelegate - Finished Spring Data repository scanning in 42 ms. Found 8 JPA repository interfaces.
2024-12-08 12:46:52,774 INFO  [main] o.s.c.s.PostProcessorRegistrationDelegate$BeanPostProcessorChecker - Bean 'market.DataConfig' of type [market.DataConfig$$EnhancerBySpringCGLIB$$61f55217] is not eligible for getting processed by all BeanPostProcessors (for example: not eligible for auto-proxying)
2024-12-08 12:46:52,792 INFO  [main] o.s.c.s.PostProcessorRegistrationDelegate$BeanPostProcessorChecker - Bean 'org.springframework.security.access.expression.method.DefaultMethodSecurityExpressionHandler@355db5b4' of type [org.springframework.security.access.expression.method.DefaultMethodSecurityExpressionHandler] is not eligible for getting processed by all BeanPostProcessors (for example: not eligible for auto-proxying)
2024-12-08 12:46:52,794 INFO  [main] o.s.c.s.PostProcessorRegistrationDelegate$BeanPostProcessorChecker - Bean 'methodSecurityMetadataSource' of type [org.springframework.security.access.method.DelegatingMethodSecurityMetadataSource] is not eligible for getting processed by all BeanPostProcessors (for example: not eligible for auto-proxying)
2024-12-08 12:46:52,840 INFO  [main] o.s.b.w.e.t.TomcatWebServer - Tomcat initialized with port(s): 0 (http)
2024-12-08 12:46:52,841 INFO  [main] o.a.c.h.Http11NioProtocol - Initializing ProtocolHandler ["http-nio-auto-10"]
2024-12-08 12:46:52,842 INFO  [main] o.a.c.c.StandardService - Starting service [Tomcat]
2024-12-08 12:46:52,842 INFO  [main] o.a.c.c.StandardEngine - Starting Servlet engine: [Apache Tomcat/9.0.43]
2024-12-08 12:46:52,858 INFO  [main] o.a.c.c.C.[.[.[/] - Initializing Spring embedded WebApplicationContext
2024-12-08 12:46:52,858 INFO  [main] o.s.b.w.s.c.ServletWebServerApplicationContext - Root WebApplicationContext: initialization completed in 386 ms
2024-12-08 12:46:52,891 INFO  [main] c.z.h.HikariDataSource - HikariPool-10 - Starting...
2024-12-08 12:46:52,892 INFO  [main] c.z.h.HikariDataSource - HikariPool-10 - Start completed.
2024-12-08 12:46:52,917 INFO  [main] o.h.j.i.u.LogHelper - HHH000204: Processing PersistenceUnitInfo [name: default]
2024-12-08 12:46:52,937 INFO  [main] o.h.d.Dialect - HHH000400: Using dialect: org.hibernate.dialect.H2Dialect
2024-12-08 12:46:52,960 WARN  [main] o.h.b.i.InFlightMetadataCollectorImpl - HHH000069: Duplicate generator name gen
2024-12-08 12:46:52,962 WARN  [main] o.h.b.i.InFlightMetadataCollectorImpl - HHH000069: Duplicate generator name gen
2024-12-08 12:46:53,087 INFO  [main] o.h.e.t.j.p.i.JtaPlatformInitiator - HHH000490: Using JtaPlatform implementation: [org.hibernate.engine.transaction.jta.platform.internal.NoJtaPlatform]
2024-12-08 12:46:53,087 INFO  [main] o.s.o.j.LocalContainerEntityManagerFactoryBean - Initialized JPA EntityManagerFactory for persistence unit 'default'
2024-12-08 12:46:53,284 WARN  [main] o.s.b.a.o.j.JpaBaseConfiguration$JpaWebConfiguration - spring.jpa.open-in-view is enabled by default. Therefore, database queries may be performed during view rendering. Explicitly configure spring.jpa.open-in-view to disable this warning
2024-12-08 12:46:53,478 INFO  [main] o.s.s.w.DefaultSecurityFilterChain - Will secure any request with [org.springframework.security.web.context.request.async.WebAsyncManagerIntegrationFilter@64ce06ad, org.springframework.security.web.context.SecurityContextPersistenceFilter@3940fc7c, org.springframework.security.web.header.HeaderWriterFilter@299806a2, org.springframework.security.web.authentication.logout.LogoutFilter@42d23656, org.springframework.security.web.authentication.www.BasicAuthenticationFilter@5018e009, org.springframework.security.web.savedrequest.RequestCacheAwareFilter@502a724f, org.springframework.security.web.servletapi.SecurityContextHolderAwareRequestFilter@39eec3fe, org.springframework.security.web.authentication.AnonymousAuthenticationFilter@9efd55, org.springframework.security.web.session.SessionManagementFilter@76d6764a, org.springframework.security.web.access.ExceptionTranslationFilter@71131201, org.springframework.security.web.access.intercept.FilterSecurityInterceptor@5d1ea437]
2024-12-08 12:46:53,519 INFO  [main] o.s.s.c.ThreadPoolTaskExecutor - Initializing ExecutorService 'applicationTaskExecutor'
2024-12-08 12:46:53,643 INFO  [main] o.a.c.h.Http11NioProtocol - Starting ProtocolHandler ["http-nio-auto-10"]
2024-12-08 12:46:53,645 INFO  [main] o.s.b.w.e.t.TomcatWebServer - Tomcat started on port(s): 33843 (http) with context path ''
2024-12-08 12:46:53,790 INFO  [main] o.a.m.s.b.ForkedBooter - Started ForkedBooter in 1.344 seconds (JVM running for 33.681)
2024-12-08 12:46:53,855 INFO  [main] o.a.c.h.Http11NioProtocol - Pausing ProtocolHandler ["http-nio-auto-10"]
2024-12-08 12:46:53,855 INFO  [main] o.a.c.c.StandardService - Stopping service [Tomcat]
2024-12-08 12:46:53,858 INFO  [main] o.a.c.h.Http11NioProtocol - Stopping ProtocolHandler ["http-nio-auto-10"]
2024-12-08 12:46:53,860 INFO  [main] o.a.c.h.Http11NioProtocol - Destroying ProtocolHandler ["http-nio-auto-10"]
[[1;34mINFO[m] [1;32mTests run: [0;1;32m2[m, Failures: 0, Errors: 0, Skipped: 0, Time elapsed: 1.415 s - in market.[1mv0_gpt35_run03_CustomerRestControllerTest[m
[[1;34mINFO[m] Running market.[1mv0_gpt35_run01_RestErrorResponseTest[m

  .   ____          _            __ _ _
 /\\ / ___'_ __ _ _(_)_ __  __ _ \ \ \ \
( ( )\___ | '_ | '_| | '_ \/ _` | \ \ \ \
 \\/  ___)| |_)| | | | | || (_| |  ) ) ) )
  '  |____| .__|_| |_|_| |_\__, | / / / /
 =========|_|==============|___/=/_/_/_/
 :: Spring Boot ::                (v2.4.3)

2024-12-08 12:46:53,889 INFO  [main] o.a.m.s.b.ForkedBooter - Starting ForkedBooter v2.22.0 using Java 11.0.20 on IFTO-PROBOOK with PID 5659 (started by rincon in /media/rincon/63999417195/eclipse-workspace/EMB-master/jdk_11_maven/cs/rest-gui/market/market-rest)
2024-12-08 12:46:53,889 INFO  [main] o.a.m.s.b.ForkedBooter - No active profile set, falling back to default profiles: default
2024-12-08 12:46:53,891 WARN  [main] o.s.b.c.c.ConfigDataEnvironment - Property 'spring.profiles' imported from location 'class path resource [application.yml]' is invalid and should be replaced with 'spring.config.activate.on-profile' [origin: class path resource [application.yml] - 34:13]
2024-12-08 12:46:53,891 WARN  [main] o.s.b.c.c.ConfigDataEnvironment - Property 'spring.profiles' imported from location 'class path resource [application.yml]' is invalid and should be replaced with 'spring.config.activate.on-profile' [origin: class path resource [application.yml] - 24:13]
2024-12-08 12:46:54,127 INFO  [main] o.s.d.r.c.RepositoryConfigurationDelegate - Bootstrapping Spring Data JPA repositories in DEFAULT mode.
2024-12-08 12:46:54,157 INFO  [main] o.s.d.r.c.RepositoryConfigurationDelegate - Finished Spring Data repository scanning in 29 ms. Found 8 JPA repository interfaces.
2024-12-08 12:46:54,205 INFO  [main] o.s.c.s.PostProcessorRegistrationDelegate$BeanPostProcessorChecker - Bean 'market.DataConfig' of type [market.DataConfig$$EnhancerBySpringCGLIB$$61f55217] is not eligible for getting processed by all BeanPostProcessors (for example: not eligible for auto-proxying)
2024-12-08 12:46:54,225 INFO  [main] o.s.c.s.PostProcessorRegistrationDelegate$BeanPostProcessorChecker - Bean 'org.springframework.security.access.expression.method.DefaultMethodSecurityExpressionHandler@2dcafce4' of type [org.springframework.security.access.expression.method.DefaultMethodSecurityExpressionHandler] is not eligible for getting processed by all BeanPostProcessors (for example: not eligible for auto-proxying)
2024-12-08 12:46:54,228 INFO  [main] o.s.c.s.PostProcessorRegistrationDelegate$BeanPostProcessorChecker - Bean 'methodSecurityMetadataSource' of type [org.springframework.security.access.method.DelegatingMethodSecurityMetadataSource] is not eligible for getting processed by all BeanPostProcessors (for example: not eligible for auto-proxying)
2024-12-08 12:46:54,276 INFO  [main] o.s.b.w.e.t.TomcatWebServer - Tomcat initialized with port(s): 0 (http)
2024-12-08 12:46:54,278 INFO  [main] o.a.c.h.Http11NioProtocol - Initializing ProtocolHandler ["http-nio-auto-11"]
2024-12-08 12:46:54,278 INFO  [main] o.a.c.c.StandardService - Starting service [Tomcat]
2024-12-08 12:46:54,279 INFO  [main] o.a.c.c.StandardEngine - Starting Servlet engine: [Apache Tomcat/9.0.43]
2024-12-08 12:46:54,296 INFO  [main] o.a.c.c.C.[.[.[/] - Initializing Spring embedded WebApplicationContext
2024-12-08 12:46:54,296 INFO  [main] o.s.b.w.s.c.ServletWebServerApplicationContext - Root WebApplicationContext: initialization completed in 404 ms
2024-12-08 12:46:54,333 INFO  [main] c.z.h.HikariDataSource - HikariPool-11 - Starting...
2024-12-08 12:46:54,334 INFO  [main] c.z.h.HikariDataSource - HikariPool-11 - Start completed.
2024-12-08 12:46:54,352 INFO  [main] o.h.j.i.u.LogHelper - HHH000204: Processing PersistenceUnitInfo [name: default]
2024-12-08 12:46:54,372 INFO  [main] o.h.d.Dialect - HHH000400: Using dialect: org.hibernate.dialect.H2Dialect
2024-12-08 12:46:54,389 WARN  [main] o.h.b.i.InFlightMetadataCollectorImpl - HHH000069: Duplicate generator name gen
2024-12-08 12:46:54,390 WARN  [main] o.h.b.i.InFlightMetadataCollectorImpl - HHH000069: Duplicate generator name gen
2024-12-08 12:46:54,495 INFO  [main] o.h.e.t.j.p.i.JtaPlatformInitiator - HHH000490: Using JtaPlatform implementation: [org.hibernate.engine.transaction.jta.platform.internal.NoJtaPlatform]
2024-12-08 12:46:54,496 INFO  [main] o.s.o.j.LocalContainerEntityManagerFactoryBean - Initialized JPA EntityManagerFactory for persistence unit 'default'
2024-12-08 12:46:54,697 WARN  [main] o.s.b.a.o.j.JpaBaseConfiguration$JpaWebConfiguration - spring.jpa.open-in-view is enabled by default. Therefore, database queries may be performed during view rendering. Explicitly configure spring.jpa.open-in-view to disable this warning
2024-12-08 12:46:54,871 INFO  [main] o.s.s.w.DefaultSecurityFilterChain - Will secure any request with [org.springframework.security.web.context.request.async.WebAsyncManagerIntegrationFilter@2877dcb0, org.springframework.security.web.context.SecurityContextPersistenceFilter@5ebef3cd, org.springframework.security.web.header.HeaderWriterFilter@63800be9, org.springframework.security.web.authentication.logout.LogoutFilter@168b2571, org.springframework.security.web.authentication.www.BasicAuthenticationFilter@6d89185e, org.springframework.security.web.savedrequest.RequestCacheAwareFilter@3f85affc, org.springframework.security.web.servletapi.SecurityContextHolderAwareRequestFilter@5c3924a6, org.springframework.security.web.authentication.AnonymousAuthenticationFilter@7d043a0d, org.springframework.security.web.session.SessionManagementFilter@62cbe98, org.springframework.security.web.access.ExceptionTranslationFilter@6f71d56b, org.springframework.security.web.access.intercept.FilterSecurityInterceptor@7562effb]
2024-12-08 12:46:54,902 INFO  [main] o.s.s.c.ThreadPoolTaskExecutor - Initializing ExecutorService 'applicationTaskExecutor'
2024-12-08 12:46:55,025 INFO  [main] o.a.c.h.Http11NioProtocol - Starting ProtocolHandler ["http-nio-auto-11"]
2024-12-08 12:46:55,027 INFO  [main] o.s.b.w.e.t.TomcatWebServer - Tomcat started on port(s): 46263 (http) with context path ''
2024-12-08 12:46:55,162 INFO  [main] o.a.m.s.b.ForkedBooter - Started ForkedBooter in 1.297 seconds (JVM running for 35.053)
2024-12-08 12:46:55,226 INFO  [http-nio-auto-11-exec-1] o.a.c.c.C.[.[.[/] - Initializing Spring DispatcherServlet 'dispatcherServlet'
2024-12-08 12:46:55,226 INFO  [http-nio-auto-11-exec-1] o.s.w.s.DispatcherServlet - Initializing Servlet 'dispatcherServlet'
2024-12-08 12:46:55,228 INFO  [http-nio-auto-11-exec-1] o.s.w.s.DispatcherServlet - Completed initialization in 2 ms
2024-12-08 12:46:55,251 INFO  [main] o.a.c.h.Http11NioProtocol - Pausing ProtocolHandler ["http-nio-auto-11"]
2024-12-08 12:46:55,252 INFO  [main] o.a.c.c.StandardService - Stopping service [Tomcat]
2024-12-08 12:46:55,252 INFO  [main] o.a.c.c.C.[.[.[/] - Destroying Spring FrameworkServlet 'dispatcherServlet'
2024-12-08 12:46:55,255 INFO  [main] o.a.c.h.Http11NioProtocol - Stopping ProtocolHandler ["http-nio-auto-11"]
2024-12-08 12:46:55,258 INFO  [main] o.a.c.h.Http11NioProtocol - Destroying ProtocolHandler ["http-nio-auto-11"]
[[1;34mINFO[m] [1;32mTests run: [0;1;32m1[m, Failures: 0, Errors: 0, Skipped: 0, Time elapsed: 1.393 s - in market.[1mv0_gpt35_run01_RestErrorResponseTest[m
[[1;34mINFO[m] Running market.[1mv0_gpt35_run03_ProductsRestControllerTest[m

  .   ____          _            __ _ _
 /\\ / ___'_ __ _ _(_)_ __  __ _ \ \ \ \
( ( )\___ | '_ | '_| | '_ \/ _` | \ \ \ \
 \\/  ___)| |_)| | | | | || (_| |  ) ) ) )
  '  |____| .__|_| |_|_| |_\__, | / / / /
 =========|_|==============|___/=/_/_/_/
 :: Spring Boot ::                (v2.4.3)

2024-12-08 12:46:55,308 INFO  [main] o.a.m.s.b.ForkedBooter - Starting ForkedBooter v2.22.0 using Java 11.0.20 on IFTO-PROBOOK with PID 5659 (started by rincon in /media/rincon/63999417195/eclipse-workspace/EMB-master/jdk_11_maven/cs/rest-gui/market/market-rest)
2024-12-08 12:46:55,308 INFO  [main] o.a.m.s.b.ForkedBooter - No active profile set, falling back to default profiles: default
2024-12-08 12:46:55,310 WARN  [main] o.s.b.c.c.ConfigDataEnvironment - Property 'spring.profiles' imported from location 'class path resource [application.yml]' is invalid and should be replaced with 'spring.config.activate.on-profile' [origin: class path resource [application.yml] - 34:13]
2024-12-08 12:46:55,310 WARN  [main] o.s.b.c.c.ConfigDataEnvironment - Property 'spring.profiles' imported from location 'class path resource [application.yml]' is invalid and should be replaced with 'spring.config.activate.on-profile' [origin: class path resource [application.yml] - 24:13]
2024-12-08 12:46:55,537 INFO  [main] o.s.d.r.c.RepositoryConfigurationDelegate - Bootstrapping Spring Data JPA repositories in DEFAULT mode.
2024-12-08 12:46:55,569 INFO  [main] o.s.d.r.c.RepositoryConfigurationDelegate - Finished Spring Data repository scanning in 31 ms. Found 8 JPA repository interfaces.
2024-12-08 12:46:55,629 INFO  [main] o.s.c.s.PostProcessorRegistrationDelegate$BeanPostProcessorChecker - Bean 'market.DataConfig' of type [market.DataConfig$$EnhancerBySpringCGLIB$$61f55217] is not eligible for getting processed by all BeanPostProcessors (for example: not eligible for auto-proxying)
2024-12-08 12:46:55,653 INFO  [main] o.s.c.s.PostProcessorRegistrationDelegate$BeanPostProcessorChecker - Bean 'org.springframework.security.access.expression.method.DefaultMethodSecurityExpressionHandler@fd24014' of type [org.springframework.security.access.expression.method.DefaultMethodSecurityExpressionHandler] is not eligible for getting processed by all BeanPostProcessors (for example: not eligible for auto-proxying)
2024-12-08 12:46:55,655 INFO  [main] o.s.c.s.PostProcessorRegistrationDelegate$BeanPostProcessorChecker - Bean 'methodSecurityMetadataSource' of type [org.springframework.security.access.method.DelegatingMethodSecurityMetadataSource] is not eligible for getting processed by all BeanPostProcessors (for example: not eligible for auto-proxying)
2024-12-08 12:46:55,707 INFO  [main] o.s.b.w.e.t.TomcatWebServer - Tomcat initialized with port(s): 0 (http)
2024-12-08 12:46:55,708 INFO  [main] o.a.c.h.Http11NioProtocol - Initializing ProtocolHandler ["http-nio-auto-12"]
2024-12-08 12:46:55,709 INFO  [main] o.a.c.c.StandardService - Starting service [Tomcat]
2024-12-08 12:46:55,709 INFO  [main] o.a.c.c.StandardEngine - Starting Servlet engine: [Apache Tomcat/9.0.43]
2024-12-08 12:46:55,722 INFO  [main] o.a.c.c.C.[.[.[/] - Initializing Spring embedded WebApplicationContext
2024-12-08 12:46:55,722 INFO  [main] o.s.b.w.s.c.ServletWebServerApplicationContext - Root WebApplicationContext: initialization completed in 412 ms
2024-12-08 12:46:55,793 INFO  [main] c.z.h.HikariDataSource - HikariPool-12 - Starting...
2024-12-08 12:46:55,794 INFO  [main] c.z.h.HikariDataSource - HikariPool-12 - Start completed.
2024-12-08 12:46:55,817 INFO  [main] o.h.j.i.u.LogHelper - HHH000204: Processing PersistenceUnitInfo [name: default]
2024-12-08 12:46:55,840 INFO  [main] o.h.d.Dialect - HHH000400: Using dialect: org.hibernate.dialect.H2Dialect
2024-12-08 12:46:55,860 WARN  [main] o.h.b.i.InFlightMetadataCollectorImpl - HHH000069: Duplicate generator name gen
2024-12-08 12:46:55,863 WARN  [main] o.h.b.i.InFlightMetadataCollectorImpl - HHH000069: Duplicate generator name gen
2024-12-08 12:46:56,002 INFO  [main] o.h.e.t.j.p.i.JtaPlatformInitiator - HHH000490: Using JtaPlatform implementation: [org.hibernate.engine.transaction.jta.platform.internal.NoJtaPlatform]
2024-12-08 12:46:56,003 INFO  [main] o.s.o.j.LocalContainerEntityManagerFactoryBean - Initialized JPA EntityManagerFactory for persistence unit 'default'
2024-12-08 12:46:56,232 WARN  [main] o.s.b.a.o.j.JpaBaseConfiguration$JpaWebConfiguration - spring.jpa.open-in-view is enabled by default. Therefore, database queries may be performed during view rendering. Explicitly configure spring.jpa.open-in-view to disable this warning
2024-12-08 12:46:56,371 INFO  [main] o.s.s.w.DefaultSecurityFilterChain - Will secure any request with [org.springframework.security.web.context.request.async.WebAsyncManagerIntegrationFilter@59253f16, org.springframework.security.web.context.SecurityContextPersistenceFilter@61a58f3a, org.springframework.security.web.header.HeaderWriterFilter@637ef4ff, org.springframework.security.web.authentication.logout.LogoutFilter@7c6a95b4, org.springframework.security.web.authentication.www.BasicAuthenticationFilter@530eda23, org.springframework.security.web.savedrequest.RequestCacheAwareFilter@238f9799, org.springframework.security.web.servletapi.SecurityContextHolderAwareRequestFilter@37c2461b, org.springframework.security.web.authentication.AnonymousAuthenticationFilter@163c101e, org.springframework.security.web.session.SessionManagementFilter@25c47f62, org.springframework.security.web.access.ExceptionTranslationFilter@3b4f24eb, org.springframework.security.web.access.intercept.FilterSecurityInterceptor@47abed37]
2024-12-08 12:46:56,399 INFO  [main] o.s.s.c.ThreadPoolTaskExecutor - Initializing ExecutorService 'applicationTaskExecutor'
2024-12-08 12:46:56,506 INFO  [main] o.a.c.h.Http11NioProtocol - Starting ProtocolHandler ["http-nio-auto-12"]
2024-12-08 12:46:56,509 INFO  [main] o.s.b.w.e.t.TomcatWebServer - Tomcat started on port(s): 35973 (http) with context path ''
2024-12-08 12:46:56,616 INFO  [main] o.a.m.s.b.ForkedBooter - Started ForkedBooter in 1.351 seconds (JVM running for 36.507)
2024-12-08 12:46:56,660 INFO  [main] o.a.c.h.Http11NioProtocol - Pausing ProtocolHandler ["http-nio-auto-12"]
2024-12-08 12:46:56,660 INFO  [main] o.a.c.c.StandardService - Stopping service [Tomcat]
2024-12-08 12:46:56,664 INFO  [main] o.a.c.h.Http11NioProtocol - Stopping ProtocolHandler ["http-nio-auto-12"]
2024-12-08 12:46:56,666 INFO  [main] o.a.c.h.Http11NioProtocol - Destroying ProtocolHandler ["http-nio-auto-12"]
[[1;34mINFO[m] [1;32mTests run: [0;1;32m2[m, Failures: 0, Errors: 0, Skipped: 0, Time elapsed: 1.401 s - in market.[1mv0_gpt35_run03_ProductsRestControllerTest[m
[[1;34mINFO[m] Running market.[1mv0_gpt35_run01_CustomerRestControllerTest[m

  .   ____          _            __ _ _
 /\\ / ___'_ __ _ _(_)_ __  __ _ \ \ \ \
( ( )\___ | '_ | '_| | '_ \/ _` | \ \ \ \
 \\/  ___)| |_)| | | | | || (_| |  ) ) ) )
  '  |____| .__|_| |_|_| |_\__, | / / / /
 =========|_|==============|___/=/_/_/_/
 :: Spring Boot ::                (v2.4.3)

2024-12-08 12:46:56,698 INFO  [main] o.a.m.s.b.ForkedBooter - Starting ForkedBooter v2.22.0 using Java 11.0.20 on IFTO-PROBOOK with PID 5659 (started by rincon in /media/rincon/63999417195/eclipse-workspace/EMB-master/jdk_11_maven/cs/rest-gui/market/market-rest)
2024-12-08 12:46:56,698 INFO  [main] o.a.m.s.b.ForkedBooter - No active profile set, falling back to default profiles: default
2024-12-08 12:46:56,700 WARN  [main] o.s.b.c.c.ConfigDataEnvironment - Property 'spring.profiles' imported from location 'class path resource [application.yml]' is invalid and should be replaced with 'spring.config.activate.on-profile' [origin: class path resource [application.yml] - 34:13]
2024-12-08 12:46:56,700 WARN  [main] o.s.b.c.c.ConfigDataEnvironment - Property 'spring.profiles' imported from location 'class path resource [application.yml]' is invalid and should be replaced with 'spring.config.activate.on-profile' [origin: class path resource [application.yml] - 24:13]
2024-12-08 12:46:56,977 INFO  [main] o.s.d.r.c.RepositoryConfigurationDelegate - Bootstrapping Spring Data JPA repositories in DEFAULT mode.
2024-12-08 12:46:57,012 INFO  [main] o.s.d.r.c.RepositoryConfigurationDelegate - Finished Spring Data repository scanning in 34 ms. Found 8 JPA repository interfaces.
2024-12-08 12:46:57,074 INFO  [main] o.s.c.s.PostProcessorRegistrationDelegate$BeanPostProcessorChecker - Bean 'market.DataConfig' of type [market.DataConfig$$EnhancerBySpringCGLIB$$61f55217] is not eligible for getting processed by all BeanPostProcessors (for example: not eligible for auto-proxying)
2024-12-08 12:46:57,100 INFO  [main] o.s.c.s.PostProcessorRegistrationDelegate$BeanPostProcessorChecker - Bean 'org.springframework.security.access.expression.method.DefaultMethodSecurityExpressionHandler@3fbd4416' of type [org.springframework.security.access.expression.method.DefaultMethodSecurityExpressionHandler] is not eligible for getting processed by all BeanPostProcessors (for example: not eligible for auto-proxying)
2024-12-08 12:46:57,102 INFO  [main] o.s.c.s.PostProcessorRegistrationDelegate$BeanPostProcessorChecker - Bean 'methodSecurityMetadataSource' of type [org.springframework.security.access.method.DelegatingMethodSecurityMetadataSource] is not eligible for getting processed by all BeanPostProcessors (for example: not eligible for auto-proxying)
2024-12-08 12:46:57,178 INFO  [main] o.s.b.w.e.t.TomcatWebServer - Tomcat initialized with port(s): 0 (http)
2024-12-08 12:46:57,179 INFO  [main] o.a.c.h.Http11NioProtocol - Initializing ProtocolHandler ["http-nio-auto-13"]
2024-12-08 12:46:57,180 INFO  [main] o.a.c.c.StandardService - Starting service [Tomcat]
2024-12-08 12:46:57,180 INFO  [main] o.a.c.c.StandardEngine - Starting Servlet engine: [Apache Tomcat/9.0.43]
2024-12-08 12:46:57,195 INFO  [main] o.a.c.c.C.[.[.[/] - Initializing Spring embedded WebApplicationContext
2024-12-08 12:46:57,195 INFO  [main] o.s.b.w.s.c.ServletWebServerApplicationContext - Root WebApplicationContext: initialization completed in 495 ms
2024-12-08 12:46:57,233 INFO  [main] c.z.h.HikariDataSource - HikariPool-13 - Starting...
2024-12-08 12:46:57,234 INFO  [main] c.z.h.HikariDataSource - HikariPool-13 - Start completed.
2024-12-08 12:46:57,259 INFO  [main] o.h.j.i.u.LogHelper - HHH000204: Processing PersistenceUnitInfo [name: default]
2024-12-08 12:46:57,281 INFO  [main] o.h.d.Dialect - HHH000400: Using dialect: org.hibernate.dialect.H2Dialect
2024-12-08 12:46:57,298 WARN  [main] o.h.b.i.InFlightMetadataCollectorImpl - HHH000069: Duplicate generator name gen
2024-12-08 12:46:57,300 WARN  [main] o.h.b.i.InFlightMetadataCollectorImpl - HHH000069: Duplicate generator name gen
2024-12-08 12:46:57,433 INFO  [main] o.h.e.t.j.p.i.JtaPlatformInitiator - HHH000490: Using JtaPlatform implementation: [org.hibernate.engine.transaction.jta.platform.internal.NoJtaPlatform]
2024-12-08 12:46:57,433 INFO  [main] o.s.o.j.LocalContainerEntityManagerFactoryBean - Initialized JPA EntityManagerFactory for persistence unit 'default'
2024-12-08 12:46:57,607 WARN  [main] o.s.b.a.o.j.JpaBaseConfiguration$JpaWebConfiguration - spring.jpa.open-in-view is enabled by default. Therefore, database queries may be performed during view rendering. Explicitly configure spring.jpa.open-in-view to disable this warning
2024-12-08 12:46:57,750 INFO  [main] o.s.s.w.DefaultSecurityFilterChain - Will secure any request with [org.springframework.security.web.context.request.async.WebAsyncManagerIntegrationFilter@4c7d9470, org.springframework.security.web.context.SecurityContextPersistenceFilter@25c0b947, org.springframework.security.web.header.HeaderWriterFilter@113d3c1c, org.springframework.security.web.authentication.logout.LogoutFilter@45ab438c, org.springframework.security.web.authentication.www.BasicAuthenticationFilter@252344a9, org.springframework.security.web.savedrequest.RequestCacheAwareFilter@7f8dd6b4, org.springframework.security.web.servletapi.SecurityContextHolderAwareRequestFilter@7a8d885, org.springframework.security.web.authentication.AnonymousAuthenticationFilter@276afa21, org.springframework.security.web.session.SessionManagementFilter@6f31bf4d, org.springframework.security.web.access.ExceptionTranslationFilter@4c32d4a7, org.springframework.security.web.access.intercept.FilterSecurityInterceptor@61ca38b6]
2024-12-08 12:46:57,780 INFO  [main] o.s.s.c.ThreadPoolTaskExecutor - Initializing ExecutorService 'applicationTaskExecutor'
2024-12-08 12:46:57,894 INFO  [main] o.a.c.h.Http11NioProtocol - Starting ProtocolHandler ["http-nio-auto-13"]
2024-12-08 12:46:57,896 INFO  [main] o.s.b.w.e.t.TomcatWebServer - Tomcat started on port(s): 44147 (http) with context path ''
2024-12-08 12:46:58,049 INFO  [main] o.a.m.s.b.ForkedBooter - Started ForkedBooter in 1.379 seconds (JVM running for 37.941)
2024-12-08 12:46:58,105 INFO  [main] o.a.c.h.Http11NioProtocol - Pausing ProtocolHandler ["http-nio-auto-13"]
2024-12-08 12:46:58,106 INFO  [main] o.a.c.c.StandardService - Stopping service [Tomcat]
2024-12-08 12:46:58,108 INFO  [main] o.a.c.h.Http11NioProtocol - Stopping ProtocolHandler ["http-nio-auto-13"]
2024-12-08 12:46:58,113 INFO  [main] o.a.c.h.Http11NioProtocol - Destroying ProtocolHandler ["http-nio-auto-13"]
[[1;34mINFO[m] [1;32mTests run: [0;1;32m2[m, Failures: 0, Errors: 0, Skipped: 0, Time elapsed: 1.444 s - in market.[1mv0_gpt35_run01_CustomerRestControllerTest[m
[[1;34mINFO[m] Running market.[1mv0_gpt35_run02_CartRestControllerTest[m

  .   ____          _            __ _ _
 /\\ / ___'_ __ _ _(_)_ __  __ _ \ \ \ \
( ( )\___ | '_ | '_| | '_ \/ _` | \ \ \ \
 \\/  ___)| |_)| | | | | || (_| |  ) ) ) )
  '  |____| .__|_| |_|_| |_\__, | / / / /
 =========|_|==============|___/=/_/_/_/
 :: Spring Boot ::                (v2.4.3)

2024-12-08 12:46:58,173 INFO  [main] o.a.m.s.b.ForkedBooter - Starting ForkedBooter v2.22.0 using Java 11.0.20 on IFTO-PROBOOK with PID 5659 (started by rincon in /media/rincon/63999417195/eclipse-workspace/EMB-master/jdk_11_maven/cs/rest-gui/market/market-rest)
2024-12-08 12:46:58,174 INFO  [main] o.a.m.s.b.ForkedBooter - No active profile set, falling back to default profiles: default
2024-12-08 12:46:58,175 WARN  [main] o.s.b.c.c.ConfigDataEnvironment - Property 'spring.profiles' imported from location 'class path resource [application.yml]' is invalid and should be replaced with 'spring.config.activate.on-profile' [origin: class path resource [application.yml] - 34:13]
2024-12-08 12:46:58,175 WARN  [main] o.s.b.c.c.ConfigDataEnvironment - Property 'spring.profiles' imported from location 'class path resource [application.yml]' is invalid and should be replaced with 'spring.config.activate.on-profile' [origin: class path resource [application.yml] - 24:13]
2024-12-08 12:46:58,424 INFO  [main] o.s.d.r.c.RepositoryConfigurationDelegate - Bootstrapping Spring Data JPA repositories in DEFAULT mode.
2024-12-08 12:46:58,455 INFO  [main] o.s.d.r.c.RepositoryConfigurationDelegate - Finished Spring Data repository scanning in 31 ms. Found 8 JPA repository interfaces.
2024-12-08 12:46:58,503 INFO  [main] o.s.c.s.PostProcessorRegistrationDelegate$BeanPostProcessorChecker - Bean 'market.DataConfig' of type [market.DataConfig$$EnhancerBySpringCGLIB$$61f55217] is not eligible for getting processed by all BeanPostProcessors (for example: not eligible for auto-proxying)
2024-12-08 12:46:58,525 INFO  [main] o.s.c.s.PostProcessorRegistrationDelegate$BeanPostProcessorChecker - Bean 'org.springframework.security.access.expression.method.DefaultMethodSecurityExpressionHandler@595d9fbd' of type [org.springframework.security.access.expression.method.DefaultMethodSecurityExpressionHandler] is not eligible for getting processed by all BeanPostProcessors (for example: not eligible for auto-proxying)
2024-12-08 12:46:58,528 INFO  [main] o.s.c.s.PostProcessorRegistrationDelegate$BeanPostProcessorChecker - Bean 'methodSecurityMetadataSource' of type [org.springframework.security.access.method.DelegatingMethodSecurityMetadataSource] is not eligible for getting processed by all BeanPostProcessors (for example: not eligible for auto-proxying)
2024-12-08 12:46:58,577 INFO  [main] o.s.b.w.e.t.TomcatWebServer - Tomcat initialized with port(s): 0 (http)
2024-12-08 12:46:58,578 INFO  [main] o.a.c.h.Http11NioProtocol - Initializing ProtocolHandler ["http-nio-auto-14"]
2024-12-08 12:46:58,578 INFO  [main] o.a.c.c.StandardService - Starting service [Tomcat]
2024-12-08 12:46:58,579 INFO  [main] o.a.c.c.StandardEngine - Starting Servlet engine: [Apache Tomcat/9.0.43]
2024-12-08 12:46:58,592 INFO  [main] o.a.c.c.C.[.[.[/] - Initializing Spring embedded WebApplicationContext
2024-12-08 12:46:58,592 INFO  [main] o.s.b.w.s.c.ServletWebServerApplicationContext - Root WebApplicationContext: initialization completed in 417 ms
2024-12-08 12:46:58,636 INFO  [main] c.z.h.HikariDataSource - HikariPool-14 - Starting...
2024-12-08 12:46:58,637 INFO  [main] c.z.h.HikariDataSource - HikariPool-14 - Start completed.
2024-12-08 12:46:58,653 INFO  [main] o.h.j.i.u.LogHelper - HHH000204: Processing PersistenceUnitInfo [name: default]
2024-12-08 12:46:58,671 INFO  [main] o.h.d.Dialect - HHH000400: Using dialect: org.hibernate.dialect.H2Dialect
2024-12-08 12:46:58,687 WARN  [main] o.h.b.i.InFlightMetadataCollectorImpl - HHH000069: Duplicate generator name gen
2024-12-08 12:46:58,689 WARN  [main] o.h.b.i.InFlightMetadataCollectorImpl - HHH000069: Duplicate generator name gen
2024-12-08 12:46:58,785 INFO  [main] o.h.e.t.j.p.i.JtaPlatformInitiator - HHH000490: Using JtaPlatform implementation: [org.hibernate.engine.transaction.jta.platform.internal.NoJtaPlatform]
2024-12-08 12:46:58,785 INFO  [main] o.s.o.j.LocalContainerEntityManagerFactoryBean - Initialized JPA EntityManagerFactory for persistence unit 'default'
2024-12-08 12:46:58,979 WARN  [main] o.s.b.a.o.j.JpaBaseConfiguration$JpaWebConfiguration - spring.jpa.open-in-view is enabled by default. Therefore, database queries may be performed during view rendering. Explicitly configure spring.jpa.open-in-view to disable this warning
2024-12-08 12:46:59,122 INFO  [main] o.s.s.w.DefaultSecurityFilterChain - Will secure any request with [org.springframework.security.web.context.request.async.WebAsyncManagerIntegrationFilter@389b2cfc, org.springframework.security.web.context.SecurityContextPersistenceFilter@50604657, org.springframework.security.web.header.HeaderWriterFilter@191e192a, org.springframework.security.web.authentication.logout.LogoutFilter@7949393e, org.springframework.security.web.authentication.www.BasicAuthenticationFilter@6128f95b, org.springframework.security.web.savedrequest.RequestCacheAwareFilter@2e7f0df2, org.springframework.security.web.servletapi.SecurityContextHolderAwareRequestFilter@4741865e, org.springframework.security.web.authentication.AnonymousAuthenticationFilter@4f3f2907, org.springframework.security.web.session.SessionManagementFilter@6331faa2, org.springframework.security.web.access.ExceptionTranslationFilter@71a1e809, org.springframework.security.web.access.intercept.FilterSecurityInterceptor@33aed03d]
2024-12-08 12:46:59,156 INFO  [main] o.s.s.c.ThreadPoolTaskExecutor - Initializing ExecutorService 'applicationTaskExecutor'
2024-12-08 12:46:59,273 INFO  [main] o.a.c.h.Http11NioProtocol - Starting ProtocolHandler ["http-nio-auto-14"]
2024-12-08 12:46:59,276 INFO  [main] o.s.b.w.e.t.TomcatWebServer - Tomcat started on port(s): 35001 (http) with context path ''
2024-12-08 12:46:59,404 INFO  [main] o.a.m.s.b.ForkedBooter - Started ForkedBooter in 1.285 seconds (JVM running for 39.295)
2024-12-08 12:46:59,479 INFO  [main] o.a.c.h.Http11NioProtocol - Pausing ProtocolHandler ["http-nio-auto-14"]
2024-12-08 12:46:59,479 INFO  [main] o.a.c.c.StandardService - Stopping service [Tomcat]
2024-12-08 12:46:59,482 INFO  [main] o.a.c.h.Http11NioProtocol - Stopping ProtocolHandler ["http-nio-auto-14"]
2024-12-08 12:46:59,484 INFO  [main] o.a.c.h.Http11NioProtocol - Destroying ProtocolHandler ["http-nio-auto-14"]
[[1;34mINFO[m] [1;32mTests run: [0;1;32m5[m, Failures: 0, Errors: 0, Skipped: 0, Time elapsed: 1.352 s - in market.[1mv0_gpt35_run02_CartRestControllerTest[m
2024-12-08 12:46:59,725 INFO  [SpringContextShutdownHook] o.s.s.c.ThreadPoolTaskExecutor - Shutting down ExecutorService 'applicationTaskExecutor'
2024-12-08 12:46:59,725 INFO  [SpringContextShutdownHook] o.s.s.c.ThreadPoolTaskExecutor - Shutting down ExecutorService 'applicationTaskExecutor'
2024-12-08 12:46:59,725 INFO  [SpringContextShutdownHook] o.s.s.c.ThreadPoolTaskExecutor - Shutting down ExecutorService 'applicationTaskExecutor'
2024-12-08 12:46:59,725 INFO  [SpringContextShutdownHook] o.s.s.c.ThreadPoolTaskExecutor - Shutting down ExecutorService 'applicationTaskExecutor'
2024-12-08 12:46:59,725 INFO  [SpringContextShutdownHook] o.s.s.c.ThreadPoolTaskExecutor - Shutting down ExecutorService 'applicationTaskExecutor'
2024-12-08 12:46:59,725 INFO  [SpringContextShutdownHook] o.s.s.c.ThreadPoolTaskExecutor - Shutting down ExecutorService 'applicationTaskExecutor'
2024-12-08 12:46:59,726 INFO  [SpringContextShutdownHook] o.s.s.c.ThreadPoolTaskExecutor - Shutting down ExecutorService 'applicationTaskExecutor'
2024-12-08 12:46:59,729 INFO  [SpringContextShutdownHook] o.s.s.c.ThreadPoolTaskExecutor - Shutting down ExecutorService 'applicationTaskExecutor'
2024-12-08 12:46:59,748 INFO  [SpringContextShutdownHook] o.s.o.j.LocalContainerEntityManagerFactoryBean - Closing JPA EntityManagerFactory for persistence unit 'default'
2024-12-08 12:46:59,748 INFO  [SpringContextShutdownHook] o.s.o.j.LocalContainerEntityManagerFactoryBean - Closing JPA EntityManagerFactory for persistence unit 'default'
2024-12-08 12:46:59,749 INFO  [SpringContextShutdownHook] o.s.o.j.LocalContainerEntityManagerFactoryBean - Closing JPA EntityManagerFactory for persistence unit 'default'
2024-12-08 12:46:59,752 INFO  [SpringContextShutdownHook] o.s.o.j.LocalContainerEntityManagerFactoryBean - Closing JPA EntityManagerFactory for persistence unit 'default'
2024-12-08 12:46:59,753 INFO  [SpringContextShutdownHook] o.s.o.j.LocalContainerEntityManagerFactoryBean - Closing JPA EntityManagerFactory for persistence unit 'default'
2024-12-08 12:46:59,758 INFO  [SpringContextShutdownHook] o.s.o.j.LocalContainerEntityManagerFactoryBean - Closing JPA EntityManagerFactory for persistence unit 'default'
2024-12-08 12:46:59,760 INFO  [SpringContextShutdownHook] o.s.o.j.LocalContainerEntityManagerFactoryBean - Closing JPA EntityManagerFactory for persistence unit 'default'
2024-12-08 12:46:59,760 INFO  [SpringContextShutdownHook] o.s.s.c.ThreadPoolTaskExecutor - Shutting down ExecutorService 'applicationTaskExecutor'
2024-12-08 12:46:59,763 INFO  [SpringContextShutdownHook] o.s.o.j.LocalContainerEntityManagerFactoryBean - Closing JPA EntityManagerFactory for persistence unit 'default'
2024-12-08 12:46:59,768 INFO  [SpringContextShutdownHook] o.s.o.j.LocalContainerEntityManagerFactoryBean - Closing JPA EntityManagerFactory for persistence unit 'default'
2024-12-08 12:46:59,768 INFO  [SpringContextShutdownHook] o.s.s.c.ThreadPoolTaskExecutor - Shutting down ExecutorService 'applicationTaskExecutor'
2024-12-08 12:46:59,768 INFO  [SpringContextShutdownHook] o.s.s.c.ThreadPoolTaskExecutor - Shutting down ExecutorService 'applicationTaskExecutor'
2024-12-08 12:46:59,768 INFO  [SpringContextShutdownHook] o.s.s.c.ThreadPoolTaskExecutor - Shutting down ExecutorService 'applicationTaskExecutor'
2024-12-08 12:46:59,774 INFO  [SpringContextShutdownHook] o.s.s.c.ThreadPoolTaskExecutor - Shutting down ExecutorService 'applicationTaskExecutor'
2024-12-08 12:46:59,774 INFO  [SpringContextShutdownHook] o.s.s.c.ThreadPoolTaskExecutor - Shutting down ExecutorService 'applicationTaskExecutor'
2024-12-08 12:46:59,776 INFO  [SpringContextShutdownHook] o.s.o.j.LocalContainerEntityManagerFactoryBean - Closing JPA EntityManagerFactory for persistence unit 'default'
2024-12-08 12:46:59,777 INFO  [SpringContextShutdownHook] o.s.o.j.LocalContainerEntityManagerFactoryBean - Closing JPA EntityManagerFactory for persistence unit 'default'
2024-12-08 12:46:59,778 INFO  [SpringContextShutdownHook] o.s.o.j.LocalContainerEntityManagerFactoryBean - Closing JPA EntityManagerFactory for persistence unit 'default'
2024-12-08 12:46:59,779 INFO  [SpringContextShutdownHook] c.z.h.HikariDataSource - HikariPool-7 - Shutdown initiated...
2024-12-08 12:46:59,779 INFO  [SpringContextShutdownHook] c.z.h.HikariDataSource - HikariPool-3 - Shutdown initiated...
2024-12-08 12:46:59,780 INFO  [SpringContextShutdownHook] c.z.h.HikariDataSource - HikariPool-6 - Shutdown initiated...
2024-12-08 12:46:59,780 INFO  [SpringContextShutdownHook] o.s.o.j.LocalContainerEntityManagerFactoryBean - Closing JPA EntityManagerFactory for persistence unit 'default'
2024-12-08 12:46:59,780 INFO  [SpringContextShutdownHook] c.z.h.HikariDataSource - HikariPool-4 - Shutdown initiated...
2024-12-08 12:46:59,780 INFO  [SpringContextShutdownHook] c.z.h.HikariDataSource - HikariPool-5 - Shutdown initiated...
2024-12-08 12:46:59,780 INFO  [SpringContextShutdownHook] c.z.h.HikariDataSource - HikariPool-2 - Shutdown initiated...
2024-12-08 12:46:59,780 INFO  [SpringContextShutdownHook] c.z.h.HikariDataSource - HikariPool-8 - Shutdown initiated...
2024-12-08 12:46:59,782 INFO  [SpringContextShutdownHook] o.s.o.j.LocalContainerEntityManagerFactoryBean - Closing JPA EntityManagerFactory for persistence unit 'default'
2024-12-08 12:46:59,784 INFO  [SpringContextShutdownHook] c.z.h.HikariDataSource - HikariPool-1 - Shutdown initiated...
2024-12-08 12:46:59,787 INFO  [SpringContextShutdownHook] c.z.h.HikariDataSource - HikariPool-13 - Shutdown initiated...
2024-12-08 12:46:59,787 INFO  [SpringContextShutdownHook] c.z.h.HikariDataSource - HikariPool-12 - Shutdown initiated...
2024-12-08 12:46:59,787 INFO  [SpringContextShutdownHook] c.z.h.HikariDataSource - HikariPool-9 - Shutdown initiated...
2024-12-08 12:46:59,788 INFO  [SpringContextShutdownHook] c.z.h.HikariDataSource - HikariPool-10 - Shutdown initiated...
2024-12-08 12:46:59,788 INFO  [SpringContextShutdownHook] c.z.h.HikariDataSource - HikariPool-11 - Shutdown initiated...
2024-12-08 12:46:59,788 INFO  [SpringContextShutdownHook] c.z.h.HikariDataSource - HikariPool-14 - Shutdown initiated...
2024-12-08 12:46:59,798 INFO  [SpringContextShutdownHook] c.z.h.HikariDataSource - HikariPool-5 - Shutdown completed.
2024-12-08 12:46:59,798 INFO  [SpringContextShutdownHook] c.z.h.HikariDataSource - HikariPool-11 - Shutdown completed.
2024-12-08 12:46:59,798 INFO  [SpringContextShutdownHook] c.z.h.HikariDataSource - HikariPool-6 - Shutdown completed.
2024-12-08 12:46:59,798 INFO  [SpringContextShutdownHook] c.z.h.HikariDataSource - HikariPool-8 - Shutdown completed.
2024-12-08 12:46:59,799 INFO  [SpringContextShutdownHook] c.z.h.HikariDataSource - HikariPool-1 - Shutdown completed.
2024-12-08 12:46:59,799 INFO  [SpringContextShutdownHook] c.z.h.HikariDataSource - HikariPool-12 - Shutdown completed.
2024-12-08 12:46:59,800 INFO  [SpringContextShutdownHook] c.z.h.HikariDataSource - HikariPool-4 - Shutdown completed.
2024-12-08 12:46:59,800 INFO  [SpringContextShutdownHook] c.z.h.HikariDataSource - HikariPool-9 - Shutdown completed.
2024-12-08 12:46:59,801 INFO  [SpringContextShutdownHook] c.z.h.HikariDataSource - HikariPool-7 - Shutdown completed.
2024-12-08 12:46:59,801 INFO  [SpringContextShutdownHook] c.z.h.HikariDataSource - HikariPool-3 - Shutdown completed.
2024-12-08 12:46:59,802 INFO  [SpringContextShutdownHook] c.z.h.HikariDataSource - HikariPool-2 - Shutdown completed.
2024-12-08 12:46:59,802 INFO  [SpringContextShutdownHook] c.z.h.HikariDataSource - HikariPool-13 - Shutdown completed.
2024-12-08 12:46:59,803 INFO  [SpringContextShutdownHook] c.z.h.HikariDataSource - HikariPool-14 - Shutdown completed.
2024-12-08 12:46:59,805 INFO  [SpringContextShutdownHook] c.z.h.HikariDataSource - HikariPool-10 - Shutdown completed.
[[1;34mINFO[m] 
[[1;34mINFO[m] Results:
[[1;34mINFO[m] 
[[1;31mERROR[m] [1;31mFailures: [m
[[1;31mERROR[m] [1;31m  v0_gpt35_run01_ContactsRestControllerTest.testGetContacts:71 1 expectation failed.
Expected status code <200> but was <401>.
[m
[[1;31mERROR[m] [1;31m  v0_gpt35_run01_ContactsRestControllerTest.testUpdateContacts:82 1 expectation failed.
Expected status code <200> but was <401>.
[m
[[1;31mERROR[m] [1;31m  v0_gpt35_run01_OrdersRestControllerTest.testGetOrder_ValidPrincipalAndInvalidOrderId:103 1 expectation failed.
Expected status code <404> but was <401>.
[m
[[1;31mERROR[m] [1;31m  v0_gpt35_run01_OrdersRestControllerTest.testGetOrder_ValidPrincipalAndOrderId:81 1 expectation failed.
Expected status code <200> but was <401>.
[m
[[1;31mERROR[m] [1;31m  v0_gpt35_run01_OrdersRestControllerTest.testGetOrders_ValidPrincipal:70 1 expectation failed.
Expected status code <200> but was <401>.
[m
[[1;31mERROR[m] [1;31m  v0_gpt35_run03_ContactsRestControllerTest.testGetContacts:69 1 expectation failed.
Expected status code <200> but was <401>.
[m
[[1;31mERROR[m] [1;31m  v0_gpt35_run03_ContactsRestControllerTest.testUpdateContacts:81 1 expectation failed.
Expected status code <200> but was <401>.
[m
[[1;34mINFO[m] 
[[1;31mERROR[m] [1;31mTests run: 38, Failures: 7, Errors: 0, Skipped: 0[m
[[1;34mINFO[m] 
[[1;31mERROR[m] There are test failures.

Please refer to /media/rincon/63999417195/eclipse-workspace/EMB-master/jdk_11_maven/cs/rest-gui/market/market-rest/target/surefire-reports for the individual test results.
Please refer to dump files (if any exist) [date]-jvmRun[N].dump, [date].dumpstream and [date]-jvmRun[N].dumpstream.
[[1;34mINFO[m] 
[[1;34mINFO[m] [1m--- [0;32mjacoco-maven-plugin:0.8.7:report[m [1m(report)[m @ [36mmarket-rest[0;1m ---[m
[[1;34mINFO[m] Loading execution data file /media/rincon/63999417195/eclipse-workspace/EMB-master/jdk_11_maven/cs/rest-gui/market/market-rest/target/jacoco.exec
[[1;34mINFO[m] Analyzed bundle 'market-rest' with 10 classes
[[1;34mINFO[m] [1m------------------------------------------------------------------------[m
[[1;34mINFO[m] [1;32mBUILD SUCCESS[m
[[1;34mINFO[m] [1m------------------------------------------------------------------------[m
[[1;34mINFO[m] Total time:  46.145 s
[[1;34mINFO[m] Finished at: 2024-12-08T12:47:00-03:00
[[1;34mINFO[m] [1m------------------------------------------------------------------------[m
Copiando relat√≥rios para /home/rincon/ar_benchmark/artigo/estudos-prompts/market-test-set/gpt/v0/coverage_three_runs/gpt35...
Execu√ß√£o conclu√≠da com sucesso para o modelo gpt35.
