Processando o modelo gpt35...
Limpando o diret√≥rio de destino para testes combinados...
Copiando arquivos de /home/rincon/ar_benchmark/artigo/estudos-prompts/market-test-set/gpt/v1/gpt35/run01/exec para /media/rincon/63999417195/eclipse-workspace/EMB-master/jdk_11_maven/cs/rest-gui/market/market-rest/src/test/java/market...
Copiando arquivos de /home/rincon/ar_benchmark/artigo/estudos-prompts/market-test-set/gpt/v1/gpt35/run02/exec para /media/rincon/63999417195/eclipse-workspace/EMB-master/jdk_11_maven/cs/rest-gui/market/market-rest/src/test/java/market...
Copiando arquivos de /home/rincon/ar_benchmark/artigo/estudos-prompts/market-test-set/gpt/v1/gpt35/run03/exec para /media/rincon/63999417195/eclipse-workspace/EMB-master/jdk_11_maven/cs/rest-gui/market/market-rest/src/test/java/market...
Executando Maven para o modelo gpt35...
[[1;34mINFO[m] Scanning for projects...
[[1;34mINFO[m] 
[[1;34mINFO[m] [1m---------------------< [0;36mnet.lukyanets:market-rest[0;1m >----------------------[m
[[1;34mINFO[m] [1mBuilding market-rest 0.1.2[m
[[1;34mINFO[m] [1m--------------------------------[ jar ]---------------------------------[m
[[1;33mWARNING[m] The POM for com.sun.xml.bind:jaxb-osgi:jar:2.2.10 is invalid, transitive dependencies (if any) will not be available, enable debug logging for more details
[[1;34mINFO[m] 
[[1;34mINFO[m] [1m--- [0;32mmaven-clean-plugin:2.5:clean[m [1m(default-clean)[m @ [36mmarket-rest[0;1m ---[m
[[1;34mINFO[m] Deleting /media/rincon/63999417195/eclipse-workspace/EMB-master/jdk_11_maven/cs/rest-gui/market/market-rest/target
[[1;34mINFO[m] 
[[1;34mINFO[m] [1m--- [0;32mjacoco-maven-plugin:0.8.7:prepare-agent[m [1m(default)[m @ [36mmarket-rest[0;1m ---[m
[[1;34mINFO[m] argLine set to -javaagent:/home/rincon/.m2/repository/org/jacoco/org.jacoco.agent/0.8.7/org.jacoco.agent-0.8.7-runtime.jar=destfile=/media/rincon/63999417195/eclipse-workspace/EMB-master/jdk_11_maven/cs/rest-gui/market/market-rest/target/jacoco.exec
[[1;34mINFO[m] 
[[1;34mINFO[m] [1m--- [0;32mspring-boot-maven-plugin:2.4.3:build-info[m [1m(default)[m @ [36mmarket-rest[0;1m ---[m
[[1;34mINFO[m] 
[[1;34mINFO[m] [1m--- [0;32mmaven-resources-plugin:2.6:resources[m [1m(default-resources)[m @ [36mmarket-rest[0;1m ---[m
[[1;34mINFO[m] Using 'UTF-8' encoding to copy filtered resources.
[[1;34mINFO[m] Copying 3 resources
[[1;34mINFO[m] 
[[1;34mINFO[m] [1m--- [0;32mmaven-compiler-plugin:3.8.0:compile[m [1m(default-compile)[m @ [36mmarket-rest[0;1m ---[m
[[1;34mINFO[m] Changes detected - recompiling the module!
[[1;34mINFO[m] Compiling 11 source files to /media/rincon/63999417195/eclipse-workspace/EMB-master/jdk_11_maven/cs/rest-gui/market/market-rest/target/classes
[[1;34mINFO[m] 
[[1;34mINFO[m] [1m--- [0;32mjacoco-maven-plugin:0.8.7:prepare-agent[m [1m(default)[m @ [36mmarket-rest[0;1m ---[m
[[1;34mINFO[m] argLine set to -javaagent:/home/rincon/.m2/repository/org/jacoco/org.jacoco.agent/0.8.7/org.jacoco.agent-0.8.7-runtime.jar=destfile=/media/rincon/63999417195/eclipse-workspace/EMB-master/jdk_11_maven/cs/rest-gui/market/market-rest/target/jacoco.exec
[[1;34mINFO[m] 
[[1;34mINFO[m] [1m--- [0;32mspring-boot-maven-plugin:2.4.3:build-info[m [1m(default)[m @ [36mmarket-rest[0;1m ---[m
[[1;34mINFO[m] 
[[1;34mINFO[m] [1m--- [0;32mmaven-resources-plugin:2.6:resources[m [1m(default-resources)[m @ [36mmarket-rest[0;1m ---[m
[[1;34mINFO[m] Using 'UTF-8' encoding to copy filtered resources.
[[1;34mINFO[m] Copying 3 resources
[[1;34mINFO[m] 
[[1;34mINFO[m] [1m--- [0;32mmaven-compiler-plugin:3.8.0:compile[m [1m(default-compile)[m @ [36mmarket-rest[0;1m ---[m
[[1;34mINFO[m] Nothing to compile - all classes are up to date
[[1;34mINFO[m] 
[[1;34mINFO[m] [1m--- [0;32mmaven-resources-plugin:2.6:testResources[m [1m(default-testResources)[m @ [36mmarket-rest[0;1m ---[m
[[1;34mINFO[m] Using 'UTF-8' encoding to copy filtered resources.
[[1;34mINFO[m] skip non existing resourceDirectory /media/rincon/63999417195/eclipse-workspace/EMB-master/jdk_11_maven/cs/rest-gui/market/market-rest/src/test/resources
[[1;34mINFO[m] 
[[1;34mINFO[m] [1m--- [0;32mmaven-compiler-plugin:3.8.0:testCompile[m [1m(default-testCompile)[m @ [36mmarket-rest[0;1m ---[m
[[1;34mINFO[m] Changes detected - recompiling the module!
[[1;34mINFO[m] Compiling 21 source files to /media/rincon/63999417195/eclipse-workspace/EMB-master/jdk_11_maven/cs/rest-gui/market/market-rest/target/test-classes
[[1;34mINFO[m] 
[[1;34mINFO[m] [1m--- [0;32mjacoco-maven-plugin:0.8.7:prepare-agent[m [1m(default)[m @ [36mmarket-rest[0;1m ---[m
[[1;34mINFO[m] argLine set to -javaagent:/home/rincon/.m2/repository/org/jacoco/org.jacoco.agent/0.8.7/org.jacoco.agent-0.8.7-runtime.jar=destfile=/media/rincon/63999417195/eclipse-workspace/EMB-master/jdk_11_maven/cs/rest-gui/market/market-rest/target/jacoco.exec
[[1;34mINFO[m] 
[[1;34mINFO[m] [1m--- [0;32mspring-boot-maven-plugin:2.4.3:build-info[m [1m(default)[m @ [36mmarket-rest[0;1m ---[m
[[1;34mINFO[m] 
[[1;34mINFO[m] [1m--- [0;32mmaven-resources-plugin:2.6:resources[m [1m(default-resources)[m @ [36mmarket-rest[0;1m ---[m
[[1;34mINFO[m] Using 'UTF-8' encoding to copy filtered resources.
[[1;34mINFO[m] Copying 3 resources
[[1;34mINFO[m] 
[[1;34mINFO[m] [1m--- [0;32mmaven-compiler-plugin:3.8.0:compile[m [1m(default-compile)[m @ [36mmarket-rest[0;1m ---[m
[[1;34mINFO[m] Nothing to compile - all classes are up to date
[[1;34mINFO[m] 
[[1;34mINFO[m] [1m--- [0;32mmaven-resources-plugin:2.6:testResources[m [1m(default-testResources)[m @ [36mmarket-rest[0;1m ---[m
[[1;34mINFO[m] Using 'UTF-8' encoding to copy filtered resources.
[[1;34mINFO[m] skip non existing resourceDirectory /media/rincon/63999417195/eclipse-workspace/EMB-master/jdk_11_maven/cs/rest-gui/market/market-rest/src/test/resources
[[1;34mINFO[m] 
[[1;34mINFO[m] [1m--- [0;32mmaven-compiler-plugin:3.8.0:testCompile[m [1m(default-testCompile)[m @ [36mmarket-rest[0;1m ---[m
[[1;34mINFO[m] Nothing to compile - all classes are up to date
[[1;34mINFO[m] 
[[1;34mINFO[m] [1m--- [0;32mmaven-surefire-plugin:2.22.0:test[m [1m(default-test)[m @ [36mmarket-rest[0;1m ---[m
[[1;34mINFO[m] 
[[1;34mINFO[m] -------------------------------------------------------
[[1;34mINFO[m]  T E S T S
[[1;34mINFO[m] -------------------------------------------------------
[[1;34mINFO[m] Running market.[1mv1_gpt35_run01_OrdersRestControllerTest[m

  .   ____          _            __ _ _
 /\\ / ___'_ __ _ _(_)_ __  __ _ \ \ \ \
( ( )\___ | '_ | '_| | '_ \/ _` | \ \ \ \
 \\/  ___)| |_)| | | | | || (_| |  ) ) ) )
  '  |____| .__|_| |_|_| |_\__, | / / / /
 =========|_|==============|___/=/_/_/_/
 :: Spring Boot ::                (v2.4.3)

2024-12-08 14:24:59,166 INFO  [background-preinit] o.h.v.i.u.Version - HV000001: Hibernate Validator 6.1.7.Final
2024-12-08 14:24:59,291 INFO  [main] o.a.m.s.b.ForkedBooter - Starting ForkedBooter v2.22.0 using Java 11.0.20 on IFTO-PROBOOK with PID 21357 (started by rincon in /media/rincon/63999417195/eclipse-workspace/EMB-master/jdk_11_maven/cs/rest-gui/market/market-rest)
2024-12-08 14:24:59,299 INFO  [main] o.a.m.s.b.ForkedBooter - No active profile set, falling back to default profiles: default
2024-12-08 14:24:59,989 WARN  [main] o.s.b.c.c.ConfigDataEnvironment - Property 'spring.profiles' imported from location 'class path resource [application.yml]' is invalid and should be replaced with 'spring.config.activate.on-profile' [origin: class path resource [application.yml] - 34:13]
2024-12-08 14:24:59,990 WARN  [main] o.s.b.c.c.ConfigDataEnvironment - Property 'spring.profiles' imported from location 'class path resource [application.yml]' is invalid and should be replaced with 'spring.config.activate.on-profile' [origin: class path resource [application.yml] - 24:13]
2024-12-08 14:25:01,766 INFO  [main] o.s.d.r.c.RepositoryConfigurationDelegate - Bootstrapping Spring Data JPA repositories in DEFAULT mode.
2024-12-08 14:25:01,915 INFO  [main] o.s.d.r.c.RepositoryConfigurationDelegate - Finished Spring Data repository scanning in 137 ms. Found 8 JPA repository interfaces.
2024-12-08 14:25:02,493 INFO  [main] o.s.c.s.PostProcessorRegistrationDelegate$BeanPostProcessorChecker - Bean 'market.DataConfig' of type [market.DataConfig$$EnhancerBySpringCGLIB$$af6433b6] is not eligible for getting processed by all BeanPostProcessors (for example: not eligible for auto-proxying)
2024-12-08 14:25:02,691 INFO  [main] o.s.c.s.PostProcessorRegistrationDelegate$BeanPostProcessorChecker - Bean 'org.springframework.security.access.expression.method.DefaultMethodSecurityExpressionHandler@60d49ff7' of type [org.springframework.security.access.expression.method.DefaultMethodSecurityExpressionHandler] is not eligible for getting processed by all BeanPostProcessors (for example: not eligible for auto-proxying)
2024-12-08 14:25:02,700 INFO  [main] o.s.c.s.PostProcessorRegistrationDelegate$BeanPostProcessorChecker - Bean 'methodSecurityMetadataSource' of type [org.springframework.security.access.method.DelegatingMethodSecurityMetadataSource] is not eligible for getting processed by all BeanPostProcessors (for example: not eligible for auto-proxying)
2024-12-08 14:25:03,224 INFO  [main] o.s.b.w.e.t.TomcatWebServer - Tomcat initialized with port(s): 0 (http)
2024-12-08 14:25:03,244 INFO  [main] o.a.c.h.Http11NioProtocol - Initializing ProtocolHandler ["http-nio-auto-1"]
2024-12-08 14:25:03,245 INFO  [main] o.a.c.c.StandardService - Starting service [Tomcat]
2024-12-08 14:25:03,245 INFO  [main] o.a.c.c.StandardEngine - Starting Servlet engine: [Apache Tomcat/9.0.43]
2024-12-08 14:25:03,390 INFO  [main] o.a.c.c.C.[.[.[/] - Initializing Spring embedded WebApplicationContext
2024-12-08 14:25:03,390 INFO  [main] o.s.b.w.s.c.ServletWebServerApplicationContext - Root WebApplicationContext: initialization completed in 3396 ms
2024-12-08 14:25:03,646 INFO  [main] c.z.h.HikariDataSource - HikariPool-1 - Starting...
2024-12-08 14:25:04,086 INFO  [main] c.z.h.HikariDataSource - HikariPool-1 - Start completed.
2024-12-08 14:25:04,303 INFO  [main] o.h.j.i.u.LogHelper - HHH000204: Processing PersistenceUnitInfo [name: default]
2024-12-08 14:25:04,399 INFO  [main] o.h.Version - HHH000412: Hibernate ORM core version 5.4.28.Final
2024-12-08 14:25:04,573 INFO  [main] o.h.a.c.Version - HCANN000001: Hibernate Commons Annotations {5.1.2.Final}
2024-12-08 14:25:04,868 INFO  [main] o.h.d.Dialect - HHH000400: Using dialect: org.hibernate.dialect.H2Dialect
2024-12-08 14:25:05,164 WARN  [main] o.h.b.i.InFlightMetadataCollectorImpl - HHH000069: Duplicate generator name gen
2024-12-08 14:25:05,168 WARN  [main] o.h.b.i.InFlightMetadataCollectorImpl - HHH000069: Duplicate generator name gen
2024-12-08 14:25:05,998 INFO  [main] o.h.e.t.j.p.i.JtaPlatformInitiator - HHH000490: Using JtaPlatform implementation: [org.hibernate.engine.transaction.jta.platform.internal.NoJtaPlatform]
2024-12-08 14:25:06,012 INFO  [main] o.s.o.j.LocalContainerEntityManagerFactoryBean - Initialized JPA EntityManagerFactory for persistence unit 'default'
2024-12-08 14:25:07,210 WARN  [main] o.s.b.a.o.j.JpaBaseConfiguration$JpaWebConfiguration - spring.jpa.open-in-view is enabled by default. Therefore, database queries may be performed during view rendering. Explicitly configure spring.jpa.open-in-view to disable this warning
2024-12-08 14:25:08,240 INFO  [main] o.s.s.w.DefaultSecurityFilterChain - Will secure any request with [org.springframework.security.web.context.request.async.WebAsyncManagerIntegrationFilter@37ccf0f9, org.springframework.security.web.context.SecurityContextPersistenceFilter@21199bf, org.springframework.security.web.header.HeaderWriterFilter@516323a4, org.springframework.security.web.authentication.logout.LogoutFilter@75e74e37, org.springframework.security.web.authentication.www.BasicAuthenticationFilter@533a3425, org.springframework.security.web.savedrequest.RequestCacheAwareFilter@c20bf35, org.springframework.security.web.servletapi.SecurityContextHolderAwareRequestFilter@6ad13495, org.springframework.security.web.authentication.AnonymousAuthenticationFilter@cddcd12, org.springframework.security.web.session.SessionManagementFilter@44d236f5, org.springframework.security.web.access.ExceptionTranslationFilter@39ea6696, org.springframework.security.web.access.intercept.FilterSecurityInterceptor@24d5d4b3]
2024-12-08 14:25:08,407 INFO  [main] o.s.s.c.ThreadPoolTaskExecutor - Initializing ExecutorService 'applicationTaskExecutor'
2024-12-08 14:25:08,885 INFO  [main] o.a.c.h.Http11NioProtocol - Starting ProtocolHandler ["http-nio-auto-1"]
2024-12-08 14:25:08,942 INFO  [main] o.s.b.w.e.t.TomcatWebServer - Tomcat started on port(s): 44617 (http) with context path ''
2024-12-08 14:25:09,517 INFO  [main] o.a.m.s.b.ForkedBooter - Started ForkedBooter in 11.261 seconds (JVM running for 13.649)
2024-12-08 14:25:11,255 INFO  [http-nio-auto-1-exec-1] o.a.c.c.C.[.[.[/] - Initializing Spring DispatcherServlet 'dispatcherServlet'
2024-12-08 14:25:11,255 INFO  [http-nio-auto-1-exec-1] o.s.w.s.DispatcherServlet - Initializing Servlet 'dispatcherServlet'
2024-12-08 14:25:11,257 INFO  [http-nio-auto-1-exec-1] o.s.w.s.DispatcherServlet - Completed initialization in 2 ms
2024-12-08 14:25:11,346 WARN  [http-nio-auto-1-exec-1] m.r.e.RestExceptionHandler - RestErrorResponse{message='Acesso negado', entityName='null', description='uri=/customer/orders', fieldErrors=[]}
2024-12-08 14:25:11,663 WARN  [http-nio-auto-1-exec-2] m.r.e.RestExceptionHandler - RestErrorResponse{message='Acesso negado', entityName='null', description='uri=/customer/orders/1', fieldErrors=[]}
2024-12-08 14:25:11,688 INFO  [main] o.a.c.h.Http11NioProtocol - Pausing ProtocolHandler ["http-nio-auto-1"]
2024-12-08 14:25:11,688 INFO  [main] o.a.c.c.StandardService - Stopping service [Tomcat]
2024-12-08 14:25:11,690 INFO  [main] o.a.c.c.C.[.[.[/] - Destroying Spring FrameworkServlet 'dispatcherServlet'
2024-12-08 14:25:11,696 INFO  [main] o.a.c.h.Http11NioProtocol - Stopping ProtocolHandler ["http-nio-auto-1"]
2024-12-08 14:25:11,702 INFO  [main] o.a.c.h.Http11NioProtocol - Destroying ProtocolHandler ["http-nio-auto-1"]
[[1;34mINFO[m] [1;32mTests run: [0;1;32m2[m, Failures: 0, Errors: 0, Skipped: 0, Time elapsed: 14.706 s - in market.[1mv1_gpt35_run01_OrdersRestControllerTest[m
[[1;34mINFO[m] Running market.[1mv1_gpt35_run03_ContactsRestControllerTest[m

  .   ____          _            __ _ _
 /\\ / ___'_ __ _ _(_)_ __  __ _ \ \ \ \
( ( )\___ | '_ | '_| | '_ \/ _` | \ \ \ \
 \\/  ___)| |_)| | | | | || (_| |  ) ) ) )
  '  |____| .__|_| |_|_| |_\__, | / / / /
 =========|_|==============|___/=/_/_/_/
 :: Spring Boot ::                (v2.4.3)

2024-12-08 14:25:11,778 INFO  [main] o.a.m.s.b.ForkedBooter - Starting ForkedBooter v2.22.0 using Java 11.0.20 on IFTO-PROBOOK with PID 21357 (started by rincon in /media/rincon/63999417195/eclipse-workspace/EMB-master/jdk_11_maven/cs/rest-gui/market/market-rest)
2024-12-08 14:25:11,779 INFO  [main] o.a.m.s.b.ForkedBooter - No active profile set, falling back to default profiles: default
2024-12-08 14:25:11,782 WARN  [main] o.s.b.c.c.ConfigDataEnvironment - Property 'spring.profiles' imported from location 'class path resource [application.yml]' is invalid and should be replaced with 'spring.config.activate.on-profile' [origin: class path resource [application.yml] - 34:13]
2024-12-08 14:25:11,783 WARN  [main] o.s.b.c.c.ConfigDataEnvironment - Property 'spring.profiles' imported from location 'class path resource [application.yml]' is invalid and should be replaced with 'spring.config.activate.on-profile' [origin: class path resource [application.yml] - 24:13]
2024-12-08 14:25:12,152 INFO  [main] o.s.d.r.c.RepositoryConfigurationDelegate - Bootstrapping Spring Data JPA repositories in DEFAULT mode.
2024-12-08 14:25:12,191 INFO  [main] o.s.d.r.c.RepositoryConfigurationDelegate - Finished Spring Data repository scanning in 38 ms. Found 8 JPA repository interfaces.
2024-12-08 14:25:12,261 INFO  [main] o.s.c.s.PostProcessorRegistrationDelegate$BeanPostProcessorChecker - Bean 'market.DataConfig' of type [market.DataConfig$$EnhancerBySpringCGLIB$$af6433b6] is not eligible for getting processed by all BeanPostProcessors (for example: not eligible for auto-proxying)
2024-12-08 14:25:12,288 INFO  [main] o.s.c.s.PostProcessorRegistrationDelegate$BeanPostProcessorChecker - Bean 'org.springframework.security.access.expression.method.DefaultMethodSecurityExpressionHandler@4f8fb57d' of type [org.springframework.security.access.expression.method.DefaultMethodSecurityExpressionHandler] is not eligible for getting processed by all BeanPostProcessors (for example: not eligible for auto-proxying)
2024-12-08 14:25:12,291 INFO  [main] o.s.c.s.PostProcessorRegistrationDelegate$BeanPostProcessorChecker - Bean 'methodSecurityMetadataSource' of type [org.springframework.security.access.method.DelegatingMethodSecurityMetadataSource] is not eligible for getting processed by all BeanPostProcessors (for example: not eligible for auto-proxying)
2024-12-08 14:25:12,359 INFO  [main] o.s.b.w.e.t.TomcatWebServer - Tomcat initialized with port(s): 0 (http)
2024-12-08 14:25:12,360 INFO  [main] o.a.c.h.Http11NioProtocol - Initializing ProtocolHandler ["http-nio-auto-2"]
2024-12-08 14:25:12,361 INFO  [main] o.a.c.c.StandardService - Starting service [Tomcat]
2024-12-08 14:25:12,361 INFO  [main] o.a.c.c.StandardEngine - Starting Servlet engine: [Apache Tomcat/9.0.43]
2024-12-08 14:25:12,383 INFO  [main] o.a.c.c.C.[.[.[/] - Initializing Spring embedded WebApplicationContext
2024-12-08 14:25:12,383 INFO  [main] o.s.b.w.s.c.ServletWebServerApplicationContext - Root WebApplicationContext: initialization completed in 600 ms
2024-12-08 14:25:12,435 INFO  [main] c.z.h.HikariDataSource - HikariPool-2 - Starting...
2024-12-08 14:25:12,437 INFO  [main] c.z.h.HikariDataSource - HikariPool-2 - Start completed.
2024-12-08 14:25:12,486 INFO  [main] o.h.j.i.u.LogHelper - HHH000204: Processing PersistenceUnitInfo [name: default]
2024-12-08 14:25:12,515 INFO  [main] o.h.d.Dialect - HHH000400: Using dialect: org.hibernate.dialect.H2Dialect
2024-12-08 14:25:12,542 WARN  [main] o.h.b.i.InFlightMetadataCollectorImpl - HHH000069: Duplicate generator name gen
2024-12-08 14:25:12,545 WARN  [main] o.h.b.i.InFlightMetadataCollectorImpl - HHH000069: Duplicate generator name gen
2024-12-08 14:25:12,761 INFO  [main] o.h.e.t.j.p.i.JtaPlatformInitiator - HHH000490: Using JtaPlatform implementation: [org.hibernate.engine.transaction.jta.platform.internal.NoJtaPlatform]
2024-12-08 14:25:12,761 INFO  [main] o.s.o.j.LocalContainerEntityManagerFactoryBean - Initialized JPA EntityManagerFactory for persistence unit 'default'
2024-12-08 14:25:13,039 WARN  [main] o.s.b.a.o.j.JpaBaseConfiguration$JpaWebConfiguration - spring.jpa.open-in-view is enabled by default. Therefore, database queries may be performed during view rendering. Explicitly configure spring.jpa.open-in-view to disable this warning
2024-12-08 14:25:13,289 INFO  [main] o.s.s.w.DefaultSecurityFilterChain - Will secure any request with [org.springframework.security.web.context.request.async.WebAsyncManagerIntegrationFilter@13675499, org.springframework.security.web.context.SecurityContextPersistenceFilter@2c4bdf1c, org.springframework.security.web.header.HeaderWriterFilter@2ab2eec9, org.springframework.security.web.authentication.logout.LogoutFilter@2d98be6, org.springframework.security.web.authentication.www.BasicAuthenticationFilter@3a69e55, org.springframework.security.web.savedrequest.RequestCacheAwareFilter@9f1c1c5, org.springframework.security.web.servletapi.SecurityContextHolderAwareRequestFilter@3488b294, org.springframework.security.web.authentication.AnonymousAuthenticationFilter@44834fa, org.springframework.security.web.session.SessionManagementFilter@d9929aa, org.springframework.security.web.access.ExceptionTranslationFilter@6839b4c4, org.springframework.security.web.access.intercept.FilterSecurityInterceptor@a62579d]
2024-12-08 14:25:13,323 INFO  [main] o.s.s.c.ThreadPoolTaskExecutor - Initializing ExecutorService 'applicationTaskExecutor'
2024-12-08 14:25:13,448 INFO  [main] o.a.c.h.Http11NioProtocol - Starting ProtocolHandler ["http-nio-auto-2"]
2024-12-08 14:25:13,451 INFO  [main] o.s.b.w.e.t.TomcatWebServer - Tomcat started on port(s): 46669 (http) with context path ''
2024-12-08 14:25:13,681 INFO  [main] o.a.m.s.b.ForkedBooter - Started ForkedBooter in 1.973 seconds (JVM running for 17.814)
2024-12-08 14:25:13,837 INFO  [http-nio-auto-2-exec-1] o.a.c.c.C.[.[.[/] - Initializing Spring DispatcherServlet 'dispatcherServlet'
2024-12-08 14:25:13,837 INFO  [http-nio-auto-2-exec-1] o.s.w.s.DispatcherServlet - Initializing Servlet 'dispatcherServlet'
2024-12-08 14:25:13,839 INFO  [http-nio-auto-2-exec-1] o.s.w.s.DispatcherServlet - Completed initialization in 2 ms
2024-12-08 14:25:13,993 WARN  [http-nio-auto-2-exec-1] m.r.e.RestExceptionHandler - RestErrorResponse{message='Argument validation error', entityName='contactsDTO', description='uri=/customer/contacts', fieldErrors=[{field='phone', message='Shall consist of a + sign, a country code, a region code (1-4 digits), and a number (6-7 digits)'}]}
2024-12-08 14:25:14,041 WARN  [http-nio-auto-2-exec-2] m.r.e.RestExceptionHandler - RestErrorResponse{message='Acesso negado', entityName='null', description='uri=/customer/contacts', fieldErrors=[]}
2024-12-08 14:25:14,057 INFO  [main] o.a.c.h.Http11NioProtocol - Pausing ProtocolHandler ["http-nio-auto-2"]
2024-12-08 14:25:14,057 INFO  [main] o.a.c.c.StandardService - Stopping service [Tomcat]
2024-12-08 14:25:14,058 INFO  [main] o.a.c.c.C.[.[.[/] - Destroying Spring FrameworkServlet 'dispatcherServlet'
2024-12-08 14:25:14,061 INFO  [main] o.a.c.h.Http11NioProtocol - Stopping ProtocolHandler ["http-nio-auto-2"]
2024-12-08 14:25:14,067 INFO  [main] o.a.c.h.Http11NioProtocol - Destroying ProtocolHandler ["http-nio-auto-2"]
[[1;34mINFO[m] [1;32mTests run: [0;1;32m2[m, Failures: 0, Errors: 0, Skipped: 0, Time elapsed: 2.322 s - in market.[1mv1_gpt35_run03_ContactsRestControllerTest[m
[[1;34mINFO[m] Running market.[1mv1_gpt35_run01_RestErrorResponseTest[m

  .   ____          _            __ _ _
 /\\ / ___'_ __ _ _(_)_ __  __ _ \ \ \ \
( ( )\___ | '_ | '_| | '_ \/ _` | \ \ \ \
 \\/  ___)| |_)| | | | | || (_| |  ) ) ) )
  '  |____| .__|_| |_|_| |_\__, | / / / /
 =========|_|==============|___/=/_/_/_/
 :: Spring Boot ::                (v2.4.3)

2024-12-08 14:25:14,105 INFO  [main] o.a.m.s.b.ForkedBooter - Starting ForkedBooter v2.22.0 using Java 11.0.20 on IFTO-PROBOOK with PID 21357 (started by rincon in /media/rincon/63999417195/eclipse-workspace/EMB-master/jdk_11_maven/cs/rest-gui/market/market-rest)
2024-12-08 14:25:14,107 INFO  [main] o.a.m.s.b.ForkedBooter - No active profile set, falling back to default profiles: default
2024-12-08 14:25:14,109 WARN  [main] o.s.b.c.c.ConfigDataEnvironment - Property 'spring.profiles' imported from location 'class path resource [application.yml]' is invalid and should be replaced with 'spring.config.activate.on-profile' [origin: class path resource [application.yml] - 34:13]
2024-12-08 14:25:14,109 WARN  [main] o.s.b.c.c.ConfigDataEnvironment - Property 'spring.profiles' imported from location 'class path resource [application.yml]' is invalid and should be replaced with 'spring.config.activate.on-profile' [origin: class path resource [application.yml] - 24:13]
2024-12-08 14:25:14,403 INFO  [main] o.s.d.r.c.RepositoryConfigurationDelegate - Bootstrapping Spring Data JPA repositories in DEFAULT mode.
2024-12-08 14:25:14,440 INFO  [main] o.s.d.r.c.RepositoryConfigurationDelegate - Finished Spring Data repository scanning in 36 ms. Found 8 JPA repository interfaces.
2024-12-08 14:25:14,502 INFO  [main] o.s.c.s.PostProcessorRegistrationDelegate$BeanPostProcessorChecker - Bean 'market.DataConfig' of type [market.DataConfig$$EnhancerBySpringCGLIB$$af6433b6] is not eligible for getting processed by all BeanPostProcessors (for example: not eligible for auto-proxying)
2024-12-08 14:25:14,526 INFO  [main] o.s.c.s.PostProcessorRegistrationDelegate$BeanPostProcessorChecker - Bean 'org.springframework.security.access.expression.method.DefaultMethodSecurityExpressionHandler@21d4ccc' of type [org.springframework.security.access.expression.method.DefaultMethodSecurityExpressionHandler] is not eligible for getting processed by all BeanPostProcessors (for example: not eligible for auto-proxying)
2024-12-08 14:25:14,528 INFO  [main] o.s.c.s.PostProcessorRegistrationDelegate$BeanPostProcessorChecker - Bean 'methodSecurityMetadataSource' of type [org.springframework.security.access.method.DelegatingMethodSecurityMetadataSource] is not eligible for getting processed by all BeanPostProcessors (for example: not eligible for auto-proxying)
2024-12-08 14:25:14,607 INFO  [main] o.s.b.w.e.t.TomcatWebServer - Tomcat initialized with port(s): 0 (http)
2024-12-08 14:25:14,609 INFO  [main] o.a.c.h.Http11NioProtocol - Initializing ProtocolHandler ["http-nio-auto-3"]
2024-12-08 14:25:14,609 INFO  [main] o.a.c.c.StandardService - Starting service [Tomcat]
2024-12-08 14:25:14,610 INFO  [main] o.a.c.c.StandardEngine - Starting Servlet engine: [Apache Tomcat/9.0.43]
2024-12-08 14:25:14,628 INFO  [main] o.a.c.c.C.[.[.[/] - Initializing Spring embedded WebApplicationContext
2024-12-08 14:25:14,628 INFO  [main] o.s.b.w.s.c.ServletWebServerApplicationContext - Root WebApplicationContext: initialization completed in 519 ms
2024-12-08 14:25:14,668 INFO  [main] c.z.h.HikariDataSource - HikariPool-3 - Starting...
2024-12-08 14:25:14,670 INFO  [main] c.z.h.HikariDataSource - HikariPool-3 - Start completed.
2024-12-08 14:25:14,710 INFO  [main] o.h.j.i.u.LogHelper - HHH000204: Processing PersistenceUnitInfo [name: default]
2024-12-08 14:25:14,736 INFO  [main] o.h.d.Dialect - HHH000400: Using dialect: org.hibernate.dialect.H2Dialect
2024-12-08 14:25:14,755 WARN  [main] o.h.b.i.InFlightMetadataCollectorImpl - HHH000069: Duplicate generator name gen
2024-12-08 14:25:14,758 WARN  [main] o.h.b.i.InFlightMetadataCollectorImpl - HHH000069: Duplicate generator name gen
2024-12-08 14:25:14,919 INFO  [main] o.h.e.t.j.p.i.JtaPlatformInitiator - HHH000490: Using JtaPlatform implementation: [org.hibernate.engine.transaction.jta.platform.internal.NoJtaPlatform]
2024-12-08 14:25:14,919 INFO  [main] o.s.o.j.LocalContainerEntityManagerFactoryBean - Initialized JPA EntityManagerFactory for persistence unit 'default'
2024-12-08 14:25:15,129 WARN  [main] o.s.b.a.o.j.JpaBaseConfiguration$JpaWebConfiguration - spring.jpa.open-in-view is enabled by default. Therefore, database queries may be performed during view rendering. Explicitly configure spring.jpa.open-in-view to disable this warning
2024-12-08 14:25:15,323 INFO  [main] o.s.s.w.DefaultSecurityFilterChain - Will secure any request with [org.springframework.security.web.context.request.async.WebAsyncManagerIntegrationFilter@14e357c1, org.springframework.security.web.context.SecurityContextPersistenceFilter@5bff4a25, org.springframework.security.web.header.HeaderWriterFilter@5826903a, org.springframework.security.web.authentication.logout.LogoutFilter@4351629f, org.springframework.security.web.authentication.www.BasicAuthenticationFilter@7cc8b4b, org.springframework.security.web.savedrequest.RequestCacheAwareFilter@6e23f20e, org.springframework.security.web.servletapi.SecurityContextHolderAwareRequestFilter@26818b0, org.springframework.security.web.authentication.AnonymousAuthenticationFilter@7b987f56, org.springframework.security.web.session.SessionManagementFilter@57b6ec12, org.springframework.security.web.access.ExceptionTranslationFilter@7cb92a0e, org.springframework.security.web.access.intercept.FilterSecurityInterceptor@2f2cd554]
2024-12-08 14:25:15,356 INFO  [main] o.s.s.c.ThreadPoolTaskExecutor - Initializing ExecutorService 'applicationTaskExecutor'
2024-12-08 14:25:15,473 INFO  [main] o.a.c.h.Http11NioProtocol - Starting ProtocolHandler ["http-nio-auto-3"]
2024-12-08 14:25:15,476 INFO  [main] o.s.b.w.e.t.TomcatWebServer - Tomcat started on port(s): 34693 (http) with context path ''
2024-12-08 14:25:15,643 INFO  [main] o.a.m.s.b.ForkedBooter - Started ForkedBooter in 1.571 seconds (JVM running for 19.776)
2024-12-08 14:25:15,803 INFO  [main] o.a.c.h.Http11NioProtocol - Pausing ProtocolHandler ["http-nio-auto-3"]
2024-12-08 14:25:15,804 INFO  [main] o.a.c.c.StandardService - Stopping service [Tomcat]
2024-12-08 14:25:15,806 INFO  [main] o.a.c.h.Http11NioProtocol - Stopping ProtocolHandler ["http-nio-auto-3"]
2024-12-08 14:25:15,809 INFO  [main] o.a.c.h.Http11NioProtocol - Destroying ProtocolHandler ["http-nio-auto-3"]
[[1;34mINFO[m] [1;32mTests run: [0;1;32m13[m, Failures: 0, Errors: 0, Skipped: 0, Time elapsed: 1.731 s - in market.[1mv1_gpt35_run01_RestErrorResponseTest[m
[[1;34mINFO[m] Running market.[1mv1_gpt35_run02_ContactsRestControllerTest[m

  .   ____          _            __ _ _
 /\\ / ___'_ __ _ _(_)_ __  __ _ \ \ \ \
( ( )\___ | '_ | '_| | '_ \/ _` | \ \ \ \
 \\/  ___)| |_)| | | | | || (_| |  ) ) ) )
  '  |____| .__|_| |_|_| |_\__, | / / / /
 =========|_|==============|___/=/_/_/_/
 :: Spring Boot ::                (v2.4.3)

2024-12-08 14:25:15,854 INFO  [main] o.a.m.s.b.ForkedBooter - Starting ForkedBooter v2.22.0 using Java 11.0.20 on IFTO-PROBOOK with PID 21357 (started by rincon in /media/rincon/63999417195/eclipse-workspace/EMB-master/jdk_11_maven/cs/rest-gui/market/market-rest)
2024-12-08 14:25:15,855 INFO  [main] o.a.m.s.b.ForkedBooter - No active profile set, falling back to default profiles: default
2024-12-08 14:25:15,856 WARN  [main] o.s.b.c.c.ConfigDataEnvironment - Property 'spring.profiles' imported from location 'class path resource [application.yml]' is invalid and should be replaced with 'spring.config.activate.on-profile' [origin: class path resource [application.yml] - 34:13]
2024-12-08 14:25:15,856 WARN  [main] o.s.b.c.c.ConfigDataEnvironment - Property 'spring.profiles' imported from location 'class path resource [application.yml]' is invalid and should be replaced with 'spring.config.activate.on-profile' [origin: class path resource [application.yml] - 24:13]
2024-12-08 14:25:16,141 INFO  [main] o.s.d.r.c.RepositoryConfigurationDelegate - Bootstrapping Spring Data JPA repositories in DEFAULT mode.
2024-12-08 14:25:16,176 INFO  [main] o.s.d.r.c.RepositoryConfigurationDelegate - Finished Spring Data repository scanning in 34 ms. Found 8 JPA repository interfaces.
2024-12-08 14:25:16,239 INFO  [main] o.s.c.s.PostProcessorRegistrationDelegate$BeanPostProcessorChecker - Bean 'market.DataConfig' of type [market.DataConfig$$EnhancerBySpringCGLIB$$af6433b6] is not eligible for getting processed by all BeanPostProcessors (for example: not eligible for auto-proxying)
2024-12-08 14:25:16,261 INFO  [main] o.s.c.s.PostProcessorRegistrationDelegate$BeanPostProcessorChecker - Bean 'org.springframework.security.access.expression.method.DefaultMethodSecurityExpressionHandler@4092e368' of type [org.springframework.security.access.expression.method.DefaultMethodSecurityExpressionHandler] is not eligible for getting processed by all BeanPostProcessors (for example: not eligible for auto-proxying)
2024-12-08 14:25:16,266 INFO  [main] o.s.c.s.PostProcessorRegistrationDelegate$BeanPostProcessorChecker - Bean 'methodSecurityMetadataSource' of type [org.springframework.security.access.method.DelegatingMethodSecurityMetadataSource] is not eligible for getting processed by all BeanPostProcessors (for example: not eligible for auto-proxying)
2024-12-08 14:25:16,323 INFO  [main] o.s.b.w.e.t.TomcatWebServer - Tomcat initialized with port(s): 0 (http)
2024-12-08 14:25:16,325 INFO  [main] o.a.c.h.Http11NioProtocol - Initializing ProtocolHandler ["http-nio-auto-4"]
2024-12-08 14:25:16,325 INFO  [main] o.a.c.c.StandardService - Starting service [Tomcat]
2024-12-08 14:25:16,326 INFO  [main] o.a.c.c.StandardEngine - Starting Servlet engine: [Apache Tomcat/9.0.43]
2024-12-08 14:25:16,346 INFO  [main] o.a.c.c.C.[.[.[/] - Initializing Spring embedded WebApplicationContext
2024-12-08 14:25:16,346 INFO  [main] o.s.b.w.s.c.ServletWebServerApplicationContext - Root WebApplicationContext: initialization completed in 489 ms
2024-12-08 14:25:16,385 INFO  [main] c.z.h.HikariDataSource - HikariPool-4 - Starting...
2024-12-08 14:25:16,387 INFO  [main] c.z.h.HikariDataSource - HikariPool-4 - Start completed.
2024-12-08 14:25:16,423 INFO  [main] o.h.j.i.u.LogHelper - HHH000204: Processing PersistenceUnitInfo [name: default]
2024-12-08 14:25:16,458 INFO  [main] o.h.d.Dialect - HHH000400: Using dialect: org.hibernate.dialect.H2Dialect
2024-12-08 14:25:16,486 WARN  [main] o.h.b.i.InFlightMetadataCollectorImpl - HHH000069: Duplicate generator name gen
2024-12-08 14:25:16,489 WARN  [main] o.h.b.i.InFlightMetadataCollectorImpl - HHH000069: Duplicate generator name gen
2024-12-08 14:25:16,680 INFO  [main] o.h.e.t.j.p.i.JtaPlatformInitiator - HHH000490: Using JtaPlatform implementation: [org.hibernate.engine.transaction.jta.platform.internal.NoJtaPlatform]
2024-12-08 14:25:16,680 INFO  [main] o.s.o.j.LocalContainerEntityManagerFactoryBean - Initialized JPA EntityManagerFactory for persistence unit 'default'
2024-12-08 14:25:16,883 WARN  [main] o.s.b.a.o.j.JpaBaseConfiguration$JpaWebConfiguration - spring.jpa.open-in-view is enabled by default. Therefore, database queries may be performed during view rendering. Explicitly configure spring.jpa.open-in-view to disable this warning
2024-12-08 14:25:17,075 INFO  [main] o.s.s.w.DefaultSecurityFilterChain - Will secure any request with [org.springframework.security.web.context.request.async.WebAsyncManagerIntegrationFilter@4c6c37c9, org.springframework.security.web.context.SecurityContextPersistenceFilter@14698b5a, org.springframework.security.web.header.HeaderWriterFilter@5a310d02, org.springframework.security.web.authentication.logout.LogoutFilter@26bd6965, org.springframework.security.web.authentication.www.BasicAuthenticationFilter@51185715, org.springframework.security.web.savedrequest.RequestCacheAwareFilter@68754f27, org.springframework.security.web.servletapi.SecurityContextHolderAwareRequestFilter@3afe0636, org.springframework.security.web.authentication.AnonymousAuthenticationFilter@7595c59d, org.springframework.security.web.session.SessionManagementFilter@6a75d324, org.springframework.security.web.access.ExceptionTranslationFilter@6cd21656, org.springframework.security.web.access.intercept.FilterSecurityInterceptor@2da08045]
2024-12-08 14:25:17,105 INFO  [main] o.s.s.c.ThreadPoolTaskExecutor - Initializing ExecutorService 'applicationTaskExecutor'
2024-12-08 14:25:17,216 INFO  [main] o.a.c.h.Http11NioProtocol - Starting ProtocolHandler ["http-nio-auto-4"]
2024-12-08 14:25:17,219 INFO  [main] o.s.b.w.e.t.TomcatWebServer - Tomcat started on port(s): 42359 (http) with context path ''
2024-12-08 14:25:17,369 INFO  [main] o.a.m.s.b.ForkedBooter - Started ForkedBooter in 1.555 seconds (JVM running for 21.501)
2024-12-08 14:25:17,529 INFO  [http-nio-auto-4-exec-1] o.a.c.c.C.[.[.[/] - Initializing Spring DispatcherServlet 'dispatcherServlet'
2024-12-08 14:25:17,529 INFO  [http-nio-auto-4-exec-1] o.s.w.s.DispatcherServlet - Initializing Servlet 'dispatcherServlet'
2024-12-08 14:25:17,532 INFO  [http-nio-auto-4-exec-1] o.s.w.s.DispatcherServlet - Completed initialization in 2 ms
2024-12-08 14:25:17,557 WARN  [http-nio-auto-4-exec-1] m.r.e.RestExceptionHandler - RestErrorResponse{message='Acesso negado', entityName='null', description='uri=/customer/contacts', fieldErrors=[]}
Request method:	PUT
Request URI:	http://localhost:42359/customer/contacts
Proxy:			<none>
Request params:	<none>
Query params:	<none>
Form params:	<none>
Path params:	<none>
Headers:		Accept=*/*
				Content-Type=application/json; charset=UTF-8
Cookies:		<none>
Multiparts:		<none>
Body:
{
    "address": "Updated Address",
    "phone": "+7 123 456 78 90"
}

HTTP/1.1 401 
X-Content-Type-Options: nosniff
X-XSS-Protection: 1; mode=block
Cache-Control: no-cache, no-store, max-age=0, must-revalidate
Pragma: no-cache
Expires: 0
Content-Type: application/json
Transfer-Encoding: chunked
Date: Sun, 08 Dec 2024 17:25:17 GMT
Keep-Alive: timeout=60
Connection: keep-alive

{
    "message": "Acesso negado",
    "description": "uri=/customer/contacts",
    "entityName": null,
    "fieldErrors": [
        
    ]
}
2024-12-08 14:25:17,650 WARN  [http-nio-auto-4-exec-2] m.r.e.RestExceptionHandler - RestErrorResponse{message='Acesso negado', entityName='null', description='uri=/customer/contacts', fieldErrors=[]}
2024-12-08 14:25:17,666 INFO  [main] o.a.c.h.Http11NioProtocol - Pausing ProtocolHandler ["http-nio-auto-4"]
2024-12-08 14:25:17,666 INFO  [main] o.a.c.c.StandardService - Stopping service [Tomcat]
2024-12-08 14:25:17,667 INFO  [main] o.a.c.c.C.[.[.[/] - Destroying Spring FrameworkServlet 'dispatcherServlet'
2024-12-08 14:25:17,671 INFO  [main] o.a.c.h.Http11NioProtocol - Stopping ProtocolHandler ["http-nio-auto-4"]
2024-12-08 14:25:17,676 INFO  [main] o.a.c.h.Http11NioProtocol - Destroying ProtocolHandler ["http-nio-auto-4"]
[[1;31mERROR[m] [1;31mTests [0;1mrun: [0;1m2[m, [1;31mFailures: [0;1;31m1[m, Errors: 0, Skipped: 0, Time elapsed: 1.847 s[1;31m <<< FAILURE![m - in market.[1mv1_gpt35_run02_ContactsRestControllerTest[m
[[1;31mERROR[m] testUpdateContactsEndpoint  Time elapsed: 0.208 s  <<< FAILURE!
java.lang.AssertionError: 
1 expectation failed.
Expected status code <406> but was <401>.

	at market.v1_gpt35_run02_ContactsRestControllerTest.testUpdateContactsEndpoint(v1_gpt35_run02_ContactsRestControllerTest.java:80)

[[1;34mINFO[m] Running market.[1mv1_gpt35_run03_RestExceptionHandlerTest[m

  .   ____          _            __ _ _
 /\\ / ___'_ __ _ _(_)_ __  __ _ \ \ \ \
( ( )\___ | '_ | '_| | '_ \/ _` | \ \ \ \
 \\/  ___)| |_)| | | | | || (_| |  ) ) ) )
  '  |____| .__|_| |_|_| |_\__, | / / / /
 =========|_|==============|___/=/_/_/_/
 :: Spring Boot ::                (v2.4.3)

2024-12-08 14:25:17,719 INFO  [main] o.a.m.s.b.ForkedBooter - Starting ForkedBooter v2.22.0 using Java 11.0.20 on IFTO-PROBOOK with PID 21357 (started by rincon in /media/rincon/63999417195/eclipse-workspace/EMB-master/jdk_11_maven/cs/rest-gui/market/market-rest)
2024-12-08 14:25:17,721 INFO  [main] o.a.m.s.b.ForkedBooter - No active profile set, falling back to default profiles: default
2024-12-08 14:25:17,722 WARN  [main] o.s.b.c.c.ConfigDataEnvironment - Property 'spring.profiles' imported from location 'class path resource [application.yml]' is invalid and should be replaced with 'spring.config.activate.on-profile' [origin: class path resource [application.yml] - 34:13]
2024-12-08 14:25:17,723 WARN  [main] o.s.b.c.c.ConfigDataEnvironment - Property 'spring.profiles' imported from location 'class path resource [application.yml]' is invalid and should be replaced with 'spring.config.activate.on-profile' [origin: class path resource [application.yml] - 24:13]
2024-12-08 14:25:17,986 INFO  [main] o.s.d.r.c.RepositoryConfigurationDelegate - Bootstrapping Spring Data JPA repositories in DEFAULT mode.
2024-12-08 14:25:18,018 INFO  [main] o.s.d.r.c.RepositoryConfigurationDelegate - Finished Spring Data repository scanning in 31 ms. Found 8 JPA repository interfaces.
2024-12-08 14:25:18,072 INFO  [main] o.s.c.s.PostProcessorRegistrationDelegate$BeanPostProcessorChecker - Bean 'market.DataConfig' of type [market.DataConfig$$EnhancerBySpringCGLIB$$af6433b6] is not eligible for getting processed by all BeanPostProcessors (for example: not eligible for auto-proxying)
2024-12-08 14:25:18,121 INFO  [main] o.s.c.s.PostProcessorRegistrationDelegate$BeanPostProcessorChecker - Bean 'org.springframework.security.access.expression.method.DefaultMethodSecurityExpressionHandler@2147e70b' of type [org.springframework.security.access.expression.method.DefaultMethodSecurityExpressionHandler] is not eligible for getting processed by all BeanPostProcessors (for example: not eligible for auto-proxying)
2024-12-08 14:25:18,123 INFO  [main] o.s.c.s.PostProcessorRegistrationDelegate$BeanPostProcessorChecker - Bean 'methodSecurityMetadataSource' of type [org.springframework.security.access.method.DelegatingMethodSecurityMetadataSource] is not eligible for getting processed by all BeanPostProcessors (for example: not eligible for auto-proxying)
2024-12-08 14:25:18,176 INFO  [main] o.s.b.w.e.t.TomcatWebServer - Tomcat initialized with port(s): 0 (http)
2024-12-08 14:25:18,177 INFO  [main] o.a.c.h.Http11NioProtocol - Initializing ProtocolHandler ["http-nio-auto-5"]
2024-12-08 14:25:18,178 INFO  [main] o.a.c.c.StandardService - Starting service [Tomcat]
2024-12-08 14:25:18,178 INFO  [main] o.a.c.c.StandardEngine - Starting Servlet engine: [Apache Tomcat/9.0.43]
2024-12-08 14:25:18,199 INFO  [main] o.a.c.c.C.[.[.[/] - Initializing Spring embedded WebApplicationContext
2024-12-08 14:25:18,199 INFO  [main] o.s.b.w.s.c.ServletWebServerApplicationContext - Root WebApplicationContext: initialization completed in 476 ms
2024-12-08 14:25:18,237 INFO  [main] c.z.h.HikariDataSource - HikariPool-5 - Starting...
2024-12-08 14:25:18,238 INFO  [main] c.z.h.HikariDataSource - HikariPool-5 - Start completed.
2024-12-08 14:25:18,273 INFO  [main] o.h.j.i.u.LogHelper - HHH000204: Processing PersistenceUnitInfo [name: default]
2024-12-08 14:25:18,300 INFO  [main] o.h.d.Dialect - HHH000400: Using dialect: org.hibernate.dialect.H2Dialect
2024-12-08 14:25:18,319 WARN  [main] o.h.b.i.InFlightMetadataCollectorImpl - HHH000069: Duplicate generator name gen
2024-12-08 14:25:18,321 WARN  [main] o.h.b.i.InFlightMetadataCollectorImpl - HHH000069: Duplicate generator name gen
2024-12-08 14:25:18,441 INFO  [main] o.h.e.t.j.p.i.JtaPlatformInitiator - HHH000490: Using JtaPlatform implementation: [org.hibernate.engine.transaction.jta.platform.internal.NoJtaPlatform]
2024-12-08 14:25:18,441 INFO  [main] o.s.o.j.LocalContainerEntityManagerFactoryBean - Initialized JPA EntityManagerFactory for persistence unit 'default'
2024-12-08 14:25:18,642 WARN  [main] o.s.b.a.o.j.JpaBaseConfiguration$JpaWebConfiguration - spring.jpa.open-in-view is enabled by default. Therefore, database queries may be performed during view rendering. Explicitly configure spring.jpa.open-in-view to disable this warning
2024-12-08 14:25:18,839 INFO  [main] o.s.s.w.DefaultSecurityFilterChain - Will secure any request with [org.springframework.security.web.context.request.async.WebAsyncManagerIntegrationFilter@4f8c6074, org.springframework.security.web.context.SecurityContextPersistenceFilter@21e4fdb3, org.springframework.security.web.header.HeaderWriterFilter@624aba15, org.springframework.security.web.authentication.logout.LogoutFilter@55b9a588, org.springframework.security.web.authentication.www.BasicAuthenticationFilter@de178b9, org.springframework.security.web.savedrequest.RequestCacheAwareFilter@5620d8dc, org.springframework.security.web.servletapi.SecurityContextHolderAwareRequestFilter@610d4a1f, org.springframework.security.web.authentication.AnonymousAuthenticationFilter@3d707c29, org.springframework.security.web.session.SessionManagementFilter@5c6dcc8a, org.springframework.security.web.access.ExceptionTranslationFilter@7fe11a41, org.springframework.security.web.access.intercept.FilterSecurityInterceptor@731e4eb8]
2024-12-08 14:25:18,875 INFO  [main] o.s.s.c.ThreadPoolTaskExecutor - Initializing ExecutorService 'applicationTaskExecutor'
2024-12-08 14:25:18,988 INFO  [main] o.a.c.h.Http11NioProtocol - Starting ProtocolHandler ["http-nio-auto-5"]
2024-12-08 14:25:18,991 INFO  [main] o.s.b.w.e.t.TomcatWebServer - Tomcat started on port(s): 42753 (http) with context path ''
2024-12-08 14:25:19,165 INFO  [main] o.a.m.s.b.ForkedBooter - Started ForkedBooter in 1.481 seconds (JVM running for 23.297)
2024-12-08 14:25:19,278 INFO  [main] o.a.c.h.Http11NioProtocol - Pausing ProtocolHandler ["http-nio-auto-5"]
2024-12-08 14:25:19,279 INFO  [main] o.a.c.c.StandardService - Stopping service [Tomcat]
2024-12-08 14:25:19,282 INFO  [main] o.a.c.h.Http11NioProtocol - Stopping ProtocolHandler ["http-nio-auto-5"]
2024-12-08 14:25:19,285 INFO  [main] o.a.c.h.Http11NioProtocol - Destroying ProtocolHandler ["http-nio-auto-5"]
[[1;34mINFO[m] [1;32mTests run: [0;1;32m5[m, Failures: 0, Errors: 0, Skipped: 0, Time elapsed: 1.583 s - in market.[1mv1_gpt35_run03_RestExceptionHandlerTest[m
[[1;34mINFO[m] Running market.[1mv1_gpt35_run01_CartRestControllerTest[m

  .   ____          _            __ _ _
 /\\ / ___'_ __ _ _(_)_ __  __ _ \ \ \ \
( ( )\___ | '_ | '_| | '_ \/ _` | \ \ \ \
 \\/  ___)| |_)| | | | | || (_| |  ) ) ) )
  '  |____| .__|_| |_|_| |_\__, | / / / /
 =========|_|==============|___/=/_/_/_/
 :: Spring Boot ::                (v2.4.3)

2024-12-08 14:25:19,349 INFO  [main] o.a.m.s.b.ForkedBooter - Starting ForkedBooter v2.22.0 using Java 11.0.20 on IFTO-PROBOOK with PID 21357 (started by rincon in /media/rincon/63999417195/eclipse-workspace/EMB-master/jdk_11_maven/cs/rest-gui/market/market-rest)
2024-12-08 14:25:19,349 INFO  [main] o.a.m.s.b.ForkedBooter - No active profile set, falling back to default profiles: default
2024-12-08 14:25:19,351 WARN  [main] o.s.b.c.c.ConfigDataEnvironment - Property 'spring.profiles' imported from location 'class path resource [application.yml]' is invalid and should be replaced with 'spring.config.activate.on-profile' [origin: class path resource [application.yml] - 34:13]
2024-12-08 14:25:19,352 WARN  [main] o.s.b.c.c.ConfigDataEnvironment - Property 'spring.profiles' imported from location 'class path resource [application.yml]' is invalid and should be replaced with 'spring.config.activate.on-profile' [origin: class path resource [application.yml] - 24:13]
2024-12-08 14:25:19,625 INFO  [main] o.s.d.r.c.RepositoryConfigurationDelegate - Bootstrapping Spring Data JPA repositories in DEFAULT mode.
2024-12-08 14:25:19,657 INFO  [main] o.s.d.r.c.RepositoryConfigurationDelegate - Finished Spring Data repository scanning in 31 ms. Found 8 JPA repository interfaces.
2024-12-08 14:25:19,712 INFO  [main] o.s.c.s.PostProcessorRegistrationDelegate$BeanPostProcessorChecker - Bean 'market.DataConfig' of type [market.DataConfig$$EnhancerBySpringCGLIB$$af6433b6] is not eligible for getting processed by all BeanPostProcessors (for example: not eligible for auto-proxying)
2024-12-08 14:25:19,736 INFO  [main] o.s.c.s.PostProcessorRegistrationDelegate$BeanPostProcessorChecker - Bean 'org.springframework.security.access.expression.method.DefaultMethodSecurityExpressionHandler@153ca89' of type [org.springframework.security.access.expression.method.DefaultMethodSecurityExpressionHandler] is not eligible for getting processed by all BeanPostProcessors (for example: not eligible for auto-proxying)
2024-12-08 14:25:19,737 INFO  [main] o.s.c.s.PostProcessorRegistrationDelegate$BeanPostProcessorChecker - Bean 'methodSecurityMetadataSource' of type [org.springframework.security.access.method.DelegatingMethodSecurityMetadataSource] is not eligible for getting processed by all BeanPostProcessors (for example: not eligible for auto-proxying)
2024-12-08 14:25:19,786 INFO  [main] o.s.b.w.e.t.TomcatWebServer - Tomcat initialized with port(s): 0 (http)
2024-12-08 14:25:19,787 INFO  [main] o.a.c.h.Http11NioProtocol - Initializing ProtocolHandler ["http-nio-auto-6"]
2024-12-08 14:25:19,787 INFO  [main] o.a.c.c.StandardService - Starting service [Tomcat]
2024-12-08 14:25:19,788 INFO  [main] o.a.c.c.StandardEngine - Starting Servlet engine: [Apache Tomcat/9.0.43]
2024-12-08 14:25:19,803 INFO  [main] o.a.c.c.C.[.[.[/] - Initializing Spring embedded WebApplicationContext
2024-12-08 14:25:19,803 INFO  [main] o.s.b.w.s.c.ServletWebServerApplicationContext - Root WebApplicationContext: initialization completed in 451 ms
2024-12-08 14:25:19,839 INFO  [main] c.z.h.HikariDataSource - HikariPool-6 - Starting...
2024-12-08 14:25:19,841 INFO  [main] c.z.h.HikariDataSource - HikariPool-6 - Start completed.
2024-12-08 14:25:19,867 INFO  [main] o.h.j.i.u.LogHelper - HHH000204: Processing PersistenceUnitInfo [name: default]
2024-12-08 14:25:19,890 INFO  [main] o.h.d.Dialect - HHH000400: Using dialect: org.hibernate.dialect.H2Dialect
2024-12-08 14:25:19,906 WARN  [main] o.h.b.i.InFlightMetadataCollectorImpl - HHH000069: Duplicate generator name gen
2024-12-08 14:25:19,908 WARN  [main] o.h.b.i.InFlightMetadataCollectorImpl - HHH000069: Duplicate generator name gen
2024-12-08 14:25:20,027 INFO  [main] o.h.e.t.j.p.i.JtaPlatformInitiator - HHH000490: Using JtaPlatform implementation: [org.hibernate.engine.transaction.jta.platform.internal.NoJtaPlatform]
2024-12-08 14:25:20,027 INFO  [main] o.s.o.j.LocalContainerEntityManagerFactoryBean - Initialized JPA EntityManagerFactory for persistence unit 'default'
2024-12-08 14:25:20,231 WARN  [main] o.s.b.a.o.j.JpaBaseConfiguration$JpaWebConfiguration - spring.jpa.open-in-view is enabled by default. Therefore, database queries may be performed during view rendering. Explicitly configure spring.jpa.open-in-view to disable this warning
2024-12-08 14:25:20,417 INFO  [main] o.s.s.w.DefaultSecurityFilterChain - Will secure any request with [org.springframework.security.web.context.request.async.WebAsyncManagerIntegrationFilter@7311e348, org.springframework.security.web.context.SecurityContextPersistenceFilter@de7acc4, org.springframework.security.web.header.HeaderWriterFilter@26b336b6, org.springframework.security.web.authentication.logout.LogoutFilter@12a5d42e, org.springframework.security.web.authentication.www.BasicAuthenticationFilter@51c41d9e, org.springframework.security.web.savedrequest.RequestCacheAwareFilter@4659b2b2, org.springframework.security.web.servletapi.SecurityContextHolderAwareRequestFilter@79602a49, org.springframework.security.web.authentication.AnonymousAuthenticationFilter@1992fb44, org.springframework.security.web.session.SessionManagementFilter@40136796, org.springframework.security.web.access.ExceptionTranslationFilter@48206aa0, org.springframework.security.web.access.intercept.FilterSecurityInterceptor@59695b21]
2024-12-08 14:25:20,447 INFO  [main] o.s.s.c.ThreadPoolTaskExecutor - Initializing ExecutorService 'applicationTaskExecutor'
2024-12-08 14:25:20,562 INFO  [main] o.a.c.h.Http11NioProtocol - Starting ProtocolHandler ["http-nio-auto-6"]
2024-12-08 14:25:20,565 INFO  [main] o.s.b.w.e.t.TomcatWebServer - Tomcat started on port(s): 45275 (http) with context path ''
2024-12-08 14:25:20,708 INFO  [main] o.a.m.s.b.ForkedBooter - Started ForkedBooter in 1.419 seconds (JVM running for 24.84)
2024-12-08 14:25:20,776 INFO  [main] o.a.c.h.Http11NioProtocol - Pausing ProtocolHandler ["http-nio-auto-6"]
2024-12-08 14:25:20,776 INFO  [main] o.a.c.c.StandardService - Stopping service [Tomcat]
2024-12-08 14:25:20,778 INFO  [main] o.a.c.h.Http11NioProtocol - Stopping ProtocolHandler ["http-nio-auto-6"]
2024-12-08 14:25:20,781 INFO  [main] o.a.c.h.Http11NioProtocol - Destroying ProtocolHandler ["http-nio-auto-6"]
[[1;34mINFO[m] [1;32mTests run: [0;1;32m5[m, Failures: 0, Errors: 0, Skipped: 0, Time elapsed: 1.489 s - in market.[1mv1_gpt35_run01_CartRestControllerTest[m
[[1;34mINFO[m] Running market.[1mv1_gpt35_run01_ProductsRestControllerTest[m

  .   ____          _            __ _ _
 /\\ / ___'_ __ _ _(_)_ __  __ _ \ \ \ \
( ( )\___ | '_ | '_| | '_ \/ _` | \ \ \ \
 \\/  ___)| |_)| | | | | || (_| |  ) ) ) )
  '  |____| .__|_| |_|_| |_\__, | / / / /
 =========|_|==============|___/=/_/_/_/
 :: Spring Boot ::                (v2.4.3)

2024-12-08 14:25:20,807 INFO  [main] o.a.m.s.b.ForkedBooter - Starting ForkedBooter v2.22.0 using Java 11.0.20 on IFTO-PROBOOK with PID 21357 (started by rincon in /media/rincon/63999417195/eclipse-workspace/EMB-master/jdk_11_maven/cs/rest-gui/market/market-rest)
2024-12-08 14:25:20,808 INFO  [main] o.a.m.s.b.ForkedBooter - No active profile set, falling back to default profiles: default
2024-12-08 14:25:20,810 WARN  [main] o.s.b.c.c.ConfigDataEnvironment - Property 'spring.profiles' imported from location 'class path resource [application.yml]' is invalid and should be replaced with 'spring.config.activate.on-profile' [origin: class path resource [application.yml] - 34:13]
2024-12-08 14:25:20,810 WARN  [main] o.s.b.c.c.ConfigDataEnvironment - Property 'spring.profiles' imported from location 'class path resource [application.yml]' is invalid and should be replaced with 'spring.config.activate.on-profile' [origin: class path resource [application.yml] - 24:13]
2024-12-08 14:25:21,040 INFO  [main] o.s.d.r.c.RepositoryConfigurationDelegate - Bootstrapping Spring Data JPA repositories in DEFAULT mode.
2024-12-08 14:25:21,067 INFO  [main] o.s.d.r.c.RepositoryConfigurationDelegate - Finished Spring Data repository scanning in 26 ms. Found 8 JPA repository interfaces.
2024-12-08 14:25:21,117 INFO  [main] o.s.c.s.PostProcessorRegistrationDelegate$BeanPostProcessorChecker - Bean 'market.DataConfig' of type [market.DataConfig$$EnhancerBySpringCGLIB$$af6433b6] is not eligible for getting processed by all BeanPostProcessors (for example: not eligible for auto-proxying)
2024-12-08 14:25:21,138 INFO  [main] o.s.c.s.PostProcessorRegistrationDelegate$BeanPostProcessorChecker - Bean 'org.springframework.security.access.expression.method.DefaultMethodSecurityExpressionHandler@14450deb' of type [org.springframework.security.access.expression.method.DefaultMethodSecurityExpressionHandler] is not eligible for getting processed by all BeanPostProcessors (for example: not eligible for auto-proxying)
2024-12-08 14:25:21,139 INFO  [main] o.s.c.s.PostProcessorRegistrationDelegate$BeanPostProcessorChecker - Bean 'methodSecurityMetadataSource' of type [org.springframework.security.access.method.DelegatingMethodSecurityMetadataSource] is not eligible for getting processed by all BeanPostProcessors (for example: not eligible for auto-proxying)
2024-12-08 14:25:21,184 INFO  [main] o.s.b.w.e.t.TomcatWebServer - Tomcat initialized with port(s): 0 (http)
2024-12-08 14:25:21,185 INFO  [main] o.a.c.h.Http11NioProtocol - Initializing ProtocolHandler ["http-nio-auto-7"]
2024-12-08 14:25:21,186 INFO  [main] o.a.c.c.StandardService - Starting service [Tomcat]
2024-12-08 14:25:21,186 INFO  [main] o.a.c.c.StandardEngine - Starting Servlet engine: [Apache Tomcat/9.0.43]
2024-12-08 14:25:21,203 INFO  [main] o.a.c.c.C.[.[.[/] - Initializing Spring embedded WebApplicationContext
2024-12-08 14:25:21,203 INFO  [main] o.s.b.w.s.c.ServletWebServerApplicationContext - Root WebApplicationContext: initialization completed in 392 ms
2024-12-08 14:25:21,237 INFO  [main] c.z.h.HikariDataSource - HikariPool-7 - Starting...
2024-12-08 14:25:21,238 INFO  [main] c.z.h.HikariDataSource - HikariPool-7 - Start completed.
2024-12-08 14:25:21,256 INFO  [main] o.h.j.i.u.LogHelper - HHH000204: Processing PersistenceUnitInfo [name: default]
2024-12-08 14:25:21,275 INFO  [main] o.h.d.Dialect - HHH000400: Using dialect: org.hibernate.dialect.H2Dialect
2024-12-08 14:25:21,290 WARN  [main] o.h.b.i.InFlightMetadataCollectorImpl - HHH000069: Duplicate generator name gen
2024-12-08 14:25:21,293 WARN  [main] o.h.b.i.InFlightMetadataCollectorImpl - HHH000069: Duplicate generator name gen
2024-12-08 14:25:21,402 INFO  [main] o.h.e.t.j.p.i.JtaPlatformInitiator - HHH000490: Using JtaPlatform implementation: [org.hibernate.engine.transaction.jta.platform.internal.NoJtaPlatform]
2024-12-08 14:25:21,403 INFO  [main] o.s.o.j.LocalContainerEntityManagerFactoryBean - Initialized JPA EntityManagerFactory for persistence unit 'default'
2024-12-08 14:25:21,597 WARN  [main] o.s.b.a.o.j.JpaBaseConfiguration$JpaWebConfiguration - spring.jpa.open-in-view is enabled by default. Therefore, database queries may be performed during view rendering. Explicitly configure spring.jpa.open-in-view to disable this warning
2024-12-08 14:25:21,823 INFO  [main] o.s.s.w.DefaultSecurityFilterChain - Will secure any request with [org.springframework.security.web.context.request.async.WebAsyncManagerIntegrationFilter@26eb5189, org.springframework.security.web.context.SecurityContextPersistenceFilter@46fb3c6a, org.springframework.security.web.header.HeaderWriterFilter@40b7af23, org.springframework.security.web.authentication.logout.LogoutFilter@37fa9218, org.springframework.security.web.authentication.www.BasicAuthenticationFilter@4ee62d83, org.springframework.security.web.savedrequest.RequestCacheAwareFilter@4908360, org.springframework.security.web.servletapi.SecurityContextHolderAwareRequestFilter@79a3fa66, org.springframework.security.web.authentication.AnonymousAuthenticationFilter@19319470, org.springframework.security.web.session.SessionManagementFilter@7bc5594a, org.springframework.security.web.access.ExceptionTranslationFilter@1c1bc64b, org.springframework.security.web.access.intercept.FilterSecurityInterceptor@75cc1e92]
2024-12-08 14:25:21,857 INFO  [main] o.s.s.c.ThreadPoolTaskExecutor - Initializing ExecutorService 'applicationTaskExecutor'
2024-12-08 14:25:21,975 INFO  [main] o.a.c.h.Http11NioProtocol - Starting ProtocolHandler ["http-nio-auto-7"]
2024-12-08 14:25:21,978 INFO  [main] o.s.b.w.e.t.TomcatWebServer - Tomcat started on port(s): 33337 (http) with context path ''
2024-12-08 14:25:22,099 INFO  [main] o.a.m.s.b.ForkedBooter - Started ForkedBooter in 1.316 seconds (JVM running for 26.232)
2024-12-08 14:25:22,150 INFO  [http-nio-auto-7-exec-1] o.a.c.c.C.[.[.[/] - Initializing Spring DispatcherServlet 'dispatcherServlet'
2024-12-08 14:25:22,150 INFO  [http-nio-auto-7-exec-1] o.s.w.s.DispatcherServlet - Initializing Servlet 'dispatcherServlet'
2024-12-08 14:25:22,152 INFO  [http-nio-auto-7-exec-1] o.s.w.s.DispatcherServlet - Completed initialization in 2 ms
2024-12-08 14:25:22,453 INFO  [main] o.a.c.h.Http11NioProtocol - Pausing ProtocolHandler ["http-nio-auto-7"]
2024-12-08 14:25:22,454 INFO  [main] o.a.c.c.StandardService - Stopping service [Tomcat]
2024-12-08 14:25:22,454 INFO  [main] o.a.c.c.C.[.[.[/] - Destroying Spring FrameworkServlet 'dispatcherServlet'
2024-12-08 14:25:22,456 INFO  [main] o.a.c.h.Http11NioProtocol - Stopping ProtocolHandler ["http-nio-auto-7"]
2024-12-08 14:25:22,459 INFO  [main] o.a.c.h.Http11NioProtocol - Destroying ProtocolHandler ["http-nio-auto-7"]
[[1;34mINFO[m] [1;32mTests run: [0;1;32m2[m, Failures: 0, Errors: 0, Skipped: 0, Time elapsed: 1.671 s - in market.[1mv1_gpt35_run01_ProductsRestControllerTest[m
[[1;34mINFO[m] Running market.[1mv1_gpt35_run01_ContactsRestControllerTest[m

  .   ____          _            __ _ _
 /\\ / ___'_ __ _ _(_)_ __  __ _ \ \ \ \
( ( )\___ | '_ | '_| | '_ \/ _` | \ \ \ \
 \\/  ___)| |_)| | | | | || (_| |  ) ) ) )
  '  |____| .__|_| |_|_| |_\__, | / / / /
 =========|_|==============|___/=/_/_/_/
 :: Spring Boot ::                (v2.4.3)

2024-12-08 14:25:22,491 INFO  [main] o.a.m.s.b.ForkedBooter - Starting ForkedBooter v2.22.0 using Java 11.0.20 on IFTO-PROBOOK with PID 21357 (started by rincon in /media/rincon/63999417195/eclipse-workspace/EMB-master/jdk_11_maven/cs/rest-gui/market/market-rest)
2024-12-08 14:25:22,492 INFO  [main] o.a.m.s.b.ForkedBooter - No active profile set, falling back to default profiles: default
2024-12-08 14:25:22,493 WARN  [main] o.s.b.c.c.ConfigDataEnvironment - Property 'spring.profiles' imported from location 'class path resource [application.yml]' is invalid and should be replaced with 'spring.config.activate.on-profile' [origin: class path resource [application.yml] - 34:13]
2024-12-08 14:25:22,493 WARN  [main] o.s.b.c.c.ConfigDataEnvironment - Property 'spring.profiles' imported from location 'class path resource [application.yml]' is invalid and should be replaced with 'spring.config.activate.on-profile' [origin: class path resource [application.yml] - 24:13]
2024-12-08 14:25:22,766 INFO  [main] o.s.d.r.c.RepositoryConfigurationDelegate - Bootstrapping Spring Data JPA repositories in DEFAULT mode.
2024-12-08 14:25:22,822 INFO  [main] o.s.d.r.c.RepositoryConfigurationDelegate - Finished Spring Data repository scanning in 55 ms. Found 8 JPA repository interfaces.
2024-12-08 14:25:22,868 INFO  [main] o.s.c.s.PostProcessorRegistrationDelegate$BeanPostProcessorChecker - Bean 'market.DataConfig' of type [market.DataConfig$$EnhancerBySpringCGLIB$$af6433b6] is not eligible for getting processed by all BeanPostProcessors (for example: not eligible for auto-proxying)
2024-12-08 14:25:22,885 INFO  [main] o.s.c.s.PostProcessorRegistrationDelegate$BeanPostProcessorChecker - Bean 'org.springframework.security.access.expression.method.DefaultMethodSecurityExpressionHandler@1295c74d' of type [org.springframework.security.access.expression.method.DefaultMethodSecurityExpressionHandler] is not eligible for getting processed by all BeanPostProcessors (for example: not eligible for auto-proxying)
2024-12-08 14:25:22,887 INFO  [main] o.s.c.s.PostProcessorRegistrationDelegate$BeanPostProcessorChecker - Bean 'methodSecurityMetadataSource' of type [org.springframework.security.access.method.DelegatingMethodSecurityMetadataSource] is not eligible for getting processed by all BeanPostProcessors (for example: not eligible for auto-proxying)
2024-12-08 14:25:22,933 INFO  [main] o.s.b.w.e.t.TomcatWebServer - Tomcat initialized with port(s): 0 (http)
2024-12-08 14:25:22,934 INFO  [main] o.a.c.h.Http11NioProtocol - Initializing ProtocolHandler ["http-nio-auto-8"]
2024-12-08 14:25:22,935 INFO  [main] o.a.c.c.StandardService - Starting service [Tomcat]
2024-12-08 14:25:22,935 INFO  [main] o.a.c.c.StandardEngine - Starting Servlet engine: [Apache Tomcat/9.0.43]
2024-12-08 14:25:22,949 INFO  [main] o.a.c.c.C.[.[.[/] - Initializing Spring embedded WebApplicationContext
2024-12-08 14:25:22,949 INFO  [main] o.s.b.w.s.c.ServletWebServerApplicationContext - Root WebApplicationContext: initialization completed in 456 ms
2024-12-08 14:25:22,984 INFO  [main] c.z.h.HikariDataSource - HikariPool-8 - Starting...
2024-12-08 14:25:22,986 INFO  [main] c.z.h.HikariDataSource - HikariPool-8 - Start completed.
2024-12-08 14:25:23,005 INFO  [main] o.h.j.i.u.LogHelper - HHH000204: Processing PersistenceUnitInfo [name: default]
2024-12-08 14:25:23,024 INFO  [main] o.h.d.Dialect - HHH000400: Using dialect: org.hibernate.dialect.H2Dialect
2024-12-08 14:25:23,038 WARN  [main] o.h.b.i.InFlightMetadataCollectorImpl - HHH000069: Duplicate generator name gen
2024-12-08 14:25:23,040 WARN  [main] o.h.b.i.InFlightMetadataCollectorImpl - HHH000069: Duplicate generator name gen
2024-12-08 14:25:23,170 INFO  [main] o.h.e.t.j.p.i.JtaPlatformInitiator - HHH000490: Using JtaPlatform implementation: [org.hibernate.engine.transaction.jta.platform.internal.NoJtaPlatform]
2024-12-08 14:25:23,170 INFO  [main] o.s.o.j.LocalContainerEntityManagerFactoryBean - Initialized JPA EntityManagerFactory for persistence unit 'default'
2024-12-08 14:25:23,371 WARN  [main] o.s.b.a.o.j.JpaBaseConfiguration$JpaWebConfiguration - spring.jpa.open-in-view is enabled by default. Therefore, database queries may be performed during view rendering. Explicitly configure spring.jpa.open-in-view to disable this warning
2024-12-08 14:25:23,540 INFO  [main] o.s.s.w.DefaultSecurityFilterChain - Will secure any request with [org.springframework.security.web.context.request.async.WebAsyncManagerIntegrationFilter@6b70dc3f, org.springframework.security.web.context.SecurityContextPersistenceFilter@7b8b050d, org.springframework.security.web.header.HeaderWriterFilter@69763f3a, org.springframework.security.web.authentication.logout.LogoutFilter@41d357e1, org.springframework.security.web.authentication.www.BasicAuthenticationFilter@2c8ddd51, org.springframework.security.web.savedrequest.RequestCacheAwareFilter@6d85a86d, org.springframework.security.web.servletapi.SecurityContextHolderAwareRequestFilter@35d2d508, org.springframework.security.web.authentication.AnonymousAuthenticationFilter@4bcffce5, org.springframework.security.web.session.SessionManagementFilter@7995d879, org.springframework.security.web.access.ExceptionTranslationFilter@7d8d72bb, org.springframework.security.web.access.intercept.FilterSecurityInterceptor@7b8ba29]
2024-12-08 14:25:23,570 INFO  [main] o.s.s.c.ThreadPoolTaskExecutor - Initializing ExecutorService 'applicationTaskExecutor'
2024-12-08 14:25:23,703 INFO  [main] o.a.c.h.Http11NioProtocol - Starting ProtocolHandler ["http-nio-auto-8"]
2024-12-08 14:25:23,706 INFO  [main] o.s.b.w.e.t.TomcatWebServer - Tomcat started on port(s): 36223 (http) with context path ''
2024-12-08 14:25:23,830 INFO  [main] o.a.m.s.b.ForkedBooter - Started ForkedBooter in 1.368 seconds (JVM running for 27.962)
2024-12-08 14:25:23,886 INFO  [http-nio-auto-8-exec-1] o.a.c.c.C.[.[.[/] - Initializing Spring DispatcherServlet 'dispatcherServlet'
2024-12-08 14:25:23,886 INFO  [http-nio-auto-8-exec-1] o.s.w.s.DispatcherServlet - Initializing Servlet 'dispatcherServlet'
2024-12-08 14:25:23,888 INFO  [http-nio-auto-8-exec-1] o.s.w.s.DispatcherServlet - Completed initialization in 2 ms
2024-12-08 14:25:23,908 WARN  [http-nio-auto-8-exec-1] m.r.e.RestExceptionHandler - RestErrorResponse{message='Acesso negado', entityName='null', description='uri=/customer/contacts', fieldErrors=[]}
2024-12-08 14:25:23,940 WARN  [http-nio-auto-8-exec-2] m.r.e.RestExceptionHandler - RestErrorResponse{message='Acesso negado', entityName='null', description='uri=/customer/contacts', fieldErrors=[]}
2024-12-08 14:25:23,954 INFO  [main] o.a.c.h.Http11NioProtocol - Pausing ProtocolHandler ["http-nio-auto-8"]
2024-12-08 14:25:23,954 INFO  [main] o.a.c.c.StandardService - Stopping service [Tomcat]
2024-12-08 14:25:23,955 INFO  [main] o.a.c.c.C.[.[.[/] - Destroying Spring FrameworkServlet 'dispatcherServlet'
2024-12-08 14:25:23,958 INFO  [main] o.a.c.h.Http11NioProtocol - Stopping ProtocolHandler ["http-nio-auto-8"]
2024-12-08 14:25:23,961 INFO  [main] o.a.c.h.Http11NioProtocol - Destroying ProtocolHandler ["http-nio-auto-8"]
[[1;34mINFO[m] [1;32mTests run: [0;1;32m2[m, Failures: 0, Errors: 0, Skipped: 0, Time elapsed: 1.497 s - in market.[1mv1_gpt35_run01_ContactsRestControllerTest[m
[[1;34mINFO[m] Running market.[1mv1_gpt35_run02_RestErrorResponseTest[m

  .   ____          _            __ _ _
 /\\ / ___'_ __ _ _(_)_ __  __ _ \ \ \ \
( ( )\___ | '_ | '_| | '_ \/ _` | \ \ \ \
 \\/  ___)| |_)| | | | | || (_| |  ) ) ) )
  '  |____| .__|_| |_|_| |_\__, | / / / /
 =========|_|==============|___/=/_/_/_/
 :: Spring Boot ::                (v2.4.3)

2024-12-08 14:25:24,006 INFO  [main] o.a.m.s.b.ForkedBooter - Starting ForkedBooter v2.22.0 using Java 11.0.20 on IFTO-PROBOOK with PID 21357 (started by rincon in /media/rincon/63999417195/eclipse-workspace/EMB-master/jdk_11_maven/cs/rest-gui/market/market-rest)
2024-12-08 14:25:24,006 INFO  [main] o.a.m.s.b.ForkedBooter - No active profile set, falling back to default profiles: default
2024-12-08 14:25:24,008 WARN  [main] o.s.b.c.c.ConfigDataEnvironment - Property 'spring.profiles' imported from location 'class path resource [application.yml]' is invalid and should be replaced with 'spring.config.activate.on-profile' [origin: class path resource [application.yml] - 34:13]
2024-12-08 14:25:24,008 WARN  [main] o.s.b.c.c.ConfigDataEnvironment - Property 'spring.profiles' imported from location 'class path resource [application.yml]' is invalid and should be replaced with 'spring.config.activate.on-profile' [origin: class path resource [application.yml] - 24:13]
2024-12-08 14:25:24,231 INFO  [main] o.s.d.r.c.RepositoryConfigurationDelegate - Bootstrapping Spring Data JPA repositories in DEFAULT mode.
2024-12-08 14:25:24,260 INFO  [main] o.s.d.r.c.RepositoryConfigurationDelegate - Finished Spring Data repository scanning in 28 ms. Found 8 JPA repository interfaces.
2024-12-08 14:25:24,304 INFO  [main] o.s.c.s.PostProcessorRegistrationDelegate$BeanPostProcessorChecker - Bean 'market.DataConfig' of type [market.DataConfig$$EnhancerBySpringCGLIB$$af6433b6] is not eligible for getting processed by all BeanPostProcessors (for example: not eligible for auto-proxying)
2024-12-08 14:25:24,321 INFO  [main] o.s.c.s.PostProcessorRegistrationDelegate$BeanPostProcessorChecker - Bean 'org.springframework.security.access.expression.method.DefaultMethodSecurityExpressionHandler@1f99f043' of type [org.springframework.security.access.expression.method.DefaultMethodSecurityExpressionHandler] is not eligible for getting processed by all BeanPostProcessors (for example: not eligible for auto-proxying)
2024-12-08 14:25:24,323 INFO  [main] o.s.c.s.PostProcessorRegistrationDelegate$BeanPostProcessorChecker - Bean 'methodSecurityMetadataSource' of type [org.springframework.security.access.method.DelegatingMethodSecurityMetadataSource] is not eligible for getting processed by all BeanPostProcessors (for example: not eligible for auto-proxying)
2024-12-08 14:25:24,372 INFO  [main] o.s.b.w.e.t.TomcatWebServer - Tomcat initialized with port(s): 0 (http)
2024-12-08 14:25:24,373 INFO  [main] o.a.c.h.Http11NioProtocol - Initializing ProtocolHandler ["http-nio-auto-9"]
2024-12-08 14:25:24,374 INFO  [main] o.a.c.c.StandardService - Starting service [Tomcat]
2024-12-08 14:25:24,374 INFO  [main] o.a.c.c.StandardEngine - Starting Servlet engine: [Apache Tomcat/9.0.43]
2024-12-08 14:25:24,407 INFO  [main] o.a.c.c.C.[.[.[/] - Initializing Spring embedded WebApplicationContext
2024-12-08 14:25:24,407 INFO  [main] o.s.b.w.s.c.ServletWebServerApplicationContext - Root WebApplicationContext: initialization completed in 399 ms
2024-12-08 14:25:24,441 INFO  [main] c.z.h.HikariDataSource - HikariPool-9 - Starting...
2024-12-08 14:25:24,442 INFO  [main] c.z.h.HikariDataSource - HikariPool-9 - Start completed.
2024-12-08 14:25:24,462 INFO  [main] o.h.j.i.u.LogHelper - HHH000204: Processing PersistenceUnitInfo [name: default]
2024-12-08 14:25:24,482 INFO  [main] o.h.d.Dialect - HHH000400: Using dialect: org.hibernate.dialect.H2Dialect
2024-12-08 14:25:24,498 WARN  [main] o.h.b.i.InFlightMetadataCollectorImpl - HHH000069: Duplicate generator name gen
2024-12-08 14:25:24,500 WARN  [main] o.h.b.i.InFlightMetadataCollectorImpl - HHH000069: Duplicate generator name gen
2024-12-08 14:25:24,606 INFO  [main] o.h.e.t.j.p.i.JtaPlatformInitiator - HHH000490: Using JtaPlatform implementation: [org.hibernate.engine.transaction.jta.platform.internal.NoJtaPlatform]
2024-12-08 14:25:24,606 INFO  [main] o.s.o.j.LocalContainerEntityManagerFactoryBean - Initialized JPA EntityManagerFactory for persistence unit 'default'
2024-12-08 14:25:24,788 WARN  [main] o.s.b.a.o.j.JpaBaseConfiguration$JpaWebConfiguration - spring.jpa.open-in-view is enabled by default. Therefore, database queries may be performed during view rendering. Explicitly configure spring.jpa.open-in-view to disable this warning
2024-12-08 14:25:24,963 INFO  [main] o.s.s.w.DefaultSecurityFilterChain - Will secure any request with [org.springframework.security.web.context.request.async.WebAsyncManagerIntegrationFilter@6d0a1fd6, org.springframework.security.web.context.SecurityContextPersistenceFilter@621d5ef6, org.springframework.security.web.header.HeaderWriterFilter@3fbce97f, org.springframework.security.web.authentication.logout.LogoutFilter@7b35cb6e, org.springframework.security.web.authentication.www.BasicAuthenticationFilter@56a7febe, org.springframework.security.web.savedrequest.RequestCacheAwareFilter@3216d147, org.springframework.security.web.servletapi.SecurityContextHolderAwareRequestFilter@6ab9316b, org.springframework.security.web.authentication.AnonymousAuthenticationFilter@cc26344, org.springframework.security.web.session.SessionManagementFilter@b224aba, org.springframework.security.web.access.ExceptionTranslationFilter@41a882a, org.springframework.security.web.access.intercept.FilterSecurityInterceptor@4495c70b]
2024-12-08 14:25:24,992 INFO  [main] o.s.s.c.ThreadPoolTaskExecutor - Initializing ExecutorService 'applicationTaskExecutor'
2024-12-08 14:25:25,096 INFO  [main] o.a.c.h.Http11NioProtocol - Starting ProtocolHandler ["http-nio-auto-9"]
2024-12-08 14:25:25,099 INFO  [main] o.s.b.w.e.t.TomcatWebServer - Tomcat started on port(s): 41423 (http) with context path ''
2024-12-08 14:25:25,225 INFO  [main] o.a.m.s.b.ForkedBooter - Started ForkedBooter in 1.258 seconds (JVM running for 29.357)
2024-12-08 14:25:25,319 INFO  [main] o.a.c.h.Http11NioProtocol - Pausing ProtocolHandler ["http-nio-auto-9"]
2024-12-08 14:25:25,320 INFO  [main] o.a.c.c.StandardService - Stopping service [Tomcat]
2024-12-08 14:25:25,322 INFO  [main] o.a.c.h.Http11NioProtocol - Stopping ProtocolHandler ["http-nio-auto-9"]
2024-12-08 14:25:25,324 INFO  [main] o.a.c.h.Http11NioProtocol - Destroying ProtocolHandler ["http-nio-auto-9"]
[[1;34mINFO[m] [1;32mTests run: [0;1;32m13[m, Failures: 0, Errors: 0, Skipped: 0, Time elapsed: 1.321 s - in market.[1mv1_gpt35_run02_RestErrorResponseTest[m
[[1;34mINFO[m] Running market.[1mv1_gpt35_run02_ProductsRestControllerTest[m

  .   ____          _            __ _ _
 /\\ / ___'_ __ _ _(_)_ __  __ _ \ \ \ \
( ( )\___ | '_ | '_| | '_ \/ _` | \ \ \ \
 \\/  ___)| |_)| | | | | || (_| |  ) ) ) )
  '  |____| .__|_| |_|_| |_\__, | / / / /
 =========|_|==============|___/=/_/_/_/
 :: Spring Boot ::                (v2.4.3)

2024-12-08 14:25:25,353 INFO  [main] o.a.m.s.b.ForkedBooter - Starting ForkedBooter v2.22.0 using Java 11.0.20 on IFTO-PROBOOK with PID 21357 (started by rincon in /media/rincon/63999417195/eclipse-workspace/EMB-master/jdk_11_maven/cs/rest-gui/market/market-rest)
2024-12-08 14:25:25,354 INFO  [main] o.a.m.s.b.ForkedBooter - No active profile set, falling back to default profiles: default
2024-12-08 14:25:25,355 WARN  [main] o.s.b.c.c.ConfigDataEnvironment - Property 'spring.profiles' imported from location 'class path resource [application.yml]' is invalid and should be replaced with 'spring.config.activate.on-profile' [origin: class path resource [application.yml] - 34:13]
2024-12-08 14:25:25,355 WARN  [main] o.s.b.c.c.ConfigDataEnvironment - Property 'spring.profiles' imported from location 'class path resource [application.yml]' is invalid and should be replaced with 'spring.config.activate.on-profile' [origin: class path resource [application.yml] - 24:13]
2024-12-08 14:25:25,568 INFO  [main] o.s.d.r.c.RepositoryConfigurationDelegate - Bootstrapping Spring Data JPA repositories in DEFAULT mode.
2024-12-08 14:25:25,595 INFO  [main] o.s.d.r.c.RepositoryConfigurationDelegate - Finished Spring Data repository scanning in 26 ms. Found 8 JPA repository interfaces.
2024-12-08 14:25:25,643 INFO  [main] o.s.c.s.PostProcessorRegistrationDelegate$BeanPostProcessorChecker - Bean 'market.DataConfig' of type [market.DataConfig$$EnhancerBySpringCGLIB$$af6433b6] is not eligible for getting processed by all BeanPostProcessors (for example: not eligible for auto-proxying)
2024-12-08 14:25:25,663 INFO  [main] o.s.c.s.PostProcessorRegistrationDelegate$BeanPostProcessorChecker - Bean 'org.springframework.security.access.expression.method.DefaultMethodSecurityExpressionHandler@44eb782f' of type [org.springframework.security.access.expression.method.DefaultMethodSecurityExpressionHandler] is not eligible for getting processed by all BeanPostProcessors (for example: not eligible for auto-proxying)
2024-12-08 14:25:25,666 INFO  [main] o.s.c.s.PostProcessorRegistrationDelegate$BeanPostProcessorChecker - Bean 'methodSecurityMetadataSource' of type [org.springframework.security.access.method.DelegatingMethodSecurityMetadataSource] is not eligible for getting processed by all BeanPostProcessors (for example: not eligible for auto-proxying)
2024-12-08 14:25:25,716 INFO  [main] o.s.b.w.e.t.TomcatWebServer - Tomcat initialized with port(s): 0 (http)
2024-12-08 14:25:25,717 INFO  [main] o.a.c.h.Http11NioProtocol - Initializing ProtocolHandler ["http-nio-auto-10"]
2024-12-08 14:25:25,717 INFO  [main] o.a.c.c.StandardService - Starting service [Tomcat]
2024-12-08 14:25:25,718 INFO  [main] o.a.c.c.StandardEngine - Starting Servlet engine: [Apache Tomcat/9.0.43]
2024-12-08 14:25:25,733 INFO  [main] o.a.c.c.C.[.[.[/] - Initializing Spring embedded WebApplicationContext
2024-12-08 14:25:25,733 INFO  [main] o.s.b.w.s.c.ServletWebServerApplicationContext - Root WebApplicationContext: initialization completed in 378 ms
2024-12-08 14:25:25,785 INFO  [main] c.z.h.HikariDataSource - HikariPool-10 - Starting...
2024-12-08 14:25:25,786 INFO  [main] c.z.h.HikariDataSource - HikariPool-10 - Start completed.
2024-12-08 14:25:25,806 INFO  [main] o.h.j.i.u.LogHelper - HHH000204: Processing PersistenceUnitInfo [name: default]
2024-12-08 14:25:25,827 INFO  [main] o.h.d.Dialect - HHH000400: Using dialect: org.hibernate.dialect.H2Dialect
2024-12-08 14:25:25,852 WARN  [main] o.h.b.i.InFlightMetadataCollectorImpl - HHH000069: Duplicate generator name gen
2024-12-08 14:25:25,854 WARN  [main] o.h.b.i.InFlightMetadataCollectorImpl - HHH000069: Duplicate generator name gen
2024-12-08 14:25:25,957 INFO  [main] o.h.e.t.j.p.i.JtaPlatformInitiator - HHH000490: Using JtaPlatform implementation: [org.hibernate.engine.transaction.jta.platform.internal.NoJtaPlatform]
2024-12-08 14:25:25,957 INFO  [main] o.s.o.j.LocalContainerEntityManagerFactoryBean - Initialized JPA EntityManagerFactory for persistence unit 'default'
2024-12-08 14:25:26,134 WARN  [main] o.s.b.a.o.j.JpaBaseConfiguration$JpaWebConfiguration - spring.jpa.open-in-view is enabled by default. Therefore, database queries may be performed during view rendering. Explicitly configure spring.jpa.open-in-view to disable this warning
2024-12-08 14:25:26,293 INFO  [main] o.s.s.w.DefaultSecurityFilterChain - Will secure any request with [org.springframework.security.web.context.request.async.WebAsyncManagerIntegrationFilter@630925, org.springframework.security.web.context.SecurityContextPersistenceFilter@498a7a61, org.springframework.security.web.header.HeaderWriterFilter@5f364d82, org.springframework.security.web.authentication.logout.LogoutFilter@52f25f4d, org.springframework.security.web.authentication.www.BasicAuthenticationFilter@4a1da94d, org.springframework.security.web.savedrequest.RequestCacheAwareFilter@77fb2832, org.springframework.security.web.servletapi.SecurityContextHolderAwareRequestFilter@1acc3112, org.springframework.security.web.authentication.AnonymousAuthenticationFilter@4a318a8a, org.springframework.security.web.session.SessionManagementFilter@11e868f3, org.springframework.security.web.access.ExceptionTranslationFilter@7fe824f6, org.springframework.security.web.access.intercept.FilterSecurityInterceptor@489fcda]
2024-12-08 14:25:26,323 INFO  [main] o.s.s.c.ThreadPoolTaskExecutor - Initializing ExecutorService 'applicationTaskExecutor'
2024-12-08 14:25:26,429 INFO  [main] o.a.c.h.Http11NioProtocol - Starting ProtocolHandler ["http-nio-auto-10"]
2024-12-08 14:25:26,432 INFO  [main] o.s.b.w.e.t.TomcatWebServer - Tomcat started on port(s): 32793 (http) with context path ''
2024-12-08 14:25:26,575 INFO  [main] o.a.m.s.b.ForkedBooter - Started ForkedBooter in 1.246 seconds (JVM running for 30.707)
2024-12-08 14:25:26,630 INFO  [http-nio-auto-10-exec-1] o.a.c.c.C.[.[.[/] - Initializing Spring DispatcherServlet 'dispatcherServlet'
2024-12-08 14:25:26,630 INFO  [http-nio-auto-10-exec-1] o.s.w.s.DispatcherServlet - Initializing Servlet 'dispatcherServlet'
2024-12-08 14:25:26,631 INFO  [http-nio-auto-10-exec-1] o.s.w.s.DispatcherServlet - Completed initialization in 1 ms
Request method:	GET
Request URI:	http://localhost:32793/products/1
Proxy:			<none>
Request params:	<none>
Query params:	<none>
Form params:	<none>
Path params:	<none>
Headers:		Accept=*/*
Cookies:		<none>
Multiparts:		<none>
Body:			<none>

HTTP/1.1 200 
X-Content-Type-Options: nosniff
X-XSS-Protection: 1; mode=block
Cache-Control: no-cache, no-store, max-age=0, must-revalidate
Pragma: no-cache
Expires: 0
Content-Type: application/hal+json
Transfer-Encoding: chunked
Date: Sun, 08 Dec 2024 17:25:26 GMT
Keep-Alive: timeout=60
Connection: keep-alive

{
    "productId": 1,
    "distillery": "Ardbeg",
    "name": "Ten",
    "price": 4420.0,
    "age": 10,
    "volume": 700,
    "alcohol": 46.0,
    "description": "Ten Years Old is the basis of the Ardbeg range. After 10 years of maturation in ex-bourbon casks, the whiskey bottled at 46% ABV without cold filtering. The characteristic peat, although clearly present but in perfect balance with the natural sweetness and not predominant in the taste.",
    "available": false,
    "_links": {
        "All products": {
            "href": "http://localhost:32793/products"
        }
    }
}
2024-12-08 14:25:27,530 INFO  [main] o.a.c.h.Http11NioProtocol - Pausing ProtocolHandler ["http-nio-auto-10"]
2024-12-08 14:25:27,531 INFO  [main] o.a.c.c.StandardService - Stopping service [Tomcat]
2024-12-08 14:25:27,531 INFO  [main] o.a.c.c.C.[.[.[/] - Destroying Spring FrameworkServlet 'dispatcherServlet'
2024-12-08 14:25:27,533 INFO  [main] o.a.c.h.Http11NioProtocol - Stopping ProtocolHandler ["http-nio-auto-10"]
2024-12-08 14:25:27,536 INFO  [main] o.a.c.h.Http11NioProtocol - Destroying ProtocolHandler ["http-nio-auto-10"]
[[1;31mERROR[m] [1;31mTests [0;1mrun: [0;1m2[m, [1;31mFailures: [0;1;31m1[m, Errors: 0, Skipped: 0, Time elapsed: 2.206 s[1;31m <<< FAILURE![m - in market.[1mv1_gpt35_run02_ProductsRestControllerTest[m
[[1;31mERROR[m] testGetProductByIdEndpoint  Time elapsed: 0.813 s  <<< FAILURE!
java.lang.AssertionError: 
1 expectation failed.
JSON path name doesn't match.
Expected: product1
  Actual: Ten

	at market.v1_gpt35_run02_ProductsRestControllerTest.testGetProductByIdEndpoint(v1_gpt35_run02_ProductsRestControllerTest.java:79)

[[1;34mINFO[m] Running market.[1mv1_gpt35_run03_OrdersRestControllerTest[m

  .   ____          _            __ _ _
 /\\ / ___'_ __ _ _(_)_ __  __ _ \ \ \ \
( ( )\___ | '_ | '_| | '_ \/ _` | \ \ \ \
 \\/  ___)| |_)| | | | | || (_| |  ) ) ) )
  '  |____| .__|_| |_|_| |_\__, | / / / /
 =========|_|==============|___/=/_/_/_/
 :: Spring Boot ::                (v2.4.3)

2024-12-08 14:25:27,567 INFO  [main] o.a.m.s.b.ForkedBooter - Starting ForkedBooter v2.22.0 using Java 11.0.20 on IFTO-PROBOOK with PID 21357 (started by rincon in /media/rincon/63999417195/eclipse-workspace/EMB-master/jdk_11_maven/cs/rest-gui/market/market-rest)
2024-12-08 14:25:27,568 INFO  [main] o.a.m.s.b.ForkedBooter - No active profile set, falling back to default profiles: default
2024-12-08 14:25:27,569 WARN  [main] o.s.b.c.c.ConfigDataEnvironment - Property 'spring.profiles' imported from location 'class path resource [application.yml]' is invalid and should be replaced with 'spring.config.activate.on-profile' [origin: class path resource [application.yml] - 34:13]
2024-12-08 14:25:27,569 WARN  [main] o.s.b.c.c.ConfigDataEnvironment - Property 'spring.profiles' imported from location 'class path resource [application.yml]' is invalid and should be replaced with 'spring.config.activate.on-profile' [origin: class path resource [application.yml] - 24:13]
2024-12-08 14:25:27,873 INFO  [main] o.s.d.r.c.RepositoryConfigurationDelegate - Bootstrapping Spring Data JPA repositories in DEFAULT mode.
2024-12-08 14:25:27,909 INFO  [main] o.s.d.r.c.RepositoryConfigurationDelegate - Finished Spring Data repository scanning in 35 ms. Found 8 JPA repository interfaces.
2024-12-08 14:25:27,966 INFO  [main] o.s.c.s.PostProcessorRegistrationDelegate$BeanPostProcessorChecker - Bean 'market.DataConfig' of type [market.DataConfig$$EnhancerBySpringCGLIB$$af6433b6] is not eligible for getting processed by all BeanPostProcessors (for example: not eligible for auto-proxying)
2024-12-08 14:25:27,993 INFO  [main] o.s.c.s.PostProcessorRegistrationDelegate$BeanPostProcessorChecker - Bean 'org.springframework.security.access.expression.method.DefaultMethodSecurityExpressionHandler@6b0fcf9' of type [org.springframework.security.access.expression.method.DefaultMethodSecurityExpressionHandler] is not eligible for getting processed by all BeanPostProcessors (for example: not eligible for auto-proxying)
2024-12-08 14:25:27,995 INFO  [main] o.s.c.s.PostProcessorRegistrationDelegate$BeanPostProcessorChecker - Bean 'methodSecurityMetadataSource' of type [org.springframework.security.access.method.DelegatingMethodSecurityMetadataSource] is not eligible for getting processed by all BeanPostProcessors (for example: not eligible for auto-proxying)
2024-12-08 14:25:28,049 INFO  [main] o.s.b.w.e.t.TomcatWebServer - Tomcat initialized with port(s): 0 (http)
2024-12-08 14:25:28,050 INFO  [main] o.a.c.h.Http11NioProtocol - Initializing ProtocolHandler ["http-nio-auto-11"]
2024-12-08 14:25:28,051 INFO  [main] o.a.c.c.StandardService - Starting service [Tomcat]
2024-12-08 14:25:28,051 INFO  [main] o.a.c.c.StandardEngine - Starting Servlet engine: [Apache Tomcat/9.0.43]
2024-12-08 14:25:28,068 INFO  [main] o.a.c.c.C.[.[.[/] - Initializing Spring embedded WebApplicationContext
2024-12-08 14:25:28,068 INFO  [main] o.s.b.w.s.c.ServletWebServerApplicationContext - Root WebApplicationContext: initialization completed in 499 ms
2024-12-08 14:25:28,102 INFO  [main] c.z.h.HikariDataSource - HikariPool-11 - Starting...
2024-12-08 14:25:28,104 INFO  [main] c.z.h.HikariDataSource - HikariPool-11 - Start completed.
2024-12-08 14:25:28,120 INFO  [main] o.h.j.i.u.LogHelper - HHH000204: Processing PersistenceUnitInfo [name: default]
2024-12-08 14:25:28,138 INFO  [main] o.h.d.Dialect - HHH000400: Using dialect: org.hibernate.dialect.H2Dialect
2024-12-08 14:25:28,153 WARN  [main] o.h.b.i.InFlightMetadataCollectorImpl - HHH000069: Duplicate generator name gen
2024-12-08 14:25:28,155 WARN  [main] o.h.b.i.InFlightMetadataCollectorImpl - HHH000069: Duplicate generator name gen
2024-12-08 14:25:28,257 INFO  [main] o.h.e.t.j.p.i.JtaPlatformInitiator - HHH000490: Using JtaPlatform implementation: [org.hibernate.engine.transaction.jta.platform.internal.NoJtaPlatform]
2024-12-08 14:25:28,257 INFO  [main] o.s.o.j.LocalContainerEntityManagerFactoryBean - Initialized JPA EntityManagerFactory for persistence unit 'default'
2024-12-08 14:25:28,448 WARN  [main] o.s.b.a.o.j.JpaBaseConfiguration$JpaWebConfiguration - spring.jpa.open-in-view is enabled by default. Therefore, database queries may be performed during view rendering. Explicitly configure spring.jpa.open-in-view to disable this warning
2024-12-08 14:25:28,589 INFO  [main] o.s.s.w.DefaultSecurityFilterChain - Will secure any request with [org.springframework.security.web.context.request.async.WebAsyncManagerIntegrationFilter@4167b617, org.springframework.security.web.context.SecurityContextPersistenceFilter@21665b4d, org.springframework.security.web.header.HeaderWriterFilter@38320387, org.springframework.security.web.authentication.logout.LogoutFilter@74a9f0f0, org.springframework.security.web.authentication.www.BasicAuthenticationFilter@6f013f29, org.springframework.security.web.savedrequest.RequestCacheAwareFilter@32d86ba7, org.springframework.security.web.servletapi.SecurityContextHolderAwareRequestFilter@1a5e6840, org.springframework.security.web.authentication.AnonymousAuthenticationFilter@734baf4e, org.springframework.security.web.session.SessionManagementFilter@22cbedc8, org.springframework.security.web.access.ExceptionTranslationFilter@c23e1df, org.springframework.security.web.access.intercept.FilterSecurityInterceptor@3f41676]
2024-12-08 14:25:28,614 INFO  [main] o.s.s.c.ThreadPoolTaskExecutor - Initializing ExecutorService 'applicationTaskExecutor'
2024-12-08 14:25:28,705 INFO  [main] o.a.c.h.Http11NioProtocol - Starting ProtocolHandler ["http-nio-auto-11"]
2024-12-08 14:25:28,708 INFO  [main] o.s.b.w.e.t.TomcatWebServer - Tomcat started on port(s): 44225 (http) with context path ''
2024-12-08 14:25:28,813 INFO  [main] o.a.m.s.b.ForkedBooter - Started ForkedBooter in 1.274 seconds (JVM running for 32.946)
2024-12-08 14:25:28,858 INFO  [http-nio-auto-11-exec-1] o.a.c.c.C.[.[.[/] - Initializing Spring DispatcherServlet 'dispatcherServlet'
2024-12-08 14:25:28,858 INFO  [http-nio-auto-11-exec-1] o.s.w.s.DispatcherServlet - Initializing Servlet 'dispatcherServlet'
2024-12-08 14:25:28,860 INFO  [http-nio-auto-11-exec-1] o.s.w.s.DispatcherServlet - Completed initialization in 2 ms
2024-12-08 14:25:28,863 WARN  [http-nio-auto-11-exec-1] m.r.e.RestExceptionHandler - RestErrorResponse{message='Acesso negado', entityName='null', description='uri=/customer/orders', fieldErrors=[]}
2024-12-08 14:25:28,892 WARN  [http-nio-auto-11-exec-2] m.r.e.RestExceptionHandler - RestErrorResponse{message='Acesso negado', entityName='null', description='uri=/customer/orders/1', fieldErrors=[]}
2024-12-08 14:25:28,907 INFO  [main] o.a.c.h.Http11NioProtocol - Pausing ProtocolHandler ["http-nio-auto-11"]
2024-12-08 14:25:28,908 INFO  [main] o.a.c.c.StandardService - Stopping service [Tomcat]
2024-12-08 14:25:28,909 INFO  [main] o.a.c.c.C.[.[.[/] - Destroying Spring FrameworkServlet 'dispatcherServlet'
2024-12-08 14:25:28,911 INFO  [main] o.a.c.h.Http11NioProtocol - Stopping ProtocolHandler ["http-nio-auto-11"]
2024-12-08 14:25:28,915 INFO  [main] o.a.c.h.Http11NioProtocol - Destroying ProtocolHandler ["http-nio-auto-11"]
[[1;34mINFO[m] [1;32mTests run: [0;1;32m2[m, Failures: 0, Errors: 0, Skipped: 0, Time elapsed: 1.374 s - in market.[1mv1_gpt35_run03_OrdersRestControllerTest[m
[[1;34mINFO[m] Running market.[1mv1_gpt35_run03_RestErrorResponseTest[m

  .   ____          _            __ _ _
 /\\ / ___'_ __ _ _(_)_ __  __ _ \ \ \ \
( ( )\___ | '_ | '_| | '_ \/ _` | \ \ \ \
 \\/  ___)| |_)| | | | | || (_| |  ) ) ) )
  '  |____| .__|_| |_|_| |_\__, | / / / /
 =========|_|==============|___/=/_/_/_/
 :: Spring Boot ::                (v2.4.3)

2024-12-08 14:25:28,944 INFO  [main] o.a.m.s.b.ForkedBooter - Starting ForkedBooter v2.22.0 using Java 11.0.20 on IFTO-PROBOOK with PID 21357 (started by rincon in /media/rincon/63999417195/eclipse-workspace/EMB-master/jdk_11_maven/cs/rest-gui/market/market-rest)
2024-12-08 14:25:28,945 INFO  [main] o.a.m.s.b.ForkedBooter - No active profile set, falling back to default profiles: default
2024-12-08 14:25:28,946 WARN  [main] o.s.b.c.c.ConfigDataEnvironment - Property 'spring.profiles' imported from location 'class path resource [application.yml]' is invalid and should be replaced with 'spring.config.activate.on-profile' [origin: class path resource [application.yml] - 34:13]
2024-12-08 14:25:28,946 WARN  [main] o.s.b.c.c.ConfigDataEnvironment - Property 'spring.profiles' imported from location 'class path resource [application.yml]' is invalid and should be replaced with 'spring.config.activate.on-profile' [origin: class path resource [application.yml] - 24:13]
2024-12-08 14:25:29,167 INFO  [main] o.s.d.r.c.RepositoryConfigurationDelegate - Bootstrapping Spring Data JPA repositories in DEFAULT mode.
2024-12-08 14:25:29,191 INFO  [main] o.s.d.r.c.RepositoryConfigurationDelegate - Finished Spring Data repository scanning in 24 ms. Found 8 JPA repository interfaces.
2024-12-08 14:25:29,274 INFO  [main] o.s.c.s.PostProcessorRegistrationDelegate$BeanPostProcessorChecker - Bean 'market.DataConfig' of type [market.DataConfig$$EnhancerBySpringCGLIB$$af6433b6] is not eligible for getting processed by all BeanPostProcessors (for example: not eligible for auto-proxying)
2024-12-08 14:25:29,296 INFO  [main] o.s.c.s.PostProcessorRegistrationDelegate$BeanPostProcessorChecker - Bean 'org.springframework.security.access.expression.method.DefaultMethodSecurityExpressionHandler@1f0a5415' of type [org.springframework.security.access.expression.method.DefaultMethodSecurityExpressionHandler] is not eligible for getting processed by all BeanPostProcessors (for example: not eligible for auto-proxying)
2024-12-08 14:25:29,298 INFO  [main] o.s.c.s.PostProcessorRegistrationDelegate$BeanPostProcessorChecker - Bean 'methodSecurityMetadataSource' of type [org.springframework.security.access.method.DelegatingMethodSecurityMetadataSource] is not eligible for getting processed by all BeanPostProcessors (for example: not eligible for auto-proxying)
2024-12-08 14:25:29,351 INFO  [main] o.s.b.w.e.t.TomcatWebServer - Tomcat initialized with port(s): 0 (http)
2024-12-08 14:25:29,352 INFO  [main] o.a.c.h.Http11NioProtocol - Initializing ProtocolHandler ["http-nio-auto-12"]
2024-12-08 14:25:29,353 INFO  [main] o.a.c.c.StandardService - Starting service [Tomcat]
2024-12-08 14:25:29,353 INFO  [main] o.a.c.c.StandardEngine - Starting Servlet engine: [Apache Tomcat/9.0.43]
2024-12-08 14:25:29,367 INFO  [main] o.a.c.c.C.[.[.[/] - Initializing Spring embedded WebApplicationContext
2024-12-08 14:25:29,367 INFO  [main] o.s.b.w.s.c.ServletWebServerApplicationContext - Root WebApplicationContext: initialization completed in 420 ms
2024-12-08 14:25:29,399 INFO  [main] c.z.h.HikariDataSource - HikariPool-12 - Starting...
2024-12-08 14:25:29,400 INFO  [main] c.z.h.HikariDataSource - HikariPool-12 - Start completed.
2024-12-08 14:25:29,413 INFO  [main] o.h.j.i.u.LogHelper - HHH000204: Processing PersistenceUnitInfo [name: default]
2024-12-08 14:25:29,428 INFO  [main] o.h.d.Dialect - HHH000400: Using dialect: org.hibernate.dialect.H2Dialect
2024-12-08 14:25:29,439 WARN  [main] o.h.b.i.InFlightMetadataCollectorImpl - HHH000069: Duplicate generator name gen
2024-12-08 14:25:29,441 WARN  [main] o.h.b.i.InFlightMetadataCollectorImpl - HHH000069: Duplicate generator name gen
2024-12-08 14:25:29,550 INFO  [main] o.h.e.t.j.p.i.JtaPlatformInitiator - HHH000490: Using JtaPlatform implementation: [org.hibernate.engine.transaction.jta.platform.internal.NoJtaPlatform]
2024-12-08 14:25:29,551 INFO  [main] o.s.o.j.LocalContainerEntityManagerFactoryBean - Initialized JPA EntityManagerFactory for persistence unit 'default'
2024-12-08 14:25:29,701 WARN  [main] o.s.b.a.o.j.JpaBaseConfiguration$JpaWebConfiguration - spring.jpa.open-in-view is enabled by default. Therefore, database queries may be performed during view rendering. Explicitly configure spring.jpa.open-in-view to disable this warning
2024-12-08 14:25:29,854 INFO  [main] o.s.s.w.DefaultSecurityFilterChain - Will secure any request with [org.springframework.security.web.context.request.async.WebAsyncManagerIntegrationFilter@2c68d585, org.springframework.security.web.context.SecurityContextPersistenceFilter@273f0412, org.springframework.security.web.header.HeaderWriterFilter@5b9b9da1, org.springframework.security.web.authentication.logout.LogoutFilter@50b18471, org.springframework.security.web.authentication.www.BasicAuthenticationFilter@797123a, org.springframework.security.web.savedrequest.RequestCacheAwareFilter@1fd38b6f, org.springframework.security.web.servletapi.SecurityContextHolderAwareRequestFilter@18a26ba1, org.springframework.security.web.authentication.AnonymousAuthenticationFilter@32461fff, org.springframework.security.web.session.SessionManagementFilter@31d4c20e, org.springframework.security.web.access.ExceptionTranslationFilter@4b6e6755, org.springframework.security.web.access.intercept.FilterSecurityInterceptor@386ba8c]
2024-12-08 14:25:29,887 INFO  [main] o.s.s.c.ThreadPoolTaskExecutor - Initializing ExecutorService 'applicationTaskExecutor'
2024-12-08 14:25:29,998 INFO  [main] o.a.c.h.Http11NioProtocol - Starting ProtocolHandler ["http-nio-auto-12"]
2024-12-08 14:25:30,002 INFO  [main] o.s.b.w.e.t.TomcatWebServer - Tomcat started on port(s): 42633 (http) with context path ''
2024-12-08 14:25:30,137 INFO  [main] o.a.m.s.b.ForkedBooter - Started ForkedBooter in 1.217 seconds (JVM running for 34.269)
2024-12-08 14:25:30,241 INFO  [main] o.a.c.h.Http11NioProtocol - Pausing ProtocolHandler ["http-nio-auto-12"]
2024-12-08 14:25:30,241 INFO  [main] o.a.c.c.StandardService - Stopping service [Tomcat]
2024-12-08 14:25:30,243 INFO  [main] o.a.c.h.Http11NioProtocol - Stopping ProtocolHandler ["http-nio-auto-12"]
2024-12-08 14:25:30,246 INFO  [main] o.a.c.h.Http11NioProtocol - Destroying ProtocolHandler ["http-nio-auto-12"]
[[1;34mINFO[m] [1;32mTests run: [0;1;32m13[m, Failures: 0, Errors: 0, Skipped: 0, Time elapsed: 1.325 s - in market.[1mv1_gpt35_run03_RestErrorResponseTest[m
[[1;34mINFO[m] Running market.[1mv1_gpt35_run03_CartRestControllerTest[m

  .   ____          _            __ _ _
 /\\ / ___'_ __ _ _(_)_ __  __ _ \ \ \ \
( ( )\___ | '_ | '_| | '_ \/ _` | \ \ \ \
 \\/  ___)| |_)| | | | | || (_| |  ) ) ) )
  '  |____| .__|_| |_|_| |_\__, | / / / /
 =========|_|==============|___/=/_/_/_/
 :: Spring Boot ::                (v2.4.3)

2024-12-08 14:25:30,278 INFO  [main] o.a.m.s.b.ForkedBooter - Starting ForkedBooter v2.22.0 using Java 11.0.20 on IFTO-PROBOOK with PID 21357 (started by rincon in /media/rincon/63999417195/eclipse-workspace/EMB-master/jdk_11_maven/cs/rest-gui/market/market-rest)
2024-12-08 14:25:30,280 INFO  [main] o.a.m.s.b.ForkedBooter - No active profile set, falling back to default profiles: default
2024-12-08 14:25:30,282 WARN  [main] o.s.b.c.c.ConfigDataEnvironment - Property 'spring.profiles' imported from location 'class path resource [application.yml]' is invalid and should be replaced with 'spring.config.activate.on-profile' [origin: class path resource [application.yml] - 34:13]
2024-12-08 14:25:30,282 WARN  [main] o.s.b.c.c.ConfigDataEnvironment - Property 'spring.profiles' imported from location 'class path resource [application.yml]' is invalid and should be replaced with 'spring.config.activate.on-profile' [origin: class path resource [application.yml] - 24:13]
2024-12-08 14:25:30,590 INFO  [main] o.s.d.r.c.RepositoryConfigurationDelegate - Bootstrapping Spring Data JPA repositories in DEFAULT mode.
2024-12-08 14:25:30,613 INFO  [main] o.s.d.r.c.RepositoryConfigurationDelegate - Finished Spring Data repository scanning in 23 ms. Found 8 JPA repository interfaces.
2024-12-08 14:25:30,668 INFO  [main] o.s.c.s.PostProcessorRegistrationDelegate$BeanPostProcessorChecker - Bean 'market.DataConfig' of type [market.DataConfig$$EnhancerBySpringCGLIB$$af6433b6] is not eligible for getting processed by all BeanPostProcessors (for example: not eligible for auto-proxying)
2024-12-08 14:25:30,690 INFO  [main] o.s.c.s.PostProcessorRegistrationDelegate$BeanPostProcessorChecker - Bean 'org.springframework.security.access.expression.method.DefaultMethodSecurityExpressionHandler@e449ae3' of type [org.springframework.security.access.expression.method.DefaultMethodSecurityExpressionHandler] is not eligible for getting processed by all BeanPostProcessors (for example: not eligible for auto-proxying)
2024-12-08 14:25:30,691 INFO  [main] o.s.c.s.PostProcessorRegistrationDelegate$BeanPostProcessorChecker - Bean 'methodSecurityMetadataSource' of type [org.springframework.security.access.method.DelegatingMethodSecurityMetadataSource] is not eligible for getting processed by all BeanPostProcessors (for example: not eligible for auto-proxying)
2024-12-08 14:25:30,735 INFO  [main] o.s.b.w.e.t.TomcatWebServer - Tomcat initialized with port(s): 0 (http)
2024-12-08 14:25:30,736 INFO  [main] o.a.c.h.Http11NioProtocol - Initializing ProtocolHandler ["http-nio-auto-13"]
2024-12-08 14:25:30,736 INFO  [main] o.a.c.c.StandardService - Starting service [Tomcat]
2024-12-08 14:25:30,737 INFO  [main] o.a.c.c.StandardEngine - Starting Servlet engine: [Apache Tomcat/9.0.43]
2024-12-08 14:25:30,750 INFO  [main] o.a.c.c.C.[.[.[/] - Initializing Spring embedded WebApplicationContext
2024-12-08 14:25:30,750 INFO  [main] o.s.b.w.s.c.ServletWebServerApplicationContext - Root WebApplicationContext: initialization completed in 468 ms
2024-12-08 14:25:30,783 INFO  [main] c.z.h.HikariDataSource - HikariPool-13 - Starting...
2024-12-08 14:25:30,784 INFO  [main] c.z.h.HikariDataSource - HikariPool-13 - Start completed.
2024-12-08 14:25:30,800 INFO  [main] o.h.j.i.u.LogHelper - HHH000204: Processing PersistenceUnitInfo [name: default]
2024-12-08 14:25:30,817 INFO  [main] o.h.d.Dialect - HHH000400: Using dialect: org.hibernate.dialect.H2Dialect
2024-12-08 14:25:30,833 WARN  [main] o.h.b.i.InFlightMetadataCollectorImpl - HHH000069: Duplicate generator name gen
2024-12-08 14:25:30,834 WARN  [main] o.h.b.i.InFlightMetadataCollectorImpl - HHH000069: Duplicate generator name gen
2024-12-08 14:25:30,931 INFO  [main] o.h.e.t.j.p.i.JtaPlatformInitiator - HHH000490: Using JtaPlatform implementation: [org.hibernate.engine.transaction.jta.platform.internal.NoJtaPlatform]
2024-12-08 14:25:30,932 INFO  [main] o.s.o.j.LocalContainerEntityManagerFactoryBean - Initialized JPA EntityManagerFactory for persistence unit 'default'
2024-12-08 14:25:31,094 WARN  [main] o.s.b.a.o.j.JpaBaseConfiguration$JpaWebConfiguration - spring.jpa.open-in-view is enabled by default. Therefore, database queries may be performed during view rendering. Explicitly configure spring.jpa.open-in-view to disable this warning
2024-12-08 14:25:31,259 INFO  [main] o.s.s.w.DefaultSecurityFilterChain - Will secure any request with [org.springframework.security.web.context.request.async.WebAsyncManagerIntegrationFilter@6d412fb5, org.springframework.security.web.context.SecurityContextPersistenceFilter@445bcb26, org.springframework.security.web.header.HeaderWriterFilter@1dbe8c8c, org.springframework.security.web.authentication.logout.LogoutFilter@5cf95bbe, org.springframework.security.web.authentication.www.BasicAuthenticationFilter@6e535d02, org.springframework.security.web.savedrequest.RequestCacheAwareFilter@2c274c5f, org.springframework.security.web.servletapi.SecurityContextHolderAwareRequestFilter@45946fbb, org.springframework.security.web.authentication.AnonymousAuthenticationFilter@5a831222, org.springframework.security.web.session.SessionManagementFilter@55eac39d, org.springframework.security.web.access.ExceptionTranslationFilter@120f4379, org.springframework.security.web.access.intercept.FilterSecurityInterceptor@71e88604]
2024-12-08 14:25:31,293 INFO  [main] o.s.s.c.ThreadPoolTaskExecutor - Initializing ExecutorService 'applicationTaskExecutor'
2024-12-08 14:25:31,429 INFO  [main] o.a.c.h.Http11NioProtocol - Starting ProtocolHandler ["http-nio-auto-13"]
2024-12-08 14:25:31,432 INFO  [main] o.s.b.w.e.t.TomcatWebServer - Tomcat started on port(s): 36907 (http) with context path ''
2024-12-08 14:25:31,572 INFO  [main] o.a.m.s.b.ForkedBooter - Started ForkedBooter in 1.322 seconds (JVM running for 35.704)
2024-12-08 14:25:31,652 INFO  [http-nio-auto-13-exec-1] o.a.c.c.C.[.[.[/] - Initializing Spring DispatcherServlet 'dispatcherServlet'
2024-12-08 14:25:31,652 INFO  [http-nio-auto-13-exec-1] o.s.w.s.DispatcherServlet - Initializing Servlet 'dispatcherServlet'
2024-12-08 14:25:31,654 INFO  [http-nio-auto-13-exec-1] o.s.w.s.DispatcherServlet - Completed initialization in 2 ms
2024-12-08 14:25:31,659 WARN  [http-nio-auto-13-exec-1] m.r.e.RestExceptionHandler - RestErrorResponse{message='Acesso negado', entityName='null', description='uri=/customer/cart/delivery', fieldErrors=[]}
2024-12-08 14:25:31,730 WARN  [http-nio-auto-13-exec-2] m.r.e.RestExceptionHandler - RestErrorResponse{message='Acesso negado', entityName='null', description='uri=/customer/cart', fieldErrors=[]}
2024-12-08 14:25:31,796 WARN  [http-nio-auto-13-exec-3] m.r.e.RestExceptionHandler - RestErrorResponse{message='Argument validation error', entityName='creditCardDTO', description='uri=/customer/cart/pay', fieldErrors=[{field='ccNumber', message='Not a valid credit card number'}]}
2024-12-08 14:25:31,821 WARN  [http-nio-auto-13-exec-4] m.r.e.RestExceptionHandler - RestErrorResponse{message='Acesso negado', entityName='null', description='uri=/customer/cart', fieldErrors=[]}
2024-12-08 14:25:31,840 WARN  [http-nio-auto-13-exec-5] m.r.e.RestExceptionHandler - RestErrorResponse{message='Acesso negado', entityName='null', description='uri=/customer/cart', fieldErrors=[]}
2024-12-08 14:25:31,852 INFO  [main] o.a.c.h.Http11NioProtocol - Pausing ProtocolHandler ["http-nio-auto-13"]
2024-12-08 14:25:31,852 INFO  [main] o.a.c.c.StandardService - Stopping service [Tomcat]
2024-12-08 14:25:31,853 INFO  [main] o.a.c.c.C.[.[.[/] - Destroying Spring FrameworkServlet 'dispatcherServlet'
2024-12-08 14:25:31,855 INFO  [main] o.a.c.h.Http11NioProtocol - Stopping ProtocolHandler ["http-nio-auto-13"]
2024-12-08 14:25:31,857 INFO  [main] o.a.c.h.Http11NioProtocol - Destroying ProtocolHandler ["http-nio-auto-13"]
[[1;34mINFO[m] [1;32mTests run: [0;1;32m5[m, Failures: 0, Errors: 0, Skipped: 0, Time elapsed: 1.606 s - in market.[1mv1_gpt35_run03_CartRestControllerTest[m
[[1;34mINFO[m] Running market.[1mv1_gpt35_run02_CustomerRestControllerTest[m

  .   ____          _            __ _ _
 /\\ / ___'_ __ _ _(_)_ __  __ _ \ \ \ \
( ( )\___ | '_ | '_| | '_ \/ _` | \ \ \ \
 \\/  ___)| |_)| | | | | || (_| |  ) ) ) )
  '  |____| .__|_| |_|_| |_\__, | / / / /
 =========|_|==============|___/=/_/_/_/
 :: Spring Boot ::                (v2.4.3)

2024-12-08 14:25:31,887 INFO  [main] o.a.m.s.b.ForkedBooter - Starting ForkedBooter v2.22.0 using Java 11.0.20 on IFTO-PROBOOK with PID 21357 (started by rincon in /media/rincon/63999417195/eclipse-workspace/EMB-master/jdk_11_maven/cs/rest-gui/market/market-rest)
2024-12-08 14:25:31,888 INFO  [main] o.a.m.s.b.ForkedBooter - No active profile set, falling back to default profiles: default
2024-12-08 14:25:31,889 WARN  [main] o.s.b.c.c.ConfigDataEnvironment - Property 'spring.profiles' imported from location 'class path resource [application.yml]' is invalid and should be replaced with 'spring.config.activate.on-profile' [origin: class path resource [application.yml] - 34:13]
2024-12-08 14:25:31,889 WARN  [main] o.s.b.c.c.ConfigDataEnvironment - Property 'spring.profiles' imported from location 'class path resource [application.yml]' is invalid and should be replaced with 'spring.config.activate.on-profile' [origin: class path resource [application.yml] - 24:13]
2024-12-08 14:25:32,126 INFO  [main] o.s.d.r.c.RepositoryConfigurationDelegate - Bootstrapping Spring Data JPA repositories in DEFAULT mode.
2024-12-08 14:25:32,148 INFO  [main] o.s.d.r.c.RepositoryConfigurationDelegate - Finished Spring Data repository scanning in 21 ms. Found 8 JPA repository interfaces.
2024-12-08 14:25:32,186 INFO  [main] o.s.c.s.PostProcessorRegistrationDelegate$BeanPostProcessorChecker - Bean 'market.DataConfig' of type [market.DataConfig$$EnhancerBySpringCGLIB$$af6433b6] is not eligible for getting processed by all BeanPostProcessors (for example: not eligible for auto-proxying)
2024-12-08 14:25:32,205 INFO  [main] o.s.c.s.PostProcessorRegistrationDelegate$BeanPostProcessorChecker - Bean 'org.springframework.security.access.expression.method.DefaultMethodSecurityExpressionHandler@10ed9356' of type [org.springframework.security.access.expression.method.DefaultMethodSecurityExpressionHandler] is not eligible for getting processed by all BeanPostProcessors (for example: not eligible for auto-proxying)
2024-12-08 14:25:32,207 INFO  [main] o.s.c.s.PostProcessorRegistrationDelegate$BeanPostProcessorChecker - Bean 'methodSecurityMetadataSource' of type [org.springframework.security.access.method.DelegatingMethodSecurityMetadataSource] is not eligible for getting processed by all BeanPostProcessors (for example: not eligible for auto-proxying)
2024-12-08 14:25:32,249 INFO  [main] o.s.b.w.e.t.TomcatWebServer - Tomcat initialized with port(s): 0 (http)
2024-12-08 14:25:32,251 INFO  [main] o.a.c.h.Http11NioProtocol - Initializing ProtocolHandler ["http-nio-auto-14"]
2024-12-08 14:25:32,251 INFO  [main] o.a.c.c.StandardService - Starting service [Tomcat]
2024-12-08 14:25:32,252 INFO  [main] o.a.c.c.StandardEngine - Starting Servlet engine: [Apache Tomcat/9.0.43]
2024-12-08 14:25:32,266 INFO  [main] o.a.c.c.C.[.[.[/] - Initializing Spring embedded WebApplicationContext
2024-12-08 14:25:32,266 INFO  [main] o.s.b.w.s.c.ServletWebServerApplicationContext - Root WebApplicationContext: initialization completed in 377 ms
2024-12-08 14:25:32,299 INFO  [main] c.z.h.HikariDataSource - HikariPool-14 - Starting...
2024-12-08 14:25:32,300 INFO  [main] c.z.h.HikariDataSource - HikariPool-14 - Start completed.
2024-12-08 14:25:32,317 INFO  [main] o.h.j.i.u.LogHelper - HHH000204: Processing PersistenceUnitInfo [name: default]
2024-12-08 14:25:32,333 INFO  [main] o.h.d.Dialect - HHH000400: Using dialect: org.hibernate.dialect.H2Dialect
2024-12-08 14:25:32,350 WARN  [main] o.h.b.i.InFlightMetadataCollectorImpl - HHH000069: Duplicate generator name gen
2024-12-08 14:25:32,351 WARN  [main] o.h.b.i.InFlightMetadataCollectorImpl - HHH000069: Duplicate generator name gen
2024-12-08 14:25:32,493 INFO  [main] o.h.e.t.j.p.i.JtaPlatformInitiator - HHH000490: Using JtaPlatform implementation: [org.hibernate.engine.transaction.jta.platform.internal.NoJtaPlatform]
2024-12-08 14:25:32,493 INFO  [main] o.s.o.j.LocalContainerEntityManagerFactoryBean - Initialized JPA EntityManagerFactory for persistence unit 'default'
2024-12-08 14:25:32,720 WARN  [main] o.s.b.a.o.j.JpaBaseConfiguration$JpaWebConfiguration - spring.jpa.open-in-view is enabled by default. Therefore, database queries may be performed during view rendering. Explicitly configure spring.jpa.open-in-view to disable this warning
2024-12-08 14:25:32,857 INFO  [main] o.s.s.w.DefaultSecurityFilterChain - Will secure any request with [org.springframework.security.web.context.request.async.WebAsyncManagerIntegrationFilter@59319bd, org.springframework.security.web.context.SecurityContextPersistenceFilter@3a69c6f4, org.springframework.security.web.header.HeaderWriterFilter@7335493d, org.springframework.security.web.authentication.logout.LogoutFilter@4eab64a0, org.springframework.security.web.authentication.www.BasicAuthenticationFilter@33cdfe4, org.springframework.security.web.savedrequest.RequestCacheAwareFilter@275a5ca, org.springframework.security.web.servletapi.SecurityContextHolderAwareRequestFilter@5bd06818, org.springframework.security.web.authentication.AnonymousAuthenticationFilter@6302dff4, org.springframework.security.web.session.SessionManagementFilter@43f44898, org.springframework.security.web.access.ExceptionTranslationFilter@12654823, org.springframework.security.web.access.intercept.FilterSecurityInterceptor@1c660aa1]
2024-12-08 14:25:32,898 INFO  [main] o.s.s.c.ThreadPoolTaskExecutor - Initializing ExecutorService 'applicationTaskExecutor'
2024-12-08 14:25:33,012 INFO  [main] o.a.c.h.Http11NioProtocol - Starting ProtocolHandler ["http-nio-auto-14"]
2024-12-08 14:25:33,014 INFO  [main] o.s.b.w.e.t.TomcatWebServer - Tomcat started on port(s): 42977 (http) with context path ''
2024-12-08 14:25:33,113 INFO  [main] o.a.m.s.b.ForkedBooter - Started ForkedBooter in 1.252 seconds (JVM running for 37.245)
2024-12-08 14:25:33,148 INFO  [http-nio-auto-14-exec-1] o.a.c.c.C.[.[.[/] - Initializing Spring DispatcherServlet 'dispatcherServlet'
2024-12-08 14:25:33,148 INFO  [http-nio-auto-14-exec-1] o.s.w.s.DispatcherServlet - Initializing Servlet 'dispatcherServlet'
2024-12-08 14:25:33,150 INFO  [http-nio-auto-14-exec-1] o.s.w.s.DispatcherServlet - Completed initialization in 2 ms
2024-12-08 14:25:33,359 WARN  [http-nio-auto-14-exec-2] m.r.e.RestExceptionHandler - RestErrorResponse{message='Argument validation error', entityName='UserAccount', description='uri=/register', fieldErrors=[{field='email', message='Account with this email already exists'}]}
2024-12-08 14:25:33,375 INFO  [main] o.a.c.h.Http11NioProtocol - Pausing ProtocolHandler ["http-nio-auto-14"]
2024-12-08 14:25:33,375 INFO  [main] o.a.c.c.StandardService - Stopping service [Tomcat]
2024-12-08 14:25:33,376 INFO  [main] o.a.c.c.C.[.[.[/] - Destroying Spring FrameworkServlet 'dispatcherServlet'
2024-12-08 14:25:33,379 INFO  [main] o.a.c.h.Http11NioProtocol - Stopping ProtocolHandler ["http-nio-auto-14"]
2024-12-08 14:25:33,385 INFO  [main] o.a.c.h.Http11NioProtocol - Destroying ProtocolHandler ["http-nio-auto-14"]
[[1;34mINFO[m] [1;32mTests run: [0;1;32m2[m, Failures: 0, Errors: 0, Skipped: 0, Time elapsed: 1.522 s - in market.[1mv1_gpt35_run02_CustomerRestControllerTest[m
[[1;34mINFO[m] Running market.[1mv1_gpt35_run02_OrdersRestControllerTest[m

  .   ____          _            __ _ _
 /\\ / ___'_ __ _ _(_)_ __  __ _ \ \ \ \
( ( )\___ | '_ | '_| | '_ \/ _` | \ \ \ \
 \\/  ___)| |_)| | | | | || (_| |  ) ) ) )
  '  |____| .__|_| |_|_| |_\__, | / / / /
 =========|_|==============|___/=/_/_/_/
 :: Spring Boot ::                (v2.4.3)

2024-12-08 14:25:33,416 INFO  [main] o.a.m.s.b.ForkedBooter - Starting ForkedBooter v2.22.0 using Java 11.0.20 on IFTO-PROBOOK with PID 21357 (started by rincon in /media/rincon/63999417195/eclipse-workspace/EMB-master/jdk_11_maven/cs/rest-gui/market/market-rest)
2024-12-08 14:25:33,416 INFO  [main] o.a.m.s.b.ForkedBooter - No active profile set, falling back to default profiles: default
2024-12-08 14:25:33,417 WARN  [main] o.s.b.c.c.ConfigDataEnvironment - Property 'spring.profiles' imported from location 'class path resource [application.yml]' is invalid and should be replaced with 'spring.config.activate.on-profile' [origin: class path resource [application.yml] - 34:13]
2024-12-08 14:25:33,417 WARN  [main] o.s.b.c.c.ConfigDataEnvironment - Property 'spring.profiles' imported from location 'class path resource [application.yml]' is invalid and should be replaced with 'spring.config.activate.on-profile' [origin: class path resource [application.yml] - 24:13]
2024-12-08 14:25:33,675 INFO  [main] o.s.d.r.c.RepositoryConfigurationDelegate - Bootstrapping Spring Data JPA repositories in DEFAULT mode.
2024-12-08 14:25:33,709 INFO  [main] o.s.d.r.c.RepositoryConfigurationDelegate - Finished Spring Data repository scanning in 33 ms. Found 8 JPA repository interfaces.
2024-12-08 14:25:33,771 INFO  [main] o.s.c.s.PostProcessorRegistrationDelegate$BeanPostProcessorChecker - Bean 'market.DataConfig' of type [market.DataConfig$$EnhancerBySpringCGLIB$$af6433b6] is not eligible for getting processed by all BeanPostProcessors (for example: not eligible for auto-proxying)
2024-12-08 14:25:33,797 INFO  [main] o.s.c.s.PostProcessorRegistrationDelegate$BeanPostProcessorChecker - Bean 'org.springframework.security.access.expression.method.DefaultMethodSecurityExpressionHandler@71b267cf' of type [org.springframework.security.access.expression.method.DefaultMethodSecurityExpressionHandler] is not eligible for getting processed by all BeanPostProcessors (for example: not eligible for auto-proxying)
2024-12-08 14:25:33,799 INFO  [main] o.s.c.s.PostProcessorRegistrationDelegate$BeanPostProcessorChecker - Bean 'methodSecurityMetadataSource' of type [org.springframework.security.access.method.DelegatingMethodSecurityMetadataSource] is not eligible for getting processed by all BeanPostProcessors (for example: not eligible for auto-proxying)
2024-12-08 14:25:33,875 INFO  [main] o.s.b.w.e.t.TomcatWebServer - Tomcat initialized with port(s): 0 (http)
2024-12-08 14:25:33,876 INFO  [main] o.a.c.h.Http11NioProtocol - Initializing ProtocolHandler ["http-nio-auto-15"]
2024-12-08 14:25:33,877 INFO  [main] o.a.c.c.StandardService - Starting service [Tomcat]
2024-12-08 14:25:33,877 INFO  [main] o.a.c.c.StandardEngine - Starting Servlet engine: [Apache Tomcat/9.0.43]
2024-12-08 14:25:33,893 INFO  [main] o.a.c.c.C.[.[.[/] - Initializing Spring embedded WebApplicationContext
2024-12-08 14:25:33,893 INFO  [main] o.s.b.w.s.c.ServletWebServerApplicationContext - Root WebApplicationContext: initialization completed in 475 ms
2024-12-08 14:25:33,943 INFO  [main] c.z.h.HikariDataSource - HikariPool-15 - Starting...
2024-12-08 14:25:33,944 INFO  [main] c.z.h.HikariDataSource - HikariPool-15 - Start completed.
2024-12-08 14:25:33,962 INFO  [main] o.h.j.i.u.LogHelper - HHH000204: Processing PersistenceUnitInfo [name: default]
2024-12-08 14:25:33,997 INFO  [main] o.h.d.Dialect - HHH000400: Using dialect: org.hibernate.dialect.H2Dialect
2024-12-08 14:25:34,022 WARN  [main] o.h.b.i.InFlightMetadataCollectorImpl - HHH000069: Duplicate generator name gen
2024-12-08 14:25:34,023 WARN  [main] o.h.b.i.InFlightMetadataCollectorImpl - HHH000069: Duplicate generator name gen
2024-12-08 14:25:34,131 INFO  [main] o.h.e.t.j.p.i.JtaPlatformInitiator - HHH000490: Using JtaPlatform implementation: [org.hibernate.engine.transaction.jta.platform.internal.NoJtaPlatform]
2024-12-08 14:25:34,131 INFO  [main] o.s.o.j.LocalContainerEntityManagerFactoryBean - Initialized JPA EntityManagerFactory for persistence unit 'default'
2024-12-08 14:25:34,278 WARN  [main] o.s.b.a.o.j.JpaBaseConfiguration$JpaWebConfiguration - spring.jpa.open-in-view is enabled by default. Therefore, database queries may be performed during view rendering. Explicitly configure spring.jpa.open-in-view to disable this warning
2024-12-08 14:25:34,411 INFO  [main] o.s.s.w.DefaultSecurityFilterChain - Will secure any request with [org.springframework.security.web.context.request.async.WebAsyncManagerIntegrationFilter@7a7c98f9, org.springframework.security.web.context.SecurityContextPersistenceFilter@1c15d440, org.springframework.security.web.header.HeaderWriterFilter@6a14d58d, org.springframework.security.web.authentication.logout.LogoutFilter@33eb7ddd, org.springframework.security.web.authentication.www.BasicAuthenticationFilter@57a3698d, org.springframework.security.web.savedrequest.RequestCacheAwareFilter@2448a15d, org.springframework.security.web.servletapi.SecurityContextHolderAwareRequestFilter@68bca0e4, org.springframework.security.web.authentication.AnonymousAuthenticationFilter@471e4113, org.springframework.security.web.session.SessionManagementFilter@16bfe09f, org.springframework.security.web.access.ExceptionTranslationFilter@73f9738c, org.springframework.security.web.access.intercept.FilterSecurityInterceptor@46fffc36]
2024-12-08 14:25:34,434 INFO  [main] o.s.s.c.ThreadPoolTaskExecutor - Initializing ExecutorService 'applicationTaskExecutor'
2024-12-08 14:25:34,521 INFO  [main] o.a.c.h.Http11NioProtocol - Starting ProtocolHandler ["http-nio-auto-15"]
2024-12-08 14:25:34,523 INFO  [main] o.s.b.w.e.t.TomcatWebServer - Tomcat started on port(s): 44045 (http) with context path ''
2024-12-08 14:25:34,621 INFO  [main] o.a.m.s.b.ForkedBooter - Started ForkedBooter in 1.232 seconds (JVM running for 38.754)
2024-12-08 14:25:34,661 INFO  [http-nio-auto-15-exec-1] o.a.c.c.C.[.[.[/] - Initializing Spring DispatcherServlet 'dispatcherServlet'
2024-12-08 14:25:34,661 INFO  [http-nio-auto-15-exec-1] o.s.w.s.DispatcherServlet - Initializing Servlet 'dispatcherServlet'
2024-12-08 14:25:34,664 INFO  [http-nio-auto-15-exec-1] o.s.w.s.DispatcherServlet - Completed initialization in 3 ms
2024-12-08 14:25:34,668 WARN  [http-nio-auto-15-exec-1] m.r.e.RestExceptionHandler - RestErrorResponse{message='Acesso negado', entityName='null', description='uri=/customer/orders', fieldErrors=[]}
2024-12-08 14:25:34,701 WARN  [http-nio-auto-15-exec-2] m.r.e.RestExceptionHandler - RestErrorResponse{message='Acesso negado', entityName='null', description='uri=/customer/orders/123', fieldErrors=[]}
2024-12-08 14:25:34,713 INFO  [main] o.a.c.h.Http11NioProtocol - Pausing ProtocolHandler ["http-nio-auto-15"]
2024-12-08 14:25:34,715 INFO  [main] o.a.c.c.StandardService - Stopping service [Tomcat]
2024-12-08 14:25:34,716 INFO  [main] o.a.c.c.C.[.[.[/] - Destroying Spring FrameworkServlet 'dispatcherServlet'
2024-12-08 14:25:34,718 INFO  [main] o.a.c.h.Http11NioProtocol - Stopping ProtocolHandler ["http-nio-auto-15"]
2024-12-08 14:25:34,721 INFO  [main] o.a.c.h.Http11NioProtocol - Destroying ProtocolHandler ["http-nio-auto-15"]
[[1;34mINFO[m] [1;32mTests run: [0;1;32m2[m, Failures: 0, Errors: 0, Skipped: 0, Time elapsed: 1.33 s - in market.[1mv1_gpt35_run02_OrdersRestControllerTest[m
[[1;34mINFO[m] Running market.[1mv1_gpt35_run02_CartRestControllerTest[m

  .   ____          _            __ _ _
 /\\ / ___'_ __ _ _(_)_ __  __ _ \ \ \ \
( ( )\___ | '_ | '_| | '_ \/ _` | \ \ \ \
 \\/  ___)| |_)| | | | | || (_| |  ) ) ) )
  '  |____| .__|_| |_|_| |_\__, | / / / /
 =========|_|==============|___/=/_/_/_/
 :: Spring Boot ::                (v2.4.3)

2024-12-08 14:25:34,752 INFO  [main] o.a.m.s.b.ForkedBooter - Starting ForkedBooter v2.22.0 using Java 11.0.20 on IFTO-PROBOOK with PID 21357 (started by rincon in /media/rincon/63999417195/eclipse-workspace/EMB-master/jdk_11_maven/cs/rest-gui/market/market-rest)
2024-12-08 14:25:34,753 INFO  [main] o.a.m.s.b.ForkedBooter - No active profile set, falling back to default profiles: default
2024-12-08 14:25:34,754 WARN  [main] o.s.b.c.c.ConfigDataEnvironment - Property 'spring.profiles' imported from location 'class path resource [application.yml]' is invalid and should be replaced with 'spring.config.activate.on-profile' [origin: class path resource [application.yml] - 34:13]
2024-12-08 14:25:34,754 WARN  [main] o.s.b.c.c.ConfigDataEnvironment - Property 'spring.profiles' imported from location 'class path resource [application.yml]' is invalid and should be replaced with 'spring.config.activate.on-profile' [origin: class path resource [application.yml] - 24:13]
2024-12-08 14:25:35,057 INFO  [main] o.s.d.r.c.RepositoryConfigurationDelegate - Bootstrapping Spring Data JPA repositories in DEFAULT mode.
2024-12-08 14:25:35,089 INFO  [main] o.s.d.r.c.RepositoryConfigurationDelegate - Finished Spring Data repository scanning in 32 ms. Found 8 JPA repository interfaces.
2024-12-08 14:25:35,147 INFO  [main] o.s.c.s.PostProcessorRegistrationDelegate$BeanPostProcessorChecker - Bean 'market.DataConfig' of type [market.DataConfig$$EnhancerBySpringCGLIB$$af6433b6] is not eligible for getting processed by all BeanPostProcessors (for example: not eligible for auto-proxying)
2024-12-08 14:25:35,197 INFO  [main] o.s.c.s.PostProcessorRegistrationDelegate$BeanPostProcessorChecker - Bean 'org.springframework.security.access.expression.method.DefaultMethodSecurityExpressionHandler@1257917f' of type [org.springframework.security.access.expression.method.DefaultMethodSecurityExpressionHandler] is not eligible for getting processed by all BeanPostProcessors (for example: not eligible for auto-proxying)
2024-12-08 14:25:35,200 INFO  [main] o.s.c.s.PostProcessorRegistrationDelegate$BeanPostProcessorChecker - Bean 'methodSecurityMetadataSource' of type [org.springframework.security.access.method.DelegatingMethodSecurityMetadataSource] is not eligible for getting processed by all BeanPostProcessors (for example: not eligible for auto-proxying)
2024-12-08 14:25:35,262 INFO  [main] o.s.b.w.e.t.TomcatWebServer - Tomcat initialized with port(s): 0 (http)
2024-12-08 14:25:35,263 INFO  [main] o.a.c.h.Http11NioProtocol - Initializing ProtocolHandler ["http-nio-auto-16"]
2024-12-08 14:25:35,264 INFO  [main] o.a.c.c.StandardService - Starting service [Tomcat]
2024-12-08 14:25:35,264 INFO  [main] o.a.c.c.StandardEngine - Starting Servlet engine: [Apache Tomcat/9.0.43]
2024-12-08 14:25:35,282 INFO  [main] o.a.c.c.C.[.[.[/] - Initializing Spring embedded WebApplicationContext
2024-12-08 14:25:35,282 INFO  [main] o.s.b.w.s.c.ServletWebServerApplicationContext - Root WebApplicationContext: initialization completed in 528 ms
2024-12-08 14:25:35,319 INFO  [main] c.z.h.HikariDataSource - HikariPool-16 - Starting...
2024-12-08 14:25:35,320 INFO  [main] c.z.h.HikariDataSource - HikariPool-16 - Start completed.
2024-12-08 14:25:35,337 INFO  [main] o.h.j.i.u.LogHelper - HHH000204: Processing PersistenceUnitInfo [name: default]
2024-12-08 14:25:35,352 INFO  [main] o.h.d.Dialect - HHH000400: Using dialect: org.hibernate.dialect.H2Dialect
2024-12-08 14:25:35,367 WARN  [main] o.h.b.i.InFlightMetadataCollectorImpl - HHH000069: Duplicate generator name gen
2024-12-08 14:25:35,368 WARN  [main] o.h.b.i.InFlightMetadataCollectorImpl - HHH000069: Duplicate generator name gen
2024-12-08 14:25:35,507 INFO  [main] o.h.e.t.j.p.i.JtaPlatformInitiator - HHH000490: Using JtaPlatform implementation: [org.hibernate.engine.transaction.jta.platform.internal.NoJtaPlatform]
2024-12-08 14:25:35,509 INFO  [main] o.s.o.j.LocalContainerEntityManagerFactoryBean - Initialized JPA EntityManagerFactory for persistence unit 'default'
2024-12-08 14:25:35,751 WARN  [main] o.s.b.a.o.j.JpaBaseConfiguration$JpaWebConfiguration - spring.jpa.open-in-view is enabled by default. Therefore, database queries may be performed during view rendering. Explicitly configure spring.jpa.open-in-view to disable this warning
2024-12-08 14:25:35,956 INFO  [main] o.s.s.w.DefaultSecurityFilterChain - Will secure any request with [org.springframework.security.web.context.request.async.WebAsyncManagerIntegrationFilter@1f5a96a4, org.springframework.security.web.context.SecurityContextPersistenceFilter@5df025a9, org.springframework.security.web.header.HeaderWriterFilter@612af172, org.springframework.security.web.authentication.logout.LogoutFilter@313e894c, org.springframework.security.web.authentication.www.BasicAuthenticationFilter@736a36e2, org.springframework.security.web.savedrequest.RequestCacheAwareFilter@2bc709a4, org.springframework.security.web.servletapi.SecurityContextHolderAwareRequestFilter@1d50cccf, org.springframework.security.web.authentication.AnonymousAuthenticationFilter@3588caf3, org.springframework.security.web.session.SessionManagementFilter@243a84ae, org.springframework.security.web.access.ExceptionTranslationFilter@6833de45, org.springframework.security.web.access.intercept.FilterSecurityInterceptor@68b1771e]
2024-12-08 14:25:35,999 INFO  [main] o.s.s.c.ThreadPoolTaskExecutor - Initializing ExecutorService 'applicationTaskExecutor'
2024-12-08 14:25:36,131 INFO  [main] o.a.c.h.Http11NioProtocol - Starting ProtocolHandler ["http-nio-auto-16"]
2024-12-08 14:25:36,133 INFO  [main] o.s.b.w.e.t.TomcatWebServer - Tomcat started on port(s): 33397 (http) with context path ''
2024-12-08 14:25:36,233 INFO  [main] o.a.m.s.b.ForkedBooter - Started ForkedBooter in 1.504 seconds (JVM running for 40.365)
2024-12-08 14:25:36,275 INFO  [http-nio-auto-16-exec-1] o.a.c.c.C.[.[.[/] - Initializing Spring DispatcherServlet 'dispatcherServlet'
2024-12-08 14:25:36,275 INFO  [http-nio-auto-16-exec-1] o.s.w.s.DispatcherServlet - Initializing Servlet 'dispatcherServlet'
2024-12-08 14:25:36,277 INFO  [http-nio-auto-16-exec-1] o.s.w.s.DispatcherServlet - Completed initialization in 2 ms
2024-12-08 14:25:36,282 WARN  [http-nio-auto-16-exec-1] m.r.e.RestExceptionHandler - RestErrorResponse{message='Acesso negado', entityName='null', description='uri=/customer/cart/delivery', fieldErrors=[]}
2024-12-08 14:25:36,327 WARN  [http-nio-auto-16-exec-2] m.r.e.RestExceptionHandler - RestErrorResponse{message='Acesso negado', entityName='null', description='uri=/customer/cart', fieldErrors=[]}
2024-12-08 14:25:36,370 WARN  [http-nio-auto-16-exec-3] m.r.e.RestExceptionHandler - RestErrorResponse{message='Argument validation error', entityName='creditCardDTO', description='uri=/customer/cart/pay', fieldErrors=[{field='ccNumber', message='Not a valid credit card number'}]}
2024-12-08 14:25:36,394 WARN  [http-nio-auto-16-exec-4] m.r.e.RestExceptionHandler - RestErrorResponse{message='Acesso negado', entityName='null', description='uri=/customer/cart', fieldErrors=[]}
2024-12-08 14:25:36,416 WARN  [http-nio-auto-16-exec-5] m.r.e.RestExceptionHandler - RestErrorResponse{message='Acesso negado', entityName='null', description='uri=/customer/cart', fieldErrors=[]}
2024-12-08 14:25:36,429 INFO  [main] o.a.c.h.Http11NioProtocol - Pausing ProtocolHandler ["http-nio-auto-16"]
2024-12-08 14:25:36,429 INFO  [main] o.a.c.c.StandardService - Stopping service [Tomcat]
2024-12-08 14:25:36,430 INFO  [main] o.a.c.c.C.[.[.[/] - Destroying Spring FrameworkServlet 'dispatcherServlet'
2024-12-08 14:25:36,433 INFO  [main] o.a.c.h.Http11NioProtocol - Stopping ProtocolHandler ["http-nio-auto-16"]
2024-12-08 14:25:36,435 INFO  [main] o.a.c.h.Http11NioProtocol - Destroying ProtocolHandler ["http-nio-auto-16"]
[[1;34mINFO[m] [1;32mTests run: [0;1;32m5[m, Failures: 0, Errors: 0, Skipped: 0, Time elapsed: 1.71 s - in market.[1mv1_gpt35_run02_CartRestControllerTest[m
[[1;34mINFO[m] Running market.[1mv1_gpt35_run03_ProductsRestControllerTest[m

  .   ____          _            __ _ _
 /\\ / ___'_ __ _ _(_)_ __  __ _ \ \ \ \
( ( )\___ | '_ | '_| | '_ \/ _` | \ \ \ \
 \\/  ___)| |_)| | | | | || (_| |  ) ) ) )
  '  |____| .__|_| |_|_| |_\__, | / / / /
 =========|_|==============|___/=/_/_/_/
 :: Spring Boot ::                (v2.4.3)

2024-12-08 14:25:36,458 INFO  [main] o.a.m.s.b.ForkedBooter - Starting ForkedBooter v2.22.0 using Java 11.0.20 on IFTO-PROBOOK with PID 21357 (started by rincon in /media/rincon/63999417195/eclipse-workspace/EMB-master/jdk_11_maven/cs/rest-gui/market/market-rest)
2024-12-08 14:25:36,459 INFO  [main] o.a.m.s.b.ForkedBooter - No active profile set, falling back to default profiles: default
2024-12-08 14:25:36,460 WARN  [main] o.s.b.c.c.ConfigDataEnvironment - Property 'spring.profiles' imported from location 'class path resource [application.yml]' is invalid and should be replaced with 'spring.config.activate.on-profile' [origin: class path resource [application.yml] - 34:13]
2024-12-08 14:25:36,460 WARN  [main] o.s.b.c.c.ConfigDataEnvironment - Property 'spring.profiles' imported from location 'class path resource [application.yml]' is invalid and should be replaced with 'spring.config.activate.on-profile' [origin: class path resource [application.yml] - 24:13]
2024-12-08 14:25:36,668 INFO  [main] o.s.d.r.c.RepositoryConfigurationDelegate - Bootstrapping Spring Data JPA repositories in DEFAULT mode.
2024-12-08 14:25:36,702 INFO  [main] o.s.d.r.c.RepositoryConfigurationDelegate - Finished Spring Data repository scanning in 33 ms. Found 8 JPA repository interfaces.
2024-12-08 14:25:36,755 INFO  [main] o.s.c.s.PostProcessorRegistrationDelegate$BeanPostProcessorChecker - Bean 'market.DataConfig' of type [market.DataConfig$$EnhancerBySpringCGLIB$$af6433b6] is not eligible for getting processed by all BeanPostProcessors (for example: not eligible for auto-proxying)
2024-12-08 14:25:36,780 INFO  [main] o.s.c.s.PostProcessorRegistrationDelegate$BeanPostProcessorChecker - Bean 'org.springframework.security.access.expression.method.DefaultMethodSecurityExpressionHandler@361be078' of type [org.springframework.security.access.expression.method.DefaultMethodSecurityExpressionHandler] is not eligible for getting processed by all BeanPostProcessors (for example: not eligible for auto-proxying)
2024-12-08 14:25:36,781 INFO  [main] o.s.c.s.PostProcessorRegistrationDelegate$BeanPostProcessorChecker - Bean 'methodSecurityMetadataSource' of type [org.springframework.security.access.method.DelegatingMethodSecurityMetadataSource] is not eligible for getting processed by all BeanPostProcessors (for example: not eligible for auto-proxying)
2024-12-08 14:25:36,833 INFO  [main] o.s.b.w.e.t.TomcatWebServer - Tomcat initialized with port(s): 0 (http)
2024-12-08 14:25:36,834 INFO  [main] o.a.c.h.Http11NioProtocol - Initializing ProtocolHandler ["http-nio-auto-17"]
2024-12-08 14:25:36,834 INFO  [main] o.a.c.c.StandardService - Starting service [Tomcat]
2024-12-08 14:25:36,834 INFO  [main] o.a.c.c.StandardEngine - Starting Servlet engine: [Apache Tomcat/9.0.43]
2024-12-08 14:25:36,846 INFO  [main] o.a.c.c.C.[.[.[/] - Initializing Spring embedded WebApplicationContext
2024-12-08 14:25:36,846 INFO  [main] o.s.b.w.s.c.ServletWebServerApplicationContext - Root WebApplicationContext: initialization completed in 386 ms
2024-12-08 14:25:36,882 INFO  [main] c.z.h.HikariDataSource - HikariPool-17 - Starting...
2024-12-08 14:25:36,883 INFO  [main] c.z.h.HikariDataSource - HikariPool-17 - Start completed.
2024-12-08 14:25:36,902 INFO  [main] o.h.j.i.u.LogHelper - HHH000204: Processing PersistenceUnitInfo [name: default]
2024-12-08 14:25:36,920 INFO  [main] o.h.d.Dialect - HHH000400: Using dialect: org.hibernate.dialect.H2Dialect
2024-12-08 14:25:36,937 WARN  [main] o.h.b.i.InFlightMetadataCollectorImpl - HHH000069: Duplicate generator name gen
2024-12-08 14:25:36,938 WARN  [main] o.h.b.i.InFlightMetadataCollectorImpl - HHH000069: Duplicate generator name gen
2024-12-08 14:25:37,057 INFO  [main] o.h.e.t.j.p.i.JtaPlatformInitiator - HHH000490: Using JtaPlatform implementation: [org.hibernate.engine.transaction.jta.platform.internal.NoJtaPlatform]
2024-12-08 14:25:37,057 INFO  [main] o.s.o.j.LocalContainerEntityManagerFactoryBean - Initialized JPA EntityManagerFactory for persistence unit 'default'
2024-12-08 14:25:37,230 WARN  [main] o.s.b.a.o.j.JpaBaseConfiguration$JpaWebConfiguration - spring.jpa.open-in-view is enabled by default. Therefore, database queries may be performed during view rendering. Explicitly configure spring.jpa.open-in-view to disable this warning
2024-12-08 14:25:37,348 INFO  [main] o.s.s.w.DefaultSecurityFilterChain - Will secure any request with [org.springframework.security.web.context.request.async.WebAsyncManagerIntegrationFilter@6f87ac3d, org.springframework.security.web.context.SecurityContextPersistenceFilter@54a993a2, org.springframework.security.web.header.HeaderWriterFilter@53664bd1, org.springframework.security.web.authentication.logout.LogoutFilter@35ff93cd, org.springframework.security.web.authentication.www.BasicAuthenticationFilter@206600a5, org.springframework.security.web.savedrequest.RequestCacheAwareFilter@4a350350, org.springframework.security.web.servletapi.SecurityContextHolderAwareRequestFilter@2b6ce104, org.springframework.security.web.authentication.AnonymousAuthenticationFilter@7e08c286, org.springframework.security.web.session.SessionManagementFilter@7d9f74d3, org.springframework.security.web.access.ExceptionTranslationFilter@350560ff, org.springframework.security.web.access.intercept.FilterSecurityInterceptor@66df52ee]
2024-12-08 14:25:37,372 INFO  [main] o.s.s.c.ThreadPoolTaskExecutor - Initializing ExecutorService 'applicationTaskExecutor'
2024-12-08 14:25:37,463 INFO  [main] o.a.c.h.Http11NioProtocol - Starting ProtocolHandler ["http-nio-auto-17"]
2024-12-08 14:25:37,466 INFO  [main] o.s.b.w.e.t.TomcatWebServer - Tomcat started on port(s): 44511 (http) with context path ''
2024-12-08 14:25:37,560 INFO  [main] o.a.m.s.b.ForkedBooter - Started ForkedBooter in 1.12 seconds (JVM running for 41.692)
2024-12-08 14:25:37,615 INFO  [http-nio-auto-17-exec-1] o.a.c.c.C.[.[.[/] - Initializing Spring DispatcherServlet 'dispatcherServlet'
2024-12-08 14:25:37,615 INFO  [http-nio-auto-17-exec-1] o.s.w.s.DispatcherServlet - Initializing Servlet 'dispatcherServlet'
2024-12-08 14:25:37,617 INFO  [http-nio-auto-17-exec-1] o.s.w.s.DispatcherServlet - Completed initialization in 2 ms
2024-12-08 14:25:37,811 INFO  [main] o.a.c.h.Http11NioProtocol - Pausing ProtocolHandler ["http-nio-auto-17"]
2024-12-08 14:25:37,811 INFO  [main] o.a.c.c.StandardService - Stopping service [Tomcat]
2024-12-08 14:25:37,812 INFO  [main] o.a.c.c.C.[.[.[/] - Destroying Spring FrameworkServlet 'dispatcherServlet'
2024-12-08 14:25:37,815 INFO  [main] o.a.c.h.Http11NioProtocol - Stopping ProtocolHandler ["http-nio-auto-17"]
2024-12-08 14:25:37,817 INFO  [main] o.a.c.h.Http11NioProtocol - Destroying ProtocolHandler ["http-nio-auto-17"]
[[1;34mINFO[m] [1;32mTests run: [0;1;32m2[m, Failures: 0, Errors: 0, Skipped: 0, Time elapsed: 1.377 s - in market.[1mv1_gpt35_run03_ProductsRestControllerTest[m
[[1;34mINFO[m] Running market.[1mv1_gpt35_run01_RestExceptionHandlerTest[m

  .   ____          _            __ _ _
 /\\ / ___'_ __ _ _(_)_ __  __ _ \ \ \ \
( ( )\___ | '_ | '_| | '_ \/ _` | \ \ \ \
 \\/  ___)| |_)| | | | | || (_| |  ) ) ) )
  '  |____| .__|_| |_|_| |_\__, | / / / /
 =========|_|==============|___/=/_/_/_/
 :: Spring Boot ::                (v2.4.3)

2024-12-08 14:25:37,850 INFO  [main] o.a.m.s.b.ForkedBooter - Starting ForkedBooter v2.22.0 using Java 11.0.20 on IFTO-PROBOOK with PID 21357 (started by rincon in /media/rincon/63999417195/eclipse-workspace/EMB-master/jdk_11_maven/cs/rest-gui/market/market-rest)
2024-12-08 14:25:37,850 INFO  [main] o.a.m.s.b.ForkedBooter - No active profile set, falling back to default profiles: default
2024-12-08 14:25:37,851 WARN  [main] o.s.b.c.c.ConfigDataEnvironment - Property 'spring.profiles' imported from location 'class path resource [application.yml]' is invalid and should be replaced with 'spring.config.activate.on-profile' [origin: class path resource [application.yml] - 34:13]
2024-12-08 14:25:37,852 WARN  [main] o.s.b.c.c.ConfigDataEnvironment - Property 'spring.profiles' imported from location 'class path resource [application.yml]' is invalid and should be replaced with 'spring.config.activate.on-profile' [origin: class path resource [application.yml] - 24:13]
2024-12-08 14:25:38,078 INFO  [main] o.s.d.r.c.RepositoryConfigurationDelegate - Bootstrapping Spring Data JPA repositories in DEFAULT mode.
2024-12-08 14:25:38,101 INFO  [main] o.s.d.r.c.RepositoryConfigurationDelegate - Finished Spring Data repository scanning in 22 ms. Found 8 JPA repository interfaces.
2024-12-08 14:25:38,138 INFO  [main] o.s.c.s.PostProcessorRegistrationDelegate$BeanPostProcessorChecker - Bean 'market.DataConfig' of type [market.DataConfig$$EnhancerBySpringCGLIB$$af6433b6] is not eligible for getting processed by all BeanPostProcessors (for example: not eligible for auto-proxying)
2024-12-08 14:25:38,158 INFO  [main] o.s.c.s.PostProcessorRegistrationDelegate$BeanPostProcessorChecker - Bean 'org.springframework.security.access.expression.method.DefaultMethodSecurityExpressionHandler@7cefe985' of type [org.springframework.security.access.expression.method.DefaultMethodSecurityExpressionHandler] is not eligible for getting processed by all BeanPostProcessors (for example: not eligible for auto-proxying)
2024-12-08 14:25:38,160 INFO  [main] o.s.c.s.PostProcessorRegistrationDelegate$BeanPostProcessorChecker - Bean 'methodSecurityMetadataSource' of type [org.springframework.security.access.method.DelegatingMethodSecurityMetadataSource] is not eligible for getting processed by all BeanPostProcessors (for example: not eligible for auto-proxying)
2024-12-08 14:25:38,205 INFO  [main] o.s.b.w.e.t.TomcatWebServer - Tomcat initialized with port(s): 0 (http)
2024-12-08 14:25:38,206 INFO  [main] o.a.c.h.Http11NioProtocol - Initializing ProtocolHandler ["http-nio-auto-18"]
2024-12-08 14:25:38,207 INFO  [main] o.a.c.c.StandardService - Starting service [Tomcat]
2024-12-08 14:25:38,207 INFO  [main] o.a.c.c.StandardEngine - Starting Servlet engine: [Apache Tomcat/9.0.43]
2024-12-08 14:25:38,220 INFO  [main] o.a.c.c.C.[.[.[/] - Initializing Spring embedded WebApplicationContext
2024-12-08 14:25:38,220 INFO  [main] o.s.b.w.s.c.ServletWebServerApplicationContext - Root WebApplicationContext: initialization completed in 368 ms
2024-12-08 14:25:38,251 INFO  [main] c.z.h.HikariDataSource - HikariPool-18 - Starting...
2024-12-08 14:25:38,252 INFO  [main] c.z.h.HikariDataSource - HikariPool-18 - Start completed.
2024-12-08 14:25:38,265 INFO  [main] o.h.j.i.u.LogHelper - HHH000204: Processing PersistenceUnitInfo [name: default]
2024-12-08 14:25:38,297 INFO  [main] o.h.d.Dialect - HHH000400: Using dialect: org.hibernate.dialect.H2Dialect
2024-12-08 14:25:38,312 WARN  [main] o.h.b.i.InFlightMetadataCollectorImpl - HHH000069: Duplicate generator name gen
2024-12-08 14:25:38,313 WARN  [main] o.h.b.i.InFlightMetadataCollectorImpl - HHH000069: Duplicate generator name gen
2024-12-08 14:25:38,415 INFO  [main] o.h.e.t.j.p.i.JtaPlatformInitiator - HHH000490: Using JtaPlatform implementation: [org.hibernate.engine.transaction.jta.platform.internal.NoJtaPlatform]
2024-12-08 14:25:38,415 INFO  [main] o.s.o.j.LocalContainerEntityManagerFactoryBean - Initialized JPA EntityManagerFactory for persistence unit 'default'
2024-12-08 14:25:38,568 WARN  [main] o.s.b.a.o.j.JpaBaseConfiguration$JpaWebConfiguration - spring.jpa.open-in-view is enabled by default. Therefore, database queries may be performed during view rendering. Explicitly configure spring.jpa.open-in-view to disable this warning
2024-12-08 14:25:38,704 INFO  [main] o.s.s.w.DefaultSecurityFilterChain - Will secure any request with [org.springframework.security.web.context.request.async.WebAsyncManagerIntegrationFilter@1f425508, org.springframework.security.web.context.SecurityContextPersistenceFilter@173d0460, org.springframework.security.web.header.HeaderWriterFilter@2b52fd9f, org.springframework.security.web.authentication.logout.LogoutFilter@1625d6e3, org.springframework.security.web.authentication.www.BasicAuthenticationFilter@7ab5092c, org.springframework.security.web.savedrequest.RequestCacheAwareFilter@933123b, org.springframework.security.web.servletapi.SecurityContextHolderAwareRequestFilter@3531a887, org.springframework.security.web.authentication.AnonymousAuthenticationFilter@6702370, org.springframework.security.web.session.SessionManagementFilter@241f06c8, org.springframework.security.web.access.ExceptionTranslationFilter@1031d428, org.springframework.security.web.access.intercept.FilterSecurityInterceptor@48776ce8]
2024-12-08 14:25:38,730 INFO  [main] o.s.s.c.ThreadPoolTaskExecutor - Initializing ExecutorService 'applicationTaskExecutor'
2024-12-08 14:25:38,828 INFO  [main] o.a.c.h.Http11NioProtocol - Starting ProtocolHandler ["http-nio-auto-18"]
2024-12-08 14:25:38,845 INFO  [main] o.s.b.w.e.t.TomcatWebServer - Tomcat started on port(s): 38171 (http) with context path ''
2024-12-08 14:25:38,949 INFO  [main] o.a.m.s.b.ForkedBooter - Started ForkedBooter in 1.128 seconds (JVM running for 43.082)
2024-12-08 14:25:39,008 INFO  [http-nio-auto-18-exec-1] o.a.c.c.C.[.[.[/] - Initializing Spring DispatcherServlet 'dispatcherServlet'
2024-12-08 14:25:39,008 INFO  [http-nio-auto-18-exec-1] o.s.w.s.DispatcherServlet - Initializing Servlet 'dispatcherServlet'
2024-12-08 14:25:39,010 INFO  [http-nio-auto-18-exec-1] o.s.w.s.DispatcherServlet - Completed initialization in 2 ms
2024-12-08 14:25:39,013 WARN  [http-nio-auto-18-exec-1] m.r.e.RestExceptionHandler - RestErrorResponse{message='Acesso negado', entityName='null', description='uri=/customer/contacts', fieldErrors=[]}
Request method:	GET
Request URI:	http://localhost:38171/customer/contacts
Proxy:			<none>
Request params:	<none>
Query params:	<none>
Form params:	<none>
Path params:	<none>
Headers:		Accept=*/*
Cookies:		<none>
Multiparts:		<none>
Body:			<none>

HTTP/1.1 401 
X-Content-Type-Options: nosniff
X-XSS-Protection: 1; mode=block
Cache-Control: no-cache, no-store, max-age=0, must-revalidate
Pragma: no-cache
Expires: 0
Content-Type: application/json
Transfer-Encoding: chunked
Date: Sun, 08 Dec 2024 17:25:39 GMT
Keep-Alive: timeout=60
Connection: keep-alive

{
    "message": "Acesso negado",
    "description": "uri=/customer/contacts",
    "entityName": null,
    "fieldErrors": [
        
    ]
}
2024-12-08 14:25:39,039 WARN  [http-nio-auto-18-exec-2] m.r.e.RestExceptionHandler - RestErrorResponse{message='Acesso negado', entityName='null', description='uri=/customer/cart', fieldErrors=[]}
2024-12-08 14:25:39,066 ERROR [http-nio-auto-18-exec-3] m.r.e.RestExceptionHandler - RestErrorResponse{message='Content type 'application/x-www-form-urlencoded;charset=ISO-8859-1' not supported', entityName='null', description='uri=/register', fieldErrors=[]}
org.springframework.web.HttpMediaTypeNotSupportedException: Content type 'application/x-www-form-urlencoded;charset=ISO-8859-1' not supported
	at org.springframework.web.servlet.mvc.method.annotation.AbstractMessageConverterMethodArgumentResolver.readWithMessageConverters(AbstractMessageConverterMethodArgumentResolver.java:207)
	at org.springframework.web.servlet.mvc.method.annotation.RequestResponseBodyMethodProcessor.readWithMessageConverters(RequestResponseBodyMethodProcessor.java:158)
	at org.springframework.web.servlet.mvc.method.annotation.RequestResponseBodyMethodProcessor.resolveArgument(RequestResponseBodyMethodProcessor.java:131)
	at org.springframework.web.method.support.HandlerMethodArgumentResolverComposite.resolveArgument(HandlerMethodArgumentResolverComposite.java:121)
	at org.springframework.web.method.support.InvocableHandlerMethod.getMethodArgumentValues(InvocableHandlerMethod.java:170)
	at org.springframework.web.method.support.InvocableHandlerMethod.invokeForRequest(InvocableHandlerMethod.java:137)
	at org.springframework.web.servlet.mvc.method.annotation.ServletInvocableHandlerMethod.invokeAndHandle(ServletInvocableHandlerMethod.java:106)
	at org.springframework.web.servlet.mvc.method.annotation.RequestMappingHandlerAdapter.invokeHandlerMethod(RequestMappingHandlerAdapter.java:894)
	at org.springframework.web.servlet.mvc.method.annotation.RequestMappingHandlerAdapter.handleInternal(RequestMappingHandlerAdapter.java:808)
	at org.springframework.web.servlet.mvc.method.AbstractHandlerMethodAdapter.handle(AbstractHandlerMethodAdapter.java:87)
	at org.springframework.web.servlet.DispatcherServlet.doDispatch(DispatcherServlet.java:1060)
	at org.springframework.web.servlet.DispatcherServlet.doService(DispatcherServlet.java:962)
	at org.springframework.web.servlet.FrameworkServlet.processRequest(FrameworkServlet.java:1006)
	at org.springframework.web.servlet.FrameworkServlet.doPost(FrameworkServlet.java:909)
	at javax.servlet.http.HttpServlet.service(HttpServlet.java:665)
	at org.springframework.web.servlet.FrameworkServlet.service(FrameworkServlet.java:883)
	at javax.servlet.http.HttpServlet.service(HttpServlet.java:750)
	at org.apache.catalina.core.ApplicationFilterChain.internalDoFilter(ApplicationFilterChain.java:227)
	at org.apache.catalina.core.ApplicationFilterChain.doFilter(ApplicationFilterChain.java:162)
	at org.apache.tomcat.websocket.server.WsFilter.doFilter(WsFilter.java:53)
	at org.apache.catalina.core.ApplicationFilterChain.internalDoFilter(ApplicationFilterChain.java:189)
	at org.apache.catalina.core.ApplicationFilterChain.doFilter(ApplicationFilterChain.java:162)
	at org.springframework.security.web.FilterChainProxy$VirtualFilterChain.doFilter(FilterChainProxy.java:327)
	at org.springframework.security.web.access.intercept.FilterSecurityInterceptor.invoke(FilterSecurityInterceptor.java:115)
	at org.springframework.security.web.access.intercept.FilterSecurityInterceptor.doFilter(FilterSecurityInterceptor.java:81)
	at org.springframework.security.web.FilterChainProxy$VirtualFilterChain.doFilter(FilterChainProxy.java:336)
	at org.springframework.security.web.access.ExceptionTranslationFilter.doFilter(ExceptionTranslationFilter.java:119)
	at org.springframework.security.web.access.ExceptionTranslationFilter.doFilter(ExceptionTranslationFilter.java:113)
	at org.springframework.security.web.FilterChainProxy$VirtualFilterChain.doFilter(FilterChainProxy.java:336)
	at org.springframework.security.web.session.SessionManagementFilter.doFilter(SessionManagementFilter.java:126)
	at org.springframework.security.web.session.SessionManagementFilter.doFilter(SessionManagementFilter.java:81)
	at org.springframework.security.web.FilterChainProxy$VirtualFilterChain.doFilter(FilterChainProxy.java:336)
	at org.springframework.security.web.authentication.AnonymousAuthenticationFilter.doFilter(AnonymousAuthenticationFilter.java:105)
	at org.springframework.security.web.FilterChainProxy$VirtualFilterChain.doFilter(FilterChainProxy.java:336)
	at org.springframework.security.web.servletapi.SecurityContextHolderAwareRequestFilter.doFilter(SecurityContextHolderAwareRequestFilter.java:149)
	at org.springframework.security.web.FilterChainProxy$VirtualFilterChain.doFilter(FilterChainProxy.java:336)
	at org.springframework.security.web.savedrequest.RequestCacheAwareFilter.doFilter(RequestCacheAwareFilter.java:63)
	at org.springframework.security.web.FilterChainProxy$VirtualFilterChain.doFilter(FilterChainProxy.java:336)
	at org.springframework.security.web.authentication.www.BasicAuthenticationFilter.doFilterInternal(BasicAuthenticationFilter.java:149)
	at org.springframework.web.filter.OncePerRequestFilter.doFilter(OncePerRequestFilter.java:119)
	at org.springframework.security.web.FilterChainProxy$VirtualFilterChain.doFilter(FilterChainProxy.java:336)
	at org.springframework.security.web.authentication.logout.LogoutFilter.doFilter(LogoutFilter.java:103)
	at org.springframework.security.web.authentication.logout.LogoutFilter.doFilter(LogoutFilter.java:89)
	at org.springframework.security.web.FilterChainProxy$VirtualFilterChain.doFilter(FilterChainProxy.java:336)
	at org.springframework.security.web.header.HeaderWriterFilter.doHeadersAfter(HeaderWriterFilter.java:90)
	at org.springframework.security.web.header.HeaderWriterFilter.doFilterInternal(HeaderWriterFilter.java:75)
	at org.springframework.web.filter.OncePerRequestFilter.doFilter(OncePerRequestFilter.java:119)
	at org.springframework.security.web.FilterChainProxy$VirtualFilterChain.doFilter(FilterChainProxy.java:336)
	at org.springframework.security.web.context.SecurityContextPersistenceFilter.doFilter(SecurityContextPersistenceFilter.java:110)
	at org.springframework.security.web.context.SecurityContextPersistenceFilter.doFilter(SecurityContextPersistenceFilter.java:80)
	at org.springframework.security.web.FilterChainProxy$VirtualFilterChain.doFilter(FilterChainProxy.java:336)
	at org.springframework.security.web.context.request.async.WebAsyncManagerIntegrationFilter.doFilterInternal(WebAsyncManagerIntegrationFilter.java:55)
	at org.springframework.web.filter.OncePerRequestFilter.doFilter(OncePerRequestFilter.java:119)
	at org.springframework.security.web.FilterChainProxy$VirtualFilterChain.doFilter(FilterChainProxy.java:336)
	at org.springframework.security.web.FilterChainProxy.doFilterInternal(FilterChainProxy.java:211)
	at org.springframework.security.web.FilterChainProxy.doFilter(FilterChainProxy.java:183)
	at org.springframework.web.filter.DelegatingFilterProxy.invokeDelegate(DelegatingFilterProxy.java:358)
	at org.springframework.web.filter.DelegatingFilterProxy.doFilter(DelegatingFilterProxy.java:271)
	at org.apache.catalina.core.ApplicationFilterChain.internalDoFilter(ApplicationFilterChain.java:189)
	at org.apache.catalina.core.ApplicationFilterChain.doFilter(ApplicationFilterChain.java:162)
	at org.springframework.web.filter.RequestContextFilter.doFilterInternal(RequestContextFilter.java:100)
	at org.springframework.web.filter.OncePerRequestFilter.doFilter(OncePerRequestFilter.java:119)
	at org.apache.catalina.core.ApplicationFilterChain.internalDoFilter(ApplicationFilterChain.java:189)
	at org.apache.catalina.core.ApplicationFilterChain.doFilter(ApplicationFilterChain.java:162)
	at org.springframework.web.filter.FormContentFilter.doFilterInternal(FormContentFilter.java:93)
	at org.springframework.web.filter.OncePerRequestFilter.doFilter(OncePerRequestFilter.java:119)
	at org.apache.catalina.core.ApplicationFilterChain.internalDoFilter(ApplicationFilterChain.java:189)
	at org.apache.catalina.core.ApplicationFilterChain.doFilter(ApplicationFilterChain.java:162)
	at org.springframework.web.filter.CharacterEncodingFilter.doFilterInternal(CharacterEncodingFilter.java:201)
	at org.springframework.web.filter.OncePerRequestFilter.doFilter(OncePerRequestFilter.java:119)
	at org.apache.catalina.core.ApplicationFilterChain.internalDoFilter(ApplicationFilterChain.java:189)
	at org.apache.catalina.core.ApplicationFilterChain.doFilter(ApplicationFilterChain.java:162)
	at org.apache.catalina.core.StandardWrapperValve.invoke(StandardWrapperValve.java:202)
	at org.apache.catalina.core.StandardContextValve.invoke(StandardContextValve.java:97)
	at org.apache.catalina.authenticator.AuthenticatorBase.invoke(AuthenticatorBase.java:542)
	at org.apache.catalina.core.StandardHostValve.invoke(StandardHostValve.java:143)
	at org.apache.catalina.valves.ErrorReportValve.invoke(ErrorReportValve.java:92)
	at org.apache.catalina.core.StandardEngineValve.invoke(StandardEngineValve.java:78)
	at org.apache.catalina.connector.CoyoteAdapter.service(CoyoteAdapter.java:346)
	at org.apache.coyote.http11.Http11Processor.service(Http11Processor.java:374)
	at org.apache.coyote.AbstractProcessorLight.process(AbstractProcessorLight.java:65)
	at org.apache.coyote.AbstractProtocol$ConnectionHandler.process(AbstractProtocol.java:887)
	at org.apache.tomcat.util.net.NioEndpoint$SocketProcessor.doRun(NioEndpoint.java:1684)
	at org.apache.tomcat.util.net.SocketProcessorBase.run(SocketProcessorBase.java:49)
	at java.base/java.util.concurrent.ThreadPoolExecutor.runWorker(ThreadPoolExecutor.java:1128)
	at java.base/java.util.concurrent.ThreadPoolExecutor$Worker.run(ThreadPoolExecutor.java:628)
	at org.apache.tomcat.util.threads.TaskThread$WrappingRunnable.run(TaskThread.java:61)
	at java.base/java.lang.Thread.run(Thread.java:834)
Request method:	POST
Request URI:	http://localhost:38171/register
Proxy:			<none>
Request params:	<none>
Query params:	<none>
Form params:	<none>
Path params:	<none>
Headers:		Accept=*/*
				Content-Type=application/x-www-form-urlencoded; charset=ISO-8859-1
Cookies:		<none>
Multiparts:		<none>
Body:			<none>

HTTP/1.1 500 
X-Content-Type-Options: nosniff
X-XSS-Protection: 1; mode=block
Cache-Control: no-cache, no-store, max-age=0, must-revalidate
Pragma: no-cache
Expires: 0
Content-Type: application/json
Transfer-Encoding: chunked
Date: Sun, 08 Dec 2024 17:25:39 GMT
Connection: close

{
    "message": "Content type 'application/x-www-form-urlencoded;charset=ISO-8859-1' not supported",
    "description": "uri=/register",
    "entityName": null,
    "fieldErrors": [
        
    ]
}
2024-12-08 14:25:39,095 WARN  [http-nio-auto-18-exec-4] m.r.e.RestExceptionHandler - RestErrorResponse{message='Acesso negado', entityName='null', description='uri=/customer/orders/123', fieldErrors=[]}
Request method:	GET
Request URI:	http://localhost:38171/customer/orders/123
Proxy:			<none>
Request params:	<none>
Query params:	<none>
Form params:	<none>
Path params:	<none>
Headers:		Accept=*/*
Cookies:		<none>
Multiparts:		<none>
Body:			<none>

HTTP/1.1 401 
X-Content-Type-Options: nosniff
X-XSS-Protection: 1; mode=block
Cache-Control: no-cache, no-store, max-age=0, must-revalidate
Pragma: no-cache
Expires: 0
Content-Type: application/json
Transfer-Encoding: chunked
Date: Sun, 08 Dec 2024 17:25:39 GMT
Keep-Alive: timeout=60
Connection: keep-alive

{
    "message": "Acesso negado",
    "description": "uri=/customer/orders/123",
    "entityName": null,
    "fieldErrors": [
        
    ]
}
Request method:	GET
Request URI:	http://localhost:38171/customer
Proxy:			<none>
Request params:	<none>
Query params:	<none>
Form params:	<none>
Path params:	<none>
Headers:		Accept=*/*
Cookies:		<none>
Multiparts:		<none>
Body:			<none>

HTTP/1.1 401 
Set-Cookie: JSESSIONID=536E0C3680DA5D898D2D6DC07D80618B; Path=/; HttpOnly
WWW-Authenticate: Basic realm="Realm"
X-Content-Type-Options: nosniff
X-XSS-Protection: 1; mode=block
Cache-Control: no-cache, no-store, max-age=0, must-revalidate
Pragma: no-cache
Expires: 0
Content-Type: application/json
Transfer-Encoding: chunked
Date: Sun, 08 Dec 2024 17:25:39 GMT
Keep-Alive: timeout=60
Connection: keep-alive

{
    "timestamp": "2024-12-08T17:25:39.115+00:00",
    "status": 401,
    "error": "Unauthorized",
    "message": "",
    "path": "/customer"
}
2024-12-08 14:25:39,130 INFO  [main] o.a.c.h.Http11NioProtocol - Pausing ProtocolHandler ["http-nio-auto-18"]
2024-12-08 14:25:39,131 INFO  [main] o.a.c.c.StandardService - Stopping service [Tomcat]
2024-12-08 14:25:39,131 INFO  [main] o.a.c.c.C.[.[.[/] - Destroying Spring FrameworkServlet 'dispatcherServlet'
2024-12-08 14:25:39,134 INFO  [main] o.a.c.h.Http11NioProtocol - Stopping ProtocolHandler ["http-nio-auto-18"]
2024-12-08 14:25:39,137 INFO  [main] o.a.c.h.Http11NioProtocol - Destroying ProtocolHandler ["http-nio-auto-18"]
[[1;31mERROR[m] [1;31mTests [0;1mrun: [0;1m5[m, [1;31mFailures: [0;1;31m4[m, Errors: 0, Skipped: 0, Time elapsed: 1.315 s[1;31m <<< FAILURE![m - in market.[1mv1_gpt35_run01_RestExceptionHandlerTest[m
[[1;31mERROR[m] testCustomNotValidException  Time elapsed: 0.033 s  <<< FAILURE!
java.lang.AssertionError: 
1 expectation failed.
Expected status code <406> but was <401>.

	at market.v1_gpt35_run01_RestExceptionHandlerTest.testCustomNotValidException(v1_gpt35_run01_RestExceptionHandlerTest.java:95)

[[1;31mERROR[m] testMethodArgumentNotValidException  Time elapsed: 0.051 s  <<< FAILURE!
java.lang.AssertionError: 
1 expectation failed.
Expected status code <400> but was <500>.

	at market.v1_gpt35_run01_RestExceptionHandlerTest.testMethodArgumentNotValidException(v1_gpt35_run01_RestExceptionHandlerTest.java:104)

[[1;31mERROR[m] testUnknownEntityException  Time elapsed: 0.004 s  <<< FAILURE!
java.lang.AssertionError: 
1 expectation failed.
Expected status code <404> but was <401>.

	at market.v1_gpt35_run01_RestExceptionHandlerTest.testUnknownEntityException(v1_gpt35_run01_RestExceptionHandlerTest.java:86)

[[1;31mERROR[m] testExceptionHandling  Time elapsed: 0.023 s  <<< FAILURE!
java.lang.AssertionError: 
1 expectation failed.
Expected status code <500> but was <401>.

	at market.v1_gpt35_run01_RestExceptionHandlerTest.testExceptionHandling(v1_gpt35_run01_RestExceptionHandlerTest.java:68)

[[1;34mINFO[m] Running market.[1mv1_gpt35_run02_RestExceptionHandlerTest[m

  .   ____          _            __ _ _
 /\\ / ___'_ __ _ _(_)_ __  __ _ \ \ \ \
( ( )\___ | '_ | '_| | '_ \/ _` | \ \ \ \
 \\/  ___)| |_)| | | | | || (_| |  ) ) ) )
  '  |____| .__|_| |_|_| |_\__, | / / / /
 =========|_|==============|___/=/_/_/_/
 :: Spring Boot ::                (v2.4.3)

2024-12-08 14:25:39,170 INFO  [main] o.a.m.s.b.ForkedBooter - Starting ForkedBooter v2.22.0 using Java 11.0.20 on IFTO-PROBOOK with PID 21357 (started by rincon in /media/rincon/63999417195/eclipse-workspace/EMB-master/jdk_11_maven/cs/rest-gui/market/market-rest)
2024-12-08 14:25:39,171 INFO  [main] o.a.m.s.b.ForkedBooter - No active profile set, falling back to default profiles: default
2024-12-08 14:25:39,172 WARN  [main] o.s.b.c.c.ConfigDataEnvironment - Property 'spring.profiles' imported from location 'class path resource [application.yml]' is invalid and should be replaced with 'spring.config.activate.on-profile' [origin: class path resource [application.yml] - 34:13]
2024-12-08 14:25:39,172 WARN  [main] o.s.b.c.c.ConfigDataEnvironment - Property 'spring.profiles' imported from location 'class path resource [application.yml]' is invalid and should be replaced with 'spring.config.activate.on-profile' [origin: class path resource [application.yml] - 24:13]
2024-12-08 14:25:39,411 INFO  [main] o.s.d.r.c.RepositoryConfigurationDelegate - Bootstrapping Spring Data JPA repositories in DEFAULT mode.
2024-12-08 14:25:39,431 INFO  [main] o.s.d.r.c.RepositoryConfigurationDelegate - Finished Spring Data repository scanning in 19 ms. Found 8 JPA repository interfaces.
2024-12-08 14:25:39,498 INFO  [main] o.s.c.s.PostProcessorRegistrationDelegate$BeanPostProcessorChecker - Bean 'market.DataConfig' of type [market.DataConfig$$EnhancerBySpringCGLIB$$af6433b6] is not eligible for getting processed by all BeanPostProcessors (for example: not eligible for auto-proxying)
2024-12-08 14:25:39,520 INFO  [main] o.s.c.s.PostProcessorRegistrationDelegate$BeanPostProcessorChecker - Bean 'org.springframework.security.access.expression.method.DefaultMethodSecurityExpressionHandler@20fff987' of type [org.springframework.security.access.expression.method.DefaultMethodSecurityExpressionHandler] is not eligible for getting processed by all BeanPostProcessors (for example: not eligible for auto-proxying)
2024-12-08 14:25:39,522 INFO  [main] o.s.c.s.PostProcessorRegistrationDelegate$BeanPostProcessorChecker - Bean 'methodSecurityMetadataSource' of type [org.springframework.security.access.method.DelegatingMethodSecurityMetadataSource] is not eligible for getting processed by all BeanPostProcessors (for example: not eligible for auto-proxying)
2024-12-08 14:25:39,573 INFO  [main] o.s.b.w.e.t.TomcatWebServer - Tomcat initialized with port(s): 0 (http)
2024-12-08 14:25:39,574 INFO  [main] o.a.c.h.Http11NioProtocol - Initializing ProtocolHandler ["http-nio-auto-19"]
2024-12-08 14:25:39,575 INFO  [main] o.a.c.c.StandardService - Starting service [Tomcat]
2024-12-08 14:25:39,575 INFO  [main] o.a.c.c.StandardEngine - Starting Servlet engine: [Apache Tomcat/9.0.43]
2024-12-08 14:25:39,592 INFO  [main] o.a.c.c.C.[.[.[/] - Initializing Spring embedded WebApplicationContext
2024-12-08 14:25:39,592 INFO  [main] o.s.b.w.s.c.ServletWebServerApplicationContext - Root WebApplicationContext: initialization completed in 420 ms
2024-12-08 14:25:39,626 INFO  [main] c.z.h.HikariDataSource - HikariPool-19 - Starting...
2024-12-08 14:25:39,627 INFO  [main] c.z.h.HikariDataSource - HikariPool-19 - Start completed.
2024-12-08 14:25:39,639 INFO  [main] o.h.j.i.u.LogHelper - HHH000204: Processing PersistenceUnitInfo [name: default]
2024-12-08 14:25:39,652 INFO  [main] o.h.d.Dialect - HHH000400: Using dialect: org.hibernate.dialect.H2Dialect
2024-12-08 14:25:39,661 WARN  [main] o.h.b.i.InFlightMetadataCollectorImpl - HHH000069: Duplicate generator name gen
2024-12-08 14:25:39,662 WARN  [main] o.h.b.i.InFlightMetadataCollectorImpl - HHH000069: Duplicate generator name gen
2024-12-08 14:25:39,748 INFO  [main] o.h.e.t.j.p.i.JtaPlatformInitiator - HHH000490: Using JtaPlatform implementation: [org.hibernate.engine.transaction.jta.platform.internal.NoJtaPlatform]
2024-12-08 14:25:39,748 INFO  [main] o.s.o.j.LocalContainerEntityManagerFactoryBean - Initialized JPA EntityManagerFactory for persistence unit 'default'
2024-12-08 14:25:39,902 WARN  [main] o.s.b.a.o.j.JpaBaseConfiguration$JpaWebConfiguration - spring.jpa.open-in-view is enabled by default. Therefore, database queries may be performed during view rendering. Explicitly configure spring.jpa.open-in-view to disable this warning
2024-12-08 14:25:40,051 INFO  [main] o.s.s.w.DefaultSecurityFilterChain - Will secure any request with [org.springframework.security.web.context.request.async.WebAsyncManagerIntegrationFilter@4182526f, org.springframework.security.web.context.SecurityContextPersistenceFilter@3745a832, org.springframework.security.web.header.HeaderWriterFilter@7b9afc69, org.springframework.security.web.authentication.logout.LogoutFilter@4c334131, org.springframework.security.web.authentication.www.BasicAuthenticationFilter@3ee51425, org.springframework.security.web.savedrequest.RequestCacheAwareFilter@1c6a64ac, org.springframework.security.web.servletapi.SecurityContextHolderAwareRequestFilter@30bfbafc, org.springframework.security.web.authentication.AnonymousAuthenticationFilter@7bee01b6, org.springframework.security.web.session.SessionManagementFilter@2d096fba, org.springframework.security.web.access.ExceptionTranslationFilter@27f19ea8, org.springframework.security.web.access.intercept.FilterSecurityInterceptor@2555c07b]
2024-12-08 14:25:40,076 INFO  [main] o.s.s.c.ThreadPoolTaskExecutor - Initializing ExecutorService 'applicationTaskExecutor'
2024-12-08 14:25:40,183 INFO  [main] o.a.c.h.Http11NioProtocol - Starting ProtocolHandler ["http-nio-auto-19"]
2024-12-08 14:25:40,186 INFO  [main] o.s.b.w.e.t.TomcatWebServer - Tomcat started on port(s): 35559 (http) with context path ''
2024-12-08 14:25:40,310 INFO  [main] o.a.m.s.b.ForkedBooter - Started ForkedBooter in 1.169 seconds (JVM running for 44.442)
2024-12-08 14:25:40,405 INFO  [main] o.a.c.h.Http11NioProtocol - Pausing ProtocolHandler ["http-nio-auto-19"]
2024-12-08 14:25:40,405 INFO  [main] o.a.c.c.StandardService - Stopping service [Tomcat]
2024-12-08 14:25:40,408 INFO  [main] o.a.c.h.Http11NioProtocol - Stopping ProtocolHandler ["http-nio-auto-19"]
2024-12-08 14:25:40,410 INFO  [main] o.a.c.h.Http11NioProtocol - Destroying ProtocolHandler ["http-nio-auto-19"]
[[1;34mINFO[m] [1;32mTests run: [0;1;32m13[m, Failures: 0, Errors: 0, Skipped: 0, Time elapsed: 1.257 s - in market.[1mv1_gpt35_run02_RestExceptionHandlerTest[m
[[1;34mINFO[m] Running market.[1mv1_gpt35_run01_CustomerRestControllerTest[m

  .   ____          _            __ _ _
 /\\ / ___'_ __ _ _(_)_ __  __ _ \ \ \ \
( ( )\___ | '_ | '_| | '_ \/ _` | \ \ \ \
 \\/  ___)| |_)| | | | | || (_| |  ) ) ) )
  '  |____| .__|_| |_|_| |_\__, | / / / /
 =========|_|==============|___/=/_/_/_/
 :: Spring Boot ::                (v2.4.3)

2024-12-08 14:25:40,442 INFO  [main] o.a.m.s.b.ForkedBooter - Starting ForkedBooter v2.22.0 using Java 11.0.20 on IFTO-PROBOOK with PID 21357 (started by rincon in /media/rincon/63999417195/eclipse-workspace/EMB-master/jdk_11_maven/cs/rest-gui/market/market-rest)
2024-12-08 14:25:40,443 INFO  [main] o.a.m.s.b.ForkedBooter - No active profile set, falling back to default profiles: default
2024-12-08 14:25:40,444 WARN  [main] o.s.b.c.c.ConfigDataEnvironment - Property 'spring.profiles' imported from location 'class path resource [application.yml]' is invalid and should be replaced with 'spring.config.activate.on-profile' [origin: class path resource [application.yml] - 34:13]
2024-12-08 14:25:40,444 WARN  [main] o.s.b.c.c.ConfigDataEnvironment - Property 'spring.profiles' imported from location 'class path resource [application.yml]' is invalid and should be replaced with 'spring.config.activate.on-profile' [origin: class path resource [application.yml] - 24:13]
2024-12-08 14:25:40,644 INFO  [main] o.s.d.r.c.RepositoryConfigurationDelegate - Bootstrapping Spring Data JPA repositories in DEFAULT mode.
2024-12-08 14:25:40,662 INFO  [main] o.s.d.r.c.RepositoryConfigurationDelegate - Finished Spring Data repository scanning in 17 ms. Found 8 JPA repository interfaces.
2024-12-08 14:25:40,698 INFO  [main] o.s.c.s.PostProcessorRegistrationDelegate$BeanPostProcessorChecker - Bean 'market.DataConfig' of type [market.DataConfig$$EnhancerBySpringCGLIB$$af6433b6] is not eligible for getting processed by all BeanPostProcessors (for example: not eligible for auto-proxying)
2024-12-08 14:25:40,726 INFO  [main] o.s.c.s.PostProcessorRegistrationDelegate$BeanPostProcessorChecker - Bean 'org.springframework.security.access.expression.method.DefaultMethodSecurityExpressionHandler@73e909cf' of type [org.springframework.security.access.expression.method.DefaultMethodSecurityExpressionHandler] is not eligible for getting processed by all BeanPostProcessors (for example: not eligible for auto-proxying)
2024-12-08 14:25:40,727 INFO  [main] o.s.c.s.PostProcessorRegistrationDelegate$BeanPostProcessorChecker - Bean 'methodSecurityMetadataSource' of type [org.springframework.security.access.method.DelegatingMethodSecurityMetadataSource] is not eligible for getting processed by all BeanPostProcessors (for example: not eligible for auto-proxying)
2024-12-08 14:25:40,766 INFO  [main] o.s.b.w.e.t.TomcatWebServer - Tomcat initialized with port(s): 0 (http)
2024-12-08 14:25:40,767 INFO  [main] o.a.c.h.Http11NioProtocol - Initializing ProtocolHandler ["http-nio-auto-20"]
2024-12-08 14:25:40,767 INFO  [main] o.a.c.c.StandardService - Starting service [Tomcat]
2024-12-08 14:25:40,768 INFO  [main] o.a.c.c.StandardEngine - Starting Servlet engine: [Apache Tomcat/9.0.43]
2024-12-08 14:25:40,781 INFO  [main] o.a.c.c.C.[.[.[/] - Initializing Spring embedded WebApplicationContext
2024-12-08 14:25:40,781 INFO  [main] o.s.b.w.s.c.ServletWebServerApplicationContext - Root WebApplicationContext: initialization completed in 337 ms
2024-12-08 14:25:40,810 INFO  [main] c.z.h.HikariDataSource - HikariPool-20 - Starting...
2024-12-08 14:25:40,811 INFO  [main] c.z.h.HikariDataSource - HikariPool-20 - Start completed.
2024-12-08 14:25:40,824 INFO  [main] o.h.j.i.u.LogHelper - HHH000204: Processing PersistenceUnitInfo [name: default]
2024-12-08 14:25:40,838 INFO  [main] o.h.d.Dialect - HHH000400: Using dialect: org.hibernate.dialect.H2Dialect
2024-12-08 14:25:40,851 WARN  [main] o.h.b.i.InFlightMetadataCollectorImpl - HHH000069: Duplicate generator name gen
2024-12-08 14:25:40,853 WARN  [main] o.h.b.i.InFlightMetadataCollectorImpl - HHH000069: Duplicate generator name gen
2024-12-08 14:25:40,940 INFO  [main] o.h.e.t.j.p.i.JtaPlatformInitiator - HHH000490: Using JtaPlatform implementation: [org.hibernate.engine.transaction.jta.platform.internal.NoJtaPlatform]
2024-12-08 14:25:40,941 INFO  [main] o.s.o.j.LocalContainerEntityManagerFactoryBean - Initialized JPA EntityManagerFactory for persistence unit 'default'
2024-12-08 14:25:41,104 WARN  [main] o.s.b.a.o.j.JpaBaseConfiguration$JpaWebConfiguration - spring.jpa.open-in-view is enabled by default. Therefore, database queries may be performed during view rendering. Explicitly configure spring.jpa.open-in-view to disable this warning
2024-12-08 14:25:41,230 INFO  [main] o.s.s.w.DefaultSecurityFilterChain - Will secure any request with [org.springframework.security.web.context.request.async.WebAsyncManagerIntegrationFilter@93f6033, org.springframework.security.web.context.SecurityContextPersistenceFilter@6dc2a93e, org.springframework.security.web.header.HeaderWriterFilter@4f95e890, org.springframework.security.web.authentication.logout.LogoutFilter@57f0f729, org.springframework.security.web.authentication.www.BasicAuthenticationFilter@2beeb06e, org.springframework.security.web.savedrequest.RequestCacheAwareFilter@20d6686c, org.springframework.security.web.servletapi.SecurityContextHolderAwareRequestFilter@4067d58e, org.springframework.security.web.authentication.AnonymousAuthenticationFilter@1be37863, org.springframework.security.web.session.SessionManagementFilter@2639364a, org.springframework.security.web.access.ExceptionTranslationFilter@5e326d7f, org.springframework.security.web.access.intercept.FilterSecurityInterceptor@5c6a30b8]
2024-12-08 14:25:41,257 INFO  [main] o.s.s.c.ThreadPoolTaskExecutor - Initializing ExecutorService 'applicationTaskExecutor'
2024-12-08 14:25:41,339 INFO  [main] o.a.c.h.Http11NioProtocol - Starting ProtocolHandler ["http-nio-auto-20"]
2024-12-08 14:25:41,341 INFO  [main] o.s.b.w.e.t.TomcatWebServer - Tomcat started on port(s): 37561 (http) with context path ''
2024-12-08 14:25:41,452 INFO  [main] o.a.m.s.b.ForkedBooter - Started ForkedBooter in 1.038 seconds (JVM running for 45.584)
2024-12-08 14:25:41,504 INFO  [http-nio-auto-20-exec-1] o.a.c.c.C.[.[.[/] - Initializing Spring DispatcherServlet 'dispatcherServlet'
2024-12-08 14:25:41,504 INFO  [http-nio-auto-20-exec-1] o.s.w.s.DispatcherServlet - Initializing Servlet 'dispatcherServlet'
2024-12-08 14:25:41,506 INFO  [http-nio-auto-20-exec-1] o.s.w.s.DispatcherServlet - Completed initialization in 2 ms
Request method:	GET
Request URI:	http://localhost:37561/customer
Proxy:			<none>
Request params:	<none>
Query params:	<none>
Form params:	<none>
Path params:	<none>
Headers:		Accept=*/*
Cookies:		<none>
Multiparts:		<none>
Body:			<none>

HTTP/1.1 401 
WWW-Authenticate: Basic realm="Realm"
X-Content-Type-Options: nosniff
X-XSS-Protection: 1; mode=block
Cache-Control: no-cache, no-store, max-age=0, must-revalidate
Pragma: no-cache
Expires: 0
Content-Type: application/json
Transfer-Encoding: chunked
Date: Sun, 08 Dec 2024 17:25:41 GMT
Keep-Alive: timeout=60
Connection: keep-alive

{
    "timestamp": "2024-12-08T17:25:41.722+00:00",
    "status": 401,
    "error": "Unauthorized",
    "message": "",
    "path": "/customer"
}
2024-12-08 14:25:41,766 WARN  [http-nio-auto-20-exec-3] m.r.e.RestExceptionHandler - RestErrorResponse{message='Argument validation error', entityName='UserAccount', description='uri=/register', fieldErrors=[{field='email', message='Account with this email already exists'}]}
Request method:	POST
Request URI:	http://localhost:37561/register
Proxy:			<none>
Request params:	<none>
Query params:	<none>
Form params:	<none>
Path params:	<none>
Headers:		Accept=*/*
				Content-Type=application/json; charset=UTF-8
Cookies:		<none>
Multiparts:		<none>
Body:
{
    "email": "ivan.petrov@yandex.ru",
    "password": "petrov",
    "name": "Ivan Petrov",
    "phone": "+7 123 456 78 90",
    "address": "Riesstrasse 18"
}

HTTP/1.1 406 
X-Content-Type-Options: nosniff
X-XSS-Protection: 1; mode=block
Cache-Control: no-cache, no-store, max-age=0, must-revalidate
Pragma: no-cache
Expires: 0
Content-Type: application/json
Transfer-Encoding: chunked
Date: Sun, 08 Dec 2024 17:25:41 GMT
Keep-Alive: timeout=60
Connection: keep-alive

{
    "message": "Argument validation error",
    "description": "uri=/register",
    "entityName": "UserAccount",
    "fieldErrors": [
        {
            "field": "email",
            "message": "Account with this email already exists"
        }
    ]
}
2024-12-08 14:25:41,781 INFO  [main] o.a.c.h.Http11NioProtocol - Pausing ProtocolHandler ["http-nio-auto-20"]
2024-12-08 14:25:41,781 INFO  [main] o.a.c.c.StandardService - Stopping service [Tomcat]
2024-12-08 14:25:41,782 INFO  [main] o.a.c.c.C.[.[.[/] - Destroying Spring FrameworkServlet 'dispatcherServlet'
2024-12-08 14:25:41,784 INFO  [main] o.a.c.h.Http11NioProtocol - Stopping ProtocolHandler ["http-nio-auto-20"]
2024-12-08 14:25:41,787 INFO  [main] o.a.c.h.Http11NioProtocol - Destroying ProtocolHandler ["http-nio-auto-20"]
[[1;31mERROR[m] [1;31mTests [0;1mrun: [0;1m2[m, [1;31mFailures: [0;1;31m2[m, Errors: 0, Skipped: 0, Time elapsed: 1.374 s[1;31m <<< FAILURE![m - in market.[1mv1_gpt35_run01_CustomerRestControllerTest[m
[[1;31mERROR[m] testGetCustomerEndpoint  Time elapsed: 0.253 s  <<< FAILURE!
java.lang.AssertionError: 
1 expectation failed.
Expected status code <200> but was <401>.

	at market.v1_gpt35_run01_CustomerRestControllerTest.testGetCustomerEndpoint(v1_gpt35_run01_CustomerRestControllerTest.java:68)

[[1;31mERROR[m] testCreateCustomerEndpoint  Time elapsed: 0.047 s  <<< FAILURE!
java.lang.AssertionError: 
1 expectation failed.
Expected status code <201> but was <406>.

	at market.v1_gpt35_run01_CustomerRestControllerTest.testCreateCustomerEndpoint(v1_gpt35_run01_CustomerRestControllerTest.java:80)

[[1;34mINFO[m] Running market.[1mv1_gpt35_run03_CustomerRestControllerTest[m

  .   ____          _            __ _ _
 /\\ / ___'_ __ _ _(_)_ __  __ _ \ \ \ \
( ( )\___ | '_ | '_| | '_ \/ _` | \ \ \ \
 \\/  ___)| |_)| | | | | || (_| |  ) ) ) )
  '  |____| .__|_| |_|_| |_\__, | / / / /
 =========|_|==============|___/=/_/_/_/
 :: Spring Boot ::                (v2.4.3)

2024-12-08 14:25:41,810 INFO  [main] o.a.m.s.b.ForkedBooter - Starting ForkedBooter v2.22.0 using Java 11.0.20 on IFTO-PROBOOK with PID 21357 (started by rincon in /media/rincon/63999417195/eclipse-workspace/EMB-master/jdk_11_maven/cs/rest-gui/market/market-rest)
2024-12-08 14:25:41,810 INFO  [main] o.a.m.s.b.ForkedBooter - No active profile set, falling back to default profiles: default
2024-12-08 14:25:41,811 WARN  [main] o.s.b.c.c.ConfigDataEnvironment - Property 'spring.profiles' imported from location 'class path resource [application.yml]' is invalid and should be replaced with 'spring.config.activate.on-profile' [origin: class path resource [application.yml] - 34:13]
2024-12-08 14:25:41,811 WARN  [main] o.s.b.c.c.ConfigDataEnvironment - Property 'spring.profiles' imported from location 'class path resource [application.yml]' is invalid and should be replaced with 'spring.config.activate.on-profile' [origin: class path resource [application.yml] - 24:13]
2024-12-08 14:25:41,975 INFO  [main] o.s.d.r.c.RepositoryConfigurationDelegate - Bootstrapping Spring Data JPA repositories in DEFAULT mode.
2024-12-08 14:25:41,993 INFO  [main] o.s.d.r.c.RepositoryConfigurationDelegate - Finished Spring Data repository scanning in 18 ms. Found 8 JPA repository interfaces.
2024-12-08 14:25:42,026 INFO  [main] o.s.c.s.PostProcessorRegistrationDelegate$BeanPostProcessorChecker - Bean 'market.DataConfig' of type [market.DataConfig$$EnhancerBySpringCGLIB$$af6433b6] is not eligible for getting processed by all BeanPostProcessors (for example: not eligible for auto-proxying)
2024-12-08 14:25:42,044 INFO  [main] o.s.c.s.PostProcessorRegistrationDelegate$BeanPostProcessorChecker - Bean 'org.springframework.security.access.expression.method.DefaultMethodSecurityExpressionHandler@ebaf647' of type [org.springframework.security.access.expression.method.DefaultMethodSecurityExpressionHandler] is not eligible for getting processed by all BeanPostProcessors (for example: not eligible for auto-proxying)
2024-12-08 14:25:42,045 INFO  [main] o.s.c.s.PostProcessorRegistrationDelegate$BeanPostProcessorChecker - Bean 'methodSecurityMetadataSource' of type [org.springframework.security.access.method.DelegatingMethodSecurityMetadataSource] is not eligible for getting processed by all BeanPostProcessors (for example: not eligible for auto-proxying)
2024-12-08 14:25:42,079 INFO  [main] o.s.b.w.e.t.TomcatWebServer - Tomcat initialized with port(s): 0 (http)
2024-12-08 14:25:42,081 INFO  [main] o.a.c.h.Http11NioProtocol - Initializing ProtocolHandler ["http-nio-auto-21"]
2024-12-08 14:25:42,081 INFO  [main] o.a.c.c.StandardService - Starting service [Tomcat]
2024-12-08 14:25:42,082 INFO  [main] o.a.c.c.StandardEngine - Starting Servlet engine: [Apache Tomcat/9.0.43]
2024-12-08 14:25:42,093 INFO  [main] o.a.c.c.C.[.[.[/] - Initializing Spring embedded WebApplicationContext
2024-12-08 14:25:42,093 INFO  [main] o.s.b.w.s.c.ServletWebServerApplicationContext - Root WebApplicationContext: initialization completed in 282 ms
2024-12-08 14:25:42,124 INFO  [main] c.z.h.HikariDataSource - HikariPool-21 - Starting...
2024-12-08 14:25:42,126 INFO  [main] c.z.h.HikariDataSource - HikariPool-21 - Start completed.
2024-12-08 14:25:42,145 INFO  [main] o.h.j.i.u.LogHelper - HHH000204: Processing PersistenceUnitInfo [name: default]
2024-12-08 14:25:42,162 INFO  [main] o.h.d.Dialect - HHH000400: Using dialect: org.hibernate.dialect.H2Dialect
2024-12-08 14:25:42,176 WARN  [main] o.h.b.i.InFlightMetadataCollectorImpl - HHH000069: Duplicate generator name gen
2024-12-08 14:25:42,178 WARN  [main] o.h.b.i.InFlightMetadataCollectorImpl - HHH000069: Duplicate generator name gen
2024-12-08 14:25:42,297 INFO  [main] o.h.e.t.j.p.i.JtaPlatformInitiator - HHH000490: Using JtaPlatform implementation: [org.hibernate.engine.transaction.jta.platform.internal.NoJtaPlatform]
2024-12-08 14:25:42,297 INFO  [main] o.s.o.j.LocalContainerEntityManagerFactoryBean - Initialized JPA EntityManagerFactory for persistence unit 'default'
2024-12-08 14:25:42,452 WARN  [main] o.s.b.a.o.j.JpaBaseConfiguration$JpaWebConfiguration - spring.jpa.open-in-view is enabled by default. Therefore, database queries may be performed during view rendering. Explicitly configure spring.jpa.open-in-view to disable this warning
2024-12-08 14:25:42,609 INFO  [main] o.s.s.w.DefaultSecurityFilterChain - Will secure any request with [org.springframework.security.web.context.request.async.WebAsyncManagerIntegrationFilter@2d02195c, org.springframework.security.web.context.SecurityContextPersistenceFilter@44c04365, org.springframework.security.web.header.HeaderWriterFilter@7b30c0cb, org.springframework.security.web.authentication.logout.LogoutFilter@5278ee70, org.springframework.security.web.authentication.www.BasicAuthenticationFilter@44336208, org.springframework.security.web.savedrequest.RequestCacheAwareFilter@22b8cc30, org.springframework.security.web.servletapi.SecurityContextHolderAwareRequestFilter@5f737634, org.springframework.security.web.authentication.AnonymousAuthenticationFilter@18542438, org.springframework.security.web.session.SessionManagementFilter@153bdcc4, org.springframework.security.web.access.ExceptionTranslationFilter@6350b9d4, org.springframework.security.web.access.intercept.FilterSecurityInterceptor@59614f0e]
2024-12-08 14:25:42,635 INFO  [main] o.s.s.c.ThreadPoolTaskExecutor - Initializing ExecutorService 'applicationTaskExecutor'
2024-12-08 14:25:42,729 INFO  [main] o.a.c.h.Http11NioProtocol - Starting ProtocolHandler ["http-nio-auto-21"]
2024-12-08 14:25:42,732 INFO  [main] o.s.b.w.e.t.TomcatWebServer - Tomcat started on port(s): 39181 (http) with context path ''
2024-12-08 14:25:42,824 INFO  [main] o.a.m.s.b.ForkedBooter - Started ForkedBooter in 1.033 seconds (JVM running for 46.956)
2024-12-08 14:25:42,863 INFO  [http-nio-auto-21-exec-1] o.a.c.c.C.[.[.[/] - Initializing Spring DispatcherServlet 'dispatcherServlet'
2024-12-08 14:25:42,863 INFO  [http-nio-auto-21-exec-1] o.s.w.s.DispatcherServlet - Initializing Servlet 'dispatcherServlet'
2024-12-08 14:25:42,865 INFO  [http-nio-auto-21-exec-1] o.s.w.s.DispatcherServlet - Completed initialization in 2 ms
Request method:	GET
Request URI:	http://localhost:39181/customer
Proxy:			<none>
Request params:	<none>
Query params:	<none>
Form params:	<none>
Path params:	<none>
Headers:		Accept=*/*
Cookies:		<none>
Multiparts:		<none>
Body:			<none>

HTTP/1.1 401 
WWW-Authenticate: Basic realm="Realm"
X-Content-Type-Options: nosniff
X-XSS-Protection: 1; mode=block
Cache-Control: no-cache, no-store, max-age=0, must-revalidate
Pragma: no-cache
Expires: 0
Content-Type: application/json
Transfer-Encoding: chunked
Date: Sun, 08 Dec 2024 17:25:42 GMT
Keep-Alive: timeout=60
Connection: keep-alive

{
    "timestamp": "2024-12-08T17:25:43.051+00:00",
    "status": 401,
    "error": "Unauthorized",
    "message": "",
    "path": "/customer"
}
2024-12-08 14:25:43,086 WARN  [http-nio-auto-21-exec-3] m.r.e.RestExceptionHandler - RestErrorResponse{message='Argument validation error', entityName='UserAccount', description='uri=/register', fieldErrors=[{field='email', message='Account with this email already exists'}]}
Request method:	POST
Request URI:	http://localhost:39181/register
Proxy:			<none>
Request params:	<none>
Query params:	<none>
Form params:	<none>
Path params:	<none>
Headers:		Accept=*/*
				Content-Type=application/json; charset=UTF-8
Cookies:		<none>
Multiparts:		<none>
Body:
{
    "email": "ivan.petrov@yandex.ru",
    "password": "petrov",
    "name": "Ivan Petrov",
    "phone": "+7 123 456 78 90",
    "address": "Riesstrasse 18"
}

HTTP/1.1 406 
X-Content-Type-Options: nosniff
X-XSS-Protection: 1; mode=block
Cache-Control: no-cache, no-store, max-age=0, must-revalidate
Pragma: no-cache
Expires: 0
Content-Type: application/json
Transfer-Encoding: chunked
Date: Sun, 08 Dec 2024 17:25:42 GMT
Keep-Alive: timeout=60
Connection: keep-alive

{
    "message": "Argument validation error",
    "description": "uri=/register",
    "entityName": "UserAccount",
    "fieldErrors": [
        {
            "field": "email",
            "message": "Account with this email already exists"
        }
    ]
}
2024-12-08 14:25:43,094 INFO  [main] o.a.c.h.Http11NioProtocol - Pausing ProtocolHandler ["http-nio-auto-21"]
2024-12-08 14:25:43,095 INFO  [main] o.a.c.c.StandardService - Stopping service [Tomcat]
2024-12-08 14:25:43,096 INFO  [main] o.a.c.c.C.[.[.[/] - Destroying Spring FrameworkServlet 'dispatcherServlet'
2024-12-08 14:25:43,099 INFO  [main] o.a.c.h.Http11NioProtocol - Stopping ProtocolHandler ["http-nio-auto-21"]
2024-12-08 14:25:43,101 INFO  [main] o.a.c.h.Http11NioProtocol - Destroying ProtocolHandler ["http-nio-auto-21"]
[[1;31mERROR[m] [1;31mTests [0;1mrun: [0;1m2[m, [1;31mFailures: [0;1;31m2[m, Errors: 0, Skipped: 0, Time elapsed: 1.306 s[1;31m <<< FAILURE![m - in market.[1mv1_gpt35_run03_CustomerRestControllerTest[m
[[1;31mERROR[m] testGetCustomerEndpoint  Time elapsed: 0.208 s  <<< FAILURE!
java.lang.AssertionError: 
1 expectation failed.
Expected status code <200> but was <401>.

	at market.v1_gpt35_run03_CustomerRestControllerTest.testGetCustomerEndpoint(v1_gpt35_run03_CustomerRestControllerTest.java:69)

[[1;31mERROR[m] testRegisterCustomerEndpoint  Time elapsed: 0.038 s  <<< FAILURE!
java.lang.AssertionError: 
1 expectation failed.
Expected status code <201> but was <406>.

	at market.v1_gpt35_run03_CustomerRestControllerTest.testRegisterCustomerEndpoint(v1_gpt35_run03_CustomerRestControllerTest.java:80)

2024-12-08 14:25:43,130 INFO  [SpringContextShutdownHook] o.s.s.c.ThreadPoolTaskExecutor - Shutting down ExecutorService 'applicationTaskExecutor'
2024-12-08 14:25:43,138 INFO  [SpringContextShutdownHook] o.s.s.c.ThreadPoolTaskExecutor - Shutting down ExecutorService 'applicationTaskExecutor'
2024-12-08 14:25:43,138 INFO  [SpringContextShutdownHook] o.s.s.c.ThreadPoolTaskExecutor - Shutting down ExecutorService 'applicationTaskExecutor'
2024-12-08 14:25:43,138 INFO  [SpringContextShutdownHook] o.s.s.c.ThreadPoolTaskExecutor - Shutting down ExecutorService 'applicationTaskExecutor'
2024-12-08 14:25:43,139 INFO  [SpringContextShutdownHook] o.s.s.c.ThreadPoolTaskExecutor - Shutting down ExecutorService 'applicationTaskExecutor'
2024-12-08 14:25:43,147 INFO  [SpringContextShutdownHook] o.s.s.c.ThreadPoolTaskExecutor - Shutting down ExecutorService 'applicationTaskExecutor'
2024-12-08 14:25:43,147 INFO  [SpringContextShutdownHook] o.s.s.c.ThreadPoolTaskExecutor - Shutting down ExecutorService 'applicationTaskExecutor'
2024-12-08 14:25:43,147 INFO  [SpringContextShutdownHook] o.s.s.c.ThreadPoolTaskExecutor - Shutting down ExecutorService 'applicationTaskExecutor'
2024-12-08 14:25:43,153 INFO  [SpringContextShutdownHook] o.s.s.c.ThreadPoolTaskExecutor - Shutting down ExecutorService 'applicationTaskExecutor'
2024-12-08 14:25:43,153 INFO  [SpringContextShutdownHook] o.s.o.j.LocalContainerEntityManagerFactoryBean - Closing JPA EntityManagerFactory for persistence unit 'default'
2024-12-08 14:25:43,153 INFO  [SpringContextShutdownHook] o.s.s.c.ThreadPoolTaskExecutor - Shutting down ExecutorService 'applicationTaskExecutor'
2024-12-08 14:25:43,154 INFO  [SpringContextShutdownHook] o.s.s.c.ThreadPoolTaskExecutor - Shutting down ExecutorService 'applicationTaskExecutor'
2024-12-08 14:25:43,158 INFO  [SpringContextShutdownHook] o.s.s.c.ThreadPoolTaskExecutor - Shutting down ExecutorService 'applicationTaskExecutor'
2024-12-08 14:25:43,160 INFO  [SpringContextShutdownHook] o.s.s.c.ThreadPoolTaskExecutor - Shutting down ExecutorService 'applicationTaskExecutor'
2024-12-08 14:25:43,160 INFO  [SpringContextShutdownHook] o.s.s.c.ThreadPoolTaskExecutor - Shutting down ExecutorService 'applicationTaskExecutor'
2024-12-08 14:25:43,169 INFO  [SpringContextShutdownHook] o.s.s.c.ThreadPoolTaskExecutor - Shutting down ExecutorService 'applicationTaskExecutor'
2024-12-08 14:25:43,169 INFO  [SpringContextShutdownHook] o.s.s.c.ThreadPoolTaskExecutor - Shutting down ExecutorService 'applicationTaskExecutor'
2024-12-08 14:25:43,169 INFO  [SpringContextShutdownHook] o.s.s.c.ThreadPoolTaskExecutor - Shutting down ExecutorService 'applicationTaskExecutor'
2024-12-08 14:25:43,200 INFO  [SpringContextShutdownHook] o.s.s.c.ThreadPoolTaskExecutor - Shutting down ExecutorService 'applicationTaskExecutor'
2024-12-08 14:25:43,203 INFO  [SpringContextShutdownHook] o.s.s.c.ThreadPoolTaskExecutor - Shutting down ExecutorService 'applicationTaskExecutor'
2024-12-08 14:25:43,204 INFO  [SpringContextShutdownHook] o.s.o.j.LocalContainerEntityManagerFactoryBean - Closing JPA EntityManagerFactory for persistence unit 'default'
2024-12-08 14:25:43,206 INFO  [SpringContextShutdownHook] o.s.s.c.ThreadPoolTaskExecutor - Shutting down ExecutorService 'applicationTaskExecutor'
2024-12-08 14:25:43,230 INFO  [SpringContextShutdownHook] o.s.o.j.LocalContainerEntityManagerFactoryBean - Closing JPA EntityManagerFactory for persistence unit 'default'
2024-12-08 14:25:43,230 INFO  [SpringContextShutdownHook] o.s.o.j.LocalContainerEntityManagerFactoryBean - Closing JPA EntityManagerFactory for persistence unit 'default'
2024-12-08 14:25:43,231 INFO  [SpringContextShutdownHook] c.z.h.HikariDataSource - HikariPool-14 - Shutdown initiated...
2024-12-08 14:25:43,233 INFO  [SpringContextShutdownHook] o.s.s.c.ThreadPoolTaskExecutor - Shutting down ExecutorService 'applicationTaskExecutor'
2024-12-08 14:25:43,235 INFO  [SpringContextShutdownHook] o.s.o.j.LocalContainerEntityManagerFactoryBean - Closing JPA EntityManagerFactory for persistence unit 'default'
2024-12-08 14:25:43,243 INFO  [SpringContextShutdownHook] o.s.o.j.LocalContainerEntityManagerFactoryBean - Closing JPA EntityManagerFactory for persistence unit 'default'
2024-12-08 14:25:43,249 INFO  [SpringContextShutdownHook] c.z.h.HikariDataSource - HikariPool-7 - Shutdown initiated...
2024-12-08 14:25:43,253 INFO  [SpringContextShutdownHook] o.s.o.j.LocalContainerEntityManagerFactoryBean - Closing JPA EntityManagerFactory for persistence unit 'default'
2024-12-08 14:25:43,254 INFO  [SpringContextShutdownHook] o.s.o.j.LocalContainerEntityManagerFactoryBean - Closing JPA EntityManagerFactory for persistence unit 'default'
2024-12-08 14:25:43,260 INFO  [SpringContextShutdownHook] o.s.o.j.LocalContainerEntityManagerFactoryBean - Closing JPA EntityManagerFactory for persistence unit 'default'
2024-12-08 14:25:43,260 INFO  [SpringContextShutdownHook] o.s.o.j.LocalContainerEntityManagerFactoryBean - Closing JPA EntityManagerFactory for persistence unit 'default'
2024-12-08 14:25:43,264 INFO  [SpringContextShutdownHook] o.s.o.j.LocalContainerEntityManagerFactoryBean - Closing JPA EntityManagerFactory for persistence unit 'default'
2024-12-08 14:25:43,267 INFO  [SpringContextShutdownHook] o.s.o.j.LocalContainerEntityManagerFactoryBean - Closing JPA EntityManagerFactory for persistence unit 'default'
2024-12-08 14:25:43,268 INFO  [SpringContextShutdownHook] o.s.o.j.LocalContainerEntityManagerFactoryBean - Closing JPA EntityManagerFactory for persistence unit 'default'
2024-12-08 14:25:43,270 INFO  [SpringContextShutdownHook] o.s.o.j.LocalContainerEntityManagerFactoryBean - Closing JPA EntityManagerFactory for persistence unit 'default'
2024-12-08 14:25:43,272 INFO  [SpringContextShutdownHook] o.s.o.j.LocalContainerEntityManagerFactoryBean - Closing JPA EntityManagerFactory for persistence unit 'default'
2024-12-08 14:25:43,273 INFO  [SpringContextShutdownHook] c.z.h.HikariDataSource - HikariPool-11 - Shutdown initiated...
2024-12-08 14:25:43,273 INFO  [SpringContextShutdownHook] c.z.h.HikariDataSource - HikariPool-18 - Shutdown initiated...
2024-12-08 14:25:43,279 INFO  [SpringContextShutdownHook] o.s.o.j.LocalContainerEntityManagerFactoryBean - Closing JPA EntityManagerFactory for persistence unit 'default'
2024-12-08 14:25:43,279 INFO  [SpringContextShutdownHook] o.s.o.j.LocalContainerEntityManagerFactoryBean - Closing JPA EntityManagerFactory for persistence unit 'default'
2024-12-08 14:25:43,280 INFO  [SpringContextShutdownHook] o.s.o.j.LocalContainerEntityManagerFactoryBean - Closing JPA EntityManagerFactory for persistence unit 'default'
2024-12-08 14:25:43,281 INFO  [SpringContextShutdownHook] o.s.o.j.LocalContainerEntityManagerFactoryBean - Closing JPA EntityManagerFactory for persistence unit 'default'
2024-12-08 14:25:43,282 INFO  [SpringContextShutdownHook] o.s.o.j.LocalContainerEntityManagerFactoryBean - Closing JPA EntityManagerFactory for persistence unit 'default'
2024-12-08 14:25:43,286 INFO  [SpringContextShutdownHook] c.z.h.HikariDataSource - HikariPool-12 - Shutdown initiated...
2024-12-08 14:25:43,286 INFO  [SpringContextShutdownHook] c.z.h.HikariDataSource - HikariPool-4 - Shutdown initiated...
2024-12-08 14:25:43,288 INFO  [SpringContextShutdownHook] o.s.o.j.LocalContainerEntityManagerFactoryBean - Closing JPA EntityManagerFactory for persistence unit 'default'
2024-12-08 14:25:43,291 INFO  [SpringContextShutdownHook] c.z.h.HikariDataSource - HikariPool-13 - Shutdown initiated...
2024-12-08 14:25:43,291 INFO  [SpringContextShutdownHook] c.z.h.HikariDataSource - HikariPool-9 - Shutdown initiated...
2024-12-08 14:25:43,291 INFO  [SpringContextShutdownHook] c.z.h.HikariDataSource - HikariPool-5 - Shutdown initiated...
2024-12-08 14:25:43,292 INFO  [SpringContextShutdownHook] c.z.h.HikariDataSource - HikariPool-2 - Shutdown initiated...
2024-12-08 14:25:43,292 INFO  [SpringContextShutdownHook] c.z.h.HikariDataSource - HikariPool-8 - Shutdown initiated...
2024-12-08 14:25:43,292 INFO  [SpringContextShutdownHook] c.z.h.HikariDataSource - HikariPool-1 - Shutdown initiated...
2024-12-08 14:25:43,293 INFO  [SpringContextShutdownHook] c.z.h.HikariDataSource - HikariPool-19 - Shutdown initiated...
2024-12-08 14:25:43,293 INFO  [SpringContextShutdownHook] c.z.h.HikariDataSource - HikariPool-17 - Shutdown initiated...
2024-12-08 14:25:43,293 INFO  [SpringContextShutdownHook] c.z.h.HikariDataSource - HikariPool-10 - Shutdown initiated...
2024-12-08 14:25:43,293 INFO  [SpringContextShutdownHook] c.z.h.HikariDataSource - HikariPool-6 - Shutdown initiated...
2024-12-08 14:25:43,296 INFO  [SpringContextShutdownHook] c.z.h.HikariDataSource - HikariPool-15 - Shutdown initiated...
2024-12-08 14:25:43,297 INFO  [SpringContextShutdownHook] c.z.h.HikariDataSource - HikariPool-21 - Shutdown initiated...
2024-12-08 14:25:43,298 INFO  [SpringContextShutdownHook] c.z.h.HikariDataSource - HikariPool-20 - Shutdown initiated...
2024-12-08 14:25:43,298 INFO  [SpringContextShutdownHook] c.z.h.HikariDataSource - HikariPool-3 - Shutdown initiated...
2024-12-08 14:25:43,298 INFO  [SpringContextShutdownHook] c.z.h.HikariDataSource - HikariPool-16 - Shutdown initiated...
2024-12-08 14:25:43,309 INFO  [SpringContextShutdownHook] c.z.h.HikariDataSource - HikariPool-12 - Shutdown completed.
2024-12-08 14:25:43,309 INFO  [SpringContextShutdownHook] c.z.h.HikariDataSource - HikariPool-5 - Shutdown completed.
2024-12-08 14:25:43,310 INFO  [SpringContextShutdownHook] c.z.h.HikariDataSource - HikariPool-7 - Shutdown completed.
2024-12-08 14:25:43,311 INFO  [SpringContextShutdownHook] c.z.h.HikariDataSource - HikariPool-11 - Shutdown completed.
2024-12-08 14:25:43,311 INFO  [SpringContextShutdownHook] c.z.h.HikariDataSource - HikariPool-14 - Shutdown completed.
2024-12-08 14:25:43,312 INFO  [SpringContextShutdownHook] c.z.h.HikariDataSource - HikariPool-6 - Shutdown completed.
2024-12-08 14:25:43,312 INFO  [SpringContextShutdownHook] c.z.h.HikariDataSource - HikariPool-10 - Shutdown completed.
2024-12-08 14:25:43,313 INFO  [SpringContextShutdownHook] c.z.h.HikariDataSource - HikariPool-13 - Shutdown completed.
2024-12-08 14:25:43,313 INFO  [SpringContextShutdownHook] c.z.h.HikariDataSource - HikariPool-1 - Shutdown completed.
2024-12-08 14:25:43,317 INFO  [SpringContextShutdownHook] c.z.h.HikariDataSource - HikariPool-2 - Shutdown completed.
2024-12-08 14:25:43,317 INFO  [SpringContextShutdownHook] c.z.h.HikariDataSource - HikariPool-8 - Shutdown completed.
2024-12-08 14:25:43,317 INFO  [SpringContextShutdownHook] c.z.h.HikariDataSource - HikariPool-21 - Shutdown completed.
2024-12-08 14:25:43,317 INFO  [SpringContextShutdownHook] c.z.h.HikariDataSource - HikariPool-15 - Shutdown completed.
2024-12-08 14:25:43,318 INFO  [SpringContextShutdownHook] c.z.h.HikariDataSource - HikariPool-19 - Shutdown completed.
2024-12-08 14:25:43,319 INFO  [SpringContextShutdownHook] c.z.h.HikariDataSource - HikariPool-18 - Shutdown completed.
2024-12-08 14:25:43,319 INFO  [SpringContextShutdownHook] c.z.h.HikariDataSource - HikariPool-4 - Shutdown completed.
2024-12-08 14:25:43,322 INFO  [SpringContextShutdownHook] c.z.h.HikariDataSource - HikariPool-20 - Shutdown completed.
2024-12-08 14:25:43,324 INFO  [SpringContextShutdownHook] c.z.h.HikariDataSource - HikariPool-3 - Shutdown completed.
2024-12-08 14:25:43,324 INFO  [SpringContextShutdownHook] c.z.h.HikariDataSource - HikariPool-17 - Shutdown completed.
2024-12-08 14:25:43,329 INFO  [SpringContextShutdownHook] c.z.h.HikariDataSource - HikariPool-16 - Shutdown completed.
2024-12-08 14:25:43,329 INFO  [SpringContextShutdownHook] c.z.h.HikariDataSource - HikariPool-9 - Shutdown completed.
[[1;34mINFO[m] 
[[1;34mINFO[m] Results:
[[1;34mINFO[m] 
[[1;31mERROR[m] [1;31mFailures: [m
[[1;31mERROR[m] [1;31m  v1_gpt35_run01_CustomerRestControllerTest.testCreateCustomerEndpoint:80 1 expectation failed.
Expected status code <201> but was <406>.
[m
[[1;31mERROR[m] [1;31m  v1_gpt35_run01_CustomerRestControllerTest.testGetCustomerEndpoint:68 1 expectation failed.
Expected status code <200> but was <401>.
[m
[[1;31mERROR[m] [1;31m  v1_gpt35_run01_RestExceptionHandlerTest.testCustomNotValidException:95 1 expectation failed.
Expected status code <406> but was <401>.
[m
[[1;31mERROR[m] [1;31m  v1_gpt35_run01_RestExceptionHandlerTest.testExceptionHandling:68 1 expectation failed.
Expected status code <500> but was <401>.
[m
[[1;31mERROR[m] [1;31m  v1_gpt35_run01_RestExceptionHandlerTest.testMethodArgumentNotValidException:104 1 expectation failed.
Expected status code <400> but was <500>.
[m
[[1;31mERROR[m] [1;31m  v1_gpt35_run01_RestExceptionHandlerTest.testUnknownEntityException:86 1 expectation failed.
Expected status code <404> but was <401>.
[m
[[1;31mERROR[m] [1;31m  v1_gpt35_run02_ContactsRestControllerTest.testUpdateContactsEndpoint:80 1 expectation failed.
Expected status code <406> but was <401>.
[m
[[1;31mERROR[m] [1;31m  v1_gpt35_run02_ProductsRestControllerTest.testGetProductByIdEndpoint:79 1 expectation failed.
JSON path name doesn't match.
Expected: product1
  Actual: Ten
[m
[[1;31mERROR[m] [1;31m  v1_gpt35_run03_CustomerRestControllerTest.testGetCustomerEndpoint:69 1 expectation failed.
Expected status code <200> but was <401>.
[m
[[1;31mERROR[m] [1;31m  v1_gpt35_run03_CustomerRestControllerTest.testRegisterCustomerEndpoint:80 1 expectation failed.
Expected status code <201> but was <406>.
[m
[[1;34mINFO[m] 
[[1;31mERROR[m] [1;31mTests run: 101, Failures: 10, Errors: 0, Skipped: 0[m
[[1;34mINFO[m] 
[[1;31mERROR[m] There are test failures.

Please refer to /media/rincon/63999417195/eclipse-workspace/EMB-master/jdk_11_maven/cs/rest-gui/market/market-rest/target/surefire-reports for the individual test results.
Please refer to dump files (if any exist) [date]-jvmRun[N].dump, [date].dumpstream and [date]-jvmRun[N].dumpstream.
[[1;34mINFO[m] 
[[1;34mINFO[m] [1m--- [0;32mjacoco-maven-plugin:0.8.7:report[m [1m(report)[m @ [36mmarket-rest[0;1m ---[m
[[1;34mINFO[m] Loading execution data file /media/rincon/63999417195/eclipse-workspace/EMB-master/jdk_11_maven/cs/rest-gui/market/market-rest/target/jacoco.exec
[[1;34mINFO[m] Analyzed bundle 'market-rest' with 10 classes
[[1;34mINFO[m] [1m------------------------------------------------------------------------[m
[[1;34mINFO[m] [1;32mBUILD SUCCESS[m
[[1;34mINFO[m] [1m------------------------------------------------------------------------[m
[[1;34mINFO[m] Total time:  52.824 s
[[1;34mINFO[m] Finished at: 2024-12-08T14:25:44-03:00
[[1;34mINFO[m] [1m------------------------------------------------------------------------[m
Copiando relat√≥rios para /home/rincon/ar_benchmark/artigo/estudos-prompts/market-test-set/gpt/v1/coverage_three_runs/gpt35...
Execu√ß√£o conclu√≠da com sucesso para o modelo gpt35.
